#
#                              ======================
#                              | THE SUSYHIT OUTPUT |
#                              ======================
#
#
#              ------------------------------------------------------
#              |     This is the output of the SUSY-HIT package     |
#              |  created by A.Djouadi, M.Muehlleitner and M.Spira. |
#              |  In case of problems with SUSY-HIT email to        |
#              |           margarete.muehlleitner@kit.edu           |
#              |           michael.spira@psi.ch                     |
#              |           abdelhak.djouadi@cern.ch                 |
#              ------------------------------------------------------
#
#              ------------------------------------------------------
#              |  SUSY Les Houches Accord - MSSM Spectrum + Decays  |
#              |              based on the decay programs           |
#              |                                                    |
#              |                     SDECAY 1.5                     |
#              |                                                    |
#              |  Authors: M.Muhlleitner, A.Djouadi and Y.Mambrini  |
#              |  Ref.:    Comput.Phys.Commun.168(2005)46           |
#              |           [hep-ph/0311167]                         |
#              |                                                    |
#              |                     HDECAY 3.4                     |
#              |                                                    |
#              |  By: A.Djouadi,J.Kalinowski,M.Muhlleitner,M.Spira  |
#              |  Ref.:    Comput.Phys.Commun.108(1998)56           |
#              |           [hep-ph/9704448]                         |
#              |                                                    |
#              |                                                    |
#              |  If not stated otherwise all DRbar couplings and   |
#              |  soft SUSY breaking masses are given at the scale  |
#              |  Q=  0.10000821E+05
#              |                                                    |
#              ------------------------------------------------------
#
#
BLOCK DCINFO  # Decay Program information
     1   SDECAY/HDECAY # decay calculator
     2   1.5  /3.4    # version number
#
BLOCK SPINFO  # Spectrum calculator information
     1   SuSpect     # RGE +Spectrum calculator            
     2   2.43         # version number                     
#
BLOCK MODSEL  # Model selection
     1     0   # #general MSSM low scale                           
#
BLOCK SMINPUTS  # Standard Model inputs
         1     1.27934000E+02   # alpha_em^-1(M_Z)^MSbar
         2     1.16639000E-05   # G_F [GeV^-2]
         3     1.17200000E-01   # alpha_S(M_Z)^MSbar
         4     9.11870000E+01   # M_Z pole mass
         5     4.25000000E+00   # mb(mb)^MSbar
         6     1.72500000E+02   # mt pole mass
         7     1.77710000E+00   # mtau pole mass
#
BLOCK MINPAR  # Input parameters - minimal models
         1     1.00000000E+02   # 2                   
         3     1.00000000E+01   # tanbeta(mZ)         
         4     1.00000000E+00   # sign(mu)            
#
BLOCK EXTPAR  # Input parameters - non-minimal models
         0     1.00008208E+04   # EWSB                
         1     1.20000000E+03   # M_1                 
         2     2.40000000E+03   # M_2                 
         3     1.00000000E+04   # M_3                 
        11    -1.00000000E+02   # A_t                 
        12    -1.00000000E+02   # A_b                 
        13    -2.51737263E+02   # A_tau               
        14    -6.77437438E+02   # A_u                 
        15    -8.59633345E+02   # A_d                 
        16    -2.53493493E+02   # A_e                 
        23     1.00000000E+02   # mu(EWSB)            
        25     1.00000000E+01   # tanbeta(in)         
        26     1.00000000E+04   # MA_pole             
        31     1.00000000E+04   # M_eL                
        32     1.00000000E+04   # M_muL               
        33     1.00000000E+04   # M_tauL              
        34     1.00000000E+04   # M_eR                
        35     1.00000000E+04   # M_muR               
        36     1.00000000E+04   # M_tauR              
        41     1.00000000E+04   # M_q1L               
        42     1.00000000E+04   # M_q2L               
        43     1.00000000E+04   # M_q3L               
        44     1.00000000E+04   # M_uR                
        45     1.00000000E+04   # M_cR                
        46     1.00000000E+04   # M_tR                
        47     1.00000000E+04   # M_dR                
        48     1.00000000E+04   # M_sR                
        49     1.00000000E+04   # M_bR                
#
BLOCK MASS  # Mass Spectrum
# PDG code           mass       particle
        24     8.04952340E+01   # W+
        25     1.25627685E+02   # h
        35     1.00000504E+04   # H
        36     1.00000000E+04   # A
        37     1.00007752E+04   # H+
         5     4.87884274E+00   # b-quark pole mass calculated from mb(mb)_Msbar
   1000001     1.03038402E+04   # ~d_L
   2000001     1.03037151E+04   # ~d_R
   1000002     1.03035586E+04   # ~u_L
   2000002     1.03036207E+04   # ~u_R
   1000003     1.03038402E+04   # ~s_L
   2000003     1.03037151E+04   # ~s_R
   1000004     1.03035586E+04   # ~c_L
   2000004     1.03036207E+04   # ~c_R
   1000005     1.03036466E+04   # ~b_1
   2000005     1.03039092E+04   # ~b_2
   1000006     1.01876898E+04   # ~t_1
   2000006     1.03085686E+04   # ~t_2
   1000011     1.00000964E+04   # ~e_L
   2000011     1.00000973E+04   # ~e_R
   1000012     9.99980629E+03   # ~nu_eL
   1000013     1.00000964E+04   # ~mu_L
   2000013     1.00000973E+04   # ~mu_R
   1000014     9.99980629E+03   # ~nu_muL
   1000015     9.99999305E+03   # ~tau_1
   2000015     1.00002010E+04   # ~tau_2
   1000016     9.99980629E+03   # ~nu_tauL
   1000021     1.05489420E+04   # ~g
   1000022     1.02148375E+02   # ~chi_10
   1000023    -1.06225551E+02   # ~chi_20
   1000025     1.19290035E+03   # ~chi_30
   1000035     2.53061357E+03   # ~chi_40
   1000024     1.04122484E+02   # ~chi_1+
   1000037     2.53061321E+03   # ~chi_2+
#
BLOCK NMIX  # Neutralino Mixing Matrix
  1  1     3.15813728E-02   # N_11
  1  2    -2.44823310E-02   # N_12
  1  3     7.13584197E-01   # N_13
  1  4    -6.99428929E-01   # N_14
  2  1     2.18340444E-02   # N_21
  2  2    -1.85697042E-02   # N_22
  2  3    -7.00517726E-01   # N_23
  2  4    -7.13059154E-01   # N_24
  3  1     9.99262148E-01   # N_31
  3  2     2.20446448E-03   # N_32
  3  3    -7.24158622E-03   # N_33
  3  4     3.76544600E-02   # N_34
  4  1     1.02468691E-03   # N_41
  4  2    -9.99525348E-01   # N_42
  4  3    -4.47988781E-03   # N_43
  4  4     3.04624151E-02   # N_44
#
BLOCK UMIX  # Chargino Mixing Matrix U
  1  1    -6.33049940E-03   # U_11
  1  2     9.99979962E-01   # U_12
  2  1     9.99979962E-01   # U_21
  2  2     6.33049940E-03   # U_22
#
BLOCK VMIX  # Chargino Mixing Matrix V
  1  1    -4.30742195E-02   # V_11
  1  2     9.99071875E-01   # V_12
  2  1     9.99071875E-01   # V_21
  2  2     4.30742195E-02   # V_22
#
BLOCK STOPMIX  # Stop Mixing Matrix
  1  1     3.86646345E-02   # cos(theta_t)
  1  2     9.99252243E-01   # sin(theta_t)
  2  1    -9.99252243E-01   # -sin(theta_t)
  2  2     3.86646345E-02   # cos(theta_t)
#
BLOCK SBOTMIX  # Sbottom Mixing Matrix
  1  1     5.11717724E-01   # cos(theta_b)
  1  2     8.59153636E-01   # sin(theta_b)
  2  1    -8.59153636E-01   # -sin(theta_b)
  2  2     5.11717724E-01   # cos(theta_b)
#
BLOCK STAUMIX  # Stau Mixing Matrix
  1  1     7.08560894E-01   # cos(theta_tau)
  1  2     7.05649672E-01   # sin(theta_tau)
  2  1    -7.05649672E-01   # -sin(theta_tau)
  2  2     7.08560894E-01   # cos(theta_tau)
#
BLOCK ALPHA  # Higgs mixing
          -1.05958299E-01   # Mixing angle in the neutral Higgs boson sector
#
BLOCK HMIX Q=  1.00008208E+04  # DRbar Higgs Parameters
         1     1.00000000E+02   # mu(Q)               
         2     9.40459302E+00   # tanbeta(Q)          
         3     2.42382190E+02   # vev(Q)              
         4     9.94416148E+07   # MA^2(Q)             
#
BLOCK GAUGE Q=  1.00008208E+04  # The gauge couplings
     1     3.68108048E-01   # gprime(Q) DRbar
     2     6.35709034E-01   # g(Q) DRbar
     3     9.55379257E-01   # g3(Q) DRbar
#
BLOCK AU Q=  1.00008208E+04  # The trilinear couplings
  1  1    -6.77437438E+02   # A_u(Q) DRbar
  2  2    -6.77437438E+02   # A_c(Q) DRbar
  3  3    -1.00000000E+02   # A_t(Q) DRbar
#
BLOCK AD Q=  1.00008208E+04  # The trilinear couplings
  1  1    -8.59633345E+02   # A_d(Q) DRbar
  2  2    -8.59633345E+02   # A_s(Q) DRbar
  3  3    -1.00000000E+02   # A_b(Q) DRbar
#
BLOCK AE Q=  1.00008208E+04  # The trilinear couplings
  1  1    -2.53493493E+02   # A_e(Q) DRbar
  2  2    -2.53493493E+02   # A_mu(Q) DRbar
  3  3    -2.51737263E+02   # A_tau(Q) DRbar
#
BLOCK Yu Q=  1.00008208E+04  # The Yukawa couplings
  1  1     0.00000000E+00   # y_u(Q) DRbar
  2  2     0.00000000E+00   # y_c(Q) DRbar
  3  3     7.94953861E-01   # y_t(Q) DRbar
#
BLOCK Yd Q=  1.00008208E+04  # The Yukawa couplings
  1  1     0.00000000E+00   # y_d(Q) DRbar
  2  2     0.00000000E+00   # y_s(Q) DRbar
  3  3     1.26163790E-01   # y_b(Q) DRbar
#
BLOCK Ye Q=  1.00008208E+04  # The Yukawa couplings
  1  1     0.00000000E+00   # y_e(Q) DRbar
  2  2     0.00000000E+00   # y_mu(Q) DRbar
  3  3     9.62356797E-02   # y_tau(Q) DRbar
#
BLOCK MSOFT Q=  1.00008208E+04  # The soft SUSY breaking masses at the scale Q
         1     1.20000000E+03   # M_1                 
         2     2.40000000E+03   # M_2                 
         3     1.00000000E+04   # M_3                 
        14    -6.77437438E+02   # A_u                 
        15    -8.59633345E+02   # A_d                 
        16    -2.53493493E+02   # A_e                 
        21     9.86228675E+07   # M^2_Hd              
        22     3.41818425E+06   # M^2_Hu              
        31     1.00000000E+04   # M_eL                
        32     1.00000000E+04   # M_muL               
        33     1.00000000E+04   # M_tauL              
        34     1.00000000E+04   # M_eR                
        35     1.00000000E+04   # M_muR               
        36     1.00000000E+04   # M_tauR              
        41     1.00000000E+04   # M_q1L               
        42     1.00000000E+04   # M_q2L               
        43     1.00000000E+04   # M_q3L               
        44     1.00000000E+04   # M_uR                
        45     1.00000000E+04   # M_cR                
        46     1.00000000E+04   # M_tR                
        47     1.00000000E+04   # M_dR                
        48     1.00000000E+04   # M_sR                
        49     1.00000000E+04   # M_bR                
#
#
#
#                             =================
#                             |The decay table|
#                             =================
#
# - The QCD corrections to the decays gluino -> squark  + quark
#                                     squark -> gaugino + quark_prime
#                                     squark -> squark_prime + Higgs
#                                     squark -> gluino  + quark
#   are included.
#
# - The multi-body decays for the inos, stops and sbottoms are included.
#
# - The loop induced decays for the gluino, neutralinos and stops
#   are included.
#
# - The SUSY decays of the top quark are included.
#
#
#         PDG            Width
DECAY         6     1.39864410E+00   # top decays
#          BR         NDA      ID1       ID2
     1.00000000E+00    2           5        24   # BR(t ->  b    W+)
#
#         PDG            Width
DECAY   1000021     5.01260021E+00   # gluino decays
#          BR         NDA      ID1       ID2
     3.99901372E-02    2     1000001        -1   # BR(~g -> ~d_L  db)
     3.99901372E-02    2    -1000001         1   # BR(~g -> ~d_L* d )
     4.00304893E-02    2     2000001        -1   # BR(~g -> ~d_R  db)
     4.00304893E-02    2    -2000001         1   # BR(~g -> ~d_R* d )
     4.00809976E-02    2     1000002        -2   # BR(~g -> ~u_L  ub)
     4.00809976E-02    2    -1000002         2   # BR(~g -> ~u_L* u )
     4.00609520E-02    2     2000002        -2   # BR(~g -> ~u_R  ub)
     4.00609520E-02    2    -2000002         2   # BR(~g -> ~u_R* u )
     3.99901372E-02    2     1000003        -3   # BR(~g -> ~s_L  sb)
     3.99901372E-02    2    -1000003         3   # BR(~g -> ~s_L* s )
     4.00304893E-02    2     2000003        -3   # BR(~g -> ~s_R  sb)
     4.00304893E-02    2    -2000003         3   # BR(~g -> ~s_R* s )
     4.00809976E-02    2     1000004        -4   # BR(~g -> ~c_L  cb)
     4.00809976E-02    2    -1000004         4   # BR(~g -> ~c_L* c )
     4.00609520E-02    2     2000004        -4   # BR(~g -> ~c_R  cb)
     4.00609520E-02    2    -2000004         4   # BR(~g -> ~c_R* c )
     3.92836304E-02    2     1000005        -5   # BR(~g -> ~b_1  bb)
     3.92836304E-02    2    -1000005         5   # BR(~g -> ~b_1* b )
     4.07270508E-02    2     2000005        -5   # BR(~g -> ~b_2  bb)
     4.07270508E-02    2    -2000005         5   # BR(~g -> ~b_2* b )
     6.95749468E-02    2     1000006        -6   # BR(~g -> ~t_1  tb)
     6.95749468E-02    2    -1000006         6   # BR(~g -> ~t_1* t )
     3.00892197E-02    2     2000006        -6   # BR(~g -> ~t_2  tb)
     3.00892197E-02    2    -2000006         6   # BR(~g -> ~t_2* t )
#
#         PDG            Width
DECAY   1000006     2.73435326E+02   # stop1 decays
#          BR         NDA      ID1       ID2
     2.25250434E-01    2     1000022         6   # BR(~t_1 -> ~chi_10 t )
     2.33736373E-01    2     1000023         6   # BR(~t_1 -> ~chi_20 t )
     8.37863846E-02    2     1000025         6   # BR(~t_1 -> ~chi_30 t )
    -1.21457732E-04    2     1000035         6   # BR(~t_1 -> ~chi_40 t )
     4.57593149E-01    2     1000024         5   # BR(~t_1 -> ~chi_1+ b )
    -2.44883812E-04    2     1000037         5   # BR(~t_1 -> ~chi_2+ b )
#
#         PDG            Width
DECAY   2000006     2.38048411E+02   # stop2 decays
#          BR         NDA      ID1       ID2
     2.58732505E-01    2     1000022         6   # BR(~t_2 -> ~chi_10 t )
     2.69278744E-01    2     1000023         6   # BR(~t_2 -> ~chi_20 t )
     8.38195730E-03    2     1000025         6   # BR(~t_2 -> ~chi_30 t )
     1.50409112E-01    2     1000035         6   # BR(~t_2 -> ~chi_40 t )
     1.35162041E-02    2     1000024         5   # BR(~t_2 -> ~chi_1+ b )
     2.99682996E-01    2     1000037         5   # BR(~t_2 -> ~chi_2+ b )
    -1.51845664E-06    2     1000006        23   # BR(~t_2 -> ~t_1    Z )
#
#         PDG            Width
DECAY   1000005     1.20834206E+02   # sbottom1 decays
#          BR         NDA      ID1       ID2
     1.67925388E-02    2     1000022         5   # BR(~b_1 -> ~chi_10 b )
     1.07470369E-02    2     1000023         5   # BR(~b_1 -> ~chi_20 b )
     3.02044940E-02    2     1000025         5   # BR(~b_1 -> ~chi_30 b )
     1.41383934E-01    2     1000035         5   # BR(~b_1 -> ~chi_40 b )
     5.17040738E-01    2    -1000024         6   # BR(~b_1 -> ~chi_1- t )
     2.83837241E-01    2    -1000037         6   # BR(~b_1 -> ~chi_2- t )
    -5.98299197E-06    2     1000006       -24   # BR(~b_1 -> ~t_1    W-)
#
#         PDG            Width
DECAY   2000005     1.29209007E+02   # sbottom2 decays
#          BR         NDA      ID1       ID2
     9.74298770E-03    2     1000022         5   # BR(~b_2 -> ~chi_10 b )
     1.43320669E-02    2     1000023         5   # BR(~b_2 -> ~chi_20 b )
     2.78468683E-02    2     1000025         5   # BR(~b_2 -> ~chi_30 b )
     1.42932671E-01    2     1000035         5   # BR(~b_2 -> ~chi_40 b )
     5.18201281E-01    2    -1000024         6   # BR(~b_2 -> ~chi_1- t )
     2.86960162E-01    2    -1000037         6   # BR(~b_2 -> ~chi_2- t )
    -1.60373858E-05    2     1000006       -24   # BR(~b_2 -> ~t_1    W-)
#
#         PDG            Width
DECAY   1000002     1.08193308E+02   # sup_L decays
#          BR         NDA      ID1       ID2
     1.25394036E-04    2     1000022         2   # BR(~u_L -> ~chi_10 u)
     7.64362358E-05    2     1000023         2   # BR(~u_L -> ~chi_20 u)
     1.37675695E-02    2     1000025         2   # BR(~u_L -> ~chi_30 u)
     3.28330062E-01    2     1000035         2   # BR(~u_L -> ~chi_40 u)
     1.37637807E-03    2     1000024         1   # BR(~u_L -> ~chi_1+ d)
     6.56324160E-01    2     1000037         1   # BR(~u_L -> ~chi_2+ d)
#
#         PDG            Width
DECAY   2000002     2.33327552E+01   # sup_R decays
#          BR         NDA      ID1       ID2
     1.02254997E-03    2     1000022         2   # BR(~u_R -> ~chi_10 u)
     4.88750632E-04    2     1000023         2   # BR(~u_R -> ~chi_20 u)
     9.98487745E-01    2     1000025         2   # BR(~u_R -> ~chi_30 u)
     9.54170279E-07    2     1000035         2   # BR(~u_R -> ~chi_40 u)
#
#         PDG            Width
DECAY   1000001     1.08178086E+02   # sdown_L decays
#          BR         NDA      ID1       ID2
     3.46869431E-04    2     1000022         1   # BR(~d_L -> ~chi_10 d)
     1.92576780E-04    2     1000023         1   # BR(~d_L -> ~chi_20 d)
     1.31544621E-02    2     1000025         1   # BR(~d_L -> ~chi_30 d)
     3.28646190E-01    2     1000035         1   # BR(~d_L -> ~chi_40 d)
     2.97337717E-05    2    -1000024         2   # BR(~d_L -> ~chi_1- u)
     6.57630168E-01    2    -1000037         2   # BR(~d_L -> ~chi_2- u)
#
#         PDG            Width
DECAY   2000001     5.83323694E+00   # sdown_R decays
#          BR         NDA      ID1       ID2
     1.02254946E-03    2     1000022         1   # BR(~d_R -> ~chi_10 d)
     4.88750390E-04    2     1000023         1   # BR(~d_R -> ~chi_20 d)
     9.98487746E-01    2     1000025         1   # BR(~d_R -> ~chi_30 d)
     9.54172058E-07    2     1000035         1   # BR(~d_R -> ~chi_40 d)
#
#         PDG            Width
DECAY   1000004     1.08193308E+02   # scharm_L decays
#          BR         NDA      ID1       ID2
     1.25394036E-04    2     1000022         4   # BR(~c_L -> ~chi_10 c)
     7.64362358E-05    2     1000023         4   # BR(~c_L -> ~chi_20 c)
     1.37675695E-02    2     1000025         4   # BR(~c_L -> ~chi_30 c)
     3.28330062E-01    2     1000035         4   # BR(~c_L -> ~chi_40 c)
     1.37637807E-03    2     1000024         3   # BR(~c_L -> ~chi_1+ s)
     6.56324160E-01    2     1000037         3   # BR(~c_L -> ~chi_2+ s)
#
#         PDG            Width
DECAY   2000004     2.33327552E+01   # scharm_R decays
#          BR         NDA      ID1       ID2
     1.02254997E-03    2     1000022         4   # BR(~c_R -> ~chi_10 c)
     4.88750632E-04    2     1000023         4   # BR(~c_R -> ~chi_20 c)
     9.98487745E-01    2     1000025         4   # BR(~c_R -> ~chi_30 c)
     9.54170279E-07    2     1000035         4   # BR(~c_R -> ~chi_40 c)
#
#         PDG            Width
DECAY   1000003     1.08178086E+02   # sstrange_L decays
#          BR         NDA      ID1       ID2
     3.46869431E-04    2     1000022         3   # BR(~s_L -> ~chi_10 s)
     1.92576780E-04    2     1000023         3   # BR(~s_L -> ~chi_20 s)
     1.31544621E-02    2     1000025         3   # BR(~s_L -> ~chi_30 s)
     3.28646190E-01    2     1000035         3   # BR(~s_L -> ~chi_40 s)
     2.97337717E-05    2    -1000024         4   # BR(~s_L -> ~chi_1- c)
     6.57630168E-01    2    -1000037         4   # BR(~s_L -> ~chi_2- c)
#
#         PDG            Width
DECAY   2000003     5.83323694E+00   # sstrange_R decays
#          BR         NDA      ID1       ID2
     1.02254946E-03    2     1000022         3   # BR(~s_R -> ~chi_10 s)
     4.88750390E-04    2     1000023         3   # BR(~s_R -> ~chi_20 s)
     9.98487746E-01    2     1000025         3   # BR(~s_R -> ~chi_30 s)
     9.54172058E-07    2     1000035         3   # BR(~s_R -> ~chi_40 s)
#
#         PDG            Width
DECAY   1000011     1.18753949E+02   # selectron_L decays
#          BR         NDA      ID1       ID2
     1.29891027E-05    2     1000022        11   # BR(~e_L -> ~chi_10 e-)
     1.18876867E-05    2     1000023        11   # BR(~e_L -> ~chi_20 e-)
     1.10973685E-01    2     1000025        11   # BR(~e_L -> ~chi_30 e-)
     2.95910634E-01    2     1000035        11   # BR(~e_L -> ~chi_40 e-)
     2.71259409E-05    2    -1000024        12   # BR(~e_L -> ~chi_1- nu_e)
     5.93063678E-01    2    -1000037        12   # BR(~e_L -> ~chi_2- nu_e)
#
#         PDG            Width
DECAY   2000011     5.23943865E+01   # selectron_R decays
#          BR         NDA      ID1       ID2
     1.02612816E-03    2     1000022        11   # BR(~e_R -> ~chi_10 e-)
     4.90456614E-04    2     1000023        11   # BR(~e_R -> ~chi_20 e-)
     9.98482469E-01    2     1000025        11   # BR(~e_R -> ~chi_30 e-)
     9.46516731E-07    2     1000035        11   # BR(~e_R -> ~chi_40 e-)
#
#         PDG            Width
DECAY   1000013     1.18753949E+02   # smuon_L decays
#          BR         NDA      ID1       ID2
     1.29891027E-05    2     1000022        13   # BR(~mu_L -> ~chi_10 mu-)
     1.18876867E-05    2     1000023        13   # BR(~mu_L -> ~chi_20 mu-)
     1.10973685E-01    2     1000025        13   # BR(~mu_L -> ~chi_30 mu-)
     2.95910634E-01    2     1000035        13   # BR(~mu_L -> ~chi_40 mu-)
     2.71259409E-05    2    -1000024        14   # BR(~mu_L -> ~chi_1- nu_mu)
     5.93063678E-01    2    -1000037        14   # BR(~mu_L -> ~chi_2- nu_mu)
#
#         PDG            Width
DECAY   2000013     5.23943865E+01   # smuon_R decays
#          BR         NDA      ID1       ID2
     1.02612816E-03    2     1000022        13   # BR(~mu_R -> ~chi_10 mu-)
     4.90456614E-04    2     1000023        13   # BR(~mu_R -> ~chi_20 mu-)
     9.98482469E-01    2     1000025        13   # BR(~mu_R -> ~chi_30 mu-)
     9.46516731E-07    2     1000035        13   # BR(~mu_R -> ~chi_40 mu-)
#
#         PDG            Width
DECAY   1000015     8.84854694E+01   # stau_1 decays
#          BR         NDA      ID1       ID2
     1.38795537E-02    2     1000022        15   # BR(~tau_1 -> ~chi_10  tau-)
     8.24228458E-03    2     1000023        15   # BR(~tau_1 -> ~chi_20  tau-)
     3.68784966E-01    2     1000025        15   # BR(~tau_1 -> ~chi_30  tau-)
     1.99000592E-01    2     1000035        15   # BR(~tau_1 -> ~chi_40  tau-)
     1.12544643E-02    2    -1000024        16   # BR(~tau_1 -> ~chi_1-  nu_tau)
     3.98838139E-01    2    -1000037        16   # BR(~tau_1 -> ~chi_2-  nu_tau)
#
#         PDG            Width
DECAY   2000015     8.81891348E+01   # stau_2 decays
#          BR         NDA      ID1       ID2
     7.97348747E-03    2     1000022        15   # BR(~tau_2 -> ~chi_10  tau-)
     1.25378138E-02    2     1000023        15   # BR(~tau_2 -> ~chi_20  tau-)
     3.72625465E-01    2     1000025        15   # BR(~tau_2 -> ~chi_30  tau-)
     1.98800176E-01    2     1000035        15   # BR(~tau_2 -> ~chi_40  tau-)
     9.63141445E-03    2    -1000024        16   # BR(~tau_2 -> ~chi_1-  nu_tau)
     3.98431644E-01    2    -1000037        16   # BR(~tau_2 -> ~chi_2-  nu_tau)
#
#         PDG            Width
DECAY   1000012     1.18761656E+02   # snu_eL decays
#          BR         NDA      ID1       ID2
     6.19029307E-04    2     1000022        12   # BR(~nu_eL -> ~chi_10 nu_e)
     3.29683967E-04    2     1000023        12   # BR(~nu_eL -> ~chi_20 nu_e)
     1.09284884E-01    2     1000025        12   # BR(~nu_eL -> ~chi_30 nu_e)
     2.96583904E-01    2     1000035        12   # BR(~nu_eL -> ~chi_40 nu_e)
     1.25574920E-03    2     1000024        11   # BR(~nu_eL -> ~chi_1+ e-)
     5.91926749E-01    2     1000037        11   # BR(~nu_eL -> ~chi_2+ e-)
#
#         PDG            Width
DECAY   1000014     1.18761656E+02   # snu_muL decays
#          BR         NDA      ID1       ID2
     6.19029307E-04    2     1000022        14   # BR(~nu_muL -> ~chi_10 nu_mu)
     3.29683967E-04    2     1000023        14   # BR(~nu_muL -> ~chi_20 nu_mu)
     1.09284884E-01    2     1000025        14   # BR(~nu_muL -> ~chi_30 nu_mu)
     2.96583904E-01    2     1000035        14   # BR(~nu_muL -> ~chi_40 nu_mu)
     1.25574920E-03    2     1000024        13   # BR(~nu_muL -> ~chi_1+ mu-)
     5.91926749E-01    2     1000037        13   # BR(~nu_muL -> ~chi_2+ mu-)
#
#         PDG            Width
DECAY   1000016     1.20603694E+02   # snu_tauL decays
#          BR         NDA      ID1       ID2
     6.09574576E-04    2     1000022        16   # BR(~nu_tauL -> ~chi_10 nu_tau)
     3.24648546E-04    2     1000023        16   # BR(~nu_tauL -> ~chi_20 nu_tau)
     1.07615724E-01    2     1000025        16   # BR(~nu_tauL -> ~chi_30 nu_tau)
     2.92054036E-01    2     1000035        16   # BR(~nu_tauL -> ~chi_40 nu_tau)
     1.65094458E-02    2     1000024        15   # BR(~nu_tauL -> ~chi_1+ tau-)
     5.82886571E-01    2     1000037        15   # BR(~nu_tauL -> ~chi_2+ tau-)
#
#         PDG            Width
DECAY   1000024     3.04829812E-11   # chargino1+ decays
#           BR         NDA      ID1       ID2       ID3
     3.74914992E-01    3     1000022         2        -1   # BR(~chi_1+ -> ~chi_10 u    db)
     3.74914992E-01    3     1000022         4        -3   # BR(~chi_1+ -> ~chi_10 c    sb)
     1.24971672E-01    3     1000022       -11        12   # BR(~chi_1+ -> ~chi_10 e+   nu_e)
     1.24971672E-01    3     1000022       -13        14   # BR(~chi_1+ -> ~chi_10 mu+  nu_mu)
     2.26672238E-04    3     1000022       -15        16   # BR(~chi_1+ -> ~chi_10 tau+ nu_tau)
#
#         PDG            Width
DECAY   1000037     1.95337840E+01   # chargino2+ decays
#          BR         NDA      ID1       ID2
     2.52020928E-01    2     1000024        23   # BR(~chi_2+ -> ~chi_1+  Z )
     2.37196458E-01    2     1000022        24   # BR(~chi_2+ -> ~chi_10  W+)
     2.46321763E-01    2     1000023        24   # BR(~chi_2+ -> ~chi_20  W+)
     1.40715292E-03    2     1000025        24   # BR(~chi_2+ -> ~chi_30  W+)
     2.63053698E-01    2     1000024        25   # BR(~chi_2+ -> ~chi_1+  h )
#
#         PDG            Width
DECAY   1000022     0.00000000E+00   # neutralino1 decays
#
#         PDG            Width
DECAY   1000023     1.06000995E-09   # neutralino2 decays
#          BR         NDA      ID1       ID2
     9.26269828E-02    2     1000022        22   # BR(~chi_20 -> ~chi_10 gam)
#           BR         NDA      ID1       ID2       ID3
     1.17867763E-01    3     1000022        -2         2   # BR(~chi_20 -> ~chi_10 ub      u)
     1.53289712E-01    3     1000022        -1         1   # BR(~chi_20 -> ~chi_10 db      d)
     1.17867763E-01    3     1000022        -4         4   # BR(~chi_20 -> ~chi_10 cb      c)
     1.53289712E-01    3     1000022        -3         3   # BR(~chi_20 -> ~chi_10 sb      s)
     3.54233506E-02    3     1000022       -11        11   # BR(~chi_20 -> ~chi_10 e+      e-)
     3.54233506E-02    3     1000022       -13        13   # BR(~chi_20 -> ~chi_10 mu+     mu-)
     2.81399812E-03    3     1000022       -15        15   # BR(~chi_20 -> ~chi_10 tau+    tau-)
     7.08453380E-02    3     1000022       -12        12   # BR(~chi_20 -> ~chi_10 nu_eb   nu_e)
     7.08453380E-02    3     1000022       -14        14   # BR(~chi_20 -> ~chi_10 nu_mub  nu_mu)
     7.08453380E-02    3     1000022       -16        16   # BR(~chi_20 -> ~chi_10 nu_taub nu_tau)
     1.47718624E-02    3     1000024        -2         1   # BR(~chi_20 -> ~chi_1+ ub      d)
     1.47718624E-02    3    -1000024        -1         2   # BR(~chi_20 -> ~chi_1- db      u)
     1.47718624E-02    3     1000024        -4         3   # BR(~chi_20 -> ~chi_1+ cb      s)
     1.47718624E-02    3    -1000024        -3         4   # BR(~chi_20 -> ~chi_1- sb      c)
     4.92395442E-03    3     1000024       -12        11   # BR(~chi_20 -> ~chi_1+ nu_eb   e-)
     4.92395442E-03    3    -1000024        12       -11   # BR(~chi_20 -> ~chi_1- nu_e    e+)
     4.92395442E-03    3     1000024       -14        13   # BR(~chi_20 -> ~chi_1+ nu_mub  mu-)
     4.92395442E-03    3    -1000024        14       -13   # BR(~chi_20 -> ~chi_1- nu_mu   mu+)
     3.90437050E-05    3     1000024       -16        15   # BR(~chi_20 -> ~chi_1+ nu_taub tau-)
     3.90437050E-05    3    -1000024        16       -15   # BR(~chi_20 -> ~chi_1- nu_tau  tau+)
#
#         PDG            Width
DECAY   1000025     3.09899007E+00   # neutralino3 decays
#          BR         NDA      ID1       ID2
     7.77280433E-02    2     1000022        23   # BR(~chi_30 -> ~chi_10   Z )
     1.75348504E-01    2     1000023        23   # BR(~chi_30 -> ~chi_20   Z )
     2.45219264E-01    2     1000024       -24   # BR(~chi_30 -> ~chi_1+   W-)
     2.45219264E-01    2    -1000024        24   # BR(~chi_30 -> ~chi_1-   W+)
     1.73795101E-01    2     1000022        25   # BR(~chi_30 -> ~chi_10   h )
     8.26898237E-02    2     1000023        25   # BR(~chi_30 -> ~chi_20   h )
#
#         PDG            Width
DECAY   1000035     1.95333338E+01   # neutralino4 decays
#          BR         NDA      ID1       ID2
     8.74228378E-02    2     1000022        23   # BR(~chi_40 -> ~chi_10   Z )
     1.64570568E-01    2     1000023        23   # BR(~chi_40 -> ~chi_20   Z )
     1.57489197E-04    2     1000025        23   # BR(~chi_40 -> ~chi_30   Z )
     2.42561743E-01    2     1000024       -24   # BR(~chi_40 -> ~chi_1+   W-)
     2.42561743E-01    2    -1000024        24   # BR(~chi_40 -> ~chi_1-   W+)
     1.65933126E-01    2     1000022        25   # BR(~chi_40 -> ~chi_10   h )
     9.54283827E-02    2     1000023        25   # BR(~chi_40 -> ~chi_20   h )
     1.36411155E-03    2     1000025        25   # BR(~chi_40 -> ~chi_30   h )
#
