#
#                              ======================
#                              | THE SUSYHIT OUTPUT |
#                              ======================
#
#
#              ------------------------------------------------------
#              |     This is the output of the SUSY-HIT package     |
#              |  created by A.Djouadi, M.Muehlleitner and M.Spira. |
#              |  In case of problems with SUSY-HIT email to        |
#              |           margarete.muehlleitner@kit.edu           |
#              |           michael.spira@psi.ch                     |
#              |           abdelhak.djouadi@cern.ch                 |
#              ------------------------------------------------------
#
#              ------------------------------------------------------
#              |  SUSY Les Houches Accord - MSSM Spectrum + Decays  |
#              |              based on the decay programs           |
#              |                                                    |
#              |                     SDECAY 1.5                     |
#              |                                                    |
#              |  Authors: M.Muhlleitner, A.Djouadi and Y.Mambrini  |
#              |  Ref.:    Comput.Phys.Commun.168(2005)46           |
#              |           [hep-ph/0311167]                         |
#              |                                                    |
#              |                     HDECAY 3.4                     |
#              |                                                    |
#              |  By: A.Djouadi,J.Kalinowski,M.Muhlleitner,M.Spira  |
#              |  Ref.:    Comput.Phys.Commun.108(1998)56           |
#              |           [hep-ph/9704448]                         |
#              |                                                    |
#              |                                                    |
#              |  If not stated otherwise all DRbar couplings and   |
#              |  soft SUSY breaking masses are given at the scale  |
#              |  Q=  0.10000822E+05
#              |                                                    |
#              ------------------------------------------------------
#
#
BLOCK DCINFO  # Decay Program information
     1   SDECAY/HDECAY # decay calculator
     2   1.5  /3.4    # version number
#
BLOCK SPINFO  # Spectrum calculator information
     1   SuSpect     # RGE +Spectrum calculator            
     2   2.43         # version number                     
#
BLOCK MODSEL  # Model selection
     1     0   # #general MSSM low scale                           
#
BLOCK SMINPUTS  # Standard Model inputs
         1     1.27934000E+02   # alpha_em^-1(M_Z)^MSbar
         2     1.16639000E-05   # G_F [GeV^-2]
         3     1.17200000E-01   # alpha_S(M_Z)^MSbar
         4     9.11870000E+01   # M_Z pole mass
         5     4.25000000E+00   # mb(mb)^MSbar
         6     1.72500000E+02   # mt pole mass
         7     1.77710000E+00   # mtau pole mass
#
BLOCK MINPAR  # Input parameters - minimal models
         1     1.00000000E+02   # 2                   
         3     1.00000000E+01   # tanbeta(mZ)         
         4     1.00000000E+00   # sign(mu)            
#
BLOCK EXTPAR  # Input parameters - non-minimal models
         0     1.00008217E+04   # EWSB                
         1     3.00000000E+02   # M_1                 
         2     6.00000000E+02   # M_2                 
         3     1.00000000E+04   # M_3                 
        11    -1.00000000E+02   # A_t                 
        12    -1.00000000E+02   # A_b                 
        13    -2.51737263E+02   # A_tau               
        14    -6.77437438E+02   # A_u                 
        15    -8.59633345E+02   # A_d                 
        16    -2.53493493E+02   # A_e                 
        23     2.20000000E+02   # mu(EWSB)            
        25     1.00000000E+01   # tanbeta(in)         
        26     1.00000000E+04   # MA_pole             
        31     1.00000000E+04   # M_eL                
        32     1.00000000E+04   # M_muL               
        33     1.00000000E+04   # M_tauL              
        34     1.00000000E+04   # M_eR                
        35     1.00000000E+04   # M_muR               
        36     1.00000000E+04   # M_tauR              
        41     1.00000000E+04   # M_q1L               
        42     1.00000000E+04   # M_q2L               
        43     1.00000000E+04   # M_q3L               
        44     1.00000000E+04   # M_uR                
        45     1.00000000E+04   # M_cR                
        46     1.00000000E+04   # M_tR                
        47     1.00000000E+04   # M_dR                
        48     1.00000000E+04   # M_sR                
        49     1.00000000E+04   # M_bR                
#
BLOCK MASS  # Mass Spectrum
# PDG code           mass       particle
        24     8.04826282E+01   # W+
        25     1.26803781E+02   # h
        35     1.00000509E+04   # H
        36     1.00000000E+04   # A
        37     1.00007679E+04   # H+
         5     4.87884274E+00   # b-quark pole mass calculated from mb(mb)_Msbar
   1000001     1.03038429E+04   # ~d_L
   2000001     1.03037183E+04   # ~d_R
   1000002     1.03035625E+04   # ~u_L
   2000002     1.03036250E+04   # ~u_R
   1000003     1.03038429E+04   # ~s_L
   2000003     1.03037183E+04   # ~s_R
   1000004     1.03035625E+04   # ~c_L
   2000004     1.03036250E+04   # ~c_R
   1000005     1.03035325E+04   # ~b_1
   2000005     1.03040292E+04   # ~b_2
   1000006     1.01862483E+04   # ~t_1
   2000006     1.03060457E+04   # ~t_2
   1000011     1.00000964E+04   # ~e_L
   2000011     1.00000961E+04   # ~e_R
   1000012     9.99980749E+03   # ~nu_eL
   1000013     1.00000964E+04   # ~mu_L
   2000013     1.00000961E+04   # ~mu_R
   1000014     9.99980749E+03   # ~nu_muL
   1000015     9.99989413E+03   # ~tau_1
   2000015     1.00002987E+04   # ~tau_2
   1000016     9.99980749E+03   # ~nu_tauL
   1000021     1.05489487E+04   # ~g
   1000022     2.07922800E+02   # ~chi_10
   1000023    -2.32811490E+02   # ~chi_20
   1000025     3.10957712E+02   # ~chi_30
   1000035     6.64059026E+02   # ~chi_40
   1000024     2.23028348E+02   # ~chi_1+
   1000037     6.64026877E+02   # ~chi_2+
#
BLOCK NMIX  # Neutralino Mixing Matrix
  1  1     3.48560564E-01   # N_11
  1  2    -1.20901978E-01   # N_12
  1  3     6.81931500E-01   # N_13
  1  4    -6.31551799E-01   # N_14
  2  1     5.31597826E-02   # N_21
  2  2    -5.51095945E-02   # N_22
  2  3    -6.97126414E-01   # N_23
  2  4    -7.12847623E-01   # N_24
  3  1     9.35623152E-01   # N_31
  3  2     6.61374778E-02   # N_32
  3  3    -2.13372312E-01   # N_33
  3  4     2.73326560E-01   # N_34
  4  1     1.69967287E-02   # N_41
  4  2    -9.88924405E-01   # N_42
  4  3    -5.87915713E-02   # N_43
  4  4     1.35215324E-01   # N_44
#
BLOCK UMIX  # Chargino Mixing Matrix U
  1  1    -8.26792940E-02   # U_11
  1  2     9.96576206E-01   # U_12
  2  1     9.96576206E-01   # U_21
  2  2     8.26792940E-02   # U_22
#
BLOCK VMIX  # Chargino Mixing Matrix V
  1  1    -1.90722089E-01   # V_11
  1  2     9.81644072E-01   # V_12
  2  1     9.81644072E-01   # V_21
  2  2     1.90722089E-01   # V_22
#
BLOCK STOPMIX  # Stop Mixing Matrix
  1  1     3.86104841E-02   # cos(theta_t)
  1  2     9.99254337E-01   # sin(theta_t)
  2  1    -9.99254337E-01   # -sin(theta_t)
  2  2     3.86104841E-02   # cos(theta_t)
#
BLOCK SBOTMIX  # Sbottom Mixing Matrix
  1  1     6.12003773E-01   # cos(theta_b)
  1  2     7.90854842E-01   # sin(theta_b)
  2  1    -7.90854842E-01   # -sin(theta_b)
  2  2     6.12003773E-01   # cos(theta_b)
#
BLOCK STAUMIX  # Stau Mixing Matrix
  1  1     7.06897815E-01   # cos(theta_tau)
  1  2     7.07315686E-01   # sin(theta_tau)
  2  1    -7.07315686E-01   # -sin(theta_tau)
  2  2     7.06897815E-01   # cos(theta_tau)
#
BLOCK ALPHA  # Higgs mixing
          -1.06025744E-01   # Mixing angle in the neutral Higgs boson sector
#
BLOCK HMIX Q=  1.00008217E+04  # DRbar Higgs Parameters
         1     2.20000000E+02   # mu(Q)               
         2     9.39862087E+00   # tanbeta(Q)          
         3     2.41053312E+02   # vev(Q)              
         4     9.93149518E+07   # MA^2(Q)             
#
BLOCK GAUGE Q=  1.00008217E+04  # The gauge couplings
     1     3.67951365E-01   # gprime(Q) DRbar
     2     6.37838547E-01   # g(Q) DRbar
     3     9.55384817E-01   # g3(Q) DRbar
#
BLOCK AU Q=  1.00008217E+04  # The trilinear couplings
  1  1    -6.77437438E+02   # A_u(Q) DRbar
  2  2    -6.77437438E+02   # A_c(Q) DRbar
  3  3    -1.00000000E+02   # A_t(Q) DRbar
#
BLOCK AD Q=  1.00008217E+04  # The trilinear couplings
  1  1    -8.59633345E+02   # A_d(Q) DRbar
  2  2    -8.59633345E+02   # A_s(Q) DRbar
  3  3    -1.00000000E+02   # A_b(Q) DRbar
#
BLOCK AE Q=  1.00008217E+04  # The trilinear couplings
  1  1    -2.53493493E+02   # A_e(Q) DRbar
  2  2    -2.53493493E+02   # A_mu(Q) DRbar
  3  3    -2.51737263E+02   # A_tau(Q) DRbar
#
BLOCK Yu Q=  1.00008217E+04  # The Yukawa couplings
  1  1     0.00000000E+00   # y_u(Q) DRbar
  2  2     0.00000000E+00   # y_c(Q) DRbar
  3  3     7.99468824E-01   # y_t(Q) DRbar
#
BLOCK Yd Q=  1.00008217E+04  # The Yukawa couplings
  1  1     0.00000000E+00   # y_d(Q) DRbar
  2  2     0.00000000E+00   # y_s(Q) DRbar
  3  3     1.26741561E-01   # y_b(Q) DRbar
#
BLOCK Ye Q=  1.00008217E+04  # The Yukawa couplings
  1  1     0.00000000E+00   # y_e(Q) DRbar
  2  2     0.00000000E+00   # y_mu(Q) DRbar
  3  3     9.67189677E-02   # y_tau(Q) DRbar
#
BLOCK MSOFT Q=  1.00008217E+04  # The soft SUSY breaking masses at the scale Q
         1     3.00000000E+02   # M_1                 
         2     6.00000000E+02   # M_2                 
         3     1.00000000E+04   # M_3                 
        14    -6.77437438E+02   # A_u                 
        15    -8.59633345E+02   # A_d                 
        16    -2.53493493E+02   # A_e                 
        21     9.86236561E+07   # M^2_Hd              
        22     3.56092741E+06   # M^2_Hu              
        31     1.00000000E+04   # M_eL                
        32     1.00000000E+04   # M_muL               
        33     1.00000000E+04   # M_tauL              
        34     1.00000000E+04   # M_eR                
        35     1.00000000E+04   # M_muR               
        36     1.00000000E+04   # M_tauR              
        41     1.00000000E+04   # M_q1L               
        42     1.00000000E+04   # M_q2L               
        43     1.00000000E+04   # M_q3L               
        44     1.00000000E+04   # M_uR                
        45     1.00000000E+04   # M_cR                
        46     1.00000000E+04   # M_tR                
        47     1.00000000E+04   # M_dR                
        48     1.00000000E+04   # M_sR                
        49     1.00000000E+04   # M_bR                
#
#
#
#                             =================
#                             |The decay table|
#                             =================
#
# - The QCD corrections to the decays gluino -> squark  + quark
#                                     squark -> gaugino + quark_prime
#                                     squark -> squark_prime + Higgs
#                                     squark -> gluino  + quark
#   are included.
#
# - The multi-body decays for the inos, stops and sbottoms are included.
#
# - The loop induced decays for the gluino, neutralinos and stops
#   are included.
#
# - The SUSY decays of the top quark are included.
#
#
#         PDG            Width
DECAY         6     1.40858307E+00   # top decays
#          BR         NDA      ID1       ID2
     1.00000000E+00    2           5        24   # BR(t ->  b    W+)
#
#         PDG            Width
DECAY   1000021     5.02831570E+00   # gluino decays
#          BR         NDA      ID1       ID2
     3.98665113E-02    2     1000001        -1   # BR(~g -> ~d_L  db)
     3.98665113E-02    2    -1000001         1   # BR(~g -> ~d_L* d )
     3.99065771E-02    2     2000001        -1   # BR(~g -> ~d_R  db)
     3.99065771E-02    2    -2000001         1   # BR(~g -> ~d_R* d )
     3.99567031E-02    2     1000002        -2   # BR(~g -> ~u_L  ub)
     3.99567031E-02    2    -1000002         2   # BR(~g -> ~u_L* u )
     3.99365911E-02    2     2000002        -2   # BR(~g -> ~u_R  ub)
     3.99365911E-02    2    -2000002         2   # BR(~g -> ~u_R* u )
     3.98665113E-02    2     1000003        -3   # BR(~g -> ~s_L  sb)
     3.98665113E-02    2    -1000003         3   # BR(~g -> ~s_L* s )
     3.99065771E-02    2     2000003        -3   # BR(~g -> ~s_R  sb)
     3.99065771E-02    2    -2000003         3   # BR(~g -> ~s_R* s )
     3.99567031E-02    2     1000004        -4   # BR(~g -> ~c_L  cb)
     3.99567031E-02    2    -1000004         4   # BR(~g -> ~c_L* c )
     3.99365911E-02    2     2000004        -4   # BR(~g -> ~c_R  cb)
     3.99365911E-02    2    -2000004         4   # BR(~g -> ~c_R* c )
     3.93011610E-02    2     1000005        -5   # BR(~g -> ~b_1  bb)
     3.93011610E-02    2    -1000005         5   # BR(~g -> ~b_1* b )
     4.04616119E-02    2     2000005        -5   # BR(~g -> ~b_2  bb)
     4.04616119E-02    2    -2000005         5   # BR(~g -> ~b_2* b )
     6.99749557E-02    2     1000006        -6   # BR(~g -> ~t_1  tb)
     6.99749557E-02    2    -1000006         6   # BR(~g -> ~t_1* t )
     3.09295059E-02    2     2000006        -6   # BR(~g -> ~t_2  tb)
     3.09295059E-02    2    -2000006         6   # BR(~g -> ~t_2* t )
#
#         PDG            Width
DECAY   1000006     2.76559212E+02   # stop1 decays
#          BR         NDA      ID1       ID2
     2.00908389E-01    2     1000022         6   # BR(~t_1 -> ~chi_10 t )
     2.35149646E-01    2     1000023         6   # BR(~t_1 -> ~chi_20 t )
     1.03518323E-01    2     1000025         6   # BR(~t_1 -> ~chi_30 t )
     3.59299042E-03    2     1000035         6   # BR(~t_1 -> ~chi_40 t )
     4.49649956E-01    2     1000024         5   # BR(~t_1 -> ~chi_1+ b )
     7.18069496E-03    2     1000037         5   # BR(~t_1 -> ~chi_2+ b )
#
#         PDG            Width
DECAY   2000006     2.53064718E+02   # stop2 decays
#          BR         NDA      ID1       ID2
     1.92985496E-01    2     1000022         6   # BR(~t_2 -> ~chi_10 t )
     2.54314910E-01    2     1000023         6   # BR(~t_2 -> ~chi_20 t )
     5.34787888E-02    2     1000025         6   # BR(~t_2 -> ~chi_30 t )
     1.68584258E-01    2     1000035         6   # BR(~t_2 -> ~chi_40 t )
     1.45339499E-02    2     1000024         5   # BR(~t_2 -> ~chi_1+ b )
     3.16103899E-01    2     1000037         5   # BR(~t_2 -> ~chi_2+ b )
    -1.30287160E-06    2     1000006        23   # BR(~t_2 -> ~t_1    Z )
#
#         PDG            Width
DECAY   1000005     1.18659014E+02   # sbottom1 decays
#          BR         NDA      ID1       ID2
     4.24569817E-02    2     1000022         5   # BR(~b_1 -> ~chi_10 b )
     8.12426403E-03    2     1000023         5   # BR(~b_1 -> ~chi_20 b )
     1.80151253E-02    2     1000025         5   # BR(~b_1 -> ~chi_30 b )
     1.41629475E-01    2     1000035         5   # BR(~b_1 -> ~chi_40 b )
     4.86599630E-01    2    -1000024         6   # BR(~b_1 -> ~chi_1- t )
     3.03183839E-01    2    -1000037         6   # BR(~b_1 -> ~chi_2- t )
    -9.31436237E-06    2     1000006       -24   # BR(~b_1 -> ~t_1    W-)
#
#         PDG            Width
DECAY   2000005     1.46607159E+02   # sbottom2 decays
#          BR         NDA      ID1       ID2
     6.96494346E-04    2     1000022         5   # BR(~b_2 -> ~chi_10 b )
     1.60122157E-02    2     1000023         5   # BR(~b_2 -> ~chi_20 b )
     2.66111973E-02    2     1000025         5   # BR(~b_2 -> ~chi_30 b )
     1.54891290E-01    2     1000035         5   # BR(~b_2 -> ~chi_40 b )
     4.71784657E-01    2    -1000024         6   # BR(~b_2 -> ~chi_1- t )
     3.30017096E-01    2    -1000037         6   # BR(~b_2 -> ~chi_2- t )
    -1.29502871E-05    2     1000006       -24   # BR(~b_2 -> ~t_1    W-)
#
#         PDG            Width
DECAY   1000002     1.21857326E+02   # sup_L decays
#          BR         NDA      ID1       ID2
     9.61951322E-04    2     1000022         2   # BR(~u_L -> ~chi_10 u)
     6.67615668E-04    2     1000023         2   # BR(~u_L -> ~chi_20 u)
     2.00463109E-02    2     1000025         2   # BR(~u_L -> ~chi_30 u)
     3.19804439E-01    2     1000035         2   # BR(~u_L -> ~chi_40 u)
     2.41066626E-02    2     1000024         1   # BR(~u_L -> ~chi_1+ d)
     6.34413020E-01    2     1000037         1   # BR(~u_L -> ~chi_2+ d)
#
#         PDG            Width
DECAY   2000002     2.38739697E+01   # sup_R decays
#          BR         NDA      ID1       ID2
     1.21581847E-01    2     1000022         2   # BR(~u_R -> ~chi_10 u)
     2.82754078E-03    2     1000023         2   # BR(~u_R -> ~chi_20 u)
     8.75303448E-01    2     1000025         2   # BR(~u_R -> ~chi_30 u)
     2.87164278E-04    2     1000035         2   # BR(~u_R -> ~chi_40 u)
#
#         PDG            Width
DECAY   1000001     1.21842535E+02   # sdown_L decays
#          BR         NDA      ID1       ID2
     1.17054223E-02    2     1000022         1   # BR(~d_L -> ~chi_10 d)
     1.41444969E-03    2     1000023         1   # BR(~d_L -> ~chi_20 d)
     4.28687732E-03    2     1000025         1   # BR(~d_L -> ~chi_30 d)
     3.24107179E-01    2     1000035         1   # BR(~d_L -> ~chi_40 d)
     4.53097176E-03    2    -1000024         2   # BR(~d_L -> ~chi_1- u)
     6.53955100E-01    2    -1000037         2   # BR(~d_L -> ~chi_2- u)
#
#         PDG            Width
DECAY   2000001     5.96853834E+00   # sdown_R decays
#          BR         NDA      ID1       ID2
     1.21581845E-01    2     1000022         1   # BR(~d_R -> ~chi_10 d)
     2.82754075E-03    2     1000023         1   # BR(~d_R -> ~chi_20 d)
     8.75303450E-01    2     1000025         1   # BR(~d_R -> ~chi_30 d)
     2.87164313E-04    2     1000035         1   # BR(~d_R -> ~chi_40 d)
#
#         PDG            Width
DECAY   1000004     1.21857326E+02   # scharm_L decays
#          BR         NDA      ID1       ID2
     9.61951322E-04    2     1000022         4   # BR(~c_L -> ~chi_10 c)
     6.67615668E-04    2     1000023         4   # BR(~c_L -> ~chi_20 c)
     2.00463109E-02    2     1000025         4   # BR(~c_L -> ~chi_30 c)
     3.19804439E-01    2     1000035         4   # BR(~c_L -> ~chi_40 c)
     2.41066626E-02    2     1000024         3   # BR(~c_L -> ~chi_1+ s)
     6.34413020E-01    2     1000037         3   # BR(~c_L -> ~chi_2+ s)
#
#         PDG            Width
DECAY   2000004     2.38739697E+01   # scharm_R decays
#          BR         NDA      ID1       ID2
     1.21581847E-01    2     1000022         4   # BR(~c_R -> ~chi_10 c)
     2.82754078E-03    2     1000023         4   # BR(~c_R -> ~chi_20 c)
     8.75303448E-01    2     1000025         4   # BR(~c_R -> ~chi_30 c)
     2.87164278E-04    2     1000035         4   # BR(~c_R -> ~chi_40 c)
#
#         PDG            Width
DECAY   1000003     1.21842535E+02   # sstrange_L decays
#          BR         NDA      ID1       ID2
     1.17054223E-02    2     1000022         3   # BR(~s_L -> ~chi_10 s)
     1.41444969E-03    2     1000023         3   # BR(~s_L -> ~chi_20 s)
     4.28687732E-03    2     1000025         3   # BR(~s_L -> ~chi_30 s)
     3.24107179E-01    2     1000035         3   # BR(~s_L -> ~chi_40 s)
     4.53097176E-03    2    -1000024         4   # BR(~s_L -> ~chi_1- c)
     6.53955100E-01    2    -1000037         4   # BR(~s_L -> ~chi_2- c)
#
#         PDG            Width
DECAY   2000003     5.96853834E+00   # sstrange_R decays
#          BR         NDA      ID1       ID2
     1.21581845E-01    2     1000022         3   # BR(~s_R -> ~chi_10 s)
     2.82754075E-03    2     1000023         3   # BR(~s_R -> ~chi_20 s)
     8.75303450E-01    2     1000025         3   # BR(~s_R -> ~chi_30 s)
     2.87164313E-04    2     1000035         3   # BR(~s_R -> ~chi_40 s)
#
#         PDG            Width
DECAY   1000011     1.33797154E+02   # selectron_L decays
#          BR         NDA      ID1       ID2
     1.94249116E-03    2     1000022        11   # BR(~e_L -> ~chi_10 e-)
     1.80519393E-04    2     1000023        11   # BR(~e_L -> ~chi_20 e-)
     1.10815682E-01    2     1000025        11   # BR(~e_L -> ~chi_30 e-)
     2.87416502E-01    2     1000035        11   # BR(~e_L -> ~chi_40 e-)
     4.13114414E-03    2    -1000024        12   # BR(~e_L -> ~chi_1- nu_e)
     5.95513660E-01    2    -1000037        12   # BR(~e_L -> ~chi_2- nu_e)
#
#         PDG            Width
DECAY   2000011     5.37726631E+01   # selectron_R decays
#          BR         NDA      ID1       ID2
     1.21608665E-01    2     1000022        11   # BR(~e_R -> ~chi_10 e-)
     2.82799797E-03    2     1000023        11   # BR(~e_R -> ~chi_20 e-)
     8.75276473E-01    2     1000025        11   # BR(~e_R -> ~chi_30 e-)
     2.86863728E-04    2     1000035        11   # BR(~e_R -> ~chi_40 e-)
#
#         PDG            Width
DECAY   1000013     1.33797154E+02   # smuon_L decays
#          BR         NDA      ID1       ID2
     1.94249116E-03    2     1000022        13   # BR(~mu_L -> ~chi_10 mu-)
     1.80519393E-04    2     1000023        13   # BR(~mu_L -> ~chi_20 mu-)
     1.10815682E-01    2     1000025        13   # BR(~mu_L -> ~chi_30 mu-)
     2.87416502E-01    2     1000035        13   # BR(~mu_L -> ~chi_40 mu-)
     4.13114414E-03    2    -1000024        14   # BR(~mu_L -> ~chi_1- nu_mu)
     5.95513660E-01    2    -1000037        14   # BR(~mu_L -> ~chi_2- nu_mu)
#
#         PDG            Width
DECAY   2000013     5.37726631E+01   # smuon_R decays
#          BR         NDA      ID1       ID2
     1.21608665E-01    2     1000022        13   # BR(~mu_R -> ~chi_10 mu-)
     2.82799797E-03    2     1000023        13   # BR(~mu_R -> ~chi_20 mu-)
     8.75276473E-01    2     1000025        13   # BR(~mu_R -> ~chi_30 mu-)
     2.86863728E-04    2     1000035        13   # BR(~mu_R -> ~chi_40 mu-)
#
#         PDG            Width
DECAY   1000015     9.65617561E+01   # stau_1 decays
#          BR         NDA      ID1       ID2
     6.38950800E-02    2     1000022        15   # BR(~tau_1 -> ~chi_10  tau-)
     4.90074822E-03    2     1000023        15   # BR(~tau_1 -> ~chi_20  tau-)
     3.12389512E-01    2     1000025        15   # BR(~tau_1 -> ~chi_30  tau-)
     1.93917411E-01    2     1000035        15   # BR(~tau_1 -> ~chi_40  tau-)
     2.28890413E-02    2    -1000024        16   # BR(~tau_1 -> ~chi_1-  nu_tau)
     4.02008207E-01    2    -1000037        16   # BR(~tau_1 -> ~chi_2-  nu_tau)
#
#         PDG            Width
DECAY   2000015     9.65853614E+01   # stau_2 decays
#          BR         NDA      ID1       ID2
     2.44197169E-02    2     1000022        15   # BR(~tau_2 -> ~chi_10  tau-)
     1.56331463E-02    2     1000023        15   # BR(~tau_2 -> ~chi_20  tau-)
     3.30247490E-01    2     1000025        15   # BR(~tau_2 -> ~chi_30  tau-)
     2.04572663E-01    2     1000035        15   # BR(~tau_2 -> ~chi_40  tau-)
     1.95657440E-03    2    -1000024        16   # BR(~tau_2 -> ~chi_1-  nu_tau)
     4.23170409E-01    2    -1000037        16   # BR(~tau_2 -> ~chi_2-  nu_tau)
#
#         PDG            Width
DECAY   1000012     1.33805545E+02   # snu_eL decays
#          BR         NDA      ID1       ID2
     3.13265829E-02    2     1000022        12   # BR(~nu_eL -> ~chi_10 nu_e)
     2.22279717E-03    2     1000023        12   # BR(~nu_eL -> ~chi_20 nu_e)
     6.77045423E-02    2     1000025        12   # BR(~nu_eL -> ~chi_30 nu_e)
     2.99017049E-01    2     1000035        12   # BR(~nu_eL -> ~chi_40 nu_e)
     2.19805732E-02    2     1000024        11   # BR(~nu_eL -> ~chi_1+ e-)
     5.77748456E-01    2     1000037        11   # BR(~nu_eL -> ~chi_2+ e-)
#
#         PDG            Width
DECAY   1000014     1.33805545E+02   # snu_muL decays
#          BR         NDA      ID1       ID2
     3.13265829E-02    2     1000022        14   # BR(~nu_muL -> ~chi_10 nu_mu)
     2.22279717E-03    2     1000023        14   # BR(~nu_muL -> ~chi_20 nu_mu)
     6.77045423E-02    2     1000025        14   # BR(~nu_muL -> ~chi_30 nu_mu)
     2.99017049E-01    2     1000035        14   # BR(~nu_muL -> ~chi_40 nu_mu)
     2.19805732E-02    2     1000024        13   # BR(~nu_muL -> ~chi_1+ mu-)
     5.77748456E-01    2     1000037        13   # BR(~nu_muL -> ~chi_2+ mu-)
#
#         PDG            Width
DECAY   1000016     1.35664593E+02   # snu_tauL decays
#          BR         NDA      ID1       ID2
     3.08973062E-02    2     1000022        16   # BR(~nu_tauL -> ~chi_10 nu_tau)
     2.19233757E-03    2     1000023        16   # BR(~nu_tauL -> ~chi_20 nu_tau)
     6.67767685E-02    2     1000025        16   # BR(~nu_tauL -> ~chi_30 nu_tau)
     2.94919537E-01    2     1000035        16   # BR(~nu_tauL -> ~chi_40 nu_tau)
     3.52893841E-02    2     1000024        15   # BR(~nu_tauL -> ~chi_1+ tau-)
     5.69924667E-01    2     1000037        15   # BR(~nu_tauL -> ~chi_2+ tau-)
#
#         PDG            Width
DECAY   1000024     7.79389573E-07   # chargino1+ decays
#           BR         NDA      ID1       ID2       ID3
     3.35781486E-01    3     1000022         2        -1   # BR(~chi_1+ -> ~chi_10 u    db)
     3.35781486E-01    3     1000022         4        -3   # BR(~chi_1+ -> ~chi_10 c    sb)
     1.11927340E-01    3     1000022       -11        12   # BR(~chi_1+ -> ~chi_10 e+   nu_e)
     1.11927340E-01    3     1000022       -13        14   # BR(~chi_1+ -> ~chi_10 mu+  nu_mu)
     1.04582348E-01    3     1000022       -15        16   # BR(~chi_1+ -> ~chi_10 tau+ nu_tau)
#
#         PDG            Width
DECAY   1000037     5.22748933E+00   # chargino2+ decays
#          BR         NDA      ID1       ID2
     2.55727384E-01    2     1000024        23   # BR(~chi_2+ -> ~chi_1+  Z )
     1.90915925E-01    2     1000022        24   # BR(~chi_2+ -> ~chi_10  W+)
     2.50098853E-01    2     1000023        24   # BR(~chi_2+ -> ~chi_20  W+)
     5.72669722E-02    2     1000025        24   # BR(~chi_2+ -> ~chi_30  W+)
     2.45990866E-01    2     1000024        25   # BR(~chi_2+ -> ~chi_1+  h )
#
#         PDG            Width
DECAY   1000022     0.00000000E+00   # neutralino1 decays
#
#         PDG            Width
DECAY   1000023     7.31298642E-06   # neutralino2 decays
#          BR         NDA      ID1       ID2
     2.28203396E-03    2     1000022        22   # BR(~chi_20 -> ~chi_10 gam)
#           BR         NDA      ID1       ID2       ID3
     1.18241165E-01    3     1000022        -2         2   # BR(~chi_20 -> ~chi_10 ub      u)
     1.53695362E-01    3     1000022        -1         1   # BR(~chi_20 -> ~chi_10 db      d)
     1.18241165E-01    3     1000022        -4         4   # BR(~chi_20 -> ~chi_10 cb      c)
     1.53695362E-01    3     1000022        -3         3   # BR(~chi_20 -> ~chi_10 sb      s)
     1.08993437E-01    3     1000022        -5         5   # BR(~chi_20 -> ~chi_10 bb      b)
     3.54546221E-02    3     1000022       -11        11   # BR(~chi_20 -> ~chi_10 e+      e-)
     3.54546221E-02    3     1000022       -13        13   # BR(~chi_20 -> ~chi_10 mu+     mu-)
     3.44025871E-02    3     1000022       -15        15   # BR(~chi_20 -> ~chi_10 tau+    tau-)
     7.09096052E-02    3     1000022       -12        12   # BR(~chi_20 -> ~chi_10 nu_eb   nu_e)
     7.09096052E-02    3     1000022       -14        14   # BR(~chi_20 -> ~chi_10 nu_mub  nu_mu)
     7.09096052E-02    3     1000022       -16        16   # BR(~chi_20 -> ~chi_10 nu_taub nu_tau)
     4.54295059E-03    3     1000024        -2         1   # BR(~chi_20 -> ~chi_1+ ub      d)
     4.54295059E-03    3    -1000024        -1         2   # BR(~chi_20 -> ~chi_1- db      u)
     4.54295059E-03    3     1000024        -4         3   # BR(~chi_20 -> ~chi_1+ cb      s)
     4.54295059E-03    3    -1000024        -3         4   # BR(~chi_20 -> ~chi_1- sb      c)
     1.51431801E-03    3     1000024       -12        11   # BR(~chi_20 -> ~chi_1+ nu_eb   e-)
     1.51431801E-03    3    -1000024        12       -11   # BR(~chi_20 -> ~chi_1- nu_e    e+)
     1.51431801E-03    3     1000024       -14        13   # BR(~chi_20 -> ~chi_1+ nu_mub  mu-)
     1.51431801E-03    3    -1000024        14       -13   # BR(~chi_20 -> ~chi_1- nu_mu   mu+)
     1.29087683E-03    3     1000024       -16        15   # BR(~chi_20 -> ~chi_1+ nu_taub tau-)
     1.29087683E-03    3    -1000024        16       -15   # BR(~chi_20 -> ~chi_1- nu_tau  tau+)
#
#         PDG            Width
DECAY   1000025     2.48537870E-02   # neutralino3 decays
#          BR         NDA      ID1       ID2
     5.55824767E-02    2     1000022        23   # BR(~chi_30 -> ~chi_10   Z )
     4.72208762E-01    2     1000024       -24   # BR(~chi_30 -> ~chi_1+   W-)
     4.72208762E-01    2    -1000024        24   # BR(~chi_30 -> ~chi_1-   W+)
#
#         PDG            Width
DECAY   1000035     5.22487584E+00   # neutralino4 decays
#          BR         NDA      ID1       ID2
     2.84929218E-02    2     1000022        23   # BR(~chi_40 -> ~chi_10   Z )
     2.19429171E-01    2     1000023        23   # BR(~chi_40 -> ~chi_20   Z )
     5.57118015E-03    2     1000025        23   # BR(~chi_40 -> ~chi_30   Z )
     2.52166037E-01    2     1000024       -24   # BR(~chi_40 -> ~chi_1+   W-)
     2.52166037E-01    2    -1000024        24   # BR(~chi_40 -> ~chi_1-   W+)
     1.59133762E-01    2     1000022        25   # BR(~chi_40 -> ~chi_10   h )
     3.18322211E-02    2     1000023        25   # BR(~chi_40 -> ~chi_20   h )
     5.12086700E-02    2     1000025        25   # BR(~chi_40 -> ~chi_30   h )

