#
#                              ======================
#                              | THE SUSYHIT OUTPUT |
#                              ======================
#
#
#              ------------------------------------------------------
#              |     This is the output of the SUSY-HIT package     |
#              |  created by A.Djouadi, M.Muehlleitner and M.Spira. |
#              |  In case of problems with SUSY-HIT email to        |
#              |           margarete.muehlleitner@kit.edu           |
#              |           michael.spira@psi.ch                     |
#              |           abdelhak.djouadi@cern.ch                 |
#              ------------------------------------------------------
#
#              ------------------------------------------------------
#              |  SUSY Les Houches Accord - MSSM Spectrum + Decays  |
#              |              based on the decay programs           |
#              |                                                    |
#              |                     SDECAY 1.5                     |
#              |                                                    |
#              |  Authors: M.Muhlleitner, A.Djouadi and Y.Mambrini  |
#              |  Ref.:    Comput.Phys.Commun.168(2005)46           |
#              |           [hep-ph/0311167]                         |
#              |                                                    |
#              |                     HDECAY 3.4                     |
#              |                                                    |
#              |  By: A.Djouadi,J.Kalinowski,M.Muhlleitner,M.Spira  |
#              |  Ref.:    Comput.Phys.Commun.108(1998)56           |
#              |           [hep-ph/9704448]                         |
#              |                                                    |
#              |                                                    |
#              |  If not stated otherwise all DRbar couplings and   |
#              |  soft SUSY breaking masses are given at the scale  |
#              |  Q=  0.10000821E+05
#              |                                                    |
#              ------------------------------------------------------
#
#
BLOCK DCINFO  # Decay Program information
     1   SDECAY/HDECAY # decay calculator
     2   1.5  /3.4    # version number
#
BLOCK SPINFO  # Spectrum calculator information
     1   SuSpect     # RGE +Spectrum calculator            
     2   2.43         # version number                     
#
BLOCK MODSEL  # Model selection
     1     0   # #general MSSM low scale                           
#
BLOCK SMINPUTS  # Standard Model inputs
         1     1.27934000E+02   # alpha_em^-1(M_Z)^MSbar
         2     1.16639000E-05   # G_F [GeV^-2]
         3     1.17200000E-01   # alpha_S(M_Z)^MSbar
         4     9.11870000E+01   # M_Z pole mass
         5     4.25000000E+00   # mb(mb)^MSbar
         6     1.72500000E+02   # mt pole mass
         7     1.77710000E+00   # mtau pole mass
#
BLOCK MINPAR  # Input parameters - minimal models
         1     1.00000000E+02   # 2                   
         3     1.00000000E+01   # tanbeta(mZ)         
         4     1.00000000E+00   # sign(mu)            
#
BLOCK EXTPAR  # Input parameters - non-minimal models
         0     1.00008214E+04   # EWSB                
         1     5.00000000E+02   # M_1                 
         2     1.00000000E+03   # M_2                 
         3     1.00000000E+04   # M_3                 
        11    -1.00000000E+02   # A_t                 
        12    -1.00000000E+02   # A_b                 
        13    -2.51737263E+02   # A_tau               
        14    -6.77437438E+02   # A_u                 
        15    -8.59633345E+02   # A_d                 
        16    -2.53493493E+02   # A_e                 
        23     1.80000000E+02   # mu(EWSB)            
        25     1.00000000E+01   # tanbeta(in)         
        26     1.00000000E+04   # MA_pole             
        31     1.00000000E+04   # M_eL                
        32     1.00000000E+04   # M_muL               
        33     1.00000000E+04   # M_tauL              
        34     1.00000000E+04   # M_eR                
        35     1.00000000E+04   # M_muR               
        36     1.00000000E+04   # M_tauR              
        41     1.00000000E+04   # M_q1L               
        42     1.00000000E+04   # M_q2L               
        43     1.00000000E+04   # M_q3L               
        44     1.00000000E+04   # M_uR                
        45     1.00000000E+04   # M_cR                
        46     1.00000000E+04   # M_tR                
        47     1.00000000E+04   # M_dR                
        48     1.00000000E+04   # M_sR                
        49     1.00000000E+04   # M_bR                
#
BLOCK MASS  # Mass Spectrum
# PDG code           mass       particle
        24     8.04855281E+01   # W+
        25     1.26382723E+02   # h
        35     1.00000505E+04   # H
        36     1.00000000E+04   # A
        37     1.00007703E+04   # H+
         5     4.87884274E+00   # b-quark pole mass calculated from mb(mb)_Msbar
   1000001     1.03038426E+04   # ~d_L
   2000001     1.03037179E+04   # ~d_R
   1000002     1.03035620E+04   # ~u_L
   2000002     1.03036242E+04   # ~u_R
   1000003     1.03038426E+04   # ~s_L
   2000003     1.03037179E+04   # ~s_R
   1000004     1.03035620E+04   # ~c_L
   2000004     1.03036242E+04   # ~c_R
   1000005     1.03035721E+04   # ~b_1
   2000005     1.03039888E+04   # ~b_2
   1000006     1.01867225E+04   # ~t_1
   2000006     1.03063427E+04   # ~t_2
   1000011     1.00000963E+04   # ~e_L
   2000011     1.00000965E+04   # ~e_R
   1000012     9.99980718E+03   # ~nu_eL
   1000013     1.00000963E+04   # ~mu_L
   2000013     1.00000965E+04   # ~mu_R
   1000014     9.99980718E+03   # ~nu_muL
   1000015     9.99992703E+03   # ~tau_1
   2000015     1.00002661E+04   # ~tau_2
   1000016     9.99980718E+03   # ~nu_tauL
   1000021     1.05489477E+04   # ~g
   1000022     1.79846351E+02   # ~chi_10
   1000023    -1.90531116E+02   # ~chi_20
   1000025     5.00495560E+02   # ~chi_30
   1000035     1.08248986E+03   # ~chi_40
   1000024     1.85352375E+02   # ~chi_1+
   1000037     1.08248452E+03   # ~chi_2+
#
BLOCK NMIX  # Neutralino Mixing Matrix
  1  1     1.07096228E-01   # N_11
  1  2    -6.52780903E-02   # N_12
  1  3     7.13250938E-01   # N_13
  1  4    -6.89595728E-01   # N_14
  2  1     4.11192841E-02   # N_21
  2  2    -3.85391974E-02   # N_22
  2  3    -6.98977107E-01   # N_23
  2  4    -7.12920008E-01   # N_24
  3  1     9.93381364E-01   # N_31
  3  2     1.44043711E-02   # N_32
  3  3    -4.78445676E-02   # N_33
  3  4     1.03425706E-01   # N_34
  4  1     5.75043689E-03   # N_41
  4  2    -9.97018563E-01   # N_42
  4  3    -2.03715498E-02   # N_43
  4  4     7.42018675E-02   # N_44
#
BLOCK UMIX  # Chargino Mixing Matrix U
  1  1    -2.87323788E-02   # U_11
  1  2     9.99587140E-01   # U_12
  2  1     9.99587140E-01   # U_21
  2  2     2.87323788E-02   # U_22
#
BLOCK VMIX  # Chargino Mixing Matrix V
  1  1    -1.04849083E-01   # V_11
  1  2     9.94488145E-01   # V_12
  2  1     9.94488145E-01   # V_21
  2  2     1.04849083E-01   # V_22
#
BLOCK STOPMIX  # Stop Mixing Matrix
  1  1     3.86774328E-02   # cos(theta_t)
  1  2     9.99251748E-01   # sin(theta_t)
  2  1    -9.99251748E-01   # -sin(theta_t)
  2  2     3.86774328E-02   # cos(theta_t)
#
BLOCK SBOTMIX  # Sbottom Mixing Matrix
  1  1     5.91933564E-01   # cos(theta_b)
  1  2     8.05986759E-01   # sin(theta_b)
  2  1    -8.05986759E-01   # -sin(theta_b)
  2  2     5.91933564E-01   # cos(theta_b)
#
BLOCK STAUMIX  # Stau Mixing Matrix
  1  1     7.07330162E-01   # cos(theta_tau)
  1  2     7.06883330E-01   # sin(theta_tau)
  2  1    -7.06883330E-01   # -sin(theta_tau)
  2  2     7.07330162E-01   # cos(theta_tau)
#
BLOCK ALPHA  # Higgs mixing
          -1.06002142E-01   # Mixing angle in the neutral Higgs boson sector
#
BLOCK HMIX Q=  1.00008214E+04  # DRbar Higgs Parameters
         1     1.80000000E+02   # mu(Q)               
         2     9.40070726E+00   # tanbeta(Q)          
         3     2.41501208E+02   # vev(Q)              
         4     9.93505038E+07   # MA^2(Q)             
#
BLOCK GAUGE Q=  1.00008214E+04  # The gauge couplings
     1     3.67996911E-01   # gprime(Q) DRbar
     2     6.36917531E-01   # g(Q) DRbar
     3     9.55384005E-01   # g3(Q) DRbar
#
BLOCK AU Q=  1.00008214E+04  # The trilinear couplings
  1  1    -6.77437438E+02   # A_u(Q) DRbar
  2  2    -6.77437438E+02   # A_c(Q) DRbar
  3  3    -1.00000000E+02   # A_t(Q) DRbar
#
BLOCK AD Q=  1.00008214E+04  # The trilinear couplings
  1  1    -8.59633345E+02   # A_d(Q) DRbar
  2  2    -8.59633345E+02   # A_s(Q) DRbar
  3  3    -1.00000000E+02   # A_b(Q) DRbar
#
BLOCK AE Q=  1.00008214E+04  # The trilinear couplings
  1  1    -2.53493493E+02   # A_e(Q) DRbar
  2  2    -2.53493493E+02   # A_mu(Q) DRbar
  3  3    -2.51737263E+02   # A_tau(Q) DRbar
#
BLOCK Yu Q=  1.00008214E+04  # The Yukawa couplings
  1  1     0.00000000E+00   # y_u(Q) DRbar
  2  2     0.00000000E+00   # y_c(Q) DRbar
  3  3     7.97905228E-01   # y_t(Q) DRbar
#
BLOCK Yd Q=  1.00008214E+04  # The Yukawa couplings
  1  1     0.00000000E+00   # y_d(Q) DRbar
  2  2     0.00000000E+00   # y_s(Q) DRbar
  3  3     1.26555333E-01   # y_b(Q) DRbar
#
BLOCK Ye Q=  1.00008214E+04  # The Yukawa couplings
  1  1     0.00000000E+00   # y_e(Q) DRbar
  2  2     0.00000000E+00   # y_mu(Q) DRbar
  3  3     9.65627418E-02   # y_tau(Q) DRbar
#
BLOCK MSOFT Q=  1.00008214E+04  # The soft SUSY breaking masses at the scale Q
         1     5.00000000E+02   # M_1                 
         2     1.00000000E+03   # M_2                 
         3     1.00000000E+04   # M_3                 
        14    -6.77437438E+02   # A_u                 
        15    -8.59633345E+02   # A_d                 
        16    -2.53493493E+02   # A_e                 
        21     9.86371929E+07   # M^2_Hd              
        22     3.54288886E+06   # M^2_Hu              
        31     1.00000000E+04   # M_eL                
        32     1.00000000E+04   # M_muL               
        33     1.00000000E+04   # M_tauL              
        34     1.00000000E+04   # M_eR                
        35     1.00000000E+04   # M_muR               
        36     1.00000000E+04   # M_tauR              
        41     1.00000000E+04   # M_q1L               
        42     1.00000000E+04   # M_q2L               
        43     1.00000000E+04   # M_q3L               
        44     1.00000000E+04   # M_uR                
        45     1.00000000E+04   # M_cR                
        46     1.00000000E+04   # M_tR                
        47     1.00000000E+04   # M_dR                
        48     1.00000000E+04   # M_sR                
        49     1.00000000E+04   # M_bR                
#
#
#
#                             =================
#                             |The decay table|
#                             =================
#
# - The QCD corrections to the decays gluino -> squark  + quark
#                                     squark -> gaugino + quark_prime
#                                     squark -> squark_prime + Higgs
#                                     squark -> gluino  + quark
#   are included.
#
# - The multi-body decays for the inos, stops and sbottoms are included.
#
# - The loop induced decays for the gluino, neutralinos and stops
#   are included.
#
# - The SUSY decays of the top quark are included.
#
#
#         PDG            Width
DECAY         6     1.40439128E+00   # top decays
#          BR         NDA      ID1       ID2
     1.00000000E+00    2           5        24   # BR(t ->  b    W+)
#
#         PDG            Width
DECAY   1000021     5.02505427E+00   # gluino decays
#          BR         NDA      ID1       ID2
     3.98921596E-02    2     1000001        -1   # BR(~g -> ~d_L  db)
     3.98921596E-02    2    -1000001         1   # BR(~g -> ~d_L* d )
     3.99322835E-02    2     2000001        -1   # BR(~g -> ~d_R  db)
     3.99322835E-02    2    -2000001         1   # BR(~g -> ~d_R* d )
     3.99824741E-02    2     1000002        -2   # BR(~g -> ~u_L  ub)
     3.99824741E-02    2    -1000002         2   # BR(~g -> ~u_L* u )
     3.99624457E-02    2     2000002        -2   # BR(~g -> ~u_R  ub)
     3.99624457E-02    2    -2000002         2   # BR(~g -> ~u_R* u )
     3.98921596E-02    2     1000003        -3   # BR(~g -> ~s_L  sb)
     3.98921596E-02    2    -1000003         3   # BR(~g -> ~s_L* s )
     3.99322835E-02    2     2000003        -3   # BR(~g -> ~s_R  sb)
     3.99322835E-02    2    -2000003         3   # BR(~g -> ~s_R* s )
     3.99824741E-02    2     1000004        -4   # BR(~g -> ~c_L  cb)
     3.99824741E-02    2    -1000004         4   # BR(~g -> ~c_L* c )
     3.99624457E-02    2     2000004        -4   # BR(~g -> ~c_R  cb)
     3.99624457E-02    2    -2000004         4   # BR(~g -> ~c_R* c )
     3.93037970E-02    2     1000005        -5   # BR(~g -> ~b_1  bb)
     3.93037970E-02    2    -1000005         5   # BR(~g -> ~b_1* b )
     4.05105057E-02    2     2000005        -5   # BR(~g -> ~b_2  bb)
     4.05105057E-02    2    -2000005         5   # BR(~g -> ~b_2* b )
     6.98014785E-02    2     1000006        -6   # BR(~g -> ~t_1  tb)
     6.98014785E-02    2    -1000006         6   # BR(~g -> ~t_1* t )
     3.08454932E-02    2     2000006        -6   # BR(~g -> ~t_2  tb)
     3.08454932E-02    2    -2000006         6   # BR(~g -> ~t_2* t )
#
#         PDG            Width
DECAY   1000006     2.75622993E+02   # stop1 decays
#          BR         NDA      ID1       ID2
     2.21965806E-01    2     1000022         6   # BR(~t_1 -> ~chi_10 t )
     2.34393809E-01    2     1000023         6   # BR(~t_1 -> ~chi_20 t )
     8.66554723E-02    2     1000025         6   # BR(~t_1 -> ~chi_30 t )
     1.92710083E-04    2     1000035         6   # BR(~t_1 -> ~chi_40 t )
     4.56406772E-01    2     1000024         5   # BR(~t_1 -> ~chi_1+ b )
     3.85430840E-04    2     1000037         5   # BR(~t_1 -> ~chi_2+ b )
#
#         PDG            Width
DECAY   2000006     2.50661129E+02   # stop2 decays
#          BR         NDA      ID1       ID2
     2.38111174E-01    2     1000022         6   # BR(~t_2 -> ~chi_10 t )
     2.56470805E-01    2     1000023         6   # BR(~t_2 -> ~chi_20 t )
     1.51790137E-02    2     1000025         6   # BR(~t_2 -> ~chi_30 t )
     1.61611363E-01    2     1000035         6   # BR(~t_2 -> ~chi_40 t )
     1.19131759E-02    2     1000024         5   # BR(~t_2 -> ~chi_1+ b )
     3.16715781E-01    2     1000037         5   # BR(~t_2 -> ~chi_2+ b )
    -1.31285232E-06    2     1000006        23   # BR(~t_2 -> ~t_1    Z )
#
#         PDG            Width
DECAY   1000005     1.18266326E+02   # sbottom1 decays
#          BR         NDA      ID1       ID2
     2.40516818E-02    2     1000022         5   # BR(~b_1 -> ~chi_10 b )
     9.37373594E-03    2     1000023         5   # BR(~b_1 -> ~chi_20 b )
     2.97558261E-02    2     1000025         5   # BR(~b_1 -> ~chi_30 b )
     1.46059094E-01    2     1000035         5   # BR(~b_1 -> ~chi_40 b )
     4.92510449E-01    2    -1000024         6   # BR(~b_1 -> ~chi_1- t )
     2.98257794E-01    2    -1000037         6   # BR(~b_1 -> ~chi_2- t )
    -8.58095694E-06    2     1000006       -24   # BR(~b_1 -> ~t_1    W-)
#
#         PDG            Width
DECAY   2000005     1.44573907E+02   # sbottom2 decays
#          BR         NDA      ID1       ID2
     5.40498149E-03    2     1000022         5   # BR(~b_2 -> ~chi_10 b )
     1.46586989E-02    2     1000023         5   # BR(~b_2 -> ~chi_20 b )
     2.50887160E-02    2     1000025         5   # BR(~b_2 -> ~chi_30 b )
     1.52548083E-01    2     1000035         5   # BR(~b_2 -> ~chi_40 b )
     4.90958477E-01    2    -1000024         6   # BR(~b_2 -> ~chi_1- t )
     3.11354378E-01    2    -1000037         6   # BR(~b_2 -> ~chi_2- t )
    -1.33350660E-05    2     1000006       -24   # BR(~b_2 -> ~t_1    W-)
#
#         PDG            Width
DECAY   1000002     1.19929383E+02   # sup_L decays
#          BR         NDA      ID1       ID2
     6.69527053E-04    2     1000022         2   # BR(~u_L -> ~chi_10 u)
     3.14824154E-04    2     1000023         2   # BR(~u_L -> ~chi_20 u)
     1.41615267E-02    2     1000025         2   # BR(~u_L -> ~chi_30 u)
     3.26445115E-01    2     1000035         2   # BR(~u_L -> ~chi_40 u)
     7.38296463E-03    2     1000024         1   # BR(~u_L -> ~chi_1+ d)
     6.51026043E-01    2     1000037         1   # BR(~u_L -> ~chi_2+ d)
#
#         PDG            Width
DECAY   2000002     2.38174064E+01   # sup_R decays
#          BR         NDA      ID1       ID2
     1.15097163E-02    2     1000022         2   # BR(~u_R -> ~chi_10 u)
     1.69661634E-03    2     1000023         2   # BR(~u_R -> ~chi_20 u)
     9.86761143E-01    2     1000025         2   # BR(~u_R -> ~chi_30 u)
     3.25239749E-05    2     1000035         2   # BR(~u_R -> ~chi_40 u)
#
#         PDG            Width
DECAY   1000001     1.19914075E+02   # sdown_L decays
#          BR         NDA      ID1       ID2
     2.47842687E-03    2     1000022         1   # BR(~d_L -> ~chi_10 d)
     7.24861516E-04    2     1000023         1   # BR(~d_L -> ~chi_20 d)
     1.04745443E-02    2     1000025         1   # BR(~d_L -> ~chi_30 d)
     3.27948623E-01    2     1000035         1   # BR(~d_L -> ~chi_40 d)
     5.54510967E-04    2    -1000024         2   # BR(~d_L -> ~chi_1- u)
     6.57819033E-01    2    -1000037         2   # BR(~d_L -> ~chi_2- u)
#
#         PDG            Width
DECAY   2000001     5.95439791E+00   # sdown_R decays
#          BR         NDA      ID1       ID2
     1.15097155E-02    2     1000022         1   # BR(~d_R -> ~chi_10 d)
     1.69661621E-03    2     1000023         1   # BR(~d_R -> ~chi_20 d)
     9.86761144E-01    2     1000025         1   # BR(~d_R -> ~chi_30 d)
     3.25239854E-05    2     1000035         1   # BR(~d_R -> ~chi_40 d)
#
#         PDG            Width
DECAY   1000004     1.19929383E+02   # scharm_L decays
#          BR         NDA      ID1       ID2
     6.69527053E-04    2     1000022         4   # BR(~c_L -> ~chi_10 c)
     3.14824154E-04    2     1000023         4   # BR(~c_L -> ~chi_20 c)
     1.41615267E-02    2     1000025         4   # BR(~c_L -> ~chi_30 c)
     3.26445115E-01    2     1000035         4   # BR(~c_L -> ~chi_40 c)
     7.38296463E-03    2     1000024         3   # BR(~c_L -> ~chi_1+ s)
     6.51026043E-01    2     1000037         3   # BR(~c_L -> ~chi_2+ s)
#
#         PDG            Width
DECAY   2000004     2.38174064E+01   # scharm_R decays
#          BR         NDA      ID1       ID2
     1.15097163E-02    2     1000022         4   # BR(~c_R -> ~chi_10 c)
     1.69661634E-03    2     1000023         4   # BR(~c_R -> ~chi_20 c)
     9.86761143E-01    2     1000025         4   # BR(~c_R -> ~chi_30 c)
     3.25239749E-05    2     1000035         4   # BR(~c_R -> ~chi_40 c)
#
#         PDG            Width
DECAY   1000003     1.19914075E+02   # sstrange_L decays
#          BR         NDA      ID1       ID2
     2.47842687E-03    2     1000022         3   # BR(~s_L -> ~chi_10 s)
     7.24861516E-04    2     1000023         3   # BR(~s_L -> ~chi_20 s)
     1.04745443E-02    2     1000025         3   # BR(~s_L -> ~chi_30 s)
     3.27948623E-01    2     1000035         3   # BR(~s_L -> ~chi_40 s)
     5.54510967E-04    2    -1000024         4   # BR(~s_L -> ~chi_1- c)
     6.57819033E-01    2    -1000037         4   # BR(~s_L -> ~chi_2- c)
#
#         PDG            Width
DECAY   2000003     5.95439791E+00   # sstrange_R decays
#          BR         NDA      ID1       ID2
     1.15097155E-02    2     1000022         3   # BR(~s_R -> ~chi_10 s)
     1.69661621E-03    2     1000023         3   # BR(~s_R -> ~chi_20 s)
     9.86761144E-01    2     1000025         3   # BR(~s_R -> ~chi_30 s)
     3.25239854E-05    2     1000035         3   # BR(~s_R -> ~chi_40 s)
#
#         PDG            Width
DECAY   1000011     1.31651409E+02   # selectron_L decays
#          BR         NDA      ID1       ID2
     3.54148997E-06    2     1000022        11   # BR(~e_L -> ~chi_10 e-)
     6.69206119E-05    2     1000023        11   # BR(~e_L -> ~chi_20 e-)
     1.05572407E-01    2     1000025        11   # BR(~e_L -> ~chi_30 e-)
     2.95606850E-01    2     1000035        11   # BR(~e_L -> ~chi_40 e-)
     5.05731419E-04    2    -1000024        12   # BR(~e_L -> ~chi_1- nu_e)
     5.98244550E-01    2    -1000037        12   # BR(~e_L -> ~chi_2- nu_e)
#
#         PDG            Width
DECAY   2000011     5.36165560E+01   # selectron_R decays
#          BR         NDA      ID1       ID2
     1.15191685E-02    2     1000022        11   # BR(~e_R -> ~chi_10 e-)
     1.69796794E-03    2     1000023        11   # BR(~e_R -> ~chi_20 e-)
     9.86750406E-01    2     1000025        11   # BR(~e_R -> ~chi_30 e-)
     3.24576860E-05    2     1000035        11   # BR(~e_R -> ~chi_40 e-)
#
#         PDG            Width
DECAY   1000013     1.31651409E+02   # smuon_L decays
#          BR         NDA      ID1       ID2
     3.54148997E-06    2     1000022        13   # BR(~mu_L -> ~chi_10 mu-)
     6.69206119E-05    2     1000023        13   # BR(~mu_L -> ~chi_20 mu-)
     1.05572407E-01    2     1000025        13   # BR(~mu_L -> ~chi_30 mu-)
     2.95606850E-01    2     1000035        13   # BR(~mu_L -> ~chi_40 mu-)
     5.05731419E-04    2    -1000024        14   # BR(~mu_L -> ~chi_1- nu_mu)
     5.98244550E-01    2    -1000037        14   # BR(~mu_L -> ~chi_2- nu_mu)
#
#         PDG            Width
DECAY   2000013     5.36165560E+01   # smuon_R decays
#          BR         NDA      ID1       ID2
     1.15191685E-02    2     1000022        13   # BR(~mu_R -> ~chi_10 mu-)
     1.69796794E-03    2     1000023        13   # BR(~mu_R -> ~chi_20 mu-)
     9.86750406E-01    2     1000025        13   # BR(~mu_R -> ~chi_30 mu-)
     3.24576860E-05    2     1000035        13   # BR(~mu_R -> ~chi_40 mu-)
#
#         PDG            Width
DECAY   1000015     9.54504347E+01   # stau_1 decays
#          BR         NDA      ID1       ID2
     2.13311748E-02    2     1000022        15   # BR(~tau_1 -> ~chi_10  tau-)
     6.06684827E-03    2     1000023        15   # BR(~tau_1 -> ~chi_20  tau-)
     3.47445361E-01    2     1000025        15   # BR(~tau_1 -> ~chi_30  tau-)
     2.02198080E-01    2     1000035        15   # BR(~tau_1 -> ~chi_40  tau-)
     1.37243440E-02    2    -1000024        16   # BR(~tau_1 -> ~chi_1-  nu_tau)
     4.09234192E-01    2    -1000037        16   # BR(~tau_1 -> ~chi_2-  nu_tau)
#
#         PDG            Width
DECAY   2000015     9.53787322E+01   # stau_2 decays
#          BR         NDA      ID1       ID2
     4.90859392E-03    2     1000022        15   # BR(~tau_2 -> ~chi_10  tau-)
     1.39663097E-02    2     1000023        15   # BR(~tau_2 -> ~chi_20  tau-)
     3.52799478E-01    2     1000025        15   # BR(~tau_2 -> ~chi_30  tau-)
     2.05710695E-01    2     1000035        15   # BR(~tau_2 -> ~chi_40  tau-)
     6.38307936E-03    2    -1000024        16   # BR(~tau_2 -> ~chi_1-  nu_tau)
     4.16231844E-01    2    -1000037        16   # BR(~tau_2 -> ~chi_2-  nu_tau)
#
#         PDG            Width
DECAY   1000012     1.31659683E+02   # snu_eL decays
#          BR         NDA      ID1       ID2
     4.95219363E-03    2     1000022        12   # BR(~nu_eL -> ~chi_10 nu_e)
     1.18856912E-03    2     1000023        12   # BR(~nu_eL -> ~chi_20 nu_e)
     9.54781039E-02    2     1000025        12   # BR(~nu_eL -> ~chi_30 nu_e)
     2.99545680E-01    2     1000035        12   # BR(~nu_eL -> ~chi_40 nu_e)
     6.73389243E-03    2     1000024        11   # BR(~nu_eL -> ~chi_1+ e-)
     5.92101561E-01    2     1000037        11   # BR(~nu_eL -> ~chi_2+ e-)
#
#         PDG            Width
DECAY   1000014     1.31659683E+02   # snu_muL decays
#          BR         NDA      ID1       ID2
     4.95219363E-03    2     1000022        14   # BR(~nu_muL -> ~chi_10 nu_mu)
     1.18856912E-03    2     1000023        14   # BR(~nu_muL -> ~chi_20 nu_mu)
     9.54781039E-02    2     1000025        14   # BR(~nu_muL -> ~chi_30 nu_mu)
     2.99545680E-01    2     1000035        14   # BR(~nu_muL -> ~chi_40 nu_mu)
     6.73389243E-03    2     1000024        13   # BR(~nu_muL -> ~chi_1+ mu-)
     5.92101561E-01    2     1000037        13   # BR(~nu_muL -> ~chi_2+ mu-)
#
#         PDG            Width
DECAY   1000016     1.33513365E+02   # snu_tauL decays
#          BR         NDA      ID1       ID2
     4.88343799E-03    2     1000022        16   # BR(~nu_tauL -> ~chi_10 nu_tau)
     1.17206718E-03    2     1000023        16   # BR(~nu_tauL -> ~chi_20 nu_tau)
     9.41524979E-02    2     1000025        16   # BR(~nu_tauL -> ~chi_30 nu_tau)
     2.95386825E-01    2     1000035        16   # BR(~nu_tauL -> ~chi_40 nu_tau)
     2.05129101E-02    2     1000024        15   # BR(~nu_tauL -> ~chi_1+ tau-)
     5.83892262E-01    2     1000037        15   # BR(~nu_tauL -> ~chi_2+ tau-)
#
#         PDG            Width
DECAY   1000024     5.48118884E-09   # chargino1+ decays
#           BR         NDA      ID1       ID2       ID3
     3.48520153E-01    3     1000022         2        -1   # BR(~chi_1+ -> ~chi_10 u    db)
     3.48520153E-01    3     1000022         4        -3   # BR(~chi_1+ -> ~chi_10 c    sb)
     1.16173431E-01    3     1000022       -11        12   # BR(~chi_1+ -> ~chi_10 e+   nu_e)
     1.16173431E-01    3     1000022       -13        14   # BR(~chi_1+ -> ~chi_10 mu+  nu_mu)
     7.06128311E-02    3     1000022       -15        16   # BR(~chi_1+ -> ~chi_10 tau+ nu_tau)
#
#         PDG            Width
DECAY   1000037     8.65659082E+00   # chargino2+ decays
#          BR         NDA      ID1       ID2
     2.52633258E-01    2     1000024        23   # BR(~chi_2+ -> ~chi_1+  Z )
     2.31493745E-01    2     1000022        24   # BR(~chi_2+ -> ~chi_10  W+)
     2.47589303E-01    2     1000023        24   # BR(~chi_2+ -> ~chi_20  W+)
     9.76539815E-03    2     1000025        24   # BR(~chi_2+ -> ~chi_30  W+)
     2.58518297E-01    2     1000024        25   # BR(~chi_2+ -> ~chi_1+  h )
#
#         PDG            Width
DECAY   1000022     0.00000000E+00   # neutralino1 decays
#
#         PDG            Width
DECAY   1000023     1.18989219E-07   # neutralino2 decays
#          BR         NDA      ID1       ID2
     1.43330430E-02    2     1000022        22   # BR(~chi_20 -> ~chi_10 gam)
#           BR         NDA      ID1       ID2       ID3
     1.25884253E-01    3     1000022        -2         2   # BR(~chi_20 -> ~chi_10 ub      u)
     1.63666103E-01    3     1000022        -1         1   # BR(~chi_20 -> ~chi_10 db      d)
     1.25884253E-01    3     1000022        -4         4   # BR(~chi_20 -> ~chi_10 cb      c)
     1.63666103E-01    3     1000022        -3         3   # BR(~chi_20 -> ~chi_10 sb      s)
     4.54131842E-03    3     1000022        -5         5   # BR(~chi_20 -> ~chi_10 bb      b)
     3.77820543E-02    3     1000022       -11        11   # BR(~chi_20 -> ~chi_10 e+      e-)
     3.77820543E-02    3     1000022       -13        13   # BR(~chi_20 -> ~chi_10 mu+     mu-)
     3.19559900E-02    3     1000022       -15        15   # BR(~chi_20 -> ~chi_10 tau+    tau-)
     7.55641468E-02    3     1000022       -12        12   # BR(~chi_20 -> ~chi_10 nu_eb   nu_e)
     7.55641468E-02    3     1000022       -14        14   # BR(~chi_20 -> ~chi_10 nu_mub  nu_mu)
     7.55641468E-02    3     1000022       -16        16   # BR(~chi_20 -> ~chi_10 nu_taub nu_tau)
     1.18699129E-02    3     1000024        -2         1   # BR(~chi_20 -> ~chi_1+ ub      d)
     1.18699129E-02    3    -1000024        -1         2   # BR(~chi_20 -> ~chi_1- db      u)
     1.18699129E-02    3     1000024        -4         3   # BR(~chi_20 -> ~chi_1+ cb      s)
     1.18699129E-02    3    -1000024        -3         4   # BR(~chi_20 -> ~chi_1- sb      c)
     3.95663877E-03    3     1000024       -12        11   # BR(~chi_20 -> ~chi_1+ nu_eb   e-)
     3.95663877E-03    3    -1000024        12       -11   # BR(~chi_20 -> ~chi_1- nu_e    e+)
     3.95663877E-03    3     1000024       -14        13   # BR(~chi_20 -> ~chi_1+ nu_mub  mu-)
     3.95663877E-03    3    -1000024        14       -13   # BR(~chi_20 -> ~chi_1- nu_mu   mu+)
     2.25309089E-03    3     1000024       -16        15   # BR(~chi_20 -> ~chi_1+ nu_taub tau-)
     2.25309089E-03    3    -1000024        16       -15   # BR(~chi_20 -> ~chi_1- nu_tau  tau+)
#
#         PDG            Width
DECAY   1000025     1.20236202E+00   # neutralino3 decays
#          BR         NDA      ID1       ID2
     3.34276940E-02    2     1000022        23   # BR(~chi_30 -> ~chi_10   Z )
     2.17038777E-01    2     1000023        23   # BR(~chi_30 -> ~chi_20   Z )
     2.62135520E-01    2     1000024       -24   # BR(~chi_30 -> ~chi_1+   W-)
     2.62135520E-01    2    -1000024        24   # BR(~chi_30 -> ~chi_1-   W+)
     2.00213864E-01    2     1000022        25   # BR(~chi_30 -> ~chi_10   h )
     2.50486251E-02    2     1000023        25   # BR(~chi_30 -> ~chi_20   h )
#
#         PDG            Width
DECAY   1000035     8.65545530E+00   # neutralino4 decays
#          BR         NDA      ID1       ID2
     5.89679066E-02    2     1000022        23   # BR(~chi_40 -> ~chi_10   Z )
     1.92963575E-01    2     1000023        23   # BR(~chi_40 -> ~chi_20   Z )
     1.06674723E-03    2     1000025        23   # BR(~chi_40 -> ~chi_30   Z )
     2.45048941E-01    2     1000024       -24   # BR(~chi_40 -> ~chi_1+   W-)
     2.45048941E-01    2    -1000024        24   # BR(~chi_40 -> ~chi_1-   W+)
     1.83929345E-01    2     1000022        25   # BR(~chi_40 -> ~chi_10   h )
     6.36917735E-02    2     1000023        25   # BR(~chi_40 -> ~chi_20   h )
     9.28276973E-03    2     1000025        25   # BR(~chi_40 -> ~chi_30   h )

