#
#                              ======================
#                              | THE SUSYHIT OUTPUT |
#                              ======================
#
#
#              ------------------------------------------------------
#              |     This is the output of the SUSY-HIT package     |
#              |  created by A.Djouadi, M.Muehlleitner and M.Spira. |
#              |  In case of problems with SUSY-HIT email to        |
#              |           margarete.muehlleitner@kit.edu           |
#              |           michael.spira@psi.ch                     |
#              |           abdelhak.djouadi@cern.ch                 |
#              ------------------------------------------------------
#
#              ------------------------------------------------------
#              |  SUSY Les Houches Accord - MSSM Spectrum + Decays  |
#              |              based on the decay programs           |
#              |                                                    |
#              |                     SDECAY 1.5                     |
#              |                                                    |
#              |  Authors: M.Muhlleitner, A.Djouadi and Y.Mambrini  |
#              |  Ref.:    Comput.Phys.Commun.168(2005)46           |
#              |           [hep-ph/0311167]                         |
#              |                                                    |
#              |                     HDECAY 3.4                     |
#              |                                                    |
#              |  By: A.Djouadi,J.Kalinowski,M.Muhlleitner,M.Spira  |
#              |  Ref.:    Comput.Phys.Commun.108(1998)56           |
#              |           [hep-ph/9704448]                         |
#              |                                                    |
#              |                                                    |
#              |  If not stated otherwise all DRbar couplings and   |
#              |  soft SUSY breaking masses are given at the scale  |
#              |  Q=  0.10000822E+05
#              |                                                    |
#              ------------------------------------------------------
#
#
BLOCK DCINFO  # Decay Program information
     1   SDECAY/HDECAY # decay calculator
     2   1.5  /3.4    # version number
#
BLOCK SPINFO  # Spectrum calculator information
     1   SuSpect     # RGE +Spectrum calculator            
     2   2.43         # version number                     
#
BLOCK MODSEL  # Model selection
     1     0   # #general MSSM low scale                           
#
BLOCK SMINPUTS  # Standard Model inputs
         1     1.27934000E+02   # alpha_em^-1(M_Z)^MSbar
         2     1.16639000E-05   # G_F [GeV^-2]
         3     1.17200000E-01   # alpha_S(M_Z)^MSbar
         4     9.11870000E+01   # M_Z pole mass
         5     4.25000000E+00   # mb(mb)^MSbar
         6     1.72500000E+02   # mt pole mass
         7     1.77710000E+00   # mtau pole mass
#
BLOCK MINPAR  # Input parameters - minimal models
         1     1.00000000E+02   # 2                   
         3     1.00000000E+01   # tanbeta(mZ)         
         4     1.00000000E+00   # sign(mu)            
#
BLOCK EXTPAR  # Input parameters - non-minimal models
         0     1.00008217E+04   # EWSB                
         1     3.00000000E+02   # M_1                 
         2     6.00000000E+02   # M_2                 
         3     1.00000000E+04   # M_3                 
        11    -1.00000000E+02   # A_t                 
        12    -1.00000000E+02   # A_b                 
        13    -2.51737263E+02   # A_tau               
        14    -6.77437438E+02   # A_u                 
        15    -8.59633345E+02   # A_d                 
        16    -2.53493493E+02   # A_e                 
        23     1.80000000E+02   # mu(EWSB)            
        25     1.00000000E+01   # tanbeta(in)         
        26     1.00000000E+04   # MA_pole             
        31     1.00000000E+04   # M_eL                
        32     1.00000000E+04   # M_muL               
        33     1.00000000E+04   # M_tauL              
        34     1.00000000E+04   # M_eR                
        35     1.00000000E+04   # M_muR               
        36     1.00000000E+04   # M_tauR              
        41     1.00000000E+04   # M_q1L               
        42     1.00000000E+04   # M_q2L               
        43     1.00000000E+04   # M_q3L               
        44     1.00000000E+04   # M_uR                
        45     1.00000000E+04   # M_cR                
        46     1.00000000E+04   # M_tR                
        47     1.00000000E+04   # M_dR                
        48     1.00000000E+04   # M_sR                
        49     1.00000000E+04   # M_bR                
#
BLOCK MASS  # Mass Spectrum
# PDG code           mass       particle
        24     8.04822746E+01   # W+
        25     1.26836950E+02   # h
        35     1.00000511E+04   # H
        36     1.00000000E+04   # A
        37     1.00007674E+04   # H+
         5     4.87884274E+00   # b-quark pole mass calculated from mb(mb)_Msbar
   1000001     1.03038432E+04   # ~d_L
   2000001     1.03037185E+04   # ~d_R
   1000002     1.03035627E+04   # ~u_L
   2000002     1.03036252E+04   # ~u_R
   1000003     1.03038432E+04   # ~s_L
   2000003     1.03037185E+04   # ~s_R
   1000004     1.03035627E+04   # ~c_L
   2000004     1.03036252E+04   # ~c_R
   1000005     1.03035728E+04   # ~b_1
   2000005     1.03039894E+04   # ~b_2
   1000006     1.01862060E+04   # ~t_1
   2000006     1.03060570E+04   # ~t_2
   1000011     1.00000964E+04   # ~e_L
   2000011     1.00000961E+04   # ~e_R
   1000012     9.99980744E+03   # ~nu_eL
   1000013     1.00000964E+04   # ~mu_L
   2000013     1.00000961E+04   # ~mu_R
   1000014     9.99980744E+03   # ~nu_muL
   1000015     9.99992695E+03   # ~tau_1
   2000015     1.00002659E+04   # ~tau_2
   1000016     9.99980744E+03   # ~nu_tauL
   1000021     1.05489491E+04   # ~g
   1000022     1.71011217E+02   # ~chi_10
   1000023    -1.91800748E+02   # ~chi_20
   1000025     3.07435733E+02   # ~chi_30
   1000035     6.63770125E+02   # ~chi_40
   1000024     1.82584644E+02   # ~chi_1+
   1000037     6.63742861E+02   # ~chi_2+
#
BLOCK NMIX  # Neutralino Mixing Matrix
  1  1     2.54887807E-01   # N_11
  1  2    -1.15422962E-01   # N_12
  1  3     7.03416822E-01   # N_13
  1  4    -6.53386960E-01   # N_14
  2  1     5.78224720E-02   # N_21
  2  2    -5.79823000E-02   # N_22
  2  3    -6.94470350E-01   # N_23
  2  4    -7.14846520E-01   # N_24
  3  1     9.65105707E-01   # N_31
  3  2     5.04953706E-02   # N_32
  3  3    -1.43354863E-01   # N_33
  3  4     2.13238307E-01   # N_34
  4  1     1.61165315E-02   # N_41
  4  2    -9.90336211E-01   # N_42
  4  3    -4.86321934E-02   # N_43
  4  4     1.28877294E-01   # N_44
#
BLOCK UMIX  # Chargino Mixing Matrix U
  1  1    -6.83761315E-02   # U_11
  1  2     9.97659614E-01   # U_12
  2  1     9.97659614E-01   # U_21
  2  2     6.83761315E-02   # U_22
#
BLOCK VMIX  # Chargino Mixing Matrix V
  1  1    -1.81833403E-01   # V_11
  1  2     9.83329351E-01   # V_12
  2  1     9.83329351E-01   # V_21
  2  2     1.81833403E-01   # V_22
#
BLOCK STOPMIX  # Stop Mixing Matrix
  1  1     3.84120139E-02   # cos(theta_t)
  1  2     9.99261986E-01   # sin(theta_t)
  2  1    -9.99261986E-01   # -sin(theta_t)
  2  2     3.84120139E-02   # cos(theta_t)
#
BLOCK SBOTMIX  # Sbottom Mixing Matrix
  1  1     5.91906285E-01   # cos(theta_b)
  1  2     8.06006793E-01   # sin(theta_b)
  2  1    -8.06006793E-01   # -sin(theta_b)
  2  2     5.91906285E-01   # cos(theta_b)
#
BLOCK STAUMIX  # Stau Mixing Matrix
  1  1     7.06773710E-01   # cos(theta_tau)
  1  2     7.07439696E-01   # sin(theta_tau)
  2  1    -7.07439696E-01   # -sin(theta_tau)
  2  2     7.06773710E-01   # cos(theta_tau)
#
BLOCK ALPHA  # Higgs mixing
          -1.06027761E-01   # Mixing angle in the neutral Higgs boson sector
#
BLOCK HMIX Q=  1.00008217E+04  # DRbar Higgs Parameters
         1     1.80000000E+02   # mu(Q)               
         2     9.39843906E+00   # tanbeta(Q)          
         3     2.41010679E+02   # vev(Q)              
         4     9.93029058E+07   # MA^2(Q)             
#
BLOCK GAUGE Q=  1.00008217E+04  # The gauge couplings
     1     3.67989974E-01   # gprime(Q) DRbar
     2     6.38082581E-01   # g(Q) DRbar
     3     9.55385169E-01   # g3(Q) DRbar
#
BLOCK AU Q=  1.00008217E+04  # The trilinear couplings
  1  1    -6.77437438E+02   # A_u(Q) DRbar
  2  2    -6.77437438E+02   # A_c(Q) DRbar
  3  3    -1.00000000E+02   # A_t(Q) DRbar
#
BLOCK AD Q=  1.00008217E+04  # The trilinear couplings
  1  1    -8.59633345E+02   # A_d(Q) DRbar
  2  2    -8.59633345E+02   # A_s(Q) DRbar
  3  3    -1.00000000E+02   # A_b(Q) DRbar
#
BLOCK AE Q=  1.00008217E+04  # The trilinear couplings
  1  1    -2.53493493E+02   # A_e(Q) DRbar
  2  2    -2.53493493E+02   # A_mu(Q) DRbar
  3  3    -2.51737263E+02   # A_tau(Q) DRbar
#
BLOCK Yu Q=  1.00008217E+04  # The Yukawa couplings
  1  1     0.00000000E+00   # y_u(Q) DRbar
  2  2     0.00000000E+00   # y_c(Q) DRbar
  3  3     7.99601937E-01   # y_t(Q) DRbar
#
BLOCK Yd Q=  1.00008217E+04  # The Yukawa couplings
  1  1     0.00000000E+00   # y_d(Q) DRbar
  2  2     0.00000000E+00   # y_s(Q) DRbar
  3  3     1.26786444E-01   # y_b(Q) DRbar
#
BLOCK Ye Q=  1.00008217E+04  # The Yukawa couplings
  1  1     0.00000000E+00   # y_e(Q) DRbar
  2  2     0.00000000E+00   # y_mu(Q) DRbar
  3  3     9.67280268E-02   # y_tau(Q) DRbar
#
BLOCK MSOFT Q=  1.00008217E+04  # The soft SUSY breaking masses at the scale Q
         1     3.00000000E+02   # M_1                 
         2     6.00000000E+02   # M_2                 
         3     1.00000000E+04   # M_3                 
        14    -6.77437438E+02   # A_u                 
        15    -8.59633345E+02   # A_d                 
        16    -2.53493493E+02   # A_e                 
        21     9.86390478E+07   # M^2_Hd              
        22     3.57858343E+06   # M^2_Hu              
        31     1.00000000E+04   # M_eL                
        32     1.00000000E+04   # M_muL               
        33     1.00000000E+04   # M_tauL              
        34     1.00000000E+04   # M_eR                
        35     1.00000000E+04   # M_muR               
        36     1.00000000E+04   # M_tauR              
        41     1.00000000E+04   # M_q1L               
        42     1.00000000E+04   # M_q2L               
        43     1.00000000E+04   # M_q3L               
        44     1.00000000E+04   # M_uR                
        45     1.00000000E+04   # M_cR                
        46     1.00000000E+04   # M_tR                
        47     1.00000000E+04   # M_dR                
        48     1.00000000E+04   # M_sR                
        49     1.00000000E+04   # M_bR                
#
#
#
#                             =================
#                             |The decay table|
#                             =================
#
# - The QCD corrections to the decays gluino -> squark  + quark
#                                     squark -> gaugino + quark_prime
#                                     squark -> squark_prime + Higgs
#                                     squark -> gluino  + quark
#   are included.
#
# - The multi-body decays for the inos, stops and sbottoms are included.
#
# - The loop induced decays for the gluino, neutralinos and stops
#   are included.
#
# - The SUSY decays of the top quark are included.
#
#
#         PDG            Width
DECAY         6     1.40967663E+00   # top decays
#          BR         NDA      ID1       ID2
     1.00000000E+00    2           5        24   # BR(t ->  b    W+)
#
#         PDG            Width
DECAY   1000021     5.02854239E+00   # gluino decays
#          BR         NDA      ID1       ID2
     3.98647721E-02    2     1000001        -1   # BR(~g -> ~d_L  db)
     3.98647721E-02    2    -1000001         1   # BR(~g -> ~d_L* d )
     3.99048684E-02    2     2000001        -1   # BR(~g -> ~d_R  db)
     3.99048684E-02    2    -2000001         1   # BR(~g -> ~d_R* d )
     3.99549922E-02    2     1000002        -2   # BR(~g -> ~u_L  ub)
     3.99549922E-02    2    -1000002         2   # BR(~g -> ~u_L* u )
     3.99348810E-02    2     2000002        -2   # BR(~g -> ~u_R  ub)
     3.99348810E-02    2    -2000002         2   # BR(~g -> ~u_R* u )
     3.98647721E-02    2     1000003        -3   # BR(~g -> ~s_L  sb)
     3.98647721E-02    2    -1000003         3   # BR(~g -> ~s_L* s )
     3.99048684E-02    2     2000003        -3   # BR(~g -> ~s_R  sb)
     3.99048684E-02    2    -2000003         3   # BR(~g -> ~s_R* s )
     3.99549922E-02    2     1000004        -4   # BR(~g -> ~c_L  cb)
     3.99549922E-02    2    -1000004         4   # BR(~g -> ~c_L* c )
     3.99348810E-02    2     2000004        -4   # BR(~g -> ~c_R  cb)
     3.99348810E-02    2    -2000004         4   # BR(~g -> ~c_R* c )
     3.92767651E-02    2     1000005        -5   # BR(~g -> ~b_1  bb)
     3.92767651E-02    2    -1000005         5   # BR(~g -> ~b_1* b )
     4.04827087E-02    2     2000005        -5   # BR(~g -> ~b_2  bb)
     4.04827087E-02    2    -2000005         5   # BR(~g -> ~b_2* b )
     7.00056830E-02    2     1000006        -6   # BR(~g -> ~t_1  tb)
     7.00056830E-02    2    -1000006         6   # BR(~g -> ~t_1* t )
     3.09158158E-02    2     2000006        -6   # BR(~g -> ~t_2  tb)
     3.09158158E-02    2    -2000006         6   # BR(~g -> ~t_2* t )
#
#         PDG            Width
DECAY   1000006     2.76732410E+02   # stop1 decays
#          BR         NDA      ID1       ID2
     2.07648892E-01    2     1000022         6   # BR(~t_1 -> ~chi_10 t )
     2.36662810E-01    2     1000023         6   # BR(~t_1 -> ~chi_20 t )
     9.57489692E-02    2     1000025         6   # BR(~t_1 -> ~chi_30 t )
     3.08736191E-03    2     1000035         6   # BR(~t_1 -> ~chi_40 t )
     4.50675426E-01    2     1000024         5   # BR(~t_1 -> ~chi_1+ b )
     6.17654127E-03    2     1000037         5   # BR(~t_1 -> ~chi_2+ b )
#
#         PDG            Width
DECAY   2000006     2.53243536E+02   # stop2 decays
#          BR         NDA      ID1       ID2
     2.08802820E-01    2     1000022         6   # BR(~t_2 -> ~chi_10 t )
     2.55600628E-01    2     1000023         6   # BR(~t_2 -> ~chi_20 t )
     3.69930855E-02    2     1000025         6   # BR(~t_2 -> ~chi_30 t )
     1.67951240E-01    2     1000035         6   # BR(~t_2 -> ~chi_40 t )
     1.40686782E-02    2     1000024         5   # BR(~t_2 -> ~chi_1+ b )
     3.16584838E-01    2     1000037         5   # BR(~t_2 -> ~chi_2+ b )
    -1.28920477E-06    2     1000006        23   # BR(~t_2 -> ~t_1    Z )
#
#         PDG            Width
DECAY   1000005     1.19440597E+02   # sbottom1 decays
#          BR         NDA      ID1       ID2
     3.70575499E-02    2     1000022         5   # BR(~b_1 -> ~chi_10 b )
     7.66330817E-03    2     1000023         5   # BR(~b_1 -> ~chi_20 b )
     2.21106004E-02    2     1000025         5   # BR(~b_1 -> ~chi_30 b )
     1.43055583E-01    2     1000035         5   # BR(~b_1 -> ~chi_40 b )
     4.85735937E-01    2    -1000024         6   # BR(~b_1 -> ~chi_1- t )
     3.04385597E-01    2    -1000037         6   # BR(~b_1 -> ~chi_2- t )
    -8.57605985E-06    2     1000006       -24   # BR(~b_1 -> ~t_1    W-)
#
#         PDG            Width
DECAY   2000005     1.46012537E+02   # sbottom2 decays
#          BR         NDA      ID1       ID2
     1.62590815E-03    2     1000022         5   # BR(~b_2 -> ~chi_10 b )
     1.64330867E-02    2     1000023         5   # BR(~b_2 -> ~chi_20 b )
     2.59407500E-02    2     1000025         5   # BR(~b_2 -> ~chi_30 b )
     1.54434965E-01    2     1000035         5   # BR(~b_2 -> ~chi_40 b )
     4.74152569E-01    2    -1000024         6   # BR(~b_2 -> ~chi_1- t )
     3.27426047E-01    2    -1000037         6   # BR(~b_2 -> ~chi_2- t )
    -1.33259807E-05    2     1000006       -24   # BR(~b_2 -> ~t_1    W-)
#
#         PDG            Width
DECAY   1000002     1.21948852E+02   # sup_L decays
#          BR         NDA      ID1       ID2
     1.46246996E-03    2     1000022         2   # BR(~u_L -> ~chi_10 u)
     7.27981084E-04    2     1000023         2   # BR(~u_L -> ~chi_20 u)
     1.84470564E-02    2     1000025         2   # BR(~u_L -> ~chi_30 u)
     3.20838536E-01    2     1000035         2   # BR(~u_L -> ~chi_40 u)
     2.19174583E-02    2     1000024         1   # BR(~u_L -> ~chi_1+ d)
     6.36606498E-01    2     1000037         1   # BR(~u_L -> ~chi_2+ d)
#
#         PDG            Width
DECAY   2000002     2.38789807E+01   # sup_R decays
#          BR         NDA      ID1       ID2
     6.50271758E-02    2     1000022         2   # BR(~u_R -> ~chi_10 u)
     3.34614873E-03    2     1000023         2   # BR(~u_R -> ~chi_20 u)
     9.31368482E-01    2     1000025         2   # BR(~u_R -> ~chi_30 u)
     2.58193810E-04    2     1000035         2   # BR(~u_R -> ~chi_40 u)
#
#         PDG            Width
DECAY   1000001     1.21934138E+02   # sdown_L decays
#          BR         NDA      ID1       ID2
     8.96228648E-03    2     1000022         1   # BR(~d_L -> ~chi_10 d)
     1.58264944E-03    2     1000023         1   # BR(~d_L -> ~chi_20 d)
     6.03894110E-03    2     1000025         1   # BR(~d_L -> ~chi_30 d)
     3.24925496E-01    2     1000035         1   # BR(~d_L -> ~chi_40 d)
     3.09966192E-03    2    -1000024         2   # BR(~d_L -> ~chi_1- u)
     6.55390965E-01    2    -1000037         2   # BR(~d_L -> ~chi_2- u)
#
#         PDG            Width
DECAY   2000001     5.96979108E+00   # sdown_R decays
#          BR         NDA      ID1       ID2
     6.50271744E-02    2     1000022         1   # BR(~d_R -> ~chi_10 d)
     3.34614867E-03    2     1000023         1   # BR(~d_R -> ~chi_20 d)
     9.31368483E-01    2     1000025         1   # BR(~d_R -> ~chi_30 d)
     2.58193841E-04    2     1000035         1   # BR(~d_R -> ~chi_40 d)
#
#         PDG            Width
DECAY   1000004     1.21948852E+02   # scharm_L decays
#          BR         NDA      ID1       ID2
     1.46246996E-03    2     1000022         4   # BR(~c_L -> ~chi_10 c)
     7.27981084E-04    2     1000023         4   # BR(~c_L -> ~chi_20 c)
     1.84470564E-02    2     1000025         4   # BR(~c_L -> ~chi_30 c)
     3.20838536E-01    2     1000035         4   # BR(~c_L -> ~chi_40 c)
     2.19174583E-02    2     1000024         3   # BR(~c_L -> ~chi_1+ s)
     6.36606498E-01    2     1000037         3   # BR(~c_L -> ~chi_2+ s)
#
#         PDG            Width
DECAY   2000004     2.38789807E+01   # scharm_R decays
#          BR         NDA      ID1       ID2
     6.50271758E-02    2     1000022         4   # BR(~c_R -> ~chi_10 c)
     3.34614873E-03    2     1000023         4   # BR(~c_R -> ~chi_20 c)
     9.31368482E-01    2     1000025         4   # BR(~c_R -> ~chi_30 c)
     2.58193810E-04    2     1000035         4   # BR(~c_R -> ~chi_40 c)
#
#         PDG            Width
DECAY   1000003     1.21934138E+02   # sstrange_L decays
#          BR         NDA      ID1       ID2
     8.96228648E-03    2     1000022         3   # BR(~s_L -> ~chi_10 s)
     1.58264944E-03    2     1000023         3   # BR(~s_L -> ~chi_20 s)
     6.03894110E-03    2     1000025         3   # BR(~s_L -> ~chi_30 s)
     3.24925496E-01    2     1000035         3   # BR(~s_L -> ~chi_40 s)
     3.09966192E-03    2    -1000024         4   # BR(~s_L -> ~chi_1- c)
     6.55390965E-01    2    -1000037         4   # BR(~s_L -> ~chi_2- c)
#
#         PDG            Width
DECAY   2000003     5.96979108E+00   # sstrange_R decays
#          BR         NDA      ID1       ID2
     6.50271744E-02    2     1000022         3   # BR(~s_R -> ~chi_10 s)
     3.34614867E-03    2     1000023         3   # BR(~s_R -> ~chi_20 s)
     9.31368483E-01    2     1000025         3   # BR(~s_R -> ~chi_30 s)
     2.58193841E-04    2     1000035         3   # BR(~s_R -> ~chi_40 s)
#
#         PDG            Width
DECAY   1000011     1.33891136E+02   # selectron_L decays
#          BR         NDA      ID1       ID2
     3.01376631E-04    2     1000022        11   # BR(~e_L -> ~chi_10 e-)
     1.83444699E-04    2     1000023        11   # BR(~e_L -> ~chi_20 e-)
     1.11270973E-01    2     1000025        11   # BR(~e_L -> ~chi_30 e-)
     2.88566452E-01    2     1000035        11   # BR(~e_L -> ~chi_40 e-)
     2.82654386E-03    2    -1000024        12   # BR(~e_L -> ~chi_1- nu_e)
     5.96851209E-01    2    -1000037        12   # BR(~e_L -> ~chi_2- nu_e)
#
#         PDG            Width
DECAY   2000011     5.37839542E+01   # selectron_R decays
#          BR         NDA      ID1       ID2
     6.50470537E-02    2     1000022        11   # BR(~e_R -> ~chi_10 e-)
     3.34701210E-03    2     1000023        11   # BR(~e_R -> ~chi_20 e-)
     9.31348010E-01    2     1000025        11   # BR(~e_R -> ~chi_30 e-)
     2.57923799E-04    2     1000035        11   # BR(~e_R -> ~chi_40 e-)
#
#         PDG            Width
DECAY   1000013     1.33891136E+02   # smuon_L decays
#          BR         NDA      ID1       ID2
     3.01376631E-04    2     1000022        13   # BR(~mu_L -> ~chi_10 mu-)
     1.83444699E-04    2     1000023        13   # BR(~mu_L -> ~chi_20 mu-)
     1.11270973E-01    2     1000025        13   # BR(~mu_L -> ~chi_30 mu-)
     2.88566452E-01    2     1000035        13   # BR(~mu_L -> ~chi_40 mu-)
     2.82654386E-03    2    -1000024        14   # BR(~mu_L -> ~chi_1- nu_mu)
     5.96851209E-01    2    -1000037        14   # BR(~mu_L -> ~chi_2- nu_mu)
#
#         PDG            Width
DECAY   2000013     5.37839542E+01   # smuon_R decays
#          BR         NDA      ID1       ID2
     6.50470537E-02    2     1000022        13   # BR(~mu_R -> ~chi_10 mu-)
     3.34701210E-03    2     1000023        13   # BR(~mu_R -> ~chi_20 mu-)
     9.31348010E-01    2     1000025        13   # BR(~mu_R -> ~chi_30 mu-)
     2.57923799E-04    2     1000035        13   # BR(~mu_R -> ~chi_40 mu-)
#
#         PDG            Width
DECAY   1000015     9.66006295E+01   # stau_1 decays
#          BR         NDA      ID1       ID2
     4.44429512E-02    2     1000022        15   # BR(~tau_1 -> ~chi_10  tau-)
     4.64942292E-03    2     1000023        15   # BR(~tau_1 -> ~chi_20  tau-)
     3.30439514E-01    2     1000025        15   # BR(~tau_1 -> ~chi_30  tau-)
     1.95574673E-01    2     1000035        15   # BR(~tau_1 -> ~chi_40  tau-)
     2.02139742E-02    2    -1000024        16   # BR(~tau_1 -> ~chi_1-  nu_tau)
     4.04679465E-01    2    -1000037        16   # BR(~tau_1 -> ~chi_2-  nu_tau)
#
#         PDG            Width
DECAY   2000015     9.66547234E+01   # stau_2 decays
#          BR         NDA      ID1       ID2
     1.12409574E-02    2     1000022        15   # BR(~tau_2 -> ~chi_10  tau-)
     1.60322538E-02    2     1000023        15   # BR(~tau_2 -> ~chi_20  tau-)
     3.42926894E-01    2     1000025        15   # BR(~tau_2 -> ~chi_30  tau-)
     2.04506152E-01    2     1000035        15   # BR(~tau_2 -> ~chi_40  tau-)
     2.86791360E-03    2    -1000024        16   # BR(~tau_2 -> ~chi_1-  nu_tau)
     4.22425829E-01    2    -1000037        16   # BR(~tau_2 -> ~chi_2-  nu_tau)
#
#         PDG            Width
DECAY   1000012     1.33899542E+02   # snu_eL decays
#          BR         NDA      ID1       ID2
     2.08164081E-02    2     1000022        12   # BR(~nu_eL -> ~chi_10 nu_e)
     2.52096249E-03    2     1000023        12   # BR(~nu_eL -> ~chi_20 nu_e)
     7.73224185E-02    2     1000025        12   # BR(~nu_eL -> ~chi_30 nu_e)
     2.99578204E-01    2     1000035        12   # BR(~nu_eL -> ~chi_40 nu_e)
     1.99873022E-02    2     1000024        11   # BR(~nu_eL -> ~chi_1+ e-)
     5.79774704E-01    2     1000037        11   # BR(~nu_eL -> ~chi_2+ e-)
#
#         PDG            Width
DECAY   1000014     1.33899542E+02   # snu_muL decays
#          BR         NDA      ID1       ID2
     2.08164081E-02    2     1000022        14   # BR(~nu_muL -> ~chi_10 nu_mu)
     2.52096249E-03    2     1000023        14   # BR(~nu_muL -> ~chi_20 nu_mu)
     7.73224185E-02    2     1000025        14   # BR(~nu_muL -> ~chi_30 nu_mu)
     2.99578204E-01    2     1000035        14   # BR(~nu_muL -> ~chi_40 nu_mu)
     1.99873022E-02    2     1000024        13   # BR(~nu_muL -> ~chi_1+ mu-)
     5.79774704E-01    2     1000037        13   # BR(~nu_muL -> ~chi_2+ mu-)
#
#         PDG            Width
DECAY   1000016     1.35759578E+02   # snu_tauL decays
#          BR         NDA      ID1       ID2
     2.05312034E-02    2     1000022        16   # BR(~nu_tauL -> ~chi_10 nu_tau)
     2.48642289E-03    2     1000023        16   # BR(~nu_tauL -> ~chi_20 nu_tau)
     7.62630273E-02    2     1000025        16   # BR(~nu_tauL -> ~chi_30 nu_tau)
     2.95473696E-01    2     1000035        16   # BR(~nu_tauL -> ~chi_40 nu_tau)
     3.33506277E-02    2     1000024        15   # BR(~nu_tauL -> ~chi_1+ tau-)
     5.71895022E-01    2     1000037        15   # BR(~nu_tauL -> ~chi_2+ tau-)
#
#         PDG            Width
DECAY   1000024     2.16650786E-07   # chargino1+ decays
#           BR         NDA      ID1       ID2       ID3
     3.37396421E-01    3     1000022         2        -1   # BR(~chi_1+ -> ~chi_10 u    db)
     3.37396421E-01    3     1000022         4        -3   # BR(~chi_1+ -> ~chi_10 c    sb)
     1.12465616E-01    3     1000022       -11        12   # BR(~chi_1+ -> ~chi_10 e+   nu_e)
     1.12465616E-01    3     1000022       -13        14   # BR(~chi_1+ -> ~chi_10 mu+  nu_mu)
     1.00275927E-01    3     1000022       -15        16   # BR(~chi_1+ -> ~chi_10 tau+ nu_tau)
#
#         PDG            Width
DECAY   1000037     5.24222180E+00   # chargino2+ decays
#          BR         NDA      ID1       ID2
     2.55202160E-01    2     1000024        23   # BR(~chi_2+ -> ~chi_1+  Z )
     2.07897862E-01    2     1000022        24   # BR(~chi_2+ -> ~chi_10  W+)
     2.51772424E-01    2     1000023        24   # BR(~chi_2+ -> ~chi_20  W+)
     3.80870436E-02    2     1000025        24   # BR(~chi_2+ -> ~chi_30  W+)
     2.47040511E-01    2     1000024        25   # BR(~chi_2+ -> ~chi_1+  h )
#
#         PDG            Width
DECAY   1000022     0.00000000E+00   # neutralino1 decays
#
#         PDG            Width
DECAY   1000023     3.13522044E-06   # neutralino2 decays
#          BR         NDA      ID1       ID2
     3.31535393E-03    2     1000022        22   # BR(~chi_20 -> ~chi_10 gam)
#           BR         NDA      ID1       ID2       ID3
     1.17823141E-01    3     1000022        -2         2   # BR(~chi_20 -> ~chi_10 ub      u)
     1.53146104E-01    3     1000022        -1         1   # BR(~chi_20 -> ~chi_10 db      d)
     1.17823141E-01    3     1000022        -4         4   # BR(~chi_20 -> ~chi_10 cb      c)
     1.53146104E-01    3     1000022        -3         3   # BR(~chi_20 -> ~chi_10 sb      s)
     9.22292837E-02    3     1000022        -5         5   # BR(~chi_20 -> ~chi_10 bb      b)
     3.53234519E-02    3     1000022       -11        11   # BR(~chi_20 -> ~chi_10 e+      e-)
     3.53234519E-02    3     1000022       -13        13   # BR(~chi_20 -> ~chi_10 mu+     mu-)
     3.38592550E-02    3     1000022       -15        15   # BR(~chi_20 -> ~chi_10 tau+    tau-)
     7.06470982E-02    3     1000022       -12        12   # BR(~chi_20 -> ~chi_10 nu_eb   nu_e)
     7.06470982E-02    3     1000022       -14        14   # BR(~chi_20 -> ~chi_10 nu_mub  nu_mu)
     7.06470982E-02    3     1000022       -16        16   # BR(~chi_20 -> ~chi_10 nu_taub nu_tau)
     7.82107723E-03    3     1000024        -2         1   # BR(~chi_20 -> ~chi_1+ ub      d)
     7.82107723E-03    3    -1000024        -1         2   # BR(~chi_20 -> ~chi_1- db      u)
     7.82107723E-03    3     1000024        -4         3   # BR(~chi_20 -> ~chi_1+ cb      s)
     7.82107723E-03    3    -1000024        -3         4   # BR(~chi_20 -> ~chi_1- sb      c)
     2.60702773E-03    3     1000024       -12        11   # BR(~chi_20 -> ~chi_1+ nu_eb   e-)
     2.60702773E-03    3    -1000024        12       -11   # BR(~chi_20 -> ~chi_1- nu_e    e+)
     2.60702773E-03    3     1000024       -14        13   # BR(~chi_20 -> ~chi_1+ nu_mub  mu-)
     2.60702773E-03    3    -1000024        14       -13   # BR(~chi_20 -> ~chi_1- nu_mu   mu+)
     2.17849920E-03    3     1000024       -16        15   # BR(~chi_20 -> ~chi_1+ nu_taub tau-)
     2.17849920E-03    3    -1000024        16       -15   # BR(~chi_20 -> ~chi_1- nu_tau  tau+)
#
#         PDG            Width
DECAY   1000025     2.47435493E-01   # neutralino3 decays
#          BR         NDA      ID1       ID2
     2.47745106E-02    2     1000022        23   # BR(~chi_30 -> ~chi_10   Z )
     1.34479309E-01    2     1000023        23   # BR(~chi_30 -> ~chi_20   Z )
     3.54962508E-01    2     1000024       -24   # BR(~chi_30 -> ~chi_1+   W-)
     3.54962508E-01    2    -1000024        24   # BR(~chi_30 -> ~chi_1-   W+)
     1.30821165E-01    2     1000022        25   # BR(~chi_30 -> ~chi_10   h )
#
#         PDG            Width
DECAY   1000035     5.23992285E+00   # neutralino4 decays
#          BR         NDA      ID1       ID2
     3.80006083E-02    2     1000022        23   # BR(~chi_40 -> ~chi_10   Z )
     2.12295170E-01    2     1000023        23   # BR(~chi_40 -> ~chi_20   Z )
     3.98373458E-03    2     1000025        23   # BR(~chi_40 -> ~chi_30   Z )
     2.51434428E-01    2     1000024       -24   # BR(~chi_40 -> ~chi_1+   W-)
     2.51434428E-01    2    -1000024        24   # BR(~chi_40 -> ~chi_1-   W+)
     1.67735301E-01    2     1000022        25   # BR(~chi_40 -> ~chi_10   h )
     4.10245383E-02    2     1000023        25   # BR(~chi_40 -> ~chi_20   h )
     3.40917922E-02    2     1000025        25   # BR(~chi_40 -> ~chi_30   h )

