#
#                              ======================
#                              | THE SUSYHIT OUTPUT |
#                              ======================
#
#
#              ------------------------------------------------------
#              |     This is the output of the SUSY-HIT package     |
#              |  created by A.Djouadi, M.Muehlleitner and M.Spira. |
#              |  In case of problems with SUSY-HIT email to        |
#              |           margarete.muehlleitner@kit.edu           |
#              |           michael.spira@psi.ch                     |
#              |           abdelhak.djouadi@cern.ch                 |
#              ------------------------------------------------------
#
#              ------------------------------------------------------
#              |  SUSY Les Houches Accord - MSSM Spectrum + Decays  |
#              |              based on the decay programs           |
#              |                                                    |
#              |                     SDECAY 1.5                     |
#              |                                                    |
#              |  Authors: M.Muhlleitner, A.Djouadi and Y.Mambrini  |
#              |  Ref.:    Comput.Phys.Commun.168(2005)46           |
#              |           [hep-ph/0311167]                         |
#              |                                                    |
#              |                     HDECAY 3.4                     |
#              |                                                    |
#              |  By: A.Djouadi,J.Kalinowski,M.Muhlleitner,M.Spira  |
#              |  Ref.:    Comput.Phys.Commun.108(1998)56           |
#              |           [hep-ph/9704448]                         |
#              |                                                    |
#              |                                                    |
#              |  If not stated otherwise all DRbar couplings and   |
#              |  soft SUSY breaking masses are given at the scale  |
#              |  Q=  0.10000821E+05
#              |                                                    |
#              ------------------------------------------------------
#
#
BLOCK DCINFO  # Decay Program information
     1   SDECAY/HDECAY # decay calculator
     2   1.5  /3.4    # version number
#
BLOCK SPINFO  # Spectrum calculator information
     1   SuSpect     # RGE +Spectrum calculator            
     2   2.43         # version number                     
#
BLOCK MODSEL  # Model selection
     1     0   # #general MSSM low scale                           
#
BLOCK SMINPUTS  # Standard Model inputs
         1     1.27934000E+02   # alpha_em^-1(M_Z)^MSbar
         2     1.16639000E-05   # G_F [GeV^-2]
         3     1.17200000E-01   # alpha_S(M_Z)^MSbar
         4     9.11870000E+01   # M_Z pole mass
         5     4.25000000E+00   # mb(mb)^MSbar
         6     1.72500000E+02   # mt pole mass
         7     1.77710000E+00   # mtau pole mass
#
BLOCK MINPAR  # Input parameters - minimal models
         1     1.00000000E+02   # 2                   
         3     1.00000000E+01   # tanbeta(mZ)         
         4     1.00000000E+00   # sign(mu)            
#
BLOCK EXTPAR  # Input parameters - non-minimal models
         0     1.00008211E+04   # EWSB                
         1     1.20000000E+03   # M_1                 
         2     2.40000000E+03   # M_2                 
         3     1.00000000E+04   # M_3                 
        11    -1.00000000E+02   # A_t                 
        12    -1.00000000E+02   # A_b                 
        13    -2.51737263E+02   # A_tau               
        14    -6.77437438E+02   # A_u                 
        15    -8.59633345E+02   # A_d                 
        16    -2.53493493E+02   # A_e                 
        23     1.60000000E+02   # mu(EWSB)            
        25     1.00000000E+01   # tanbeta(in)         
        26     1.00000000E+04   # MA_pole             
        31     1.00000000E+04   # M_eL                
        32     1.00000000E+04   # M_muL               
        33     1.00000000E+04   # M_tauL              
        34     1.00000000E+04   # M_eR                
        35     1.00000000E+04   # M_muR               
        36     1.00000000E+04   # M_tauR              
        41     1.00000000E+04   # M_q1L               
        42     1.00000000E+04   # M_q2L               
        43     1.00000000E+04   # M_q3L               
        44     1.00000000E+04   # M_uR                
        45     1.00000000E+04   # M_cR                
        46     1.00000000E+04   # M_tR                
        47     1.00000000E+04   # M_dR                
        48     1.00000000E+04   # M_sR                
        49     1.00000000E+04   # M_bR                
#
BLOCK MASS  # Mass Spectrum
# PDG code           mass       particle
        24     8.04928345E+01   # W+
        25     1.25595349E+02   # h
        35     1.00000499E+04   # H
        36     1.00000000E+04   # A
        37     1.00007742E+04   # H+
         5     4.87884274E+00   # b-quark pole mass calculated from mb(mb)_Msbar
   1000001     1.03038393E+04   # ~d_L
   2000001     1.03037145E+04   # ~d_R
   1000002     1.03035582E+04   # ~u_L
   2000002     1.03036201E+04   # ~u_R
   1000003     1.03038393E+04   # ~s_L
   2000003     1.03037145E+04   # ~s_R
   1000004     1.03035582E+04   # ~c_L
   2000004     1.03036201E+04   # ~c_R
   1000005     1.03035885E+04   # ~b_1
   2000005     1.03039658E+04   # ~b_2
   1000006     1.01876864E+04   # ~t_1
   2000006     1.03084649E+04   # ~t_2
   1000011     1.00000962E+04   # ~e_L
   2000011     1.00000973E+04   # ~e_R
   1000012     9.99980656E+03   # ~nu_eL
   1000013     1.00000962E+04   # ~mu_L
   2000013     1.00000973E+04   # ~mu_R
   1000014     9.99980656E+03   # ~nu_muL
   1000015     9.99994367E+03   # ~tau_1
   2000015     1.00002501E+04   # ~tau_2
   1000016     9.99980656E+03   # ~nu_tauL
   1000021     1.05489407E+04   # ~g
   1000022     1.64372436E+02   # ~chi_10
   1000023    -1.68502975E+02   # ~chi_20
   1000025     1.19287200E+03   # ~chi_30
   1000035     2.53023796E+03   # ~chi_40
   1000024     1.66398000E+02   # ~chi_1+
   1000037     2.53023758E+03   # ~chi_2+
#
BLOCK NMIX  # Neutralino Mixing Matrix
  1  1     3.35864034E-02   # N_11
  1  2    -2.51784857E-02   # N_12
  1  3     7.11075382E-01   # N_13
  1  4    -7.01861666E-01   # N_14
  2  1     2.07440419E-02   # N_21
  2  2    -1.80504619E-02   # N_22
  2  3    -7.03034759E-01   # N_23
  2  4    -7.10623665E-01   # N_24
  3  1     9.99219982E-01   # N_31
  3  2     2.25336335E-03   # N_32
  3  3    -9.30053193E-03   # N_33
  3  4     3.83125211E-02   # N_34
  4  1     1.03200936E-03   # N_41
  4  2    -9.99517457E-01   # N_42
  4  3    -5.23718389E-03   # N_43
  4  4     3.05999971E-02   # N_44
#
BLOCK UMIX  # Chargino Mixing Matrix U
  1  1    -7.40128617E-03   # U_11
  1  2     9.99972610E-01   # U_12
  2  1     9.99972610E-01   # U_21
  2  2     7.40128617E-03   # U_22
#
BLOCK VMIX  # Chargino Mixing Matrix V
  1  1    -4.32684805E-02   # V_11
  1  2     9.99063481E-01   # V_12
  2  1     9.99063481E-01   # V_21
  2  2     4.32684805E-02   # V_22
#
BLOCK STOPMIX  # Stop Mixing Matrix
  1  1     3.89667251E-02   # cos(theta_t)
  1  2     9.99240509E-01   # sin(theta_t)
  2  1    -9.99240509E-01   # -sin(theta_t)
  2  2     3.89667251E-02   # cos(theta_t)
#
BLOCK SBOTMIX  # Sbottom Mixing Matrix
  1  1     5.78435535E-01   # cos(theta_b)
  1  2     8.15728099E-01   # sin(theta_b)
  2  1    -8.15728099E-01   # -sin(theta_b)
  2  2     5.78435535E-01   # cos(theta_b)
#
BLOCK STAUMIX  # Stau Mixing Matrix
  1  1     7.08348796E-01   # cos(theta_tau)
  1  2     7.05862581E-01   # sin(theta_tau)
  2  1    -7.05862581E-01   # -sin(theta_tau)
  2  2     7.08348796E-01   # cos(theta_tau)
#
BLOCK ALPHA  # Higgs mixing
          -1.05957952E-01   # Mixing angle in the neutral Higgs boson sector
#
BLOCK HMIX Q=  1.00008211E+04  # DRbar Higgs Parameters
         1     1.60000000E+02   # mu(Q)               
         2     9.40462497E+00   # tanbeta(Q)          
         3     2.42401154E+02   # vev(Q)              
         4     9.94863234E+07   # MA^2(Q)             
#
BLOCK GAUGE Q=  1.00008211E+04  # The gauge couplings
     1     3.68029718E-01   # gprime(Q) DRbar
     2     6.35088185E-01   # g(Q) DRbar
     3     9.55378207E-01   # g3(Q) DRbar
#
BLOCK AU Q=  1.00008211E+04  # The trilinear couplings
  1  1    -6.77437438E+02   # A_u(Q) DRbar
  2  2    -6.77437438E+02   # A_c(Q) DRbar
  3  3    -1.00000000E+02   # A_t(Q) DRbar
#
BLOCK AD Q=  1.00008211E+04  # The trilinear couplings
  1  1    -8.59633345E+02   # A_d(Q) DRbar
  2  2    -8.59633345E+02   # A_s(Q) DRbar
  3  3    -1.00000000E+02   # A_b(Q) DRbar
#
BLOCK AE Q=  1.00008211E+04  # The trilinear couplings
  1  1    -2.53493493E+02   # A_e(Q) DRbar
  2  2    -2.53493493E+02   # A_mu(Q) DRbar
  3  3    -2.51737263E+02   # A_tau(Q) DRbar
#
BLOCK Yu Q=  1.00008211E+04  # The Yukawa couplings
  1  1     0.00000000E+00   # y_u(Q) DRbar
  2  2     0.00000000E+00   # y_c(Q) DRbar
  3  3     7.94955732E-01   # y_t(Q) DRbar
#
BLOCK Yd Q=  1.00008211E+04  # The Yukawa couplings
  1  1     0.00000000E+00   # y_d(Q) DRbar
  2  2     0.00000000E+00   # y_s(Q) DRbar
  3  3     1.26133654E-01   # y_b(Q) DRbar
#
BLOCK Ye Q=  1.00008211E+04  # The Yukawa couplings
  1  1     0.00000000E+00   # y_e(Q) DRbar
  2  2     0.00000000E+00   # y_mu(Q) DRbar
  3  3     9.62506766E-02   # y_tau(Q) DRbar
#
BLOCK MSOFT Q=  1.00008211E+04  # The soft SUSY breaking masses at the scale Q
         1     1.20000000E+03   # M_1                 
         2     2.40000000E+03   # M_2                 
         3     1.00000000E+04   # M_3                 
        14    -6.77437438E+02   # A_u                 
        15    -8.59633345E+02   # A_d                 
        16    -2.53493493E+02   # A_e                 
        21     9.86097976E+07   # M^2_Hd              
        22     3.40245746E+06   # M^2_Hu              
        31     1.00000000E+04   # M_eL                
        32     1.00000000E+04   # M_muL               
        33     1.00000000E+04   # M_tauL              
        34     1.00000000E+04   # M_eR                
        35     1.00000000E+04   # M_muR               
        36     1.00000000E+04   # M_tauR              
        41     1.00000000E+04   # M_q1L               
        42     1.00000000E+04   # M_q2L               
        43     1.00000000E+04   # M_q3L               
        44     1.00000000E+04   # M_uR                
        45     1.00000000E+04   # M_cR                
        46     1.00000000E+04   # M_tR                
        47     1.00000000E+04   # M_dR                
        48     1.00000000E+04   # M_sR                
        49     1.00000000E+04   # M_bR                
#
#
#
#                             =================
#                             |The decay table|
#                             =================
#
# - The QCD corrections to the decays gluino -> squark  + quark
#                                     squark -> gaugino + quark_prime
#                                     squark -> squark_prime + Higgs
#                                     squark -> gluino  + quark
#   are included.
#
# - The multi-body decays for the inos, stops and sbottoms are included.
#
# - The loop induced decays for the gluino, neutralinos and stops
#   are included.
#
# - The SUSY decays of the top quark are included.
#
#
#         PDG            Width
DECAY         6     1.39601784E+00   # top decays
#          BR         NDA      ID1       ID2
     1.00000000E+00    2           5        24   # BR(t ->  b    W+)
#
#         PDG            Width
DECAY   1000021     5.01284555E+00   # gluino decays
#          BR         NDA      ID1       ID2
     3.99879620E-02    2     1000001        -1   # BR(~g -> ~d_L  db)
     3.99879620E-02    2    -1000001         1   # BR(~g -> ~d_L* d )
     4.00282151E-02    2     2000001        -1   # BR(~g -> ~d_R  db)
     4.00282151E-02    2    -2000001         1   # BR(~g -> ~d_R* d )
     4.00786562E-02    2     1000002        -2   # BR(~g -> ~u_L  ub)
     4.00786562E-02    2    -1000002         2   # BR(~g -> ~u_L* u )
     4.00586761E-02    2     2000002        -2   # BR(~g -> ~u_R  ub)
     4.00586761E-02    2    -2000002         2   # BR(~g -> ~u_R* u )
     3.99879620E-02    2     1000003        -3   # BR(~g -> ~s_L  sb)
     3.99879620E-02    2    -1000003         3   # BR(~g -> ~s_L* s )
     4.00282151E-02    2     2000003        -3   # BR(~g -> ~s_R  sb)
     4.00282151E-02    2    -2000003         3   # BR(~g -> ~s_R* s )
     4.00786562E-02    2     1000004        -4   # BR(~g -> ~c_L  cb)
     4.00786562E-02    2    -1000004         4   # BR(~g -> ~c_L* c )
     4.00586761E-02    2     2000004        -4   # BR(~g -> ~c_R  cb)
     4.00586761E-02    2    -2000004         4   # BR(~g -> ~c_R* c )
     3.93824526E-02    2     1000005        -5   # BR(~g -> ~b_1  bb)
     3.93824526E-02    2    -1000005         5   # BR(~g -> ~b_1* b )
     4.06236004E-02    2     2000005        -5   # BR(~g -> ~b_2  bb)
     4.06236004E-02    2    -2000005         5   # BR(~g -> ~b_2* b )
     6.95491764E-02    2     1000006        -6   # BR(~g -> ~t_1  tb)
     6.95491764E-02    2    -1000006         6   # BR(~g -> ~t_1* t )
     3.01377516E-02    2     2000006        -6   # BR(~g -> ~t_2  tb)
     3.01377516E-02    2    -2000006         6   # BR(~g -> ~t_2* t )
#
#         PDG            Width
DECAY   1000006     2.73342457E+02   # stop1 decays
#          BR         NDA      ID1       ID2
     2.26879913E-01    2     1000022         6   # BR(~t_1 -> ~chi_10 t )
     2.32122706E-01    2     1000023         6   # BR(~t_1 -> ~chi_20 t )
     8.37731268E-02    2     1000025         6   # BR(~t_1 -> ~chi_30 t )
    -1.21322784E-04    2     1000035         6   # BR(~t_1 -> ~chi_40 t )
     4.57590233E-01    2     1000024         5   # BR(~t_1 -> ~chi_1+ b )
    -2.44655141E-04    2     1000037         5   # BR(~t_1 -> ~chi_2+ b )
#
#         PDG            Width
DECAY   2000006     2.37800601E+02   # stop2 decays
#          BR         NDA      ID1       ID2
     2.60670114E-01    2     1000022         6   # BR(~t_2 -> ~chi_10 t )
     2.67656368E-01    2     1000023         6   # BR(~t_2 -> ~chi_20 t )
     8.44178163E-03    2     1000025         6   # BR(~t_2 -> ~chi_30 t )
     1.50283429E-01    2     1000035         6   # BR(~t_2 -> ~chi_40 t )
     1.35272438E-02    2     1000024         5   # BR(~t_2 -> ~chi_1+ b )
     2.99422602E-01    2     1000037         5   # BR(~t_2 -> ~chi_2+ b )
    -1.53947723E-06    2     1000006        23   # BR(~t_2 -> ~t_1    Z )
#
#         PDG            Width
DECAY   1000005     1.13282323E+02   # sbottom1 decays
#          BR         NDA      ID1       ID2
     1.76389124E-02    2     1000022         5   # BR(~b_1 -> ~chi_10 b )
     1.18220903E-02    2     1000023         5   # BR(~b_1 -> ~chi_20 b )
     3.34174888E-02    2     1000025         5   # BR(~b_1 -> ~chi_30 b )
     1.40079495E-01    2     1000035         5   # BR(~b_1 -> ~chi_40 b )
     5.15816913E-01    2    -1000024         6   # BR(~b_1 -> ~chi_1- t )
     2.81233392E-01    2    -1000037         6   # BR(~b_1 -> ~chi_2- t )
    -8.29122581E-06    2     1000006       -24   # BR(~b_1 -> ~t_1    W-)
#
#         PDG            Width
DECAY   2000005     1.36506280E+02   # sbottom2 decays
#          BR         NDA      ID1       ID2
     9.28817689E-03    2     1000022         5   # BR(~b_2 -> ~chi_10 b )
     1.34027385E-02    2     1000023         5   # BR(~b_2 -> ~chi_20 b )
     2.53322188E-02    2     1000025         5   # BR(~b_2 -> ~chi_30 b )
     1.43694896E-01    2     1000035         5   # BR(~b_2 -> ~chi_40 b )
     5.19801152E-01    2    -1000024         6   # BR(~b_2 -> ~chi_1- t )
     2.88494816E-01    2    -1000037         6   # BR(~b_2 -> ~chi_2- t )
    -1.39980755E-05    2     1000006       -24   # BR(~b_2 -> ~t_1    W-)
#
#         PDG            Width
DECAY   1000002     1.07988501E+02   # sup_L decays
#          BR         NDA      ID1       ID2
     1.29544539E-04    2     1000022         2   # BR(~u_L -> ~chi_10 u)
     7.31313804E-05    2     1000023         2   # BR(~u_L -> ~chi_20 u)
     1.37933471E-02    2     1000025         2   # BR(~u_L -> ~chi_30 u)
     3.28316690E-01    2     1000035         2   # BR(~u_L -> ~chi_40 u)
     1.38846099E-03    2     1000024         1   # BR(~u_L -> ~chi_1+ d)
     6.56298826E-01    2     1000037         1   # BR(~u_L -> ~chi_2+ d)
#
#         PDG            Width
DECAY   2000002     2.33228976E+01   # sup_R decays
#          BR         NDA      ID1       ID2
     1.15628164E-03    2     1000022         2   # BR(~u_R -> ~chi_10 u)
     4.41078114E-04    2     1000023         2   # BR(~u_R -> ~chi_20 u)
     9.98401672E-01    2     1000025         2   # BR(~u_R -> ~chi_30 u)
     9.67889526E-07    2     1000035         2   # BR(~u_R -> ~chi_40 u)
#
#         PDG            Width
DECAY   1000001     1.07973322E+02   # sdown_L decays
#          BR         NDA      ID1       ID2
     3.71900672E-04    2     1000022         1   # BR(~d_L -> ~chi_10 d)
     1.80442610E-04    2     1000023         1   # BR(~d_L -> ~chi_20 d)
     1.31661737E-02    2     1000025         1   # BR(~d_L -> ~chi_30 d)
     3.28634807E-01    2     1000035         1   # BR(~d_L -> ~chi_40 d)
     4.06327178E-05    2    -1000024         2   # BR(~d_L -> ~chi_1- u)
     6.57606043E-01    2    -1000037         2   # BR(~d_L -> ~chi_2- u)
#
#         PDG            Width
DECAY   2000001     5.83077250E+00   # sdown_R decays
#          BR         NDA      ID1       ID2
     1.15628108E-03    2     1000022         1   # BR(~d_R -> ~chi_10 d)
     4.41077898E-04    2     1000023         1   # BR(~d_R -> ~chi_20 d)
     9.98401673E-01    2     1000025         1   # BR(~d_R -> ~chi_30 d)
     9.67891329E-07    2     1000035         1   # BR(~d_R -> ~chi_40 d)
#
#         PDG            Width
DECAY   1000004     1.07988501E+02   # scharm_L decays
#          BR         NDA      ID1       ID2
     1.29544539E-04    2     1000022         4   # BR(~c_L -> ~chi_10 c)
     7.31313804E-05    2     1000023         4   # BR(~c_L -> ~chi_20 c)
     1.37933471E-02    2     1000025         4   # BR(~c_L -> ~chi_30 c)
     3.28316690E-01    2     1000035         4   # BR(~c_L -> ~chi_40 c)
     1.38846099E-03    2     1000024         3   # BR(~c_L -> ~chi_1+ s)
     6.56298826E-01    2     1000037         3   # BR(~c_L -> ~chi_2+ s)
#
#         PDG            Width
DECAY   2000004     2.33228976E+01   # scharm_R decays
#          BR         NDA      ID1       ID2
     1.15628164E-03    2     1000022         4   # BR(~c_R -> ~chi_10 c)
     4.41078114E-04    2     1000023         4   # BR(~c_R -> ~chi_20 c)
     9.98401672E-01    2     1000025         4   # BR(~c_R -> ~chi_30 c)
     9.67889526E-07    2     1000035         4   # BR(~c_R -> ~chi_40 c)
#
#         PDG            Width
DECAY   1000003     1.07973322E+02   # sstrange_L decays
#          BR         NDA      ID1       ID2
     3.71900672E-04    2     1000022         3   # BR(~s_L -> ~chi_10 s)
     1.80442610E-04    2     1000023         3   # BR(~s_L -> ~chi_20 s)
     1.31661737E-02    2     1000025         3   # BR(~s_L -> ~chi_30 s)
     3.28634807E-01    2     1000035         3   # BR(~s_L -> ~chi_40 s)
     4.06327178E-05    2    -1000024         4   # BR(~s_L -> ~chi_1- c)
     6.57606043E-01    2    -1000037         4   # BR(~s_L -> ~chi_2- c)
#
#         PDG            Width
DECAY   2000003     5.83077250E+00   # sstrange_R decays
#          BR         NDA      ID1       ID2
     1.15628108E-03    2     1000022         3   # BR(~s_R -> ~chi_10 s)
     4.41077898E-04    2     1000023         3   # BR(~s_R -> ~chi_20 s)
     9.98401673E-01    2     1000025         3   # BR(~s_R -> ~chi_30 s)
     9.67891329E-07    2     1000035         3   # BR(~s_R -> ~chi_40 s)
#
#         PDG            Width
DECAY   1000011     1.18546634E+02   # selectron_L decays
#          BR         NDA      ID1       ID2
     1.10493626E-05    2     1000022        11   # BR(~e_L -> ~chi_10 e-)
     1.22966579E-05    2     1000023        11   # BR(~e_L -> ~chi_20 e-)
     1.11129310E-01    2     1000025        11   # BR(~e_L -> ~chi_30 e-)
     2.95853962E-01    2     1000035        11   # BR(~e_L -> ~chi_40 e-)
     3.70584312E-05    2    -1000024        12   # BR(~e_L -> ~chi_1- nu_e)
     5.92956323E-01    2    -1000037        12   # BR(~e_L -> ~chi_2- nu_e)
#
#         PDG            Width
DECAY   2000011     5.23722618E+01   # selectron_R decays
#          BR         NDA      ID1       ID2
     1.16016860E-03    2     1000022        11   # BR(~e_R -> ~chi_10 e-)
     4.42556705E-04    2     1000023        11   # BR(~e_R -> ~chi_20 e-)
     9.98396315E-01    2     1000025        11   # BR(~e_R -> ~chi_30 e-)
     9.60128615E-07    2     1000035        11   # BR(~e_R -> ~chi_40 e-)
#
#         PDG            Width
DECAY   1000013     1.18546634E+02   # smuon_L decays
#          BR         NDA      ID1       ID2
     1.10493626E-05    2     1000022        13   # BR(~mu_L -> ~chi_10 mu-)
     1.22966579E-05    2     1000023        13   # BR(~mu_L -> ~chi_20 mu-)
     1.11129310E-01    2     1000025        13   # BR(~mu_L -> ~chi_30 mu-)
     2.95853962E-01    2     1000035        13   # BR(~mu_L -> ~chi_40 mu-)
     3.70584312E-05    2    -1000024        14   # BR(~mu_L -> ~chi_1- nu_mu)
     5.92956323E-01    2    -1000037        14   # BR(~mu_L -> ~chi_2- nu_mu)
#
#         PDG            Width
DECAY   2000013     5.23722618E+01   # smuon_R decays
#          BR         NDA      ID1       ID2
     1.16016860E-03    2     1000022        13   # BR(~mu_R -> ~chi_10 mu-)
     4.42556705E-04    2     1000023        13   # BR(~mu_R -> ~chi_20 mu-)
     9.98396315E-01    2     1000025        13   # BR(~mu_R -> ~chi_30 mu-)
     9.60128615E-07    2     1000035        13   # BR(~mu_R -> ~chi_40 mu-)
#
#         PDG            Width
DECAY   1000015     8.83530742E+01   # stau_1 decays
#          BR         NDA      ID1       ID2
     1.39794671E-02    2     1000022        15   # BR(~tau_1 -> ~chi_10  tau-)
     8.38695991E-03    2     1000023        15   # BR(~tau_1 -> ~chi_20  tau-)
     3.69181314E-01    2     1000025        15   # BR(~tau_1 -> ~chi_30  tau-)
     1.98727350E-01    2     1000035        15   # BR(~tau_1 -> ~chi_40  tau-)
     1.14300488E-02    2    -1000024        16   # BR(~tau_1 -> ~chi_1-  nu_tau)
     3.98294860E-01    2    -1000037        16   # BR(~tau_1 -> ~chi_2-  nu_tau)
#
#         PDG            Width
DECAY   2000015     8.80919392E+01   # stau_2 decays
#          BR         NDA      ID1       ID2
     7.82977127E-03    2     1000022        15   # BR(~tau_2 -> ~chi_10  tau-)
     1.25379773E-02    2     1000023        15   # BR(~tau_2 -> ~chi_20  tau-)
     3.72840999E-01    2     1000025        15   # BR(~tau_2 -> ~chi_30  tau-)
     1.98820291E-01    2     1000035        15   # BR(~tau_2 -> ~chi_40  tau-)
     9.49530249E-03    2    -1000024        16   # BR(~tau_2 -> ~chi_1-  nu_tau)
     3.98475659E-01    2    -1000037        16   # BR(~tau_2 -> ~chi_2-  nu_tau)
#
#         PDG            Width
DECAY   1000012     1.18554302E+02   # snu_eL decays
#          BR         NDA      ID1       ID2
     6.74042532E-04    2     1000022        12   # BR(~nu_eL -> ~chi_10 nu_e)
     3.05848409E-04    2     1000023        12   # BR(~nu_eL -> ~chi_20 nu_e)
     1.09402411E-01    2     1000025        12   # BR(~nu_eL -> ~chi_30 nu_e)
     2.96532764E-01    2     1000035        12   # BR(~nu_eL -> ~chi_40 nu_e)
     1.26641265E-03    2     1000024        11   # BR(~nu_eL -> ~chi_1+ e-)
     5.91818521E-01    2     1000037        11   # BR(~nu_eL -> ~chi_2+ e-)
#
#         PDG            Width
DECAY   1000014     1.18554302E+02   # snu_muL decays
#          BR         NDA      ID1       ID2
     6.74042532E-04    2     1000022        14   # BR(~nu_muL -> ~chi_10 nu_mu)
     3.05848409E-04    2     1000023        14   # BR(~nu_muL -> ~chi_20 nu_mu)
     1.09402411E-01    2     1000025        14   # BR(~nu_muL -> ~chi_30 nu_mu)
     2.96532764E-01    2     1000035        14   # BR(~nu_muL -> ~chi_40 nu_mu)
     1.26641265E-03    2     1000024        13   # BR(~nu_muL -> ~chi_1+ mu-)
     5.91818521E-01    2     1000037        13   # BR(~nu_muL -> ~chi_2+ mu-)
#
#         PDG            Width
DECAY   1000016     1.20396290E+02   # snu_tauL decays
#          BR         NDA      ID1       ID2
     6.63730104E-04    2     1000022        16   # BR(~nu_tauL -> ~chi_10 nu_tau)
     3.01169120E-04    2     1000023        16   # BR(~nu_tauL -> ~chi_20 nu_tau)
     1.07728623E-01    2     1000025        16   # BR(~nu_tauL -> ~chi_30 nu_tau)
     2.91995999E-01    2     1000035        16   # BR(~nu_tauL -> ~chi_40 nu_tau)
     1.65455917E-02    2     1000024        15   # BR(~nu_tauL -> ~chi_1+ tau-)
     5.82764887E-01    2     1000037        15   # BR(~nu_tauL -> ~chi_2+ tau-)
#
#         PDG            Width
DECAY   1000024     3.48955355E-11   # chargino1+ decays
#           BR         NDA      ID1       ID2       ID3
     3.74829663E-01    3     1000022         2        -1   # BR(~chi_1+ -> ~chi_10 u    db)
     3.74829663E-01    3     1000022         4        -3   # BR(~chi_1+ -> ~chi_10 c    sb)
     1.24943229E-01    3     1000022       -11        12   # BR(~chi_1+ -> ~chi_10 e+   nu_e)
     1.24943229E-01    3     1000022       -13        14   # BR(~chi_1+ -> ~chi_10 mu+  nu_mu)
     4.54215334E-04    3     1000022       -15        16   # BR(~chi_1+ -> ~chi_10 tau+ nu_tau)
#
#         PDG            Width
DECAY   1000037     1.96642481E+01   # chargino2+ decays
#          BR         NDA      ID1       ID2
     2.51969357E-01    2     1000024        23   # BR(~chi_2+ -> ~chi_1+  Z )
     2.38672827E-01    2     1000022        24   # BR(~chi_2+ -> ~chi_10  W+)
     2.44550414E-01    2     1000023        24   # BR(~chi_2+ -> ~chi_20  W+)
     1.44036843E-03    2     1000025        24   # BR(~chi_2+ -> ~chi_30  W+)
     2.63367034E-01    2     1000024        25   # BR(~chi_2+ -> ~chi_1+  h )
#
#         PDG            Width
DECAY   1000022     0.00000000E+00   # neutralino1 decays
#
#         PDG            Width
DECAY   1000023     1.14976840E-09   # neutralino2 decays
#          BR         NDA      ID1       ID2
     9.62130748E-02    2     1000022        22   # BR(~chi_20 -> ~chi_10 gam)
#           BR         NDA      ID1       ID2       ID3
     1.18023589E-01    3     1000022        -2         2   # BR(~chi_20 -> ~chi_10 ub      u)
     1.53508151E-01    3     1000022        -1         1   # BR(~chi_20 -> ~chi_10 db      d)
     1.18023589E-01    3     1000022        -4         4   # BR(~chi_20 -> ~chi_10 cb      c)
     1.53508151E-01    3     1000022        -3         3   # BR(~chi_20 -> ~chi_10 sb      s)
     3.54867820E-02    3     1000022       -11        11   # BR(~chi_20 -> ~chi_10 e+      e-)
     3.54867820E-02    3     1000022       -13        13   # BR(~chi_20 -> ~chi_10 mu+     mu-)
     3.27826596E-03    3     1000022       -15        15   # BR(~chi_20 -> ~chi_10 tau+    tau-)
     7.09713832E-02    3     1000022       -12        12   # BR(~chi_20 -> ~chi_10 nu_eb   nu_e)
     7.09713832E-02    3     1000022       -14        14   # BR(~chi_20 -> ~chi_10 nu_mub  nu_mu)
     7.09713832E-02    3     1000022       -16        16   # BR(~chi_20 -> ~chi_10 nu_taub nu_tau)
     1.37781420E-02    3     1000024        -2         1   # BR(~chi_20 -> ~chi_1+ ub      d)
     1.37781420E-02    3    -1000024        -1         2   # BR(~chi_20 -> ~chi_1- db      u)
     1.37781420E-02    3     1000024        -4         3   # BR(~chi_20 -> ~chi_1+ cb      s)
     1.37781420E-02    3    -1000024        -3         4   # BR(~chi_20 -> ~chi_1- sb      c)
     4.59271426E-03    3     1000024       -12        11   # BR(~chi_20 -> ~chi_1+ nu_eb   e-)
     4.59271426E-03    3    -1000024        12       -11   # BR(~chi_20 -> ~chi_1- nu_e    e+)
     4.59271426E-03    3     1000024       -14        13   # BR(~chi_20 -> ~chi_1+ nu_mub  mu-)
     4.59271426E-03    3    -1000024        14       -13   # BR(~chi_20 -> ~chi_1- nu_mu   mu+)
     3.70197067E-05    3     1000024       -16        15   # BR(~chi_20 -> ~chi_1+ nu_taub tau-)
     3.70197067E-05    3    -1000024        16       -15   # BR(~chi_20 -> ~chi_1- nu_tau  tau+)
#
#         PDG            Width
DECAY   1000025     3.15276425E+00   # neutralino3 decays
#          BR         NDA      ID1       ID2
     6.76768763E-02    2     1000022        23   # BR(~chi_30 -> ~chi_10   Z )
     1.85219070E-01    2     1000023        23   # BR(~chi_30 -> ~chi_20   Z )
     2.45102208E-01    2     1000024       -24   # BR(~chi_30 -> ~chi_1+   W-)
     2.45102208E-01    2    -1000024        24   # BR(~chi_30 -> ~chi_1-   W+)
     1.86341845E-01    2     1000022        25   # BR(~chi_30 -> ~chi_10   h )
     7.05577922E-02    2     1000023        25   # BR(~chi_30 -> ~chi_20   h )
#
#         PDG            Width
DECAY   1000035     1.96637982E+01   # neutralino4 decays
#          BR         NDA      ID1       ID2
     8.26578355E-02    2     1000022        23   # BR(~chi_40 -> ~chi_10   Z )
     1.69279611E-01    2     1000023        23   # BR(~chi_40 -> ~chi_20   Z )
     1.58641638E-04    2     1000025        23   # BR(~chi_40 -> ~chi_30   Z )
     2.42427590E-01    2     1000024       -24   # BR(~chi_40 -> ~chi_1+   W-)
     2.42427590E-01    2    -1000024        24   # BR(~chi_40 -> ~chi_1-   W+)
     1.72855747E-01    2     1000022        25   # BR(~chi_40 -> ~chi_10   h )
     8.87915646E-02    2     1000023        25   # BR(~chi_40 -> ~chi_20   h )
     1.40141968E-03    2     1000025        25   # BR(~chi_40 -> ~chi_30   h )

