#
#                              ======================
#                              | THE SUSYHIT OUTPUT |
#                              ======================
#
#
#              ------------------------------------------------------
#              |     This is the output of the SUSY-HIT package     |
#              |  created by A.Djouadi, M.Muehlleitner and M.Spira. |
#              |  In case of problems with SUSY-HIT email to        |
#              |           margarete.muehlleitner@kit.edu           |
#              |           michael.spira@psi.ch                     |
#              |           abdelhak.djouadi@cern.ch                 |
#              ------------------------------------------------------
#
#              ------------------------------------------------------
#              |  SUSY Les Houches Accord - MSSM Spectrum + Decays  |
#              |              based on the decay programs           |
#              |                                                    |
#              |                     SDECAY 1.5                     |
#              |                                                    |
#              |  Authors: M.Muhlleitner, A.Djouadi and Y.Mambrini  |
#              |  Ref.:    Comput.Phys.Commun.168(2005)46           |
#              |           [hep-ph/0311167]                         |
#              |                                                    |
#              |                     HDECAY 3.4                     |
#              |                                                    |
#              |  By: A.Djouadi,J.Kalinowski,M.Muhlleitner,M.Spira  |
#              |  Ref.:    Comput.Phys.Commun.108(1998)56           |
#              |           [hep-ph/9704448]                         |
#              |                                                    |
#              |                                                    |
#              |  If not stated otherwise all DRbar couplings and   |
#              |  soft SUSY breaking masses are given at the scale  |
#              |  Q=  0.10000822E+05
#              |                                                    |
#              ------------------------------------------------------
#
#
BLOCK DCINFO  # Decay Program information
     1   SDECAY/HDECAY # decay calculator
     2   1.5  /3.4    # version number
#
BLOCK SPINFO  # Spectrum calculator information
     1   SuSpect     # RGE +Spectrum calculator            
     2   2.43         # version number                     
#
BLOCK MODSEL  # Model selection
     1     0   # #general MSSM low scale                           
#
BLOCK SMINPUTS  # Standard Model inputs
         1     1.27934000E+02   # alpha_em^-1(M_Z)^MSbar
         2     1.16639000E-05   # G_F [GeV^-2]
         3     1.17200000E-01   # alpha_S(M_Z)^MSbar
         4     9.11870000E+01   # M_Z pole mass
         5     4.25000000E+00   # mb(mb)^MSbar
         6     1.72500000E+02   # mt pole mass
         7     1.77710000E+00   # mtau pole mass
#
BLOCK MINPAR  # Input parameters - minimal models
         1     1.00000000E+02   # 2                   
         3     1.00000000E+01   # tanbeta(mZ)         
         4     1.00000000E+00   # sign(mu)            
#
BLOCK EXTPAR  # Input parameters - non-minimal models
         0     1.00008215E+04   # EWSB                
         1     3.00000000E+02   # M_1                 
         2     6.00000000E+02   # M_2                 
         3     1.00000000E+04   # M_3                 
        11    -1.00000000E+02   # A_t                 
        12    -1.00000000E+02   # A_b                 
        13    -2.51737263E+02   # A_tau               
        14    -6.77437438E+02   # A_u                 
        15    -8.59633345E+02   # A_d                 
        16    -2.53493493E+02   # A_e                 
        23     1.20000000E+02   # mu(EWSB)            
        25     1.00000000E+01   # tanbeta(in)         
        26     1.00000000E+04   # MA_pole             
        31     1.00000000E+04   # M_eL                
        32     1.00000000E+04   # M_muL               
        33     1.00000000E+04   # M_tauL              
        34     1.00000000E+04   # M_eR                
        35     1.00000000E+04   # M_muR               
        36     1.00000000E+04   # M_tauR              
        41     1.00000000E+04   # M_q1L               
        42     1.00000000E+04   # M_q2L               
        43     1.00000000E+04   # M_q3L               
        44     1.00000000E+04   # M_uR                
        45     1.00000000E+04   # M_cR                
        46     1.00000000E+04   # M_tR                
        47     1.00000000E+04   # M_dR                
        48     1.00000000E+04   # M_sR                
        49     1.00000000E+04   # M_bR                
#
BLOCK MASS  # Mass Spectrum
# PDG code           mass       particle
        24     8.04820777E+01   # W+
        25     1.26889644E+02   # h
        35     1.00000515E+04   # H
        36     1.00000000E+04   # A
        37     1.00007668E+04   # H+
         5     4.87884274E+00   # b-quark pole mass calculated from mb(mb)_Msbar
   1000001     1.03038438E+04   # ~d_L
   2000001     1.03037190E+04   # ~d_R
   1000002     1.03035630E+04   # ~u_L
   2000002     1.03036257E+04   # ~u_R
   1000003     1.03038438E+04   # ~s_L
   2000003     1.03037190E+04   # ~s_R
   1000004     1.03035630E+04   # ~c_L
   2000004     1.03036257E+04   # ~c_R
   1000005     1.03036318E+04   # ~b_1
   2000005     1.03039315E+04   # ~b_2
   1000006     1.01861527E+04   # ~t_1
   2000006     1.03061077E+04   # ~t_2
   1000011     1.00000966E+04   # ~e_L
   2000011     1.00000961E+04   # ~e_R
   1000012     9.99980728E+03   # ~nu_eL
   1000013     1.00000966E+04   # ~mu_L
   2000013     1.00000961E+04   # ~mu_R
   1000014     9.99980728E+03   # ~nu_muL
   1000015     9.99997622E+03   # ~tau_1
   2000015     1.00002168E+04   # ~tau_2
   1000016     9.99980728E+03   # ~nu_tauL
   1000021     1.05489502E+04   # ~g
   1000022     1.12647599E+02   # ~chi_10
   1000023    -1.30201711E+02   # ~chi_20
   1000025     3.05038216E+02   # ~chi_30
   1000035     6.63544691E+02   # ~chi_40
   1000024     1.21558517E+02   # ~chi_1+
   1000037     6.63522935E+02   # ~chi_2+
#
BLOCK NMIX  # Neutralino Mixing Matrix
  1  1     1.76469987E-01   # N_11
  1  2    -1.04401425E-01   # N_12
  1  3     7.21062084E-01   # N_13
  1  4    -6.61836957E-01   # N_14
  2  1     6.68175802E-02   # N_21
  2  2    -6.31938871E-02   # N_22
  2  3    -6.87059603E-01   # N_23
  2  4    -7.20757272E-01   # N_24
  3  1     9.81918840E-01   # N_31
  3  2     3.83528599E-02   # N_32
  3  3    -8.22916038E-02   # N_33
  3  4     1.66110029E-01   # N_34
  4  1     1.51375821E-02   # N_41
  4  2    -9.91784217E-01   # N_42
  4  3    -3.53081442E-02   # N_43
  4  4     1.22017438E-01   # N_44
#
BLOCK UMIX  # Chargino Mixing Matrix U
  1  1    -4.96025627E-02   # U_11
  1  2     9.98769035E-01   # U_12
  2  1     9.98769035E-01   # U_21
  2  2     4.96025627E-02   # U_22
#
BLOCK VMIX  # Chargino Mixing Matrix V
  1  1    -1.72218239E-01   # V_11
  1  2     9.85058820E-01   # V_12
  2  1     9.85058820E-01   # V_21
  2  2     1.72218239E-01   # V_22
#
BLOCK STOPMIX  # Stop Mixing Matrix
  1  1     3.81070288E-02   # cos(theta_t)
  1  2     9.99273663E-01   # sin(theta_t)
  2  1    -9.99273663E-01   # -sin(theta_t)
  2  2     3.81070288E-02   # cos(theta_t)
#
BLOCK SBOTMIX  # Sbottom Mixing Matrix
  1  1     5.40116154E-01   # cos(theta_b)
  1  2     8.41590482E-01   # sin(theta_b)
  2  1    -8.41590482E-01   # -sin(theta_b)
  2  2     5.40116154E-01   # cos(theta_b)
#
BLOCK STAUMIX  # Stau Mixing Matrix
  1  1     7.06380577E-01   # cos(theta_tau)
  1  2     7.07832240E-01   # sin(theta_tau)
  2  1    -7.07832240E-01   # -sin(theta_tau)
  2  2     7.06380577E-01   # cos(theta_tau)
#
BLOCK ALPHA  # Higgs mixing
          -1.06030618E-01   # Mixing angle in the neutral Higgs boson sector
#
BLOCK HMIX Q=  1.00008215E+04  # DRbar Higgs Parameters
         1     1.20000000E+02   # mu(Q)               
         2     9.39818005E+00   # tanbeta(Q)          
         3     2.40947097E+02   # vev(Q)              
         4     9.92841390E+07   # MA^2(Q)             
#
BLOCK GAUGE Q=  1.00008215E+04  # The gauge couplings
     1     3.68064629E-01   # gprime(Q) DRbar
     2     6.38597702E-01   # g(Q) DRbar
     3     9.55385957E-01   # g3(Q) DRbar
#
BLOCK AU Q=  1.00008215E+04  # The trilinear couplings
  1  1    -6.77437438E+02   # A_u(Q) DRbar
  2  2    -6.77437438E+02   # A_c(Q) DRbar
  3  3    -1.00000000E+02   # A_t(Q) DRbar
#
BLOCK AD Q=  1.00008215E+04  # The trilinear couplings
  1  1    -8.59633345E+02   # A_d(Q) DRbar
  2  2    -8.59633345E+02   # A_s(Q) DRbar
  3  3    -1.00000000E+02   # A_b(Q) DRbar
#
BLOCK AE Q=  1.00008215E+04  # The trilinear couplings
  1  1    -2.53493493E+02   # A_e(Q) DRbar
  2  2    -2.53493493E+02   # A_mu(Q) DRbar
  3  3    -2.51737263E+02   # A_tau(Q) DRbar
#
BLOCK Yu Q=  1.00008215E+04  # The Yukawa couplings
  1  1     0.00000000E+00   # y_u(Q) DRbar
  2  2     0.00000000E+00   # y_c(Q) DRbar
  3  3     7.99782744E-01   # y_t(Q) DRbar
#
BLOCK Yd Q=  1.00008215E+04  # The Yukawa couplings
  1  1     0.00000000E+00   # y_d(Q) DRbar
  2  2     0.00000000E+00   # y_s(Q) DRbar
  3  3     1.26849559E-01   # y_b(Q) DRbar
#
BLOCK Ye Q=  1.00008215E+04  # The Yukawa couplings
  1  1     0.00000000E+00   # y_e(Q) DRbar
  2  2     0.00000000E+00   # y_mu(Q) DRbar
  3  3     9.67382864E-02   # y_tau(Q) DRbar
#
BLOCK MSOFT Q=  1.00008215E+04  # The soft SUSY breaking masses at the scale Q
         1     3.00000000E+02   # M_1                 
         2     6.00000000E+02   # M_2                 
         3     1.00000000E+04   # M_3                 
        14    -6.77437438E+02   # A_u                 
        15    -8.59633345E+02   # A_d                 
        16    -2.53493493E+02   # A_e                 
        21     9.86558842E+07   # M^2_Hd              
        22     3.59864746E+06   # M^2_Hu              
        31     1.00000000E+04   # M_eL                
        32     1.00000000E+04   # M_muL               
        33     1.00000000E+04   # M_tauL              
        34     1.00000000E+04   # M_eR                
        35     1.00000000E+04   # M_muR               
        36     1.00000000E+04   # M_tauR              
        41     1.00000000E+04   # M_q1L               
        42     1.00000000E+04   # M_q2L               
        43     1.00000000E+04   # M_q3L               
        44     1.00000000E+04   # M_uR                
        45     1.00000000E+04   # M_cR                
        46     1.00000000E+04   # M_tR                
        47     1.00000000E+04   # M_dR                
        48     1.00000000E+04   # M_sR                
        49     1.00000000E+04   # M_bR                
#
#
#
#                             =================
#                             |The decay table|
#                             =================
#
# - The QCD corrections to the decays gluino -> squark  + quark
#                                     squark -> gaugino + quark_prime
#                                     squark -> squark_prime + Higgs
#                                     squark -> gluino  + quark
#   are included.
#
# - The multi-body decays for the inos, stops and sbottoms are included.
#
# - The loop induced decays for the gluino, neutralinos and stops
#   are included.
#
# - The SUSY decays of the top quark are included.
#
#
#         PDG            Width
DECAY         6     1.41196226E+00   # top decays
#          BR         NDA      ID1       ID2
     1.00000000E+00    2           5        24   # BR(t ->  b    W+)
#
#         PDG            Width
DECAY   1000021     5.02873622E+00   # gluino decays
#          BR         NDA      ID1       ID2
     3.98634558E-02    2     1000001        -1   # BR(~g -> ~d_L  db)
     3.98634558E-02    2    -1000001         1   # BR(~g -> ~d_L* d )
     3.99035828E-02    2     2000001        -1   # BR(~g -> ~d_R  db)
     3.99035828E-02    2    -2000001         1   # BR(~g -> ~d_R* d )
     3.99537692E-02    2     1000002        -2   # BR(~g -> ~u_L  ub)
     3.99537692E-02    2    -1000002         2   # BR(~g -> ~u_L* u )
     3.99335944E-02    2     2000002        -2   # BR(~g -> ~u_R  ub)
     3.99335944E-02    2    -2000002         2   # BR(~g -> ~u_R* u )
     3.98634558E-02    2     1000003        -3   # BR(~g -> ~s_L  sb)
     3.98634558E-02    2    -1000003         3   # BR(~g -> ~s_L* s )
     3.99035828E-02    2     2000003        -3   # BR(~g -> ~s_R  sb)
     3.99035828E-02    2    -2000003         3   # BR(~g -> ~s_R* s )
     3.99537692E-02    2     1000004        -4   # BR(~g -> ~c_L  cb)
     3.99537692E-02    2    -1000004         4   # BR(~g -> ~c_L* c )
     3.99335944E-02    2     2000004        -4   # BR(~g -> ~c_R  cb)
     3.99335944E-02    2    -2000004         4   # BR(~g -> ~c_R* c )
     3.92074490E-02    2     1000005        -5   # BR(~g -> ~b_1  bb)
     3.92074490E-02    2    -1000005         5   # BR(~g -> ~b_1* b )
     4.05496238E-02    2     2000005        -5   # BR(~g -> ~b_2  bb)
     4.05496238E-02    2    -2000005         5   # BR(~g -> ~b_2* b )
     7.00506513E-02    2     1000006        -6   # BR(~g -> ~t_1  tb)
     7.00506513E-02    2    -1000006         6   # BR(~g -> ~t_1* t )
     3.08834716E-02    2     2000006        -6   # BR(~g -> ~t_2  tb)
     3.08834716E-02    2    -2000006         6   # BR(~g -> ~t_2* t )
#
#         PDG            Width
DECAY   1000006     2.76951922E+02   # stop1 decays
#          BR         NDA      ID1       ID2
     2.08446350E-01    2     1000022         6   # BR(~t_1 -> ~chi_10 t )
     2.40950565E-01    2     1000023         6   # BR(~t_1 -> ~chi_20 t )
     9.11446523E-02    2     1000025         6   # BR(~t_1 -> ~chi_30 t )
     2.58410791E-03    2     1000035         6   # BR(~t_1 -> ~chi_40 t )
     4.51697051E-01    2     1000024         5   # BR(~t_1 -> ~chi_1+ b )
     5.17727391E-03    2     1000037         5   # BR(~t_1 -> ~chi_2+ b )
#
#         PDG            Width
DECAY   2000006     2.53546743E+02   # stop2 decays
#          BR         NDA      ID1       ID2
     2.15987581E-01    2     1000022         6   # BR(~t_2 -> ~chi_10 t )
     2.59507135E-01    2     1000023         6   # BR(~t_2 -> ~chi_20 t )
     2.63912450E-02    2     1000025         6   # BR(~t_2 -> ~chi_30 t )
     1.67338188E-01    2     1000035         6   # BR(~t_2 -> ~chi_40 t )
     1.36264194E-02    2     1000024         5   # BR(~t_2 -> ~chi_1+ b )
     3.17150701E-01    2     1000037         5   # BR(~t_2 -> ~chi_2+ b )
    -1.27014945E-06    2     1000006        23   # BR(~t_2 -> ~t_1    Z )
#
#         PDG            Width
DECAY   1000005     1.24665222E+02   # sbottom1 decays
#          BR         NDA      ID1       ID2
     3.16786428E-02    2     1000022         5   # BR(~b_1 -> ~chi_10 b )
     6.34367866E-03    2     1000023         5   # BR(~b_1 -> ~chi_20 b )
     2.39818162E-02    2     1000025         5   # BR(~b_1 -> ~chi_30 b )
     1.45488382E-01    2     1000035         5   # BR(~b_1 -> ~chi_40 b )
     4.84896478E-01    2    -1000024         6   # BR(~b_1 -> ~chi_1- t )
     3.07617743E-01    2    -1000037         6   # BR(~b_1 -> ~chi_2- t )
    -6.74112544E-06    2     1000006       -24   # BR(~b_1 -> ~t_1    W-)
#
#         PDG            Width
DECAY   2000005     1.41102207E+02   # sbottom2 decays
#          BR         NDA      ID1       ID2
     2.55343028E-03    2     1000022         5   # BR(~b_2 -> ~chi_10 b )
     1.77891098E-02    2     1000023         5   # BR(~b_2 -> ~chi_20 b )
     2.64034104E-02    2     1000025         5   # BR(~b_2 -> ~chi_30 b )
     1.53478338E-01    2     1000035         5   # BR(~b_2 -> ~chi_40 b )
     4.76042761E-01    2    -1000024         6   # BR(~b_2 -> ~chi_1- t )
     3.23747675E-01    2    -1000037         6   # BR(~b_2 -> ~chi_2- t )
    -1.47242149E-05    2     1000006       -24   # BR(~b_2 -> ~t_1    W-)
#
#         PDG            Width
DECAY   1000002     1.22142696E+02   # sup_L decays
#          BR         NDA      ID1       ID2
     1.64773219E-03    2     1000022         2   # BR(~u_L -> ~chi_10 u)
     8.40681813E-04    2     1000023         2   # BR(~u_L -> ~chi_20 u)
     1.70642151E-02    2     1000025         2   # BR(~u_L -> ~chi_30 u)
     3.21913998E-01    2     1000035         2   # BR(~u_L -> ~chi_40 u)
     1.96659188E-02    2     1000024         1   # BR(~u_L -> ~chi_1+ d)
     6.38867454E-01    2     1000037         1   # BR(~u_L -> ~chi_2+ d)
#
#         PDG            Width
DECAY   2000002     2.38886224E+01   # sup_R decays
#          BR         NDA      ID1       ID2
     3.11764718E-02    2     1000022         2   # BR(~u_R -> ~chi_10 u)
     4.46937019E-03    2     1000023         2   # BR(~u_R -> ~chi_20 u)
     9.64126376E-01    2     1000025         2   # BR(~u_R -> ~chi_30 u)
     2.27781715E-04    2     1000035         2   # BR(~u_R -> ~chi_40 u)
#
#         PDG            Width
DECAY   1000001     1.22128100E+02   # sdown_L decays
#          BR         NDA      ID1       ID2
     6.34269423E-03    2     1000022         1   # BR(~d_L -> ~chi_10 d)
     1.91671794E-03    2     1000023         1   # BR(~d_L -> ~chi_20 d)
     7.48138800E-03    2     1000025         1   # BR(~d_L -> ~chi_30 d)
     3.25758675E-01    2     1000035         1   # BR(~d_L -> ~chi_40 d)
     1.63164661E-03    2    -1000024         2   # BR(~d_L -> ~chi_1- u)
     6.56868878E-01    2    -1000037         2   # BR(~d_L -> ~chi_2- u)
#
#         PDG            Width
DECAY   2000001     5.97220152E+00   # sdown_R decays
#          BR         NDA      ID1       ID2
     3.11764710E-02    2     1000022         1   # BR(~d_R -> ~chi_10 d)
     4.46937008E-03    2     1000023         1   # BR(~d_R -> ~chi_20 d)
     9.64126377E-01    2     1000025         1   # BR(~d_R -> ~chi_30 d)
     2.27781742E-04    2     1000035         1   # BR(~d_R -> ~chi_40 d)
#
#         PDG            Width
DECAY   1000004     1.22142696E+02   # scharm_L decays
#          BR         NDA      ID1       ID2
     1.64773219E-03    2     1000022         4   # BR(~c_L -> ~chi_10 c)
     8.40681813E-04    2     1000023         4   # BR(~c_L -> ~chi_20 c)
     1.70642151E-02    2     1000025         4   # BR(~c_L -> ~chi_30 c)
     3.21913998E-01    2     1000035         4   # BR(~c_L -> ~chi_40 c)
     1.96659188E-02    2     1000024         3   # BR(~c_L -> ~chi_1+ s)
     6.38867454E-01    2     1000037         3   # BR(~c_L -> ~chi_2+ s)
#
#         PDG            Width
DECAY   2000004     2.38886224E+01   # scharm_R decays
#          BR         NDA      ID1       ID2
     3.11764718E-02    2     1000022         4   # BR(~c_R -> ~chi_10 c)
     4.46937019E-03    2     1000023         4   # BR(~c_R -> ~chi_20 c)
     9.64126376E-01    2     1000025         4   # BR(~c_R -> ~chi_30 c)
     2.27781715E-04    2     1000035         4   # BR(~c_R -> ~chi_40 c)
#
#         PDG            Width
DECAY   1000003     1.22128100E+02   # sstrange_L decays
#          BR         NDA      ID1       ID2
     6.34269423E-03    2     1000022         3   # BR(~s_L -> ~chi_10 s)
     1.91671794E-03    2     1000023         3   # BR(~s_L -> ~chi_20 s)
     7.48138800E-03    2     1000025         3   # BR(~s_L -> ~chi_30 s)
     3.25758675E-01    2     1000035         3   # BR(~s_L -> ~chi_40 s)
     1.63164661E-03    2    -1000024         4   # BR(~s_L -> ~chi_1- c)
     6.56868878E-01    2    -1000037         4   # BR(~s_L -> ~chi_2- c)
#
#         PDG            Width
DECAY   2000003     5.97220152E+00   # sstrange_R decays
#          BR         NDA      ID1       ID2
     3.11764710E-02    2     1000022         3   # BR(~s_R -> ~chi_10 s)
     4.46937008E-03    2     1000023         3   # BR(~s_R -> ~chi_20 s)
     9.64126377E-01    2     1000025         3   # BR(~s_R -> ~chi_30 s)
     2.27781742E-04    2     1000035         3   # BR(~s_R -> ~chi_40 s)
#
#         PDG            Width
DECAY   1000011     1.34089745E+02   # selectron_L decays
#          BR         NDA      ID1       ID2
     2.18937727E-06    2     1000022        11   # BR(~e_L -> ~chi_10 e-)
     1.84246725E-04    2     1000023        11   # BR(~e_L -> ~chi_20 e-)
     1.10269007E-01    2     1000025        11   # BR(~e_L -> ~chi_30 e-)
     2.89794650E-01    2     1000035        11   # BR(~e_L -> ~chi_40 e-)
     1.48824131E-03    2    -1000024        12   # BR(~e_L -> ~chi_1- nu_e)
     5.98261665E-01    2    -1000037        12   # BR(~e_L -> ~chi_2- nu_e)
#
#         PDG            Width
DECAY   2000011     5.38056574E+01   # selectron_R decays
#          BR         NDA      ID1       ID2
     3.11900465E-02    2     1000022        11   # BR(~e_R -> ~chi_10 e-)
     4.47114516E-03    2     1000023        11   # BR(~e_R -> ~chi_20 e-)
     9.64111265E-01    2     1000025        11   # BR(~e_R -> ~chi_30 e-)
     2.27543728E-04    2     1000035        11   # BR(~e_R -> ~chi_40 e-)
#
#         PDG            Width
DECAY   1000013     1.34089745E+02   # smuon_L decays
#          BR         NDA      ID1       ID2
     2.18937727E-06    2     1000022        13   # BR(~mu_L -> ~chi_10 mu-)
     1.84246725E-04    2     1000023        13   # BR(~mu_L -> ~chi_20 mu-)
     1.10269007E-01    2     1000025        13   # BR(~mu_L -> ~chi_30 mu-)
     2.89794650E-01    2     1000035        13   # BR(~mu_L -> ~chi_40 mu-)
     1.48824131E-03    2    -1000024        14   # BR(~mu_L -> ~chi_1- nu_mu)
     5.98261665E-01    2    -1000037        14   # BR(~mu_L -> ~chi_2- nu_mu)
#
#         PDG            Width
DECAY   2000013     5.38056574E+01   # smuon_R decays
#          BR         NDA      ID1       ID2
     3.11900465E-02    2     1000022        13   # BR(~mu_R -> ~chi_10 mu-)
     4.47114516E-03    2     1000023        13   # BR(~mu_R -> ~chi_20 mu-)
     9.64111265E-01    2     1000025        13   # BR(~mu_R -> ~chi_30 mu-)
     2.27543728E-04    2     1000035        13   # BR(~mu_R -> ~chi_40 mu-)
#
#         PDG            Width
DECAY   1000015     9.66665621E+01   # stau_1 decays
#          BR         NDA      ID1       ID2
     3.20682817E-02    2     1000022        15   # BR(~tau_1 -> ~chi_10  tau-)
     4.18300338E-03    2     1000023        15   # BR(~tau_1 -> ~chi_20  tau-)
     3.41423601E-01    2     1000025        15   # BR(~tau_1 -> ~chi_30  tau-)
     1.97516537E-01    2     1000035        15   # BR(~tau_1 -> ~chi_40  tau-)
     1.69498806E-02    2    -1000024        16   # BR(~tau_1 -> ~chi_1-  nu_tau)
     4.07858696E-01    2    -1000037        16   # BR(~tau_1 -> ~chi_2-  nu_tau)
#
#         PDG            Width
DECAY   2000015     9.68124544E+01   # stau_2 decays
#          BR         NDA      ID1       ID2
     5.30960473E-03    2     1000022        15   # BR(~tau_2 -> ~chi_10  tau-)
     1.67133034E-02    2     1000023        15   # BR(~tau_2 -> ~chi_20  tau-)
     3.47904832E-01    2     1000025        15   # BR(~tau_2 -> ~chi_30  tau-)
     2.04334357E-01    2     1000035        15   # BR(~tau_2 -> ~chi_40  tau-)
     4.31472110E-03    2    -1000024        16   # BR(~tau_2 -> ~chi_1-  nu_tau)
     4.21423182E-01    2    -1000037        16   # BR(~tau_2 -> ~chi_2-  nu_tau)
#
#         PDG            Width
DECAY   1000012     1.34098182E+02   # snu_eL decays
#          BR         NDA      ID1       ID2
     1.28475813E-02    2     1000022        12   # BR(~nu_eL -> ~chi_10 nu_e)
     3.12796583E-03    2     1000023        12   # BR(~nu_eL -> ~chi_20 nu_e)
     8.40441580E-02    2     1000025        12   # BR(~nu_eL -> ~chi_30 nu_e)
     3.00146063E-01    2     1000035        12   # BR(~nu_eL -> ~chi_40 nu_e)
     1.79383922E-02    2     1000024        11   # BR(~nu_eL -> ~chi_1+ e-)
     5.81895839E-01    2     1000037        11   # BR(~nu_eL -> ~chi_2+ e-)
#
#         PDG            Width
DECAY   1000014     1.34098182E+02   # snu_muL decays
#          BR         NDA      ID1       ID2
     1.28475813E-02    2     1000022        14   # BR(~nu_muL -> ~chi_10 nu_mu)
     3.12796583E-03    2     1000023        14   # BR(~nu_muL -> ~chi_20 nu_mu)
     8.40441580E-02    2     1000025        14   # BR(~nu_muL -> ~chi_30 nu_mu)
     3.00146063E-01    2     1000035        14   # BR(~nu_muL -> ~chi_40 nu_mu)
     1.79383922E-02    2     1000024        13   # BR(~nu_muL -> ~chi_1+ mu-)
     5.81895839E-01    2     1000037        13   # BR(~nu_muL -> ~chi_2+ mu-)
#
#         PDG            Width
DECAY   1000016     1.35959335E+02   # snu_tauL decays
#          BR         NDA      ID1       ID2
     1.26717101E-02    2     1000022        16   # BR(~nu_tauL -> ~chi_10 nu_tau)
     3.08514696E-03    2     1000023        16   # BR(~nu_tauL -> ~chi_20 nu_tau)
     8.28936737E-02    2     1000025        16   # BR(~nu_tauL -> ~chi_30 nu_tau)
     2.96037350E-01    2     1000035        16   # BR(~nu_tauL -> ~chi_40 nu_tau)
     3.13483125E-02    2     1000024        15   # BR(~nu_tauL -> ~chi_1+ tau-)
     5.73963807E-01    2     1000037        15   # BR(~nu_tauL -> ~chi_2+ tau-)
#
#         PDG            Width
DECAY   1000024     5.89271001E-08   # chargino1+ decays
#           BR         NDA      ID1       ID2       ID3
     3.39931172E-01    3     1000022         2        -1   # BR(~chi_1+ -> ~chi_10 u    db)
     3.39931172E-01    3     1000022         4        -3   # BR(~chi_1+ -> ~chi_10 c    sb)
     1.13310497E-01    3     1000022       -11        12   # BR(~chi_1+ -> ~chi_10 e+   nu_e)
     1.13310497E-01    3     1000022       -13        14   # BR(~chi_1+ -> ~chi_10 mu+  nu_mu)
     9.35166632E-02    3     1000022       -15        16   # BR(~chi_1+ -> ~chi_10 tau+ nu_tau)
#
#         PDG            Width
DECAY   1000037     5.18595297E+00   # chargino2+ decays
#          BR         NDA      ID1       ID2
     2.54701949E-01    2     1000024        23   # BR(~chi_2+ -> ~chi_1+  Z )
     2.15638886E-01    2     1000022        24   # BR(~chi_2+ -> ~chi_10  W+)
     2.56169711E-01    2     1000023        24   # BR(~chi_2+ -> ~chi_20  W+)
     2.56288905E-02    2     1000025        24   # BR(~chi_2+ -> ~chi_30  W+)
     2.47860563E-01    2     1000024        25   # BR(~chi_2+ -> ~chi_1+  h )
#
#         PDG            Width
DECAY   1000022     0.00000000E+00   # neutralino1 decays
#
#         PDG            Width
DECAY   1000023     1.34476452E-06   # neutralino2 decays
#          BR         NDA      ID1       ID2
     4.51162232E-03    2     1000022        22   # BR(~chi_20 -> ~chi_10 gam)
#           BR         NDA      ID1       ID2       ID3
     1.16468845E-01    3     1000022        -2         2   # BR(~chi_20 -> ~chi_10 ub      u)
     1.51373017E-01    3     1000022        -1         1   # BR(~chi_20 -> ~chi_10 db      d)
     1.16468845E-01    3     1000022        -4         4   # BR(~chi_20 -> ~chi_10 cb      c)
     1.51373017E-01    3     1000022        -3         3   # BR(~chi_20 -> ~chi_10 sb      s)
     7.15685371E-02    3     1000022        -5         5   # BR(~chi_20 -> ~chi_10 bb      b)
     3.49049049E-02    3     1000022       -11        11   # BR(~chi_20 -> ~chi_10 e+      e-)
     3.49049049E-02    3     1000022       -13        13   # BR(~chi_20 -> ~chi_10 mu+     mu-)
     3.28902900E-02    3     1000022       -15        15   # BR(~chi_20 -> ~chi_10 tau+    tau-)
     6.98096763E-02    3     1000022       -12        12   # BR(~chi_20 -> ~chi_10 nu_eb   nu_e)
     6.98096763E-02    3     1000022       -14        14   # BR(~chi_20 -> ~chi_10 nu_mub  nu_mu)
     6.98096763E-02    3     1000022       -16        16   # BR(~chi_20 -> ~chi_10 nu_taub nu_tau)
     1.29498399E-02    3     1000024        -2         1   # BR(~chi_20 -> ~chi_1+ ub      d)
     1.29498399E-02    3    -1000024        -1         2   # BR(~chi_20 -> ~chi_1- db      u)
     1.29498399E-02    3     1000024        -4         3   # BR(~chi_20 -> ~chi_1+ cb      s)
     1.29498399E-02    3    -1000024        -3         4   # BR(~chi_20 -> ~chi_1- sb      c)
     4.31661674E-03    3     1000024       -12        11   # BR(~chi_20 -> ~chi_1+ nu_eb   e-)
     4.31661674E-03    3    -1000024        12       -11   # BR(~chi_20 -> ~chi_1- nu_e    e+)
     4.31661674E-03    3     1000024       -14        13   # BR(~chi_20 -> ~chi_1+ nu_mub  mu-)
     4.31661674E-03    3    -1000024        14       -13   # BR(~chi_20 -> ~chi_1- nu_mu   mu+)
     3.52058053E-03    3     1000024       -16        15   # BR(~chi_20 -> ~chi_1+ nu_taub tau-)
     3.52058053E-03    3    -1000024        16       -15   # BR(~chi_20 -> ~chi_1- nu_tau  tau+)
#
#         PDG            Width
DECAY   1000025     5.24403688E-01   # neutralino3 decays
#          BR         NDA      ID1       ID2
     3.44032977E-02    2     1000022        23   # BR(~chi_30 -> ~chi_10   Z )
     1.97462941E-01    2     1000023        23   # BR(~chi_30 -> ~chi_20   Z )
     3.02168182E-01    2     1000024       -24   # BR(~chi_30 -> ~chi_1+   W-)
     3.02168182E-01    2    -1000024        24   # BR(~chi_30 -> ~chi_1-   W+)
     1.53556780E-01    2     1000022        25   # BR(~chi_30 -> ~chi_10   h )
     1.02406180E-02    2     1000023        25   # BR(~chi_30 -> ~chi_20   h )
#
#         PDG            Width
DECAY   1000035     5.18396346E+00   # neutralino4 decays
#          BR         NDA      ID1       ID2
     5.22574880E-02    2     1000022        23   # BR(~chi_40 -> ~chi_10   Z )
     1.99865374E-01    2     1000023        23   # BR(~chi_40 -> ~chi_20   Z )
     2.91886639E-03    2     1000025        23   # BR(~chi_40 -> ~chi_30   Z )
     2.50907315E-01    2     1000024       -24   # BR(~chi_40 -> ~chi_1+   W-)
     2.50907315E-01    2    -1000024        24   # BR(~chi_40 -> ~chi_1-   W+)
     1.62058891E-01    2     1000022        25   # BR(~chi_40 -> ~chi_10   h )
     5.81921219E-02    2     1000023        25   # BR(~chi_40 -> ~chi_20   h )
     2.28926298E-02    2     1000025        25   # BR(~chi_40 -> ~chi_30   h )

