#
#                              ======================
#                              | THE SUSYHIT OUTPUT |
#                              ======================
#
#
#              ------------------------------------------------------
#              |     This is the output of the SUSY-HIT package     |
#              |  created by A.Djouadi, M.Muehlleitner and M.Spira. |
#              |  In case of problems with SUSY-HIT email to        |
#              |           margarete.muehlleitner@kit.edu           |
#              |           michael.spira@psi.ch                     |
#              |           abdelhak.djouadi@cern.ch                 |
#              ------------------------------------------------------
#
#              ------------------------------------------------------
#              |  SUSY Les Houches Accord - MSSM Spectrum + Decays  |
#              |              based on the decay programs           |
#              |                                                    |
#              |                     SDECAY 1.5                     |
#              |                                                    |
#              |  Authors: M.Muhlleitner, A.Djouadi and Y.Mambrini  |
#              |  Ref.:    Comput.Phys.Commun.168(2005)46           |
#              |           [hep-ph/0311167]                         |
#              |                                                    |
#              |                     HDECAY 3.4                     |
#              |                                                    |
#              |  By: A.Djouadi,J.Kalinowski,M.Muhlleitner,M.Spira  |
#              |  Ref.:    Comput.Phys.Commun.108(1998)56           |
#              |           [hep-ph/9704448]                         |
#              |                                                    |
#              |                                                    |
#              |  If not stated otherwise all DRbar couplings and   |
#              |  soft SUSY breaking masses are given at the scale  |
#              |  Q=  0.10000822E+05
#              |                                                    |
#              ------------------------------------------------------
#
#
BLOCK DCINFO  # Decay Program information
     1   SDECAY/HDECAY # decay calculator
     2   1.5  /3.4    # version number
#
BLOCK SPINFO  # Spectrum calculator information
     1   SuSpect     # RGE +Spectrum calculator            
     2   2.43         # version number                     
#
BLOCK MODSEL  # Model selection
     1     0   # #general MSSM low scale                           
#
BLOCK SMINPUTS  # Standard Model inputs
         1     1.27934000E+02   # alpha_em^-1(M_Z)^MSbar
         2     1.16639000E-05   # G_F [GeV^-2]
         3     1.17200000E-01   # alpha_S(M_Z)^MSbar
         4     9.11870000E+01   # M_Z pole mass
         5     4.25000000E+00   # mb(mb)^MSbar
         6     1.72500000E+02   # mt pole mass
         7     1.77710000E+00   # mtau pole mass
#
BLOCK MINPAR  # Input parameters - minimal models
         1     1.00000000E+02   # 2                   
         3     1.00000000E+01   # tanbeta(mZ)         
         4     1.00000000E+00   # sign(mu)            
#
BLOCK EXTPAR  # Input parameters - non-minimal models
         0     1.00008216E+04   # EWSB                
         1     3.00000000E+02   # M_1                 
         2     6.00000000E+02   # M_2                 
         3     1.00000000E+04   # M_3                 
        11    -1.00000000E+02   # A_t                 
        12    -1.00000000E+02   # A_b                 
        13    -2.51737263E+02   # A_tau               
        14    -6.77437438E+02   # A_u                 
        15    -8.59633345E+02   # A_d                 
        16    -2.53493493E+02   # A_e                 
        23     1.40000000E+02   # mu(EWSB)            
        25     1.00000000E+01   # tanbeta(in)         
        26     1.00000000E+04   # MA_pole             
        31     1.00000000E+04   # M_eL                
        32     1.00000000E+04   # M_muL               
        33     1.00000000E+04   # M_tauL              
        34     1.00000000E+04   # M_eR                
        35     1.00000000E+04   # M_muR               
        36     1.00000000E+04   # M_tauR              
        41     1.00000000E+04   # M_q1L               
        42     1.00000000E+04   # M_q2L               
        43     1.00000000E+04   # M_q3L               
        44     1.00000000E+04   # M_uR                
        45     1.00000000E+04   # M_cR                
        46     1.00000000E+04   # M_tR                
        47     1.00000000E+04   # M_dR                
        48     1.00000000E+04   # M_sR                
        49     1.00000000E+04   # M_bR                
#
BLOCK MASS  # Mass Spectrum
# PDG code           mass       particle
        24     8.04820126E+01   # W+
        25     1.26871453E+02   # h
        35     1.00000513E+04   # H
        36     1.00000000E+04   # A
        37     1.00007670E+04   # H+
         5     4.87884274E+00   # b-quark pole mass calculated from mb(mb)_Msbar
   1000001     1.03038436E+04   # ~d_L
   2000001     1.03037188E+04   # ~d_R
   1000002     1.03035629E+04   # ~u_L
   2000002     1.03036255E+04   # ~u_R
   1000003     1.03038436E+04   # ~s_L
   2000003     1.03037188E+04   # ~s_R
   1000004     1.03035629E+04   # ~c_L
   2000004     1.03036255E+04   # ~c_R
   1000005     1.03036124E+04   # ~b_1
   2000005     1.03039504E+04   # ~b_2
   1000006     1.01861688E+04   # ~t_1
   2000006     1.03060844E+04   # ~t_2
   1000011     1.00000965E+04   # ~e_L
   2000011     1.00000961E+04   # ~e_R
   1000012     9.99980735E+03   # ~nu_eL
   1000013     1.00000965E+04   # ~mu_L
   2000013     1.00000961E+04   # ~mu_R
   1000014     9.99980735E+03   # ~nu_muL
   1000015     9.99995979E+03   # ~tau_1
   2000015     1.00002332E+04   # ~tau_2
   1000016     9.99980735E+03   # ~nu_tauL
   1000021     1.05489498E+04   # ~g
   1000022     1.32354748E+02   # ~chi_10
   1000023    -1.50744741E+02   # ~chi_20
   1000025     3.05627005E+02   # ~chi_30
   1000035     6.63593993E+02   # ~chi_40
   1000024     1.41947376E+02   # ~chi_1+
   1000037     6.63570586E+02   # ~chi_2+
#
BLOCK NMIX  # Neutralino Mixing Matrix
  1  1     1.97313971E-01   # N_11
  1  2    -1.08171837E-01   # N_12
  1  3     7.15679445E-01   # N_13
  1  4    -6.61187554E-01   # N_14
  2  1     6.34740628E-02   # N_21
  2  2    -6.12987548E-02   # N_22
  2  3    -6.90251912E-01   # N_23
  2  4    -7.18168368E-01   # N_24
  3  1     9.78161701E-01   # N_31
  3  2     4.14313403E-02   # N_32
  3  3    -9.89514046E-02   # N_33
  3  4     1.78021770E-01   # N_34
  4  1     1.54248914E-02   # N_41
  4  2    -9.91375186E-01   # N_42
  4  3    -3.95455399E-02   # N_43
  4  4     1.23989768E-01   # N_44
#
BLOCK UMIX  # Chargino Mixing Matrix U
  1  1    -5.55749260E-02   # U_11
  1  2     9.98454520E-01   # U_12
  2  1     9.98454520E-01   # U_21
  2  2     5.55749260E-02   # U_22
#
BLOCK VMIX  # Chargino Mixing Matrix V
  1  1    -1.74981438E-01   # V_11
  1  2     9.84571732E-01   # V_12
  2  1     9.84571732E-01   # V_21
  2  2     1.74981438E-01   # V_22
#
BLOCK STOPMIX  # Stop Mixing Matrix
  1  1     3.82102154E-02   # cos(theta_t)
  1  2     9.99269723E-01   # sin(theta_t)
  2  1    -9.99269723E-01   # -sin(theta_t)
  2  2     3.82102154E-02   # cos(theta_t)
#
BLOCK SBOTMIX  # Sbottom Mixing Matrix
  1  1     5.61633963E-01   # cos(theta_b)
  1  2     8.27385818E-01   # sin(theta_b)
  2  1    -8.27385818E-01   # -sin(theta_b)
  2  2     5.61633963E-01   # cos(theta_b)
#
BLOCK STAUMIX  # Stau Mixing Matrix
  1  1     7.06557334E-01   # cos(theta_tau)
  1  2     7.07655802E-01   # sin(theta_tau)
  2  1    -7.07655802E-01   # -sin(theta_tau)
  2  2     7.06557334E-01   # cos(theta_tau)
#
BLOCK ALPHA  # Higgs mixing
          -1.06029693E-01   # Mixing angle in the neutral Higgs boson sector
#
BLOCK HMIX Q=  1.00008216E+04  # DRbar Higgs Parameters
         1     1.40000000E+02   # mu(Q)               
         2     9.39826412E+00   # tanbeta(Q)          
         3     2.40968282E+02   # vev(Q)              
         4     9.92905091E+07   # MA^2(Q)             
#
BLOCK GAUGE Q=  1.00008216E+04  # The gauge couplings
     1     3.68037024E-01   # gprime(Q) DRbar
     2     6.38396991E-01   # g(Q) DRbar
     3     9.55385644E-01   # g3(Q) DRbar
#
BLOCK AU Q=  1.00008216E+04  # The trilinear couplings
  1  1    -6.77437438E+02   # A_u(Q) DRbar
  2  2    -6.77437438E+02   # A_c(Q) DRbar
  3  3    -1.00000000E+02   # A_t(Q) DRbar
#
BLOCK AD Q=  1.00008216E+04  # The trilinear couplings
  1  1    -8.59633345E+02   # A_d(Q) DRbar
  2  2    -8.59633345E+02   # A_s(Q) DRbar
  3  3    -1.00000000E+02   # A_b(Q) DRbar
#
BLOCK AE Q=  1.00008216E+04  # The trilinear couplings
  1  1    -2.53493493E+02   # A_e(Q) DRbar
  2  2    -2.53493493E+02   # A_mu(Q) DRbar
  3  3    -2.51737263E+02   # A_tau(Q) DRbar
#
BLOCK Yu Q=  1.00008216E+04  # The Yukawa couplings
  1  1     0.00000000E+00   # y_u(Q) DRbar
  2  2     0.00000000E+00   # y_c(Q) DRbar
  3  3     7.99725819E-01   # y_t(Q) DRbar
#
BLOCK Yd Q=  1.00008216E+04  # The Yukawa couplings
  1  1     0.00000000E+00   # y_d(Q) DRbar
  2  2     0.00000000E+00   # y_s(Q) DRbar
  3  3     1.26829282E-01   # y_b(Q) DRbar
#
BLOCK Ye Q=  1.00008216E+04  # The Yukawa couplings
  1  1     0.00000000E+00   # y_e(Q) DRbar
  2  2     0.00000000E+00   # y_mu(Q) DRbar
  3  3     9.67354645E-02   # y_tau(Q) DRbar
#
BLOCK MSOFT Q=  1.00008216E+04  # The soft SUSY breaking masses at the scale Q
         1     3.00000000E+02   # M_1                 
         2     6.00000000E+02   # M_2                 
         3     1.00000000E+04   # M_3                 
        14    -6.77437438E+02   # A_u                 
        15    -8.59633345E+02   # A_d                 
        16    -2.53493493E+02   # A_e                 
        21     9.86511176E+07   # M^2_Hd              
        22     3.59282264E+06   # M^2_Hu              
        31     1.00000000E+04   # M_eL                
        32     1.00000000E+04   # M_muL               
        33     1.00000000E+04   # M_tauL              
        34     1.00000000E+04   # M_eR                
        35     1.00000000E+04   # M_muR               
        36     1.00000000E+04   # M_tauR              
        41     1.00000000E+04   # M_q1L               
        42     1.00000000E+04   # M_q2L               
        43     1.00000000E+04   # M_q3L               
        44     1.00000000E+04   # M_uR                
        45     1.00000000E+04   # M_cR                
        46     1.00000000E+04   # M_tR                
        47     1.00000000E+04   # M_dR                
        48     1.00000000E+04   # M_sR                
        49     1.00000000E+04   # M_bR                
#
#
#
#                             =================
#                             |The decay table|
#                             =================
#
# - The QCD corrections to the decays gluino -> squark  + quark
#                                     squark -> gaugino + quark_prime
#                                     squark -> squark_prime + Higgs
#                                     squark -> gluino  + quark
#   are included.
#
# - The multi-body decays for the inos, stops and sbottoms are included.
#
# - The loop induced decays for the gluino, neutralinos and stops
#   are included.
#
# - The SUSY decays of the top quark are included.
#
#
#         PDG            Width
DECAY         6     1.41107770E+00   # top decays
#          BR         NDA      ID1       ID2
     1.00000000E+00    2           5        24   # BR(t ->  b    W+)
#
#         PDG            Width
DECAY   1000021     5.02870053E+00   # gluino decays
#          BR         NDA      ID1       ID2
     3.98636500E-02    2     1000001        -1   # BR(~g -> ~d_L  db)
     3.98636500E-02    2    -1000001         1   # BR(~g -> ~d_L* d )
     3.99037772E-02    2     2000001        -1   # BR(~g -> ~d_R  db)
     3.99037772E-02    2    -2000001         1   # BR(~g -> ~d_R* d )
     3.99539317E-02    2     1000002        -2   # BR(~g -> ~u_L  ub)
     3.99539317E-02    2    -1000002         2   # BR(~g -> ~u_L* u )
     3.99337890E-02    2     2000002        -2   # BR(~g -> ~u_R  ub)
     3.99337890E-02    2    -2000002         2   # BR(~g -> ~u_R* u )
     3.98636500E-02    2     1000003        -3   # BR(~g -> ~s_L  sb)
     3.98636500E-02    2    -1000003         3   # BR(~g -> ~s_L* s )
     3.99037772E-02    2     2000003        -3   # BR(~g -> ~s_R  sb)
     3.99037772E-02    2    -2000003         3   # BR(~g -> ~s_R* s )
     3.99539317E-02    2     1000004        -4   # BR(~g -> ~c_L  cb)
     3.99539317E-02    2    -1000004         4   # BR(~g -> ~c_L* c )
     3.99337890E-02    2     2000004        -4   # BR(~g -> ~c_R  cb)
     3.99337890E-02    2    -2000004         4   # BR(~g -> ~c_R* c )
     3.92386590E-02    2     1000005        -5   # BR(~g -> ~b_1  bb)
     3.92386590E-02    2    -1000005         5   # BR(~g -> ~b_1* b )
     4.05187746E-02    2     2000005        -5   # BR(~g -> ~b_2  bb)
     4.05187746E-02    2    -2000005         5   # BR(~g -> ~b_2* b )
     7.00357550E-02    2     1000006        -6   # BR(~g -> ~t_1  tb)
     7.00357550E-02    2    -1000006         6   # BR(~g -> ~t_1* t )
     3.08965156E-02    2     2000006        -6   # BR(~g -> ~t_2  tb)
     3.08965156E-02    2    -2000006         6   # BR(~g -> ~t_2* t )
#
#         PDG            Width
DECAY   1000006     2.76884577E+02   # stop1 decays
#          BR         NDA      ID1       ID2
     2.09130907E-01    2     1000022         6   # BR(~t_1 -> ~chi_10 t )
     2.39093776E-01    2     1000023         6   # BR(~t_1 -> ~chi_20 t )
     9.21829939E-02    2     1000025         6   # BR(~t_1 -> ~chi_30 t )
     2.72399337E-03    2     1000035         6   # BR(~t_1 -> ~chi_40 t )
     4.51413397E-01    2     1000024         5   # BR(~t_1 -> ~chi_1+ b )
     5.45493223E-03    2     1000037         5   # BR(~t_1 -> ~chi_2+ b )
#
#         PDG            Width
DECAY   2000006     2.53437821E+02   # stop2 decays
#          BR         NDA      ID1       ID2
     2.15126404E-01    2     1000022         6   # BR(~t_2 -> ~chi_10 t )
     2.57778895E-01    2     1000023         6   # BR(~t_2 -> ~chi_20 t )
     2.88779903E-02    2     1000025         6   # BR(~t_2 -> ~chi_30 t )
     1.67500249E-01    2     1000035         6   # BR(~t_2 -> ~chi_40 t )
     1.37467296E-02    2     1000024         5   # BR(~t_2 -> ~chi_1+ b )
     3.16971009E-01    2     1000037         5   # BR(~t_2 -> ~chi_2+ b )
    -1.27623704E-06    2     1000006        23   # BR(~t_2 -> ~t_1    Z )
#
#         PDG            Width
DECAY   1000005     1.22064886E+02   # sbottom1 decays
#          BR         NDA      ID1       ID2
     3.32241769E-02    2     1000022         5   # BR(~b_1 -> ~chi_10 b )
     6.91491461E-03    2     1000023         5   # BR(~b_1 -> ~chi_20 b )
     2.39391205E-02    2     1000025         5   # BR(~b_1 -> ~chi_30 b )
     1.44593396E-01    2     1000035         5   # BR(~b_1 -> ~chi_40 b )
     4.85063179E-01    2    -1000024         6   # BR(~b_1 -> ~chi_1- t )
     3.06272695E-01    2    -1000037         6   # BR(~b_1 -> ~chi_2- t )
    -7.48232833E-06    2     1000006       -24   # BR(~b_1 -> ~t_1    W-)
#
#         PDG            Width
DECAY   2000005     1.43590102E+02   # sbottom2 decays
#          BR         NDA      ID1       ID2
     2.35685343E-03    2     1000022         5   # BR(~b_2 -> ~chi_10 b )
     1.71720058E-02    2     1000023         5   # BR(~b_2 -> ~chi_20 b )
     2.59213619E-02    2     1000025         5   # BR(~b_2 -> ~chi_30 b )
     1.53858273E-01    2     1000035         5   # BR(~b_2 -> ~chi_40 b )
     4.75690373E-01    2    -1000024         6   # BR(~b_2 -> ~chi_1- t )
     3.25015216E-01    2    -1000037         6   # BR(~b_2 -> ~chi_2- t )
    -1.40839181E-05    2     1000006       -24   # BR(~b_2 -> ~t_1    W-)
#
#         PDG            Width
DECAY   1000002     1.22067087E+02   # sup_L decays
#          BR         NDA      ID1       ID2
     1.63627843E-03    2     1000022         2   # BR(~u_L -> ~chi_10 u)
     7.99214816E-04    2     1000023         2   # BR(~u_L -> ~chi_20 u)
     1.74269355E-02    2     1000025         2   # BR(~u_L -> ~chi_30 u)
     3.21607943E-01    2     1000035         2   # BR(~u_L -> ~chi_40 u)
     2.03005871E-02    2     1000024         1   # BR(~u_L -> ~chi_1+ d)
     6.38229041E-01    2     1000037         1   # BR(~u_L -> ~chi_2+ d)
#
#         PDG            Width
DECAY   2000002     2.38850547E+01   # sup_R decays
#          BR         NDA      ID1       ID2
     3.89742150E-02    2     1000022         2   # BR(~u_R -> ~chi_10 u)
     4.03298658E-03    2     1000023         2   # BR(~u_R -> ~chi_20 u)
     9.56756289E-01    2     1000025         2   # BR(~u_R -> ~chi_30 u)
     2.36509876E-04    2     1000035         2   # BR(~u_R -> ~chi_40 u)
#
#         PDG            Width
DECAY   1000001     1.22052452E+02   # sdown_L decays
#          BR         NDA      ID1       ID2
     7.07629871E-03    2     1000022         1   # BR(~d_L -> ~chi_10 d)
     1.79091473E-03    2     1000023         1   # BR(~d_L -> ~chi_20 d)
     7.11208762E-03    2     1000025         1   # BR(~d_L -> ~chi_30 d)
     3.25524087E-01    2     1000035         1   # BR(~d_L -> ~chi_40 d)
     2.04806866E-03    2    -1000024         2   # BR(~d_L -> ~chi_1- u)
     6.56448543E-01    2    -1000037         2   # BR(~d_L -> ~chi_2- u)
#
#         PDG            Width
DECAY   2000001     5.97130959E+00   # sdown_R decays
#          BR         NDA      ID1       ID2
     3.89742140E-02    2     1000022         1   # BR(~d_R -> ~chi_10 d)
     4.03298649E-03    2     1000023         1   # BR(~d_R -> ~chi_20 d)
     9.56756290E-01    2     1000025         1   # BR(~d_R -> ~chi_30 d)
     2.36509905E-04    2     1000035         1   # BR(~d_R -> ~chi_40 d)
#
#         PDG            Width
DECAY   1000004     1.22067087E+02   # scharm_L decays
#          BR         NDA      ID1       ID2
     1.63627843E-03    2     1000022         4   # BR(~c_L -> ~chi_10 c)
     7.99214816E-04    2     1000023         4   # BR(~c_L -> ~chi_20 c)
     1.74269355E-02    2     1000025         4   # BR(~c_L -> ~chi_30 c)
     3.21607943E-01    2     1000035         4   # BR(~c_L -> ~chi_40 c)
     2.03005871E-02    2     1000024         3   # BR(~c_L -> ~chi_1+ s)
     6.38229041E-01    2     1000037         3   # BR(~c_L -> ~chi_2+ s)
#
#         PDG            Width
DECAY   2000004     2.38850547E+01   # scharm_R decays
#          BR         NDA      ID1       ID2
     3.89742150E-02    2     1000022         4   # BR(~c_R -> ~chi_10 c)
     4.03298658E-03    2     1000023         4   # BR(~c_R -> ~chi_20 c)
     9.56756289E-01    2     1000025         4   # BR(~c_R -> ~chi_30 c)
     2.36509876E-04    2     1000035         4   # BR(~c_R -> ~chi_40 c)
#
#         PDG            Width
DECAY   1000003     1.22052452E+02   # sstrange_L decays
#          BR         NDA      ID1       ID2
     7.07629871E-03    2     1000022         3   # BR(~s_L -> ~chi_10 s)
     1.79091473E-03    2     1000023         3   # BR(~s_L -> ~chi_20 s)
     7.11208762E-03    2     1000025         3   # BR(~s_L -> ~chi_30 s)
     3.25524087E-01    2     1000035         3   # BR(~s_L -> ~chi_40 s)
     2.04806866E-03    2    -1000024         4   # BR(~s_L -> ~chi_1- c)
     6.56448543E-01    2    -1000037         4   # BR(~s_L -> ~chi_2- c)
#
#         PDG            Width
DECAY   2000003     5.97130959E+00   # sstrange_R decays
#          BR         NDA      ID1       ID2
     3.89742140E-02    2     1000022         3   # BR(~s_R -> ~chi_10 s)
     4.03298649E-03    2     1000023         3   # BR(~s_R -> ~chi_20 s)
     9.56756290E-01    2     1000025         3   # BR(~s_R -> ~chi_30 s)
     2.36509905E-04    2     1000035         3   # BR(~s_R -> ~chi_40 s)
#
#         PDG            Width
DECAY   1000011     1.34012367E+02   # selectron_L decays
#          BR         NDA      ID1       ID2
     9.41588852E-06    2     1000022        11   # BR(~e_L -> ~chi_10 e-)
     1.84562328E-04    2     1000023        11   # BR(~e_L -> ~chi_20 e-)
     1.10645298E-01    2     1000025        11   # BR(~e_L -> ~chi_30 e-)
     2.89439427E-01    2     1000035        11   # BR(~e_L -> ~chi_40 e-)
     1.86790110E-03    2    -1000024        12   # BR(~e_L -> ~chi_1- nu_e)
     5.97853396E-01    2    -1000037        12   # BR(~e_L -> ~chi_2- nu_e)
#
#         PDG            Width
DECAY   2000011     5.37976242E+01   # selectron_R decays
#          BR         NDA      ID1       ID2
     3.89895070E-02    2     1000022        11   # BR(~e_R -> ~chi_10 e-)
     4.03440446E-03    2     1000023        11   # BR(~e_R -> ~chi_20 e-)
     9.56739826E-01    2     1000025        11   # BR(~e_R -> ~chi_30 e-)
     2.36262722E-04    2     1000035        11   # BR(~e_R -> ~chi_40 e-)
#
#         PDG            Width
DECAY   1000013     1.34012367E+02   # smuon_L decays
#          BR         NDA      ID1       ID2
     9.41588852E-06    2     1000022        13   # BR(~mu_L -> ~chi_10 mu-)
     1.84562328E-04    2     1000023        13   # BR(~mu_L -> ~chi_20 mu-)
     1.10645298E-01    2     1000025        13   # BR(~mu_L -> ~chi_30 mu-)
     2.89439427E-01    2     1000035        13   # BR(~mu_L -> ~chi_40 mu-)
     1.86790110E-03    2    -1000024        14   # BR(~mu_L -> ~chi_1- nu_mu)
     5.97853396E-01    2    -1000037        14   # BR(~mu_L -> ~chi_2- nu_mu)
#
#         PDG            Width
DECAY   2000013     5.37976242E+01   # smuon_R decays
#          BR         NDA      ID1       ID2
     3.89895070E-02    2     1000022        13   # BR(~mu_R -> ~chi_10 mu-)
     4.03440446E-03    2     1000023        13   # BR(~mu_R -> ~chi_20 mu-)
     9.56739826E-01    2     1000025        13   # BR(~mu_R -> ~chi_30 mu-)
     2.36262722E-04    2     1000035        13   # BR(~mu_R -> ~chi_40 mu-)
#
#         PDG            Width
DECAY   1000015     9.66437703E+01   # stau_1 decays
#          BR         NDA      ID1       ID2
     3.50101125E-02    2     1000022        15   # BR(~tau_1 -> ~chi_10  tau-)
     4.35493271E-03    2     1000023        15   # BR(~tau_1 -> ~chi_20  tau-)
     3.38845298E-01    2     1000025        15   # BR(~tau_1 -> ~chi_30  tau-)
     1.96934110E-01    2     1000035        15   # BR(~tau_1 -> ~chi_40  tau-)
     1.79570790E-02    2    -1000024        16   # BR(~tau_1 -> ~chi_1-  nu_tau)
     4.06898468E-01    2    -1000037        16   # BR(~tau_1 -> ~chi_2-  nu_tau)
#
#         PDG            Width
DECAY   2000015     9.67488826E+01   # stau_2 decays
#          BR         NDA      ID1       ID2
     6.42564263E-03    2     1000022        15   # BR(~tau_2 -> ~chi_10  tau-)
     1.64765806E-02    2     1000023        15   # BR(~tau_2 -> ~chi_20  tau-)
     3.47159448E-01    2     1000025        15   # BR(~tau_2 -> ~chi_30  tau-)
     2.04390101E-01    2     1000035        15   # BR(~tau_2 -> ~chi_40  tau-)
     3.82483778E-03    2    -1000024        16   # BR(~tau_2 -> ~chi_1-  nu_tau)
     4.21723390E-01    2    -1000037        16   # BR(~tau_2 -> ~chi_2-  nu_tau)
#
#         PDG            Width
DECAY   1000012     1.34020792E+02   # snu_eL decays
#          BR         NDA      ID1       ID2
     1.48921175E-02    2     1000022        12   # BR(~nu_eL -> ~chi_10 nu_e)
     2.89731228E-03    2     1000023        12   # BR(~nu_eL -> ~chi_20 nu_e)
     8.24194961E-02    2     1000025        12   # BR(~nu_eL -> ~chi_30 nu_e)
     2.99985482E-01    2     1000035        12   # BR(~nu_eL -> ~chi_40 nu_e)
     1.85157021E-02    2     1000024        11   # BR(~nu_eL -> ~chi_1+ e-)
     5.81289890E-01    2     1000037        11   # BR(~nu_eL -> ~chi_2+ e-)
#
#         PDG            Width
DECAY   1000014     1.34020792E+02   # snu_muL decays
#          BR         NDA      ID1       ID2
     1.48921175E-02    2     1000022        14   # BR(~nu_muL -> ~chi_10 nu_mu)
     2.89731228E-03    2     1000023        14   # BR(~nu_muL -> ~chi_20 nu_mu)
     8.24194961E-02    2     1000025        14   # BR(~nu_muL -> ~chi_30 nu_mu)
     2.99985482E-01    2     1000035        14   # BR(~nu_muL -> ~chi_40 nu_mu)
     1.85157021E-02    2     1000024        13   # BR(~nu_muL -> ~chi_1+ mu-)
     5.81289890E-01    2     1000037        13   # BR(~nu_muL -> ~chi_2+ mu-)
#
#         PDG            Width
DECAY   1000016     1.35881628E+02   # snu_tauL decays
#          BR         NDA      ID1       ID2
     1.46881769E-02    2     1000022        16   # BR(~nu_tauL -> ~chi_10 nu_tau)
     2.85763493E-03    2     1000023        16   # BR(~nu_tauL -> ~chi_20 nu_tau)
     8.12907995E-02    2     1000025        16   # BR(~nu_tauL -> ~chi_30 nu_tau)
     2.95877320E-01    2     1000035        16   # BR(~nu_tauL -> ~chi_40 nu_tau)
     3.19145344E-02    2     1000024        15   # BR(~nu_tauL -> ~chi_1+ tau-)
     5.73371534E-01    2     1000037        15   # BR(~nu_tauL -> ~chi_2+ tau-)
#
#         PDG            Width
DECAY   1000024     8.55912971E-08   # chargino1+ decays
#           BR         NDA      ID1       ID2       ID3
     3.39097047E-01    3     1000022         2        -1   # BR(~chi_1+ -> ~chi_10 u    db)
     3.39097047E-01    3     1000022         4        -3   # BR(~chi_1+ -> ~chi_10 c    sb)
     1.13032466E-01    3     1000022       -11        12   # BR(~chi_1+ -> ~chi_10 e+   nu_e)
     1.13032466E-01    3     1000022       -13        14   # BR(~chi_1+ -> ~chi_10 mu+  nu_mu)
     9.57409747E-02    3     1000022       -15        16   # BR(~chi_1+ -> ~chi_10 tau+ nu_tau)
#
#         PDG            Width
DECAY   1000037     5.21288274E+00   # chargino2+ decays
#          BR         NDA      ID1       ID2
     2.54837175E-01    2     1000024        23   # BR(~chi_2+ -> ~chi_1+  Z )
     2.14651119E-01    2     1000022        24   # BR(~chi_2+ -> ~chi_10  W+)
     2.54285201E-01    2     1000023        24   # BR(~chi_2+ -> ~chi_20  W+)
     2.85527779E-02    2     1000025        24   # BR(~chi_2+ -> ~chi_30  W+)
     2.47673727E-01    2     1000024        25   # BR(~chi_2+ -> ~chi_1+  h )
#
#         PDG            Width
DECAY   1000022     0.00000000E+00   # neutralino1 decays
#
#         PDG            Width
DECAY   1000023     1.71226901E-06   # neutralino2 decays
#          BR         NDA      ID1       ID2
     4.21577696E-03    2     1000022        22   # BR(~chi_20 -> ~chi_10 gam)
#           BR         NDA      ID1       ID2       ID3
     1.17015669E-01    3     1000022        -2         2   # BR(~chi_20 -> ~chi_10 ub      u)
     1.52088816E-01    3     1000022        -1         1   # BR(~chi_20 -> ~chi_10 db      d)
     1.17015669E-01    3     1000022        -4         4   # BR(~chi_20 -> ~chi_10 cb      c)
     1.52088816E-01    3     1000022        -3         3   # BR(~chi_20 -> ~chi_10 sb      s)
     7.77708245E-02    3     1000022        -5         5   # BR(~chi_20 -> ~chi_10 bb      b)
     3.50737676E-02    3     1000022       -11        11   # BR(~chi_20 -> ~chi_10 e+      e-)
     3.50737676E-02    3     1000022       -13        13   # BR(~chi_20 -> ~chi_10 mu+     mu-)
     3.32299814E-02    3     1000022       -15        15   # BR(~chi_20 -> ~chi_10 tau+    tau-)
     7.01475355E-02    3     1000022       -12        12   # BR(~chi_20 -> ~chi_10 nu_eb   nu_e)
     7.01475355E-02    3     1000022       -14        14   # BR(~chi_20 -> ~chi_10 nu_mub  nu_mu)
     7.01475355E-02    3     1000022       -16        16   # BR(~chi_20 -> ~chi_10 nu_taub nu_tau)
     1.12201294E-02    3     1000024        -2         1   # BR(~chi_20 -> ~chi_1+ ub      d)
     1.12201294E-02    3    -1000024        -1         2   # BR(~chi_20 -> ~chi_1- db      u)
     1.12201294E-02    3     1000024        -4         3   # BR(~chi_20 -> ~chi_1+ cb      s)
     1.12201294E-02    3    -1000024        -3         4   # BR(~chi_20 -> ~chi_1- sb      c)
     3.74004606E-03    3     1000024       -12        11   # BR(~chi_20 -> ~chi_1+ nu_eb   e-)
     3.74004606E-03    3    -1000024        12       -11   # BR(~chi_20 -> ~chi_1- nu_e    e+)
     3.74004606E-03    3     1000024       -14        13   # BR(~chi_20 -> ~chi_1+ nu_mub  mu-)
     3.74004606E-03    3    -1000024        14       -13   # BR(~chi_20 -> ~chi_1- nu_mu   mu+)
     3.07180199E-03    3     1000024       -16        15   # BR(~chi_20 -> ~chi_1+ nu_taub tau-)
     3.07180199E-03    3    -1000024        16       -15   # BR(~chi_20 -> ~chi_1- nu_tau  tau+)
#
#         PDG            Width
DECAY   1000025     4.57461414E-01   # neutralino3 decays
#          BR         NDA      ID1       ID2
     2.95461122E-02    2     1000022        23   # BR(~chi_30 -> ~chi_10   Z )
     1.88831855E-01    2     1000023        23   # BR(~chi_30 -> ~chi_20   Z )
     3.09746517E-01    2     1000024       -24   # BR(~chi_30 -> ~chi_1+   W-)
     3.09746517E-01    2    -1000024        24   # BR(~chi_30 -> ~chi_1-   W+)
     1.57347203E-01    2     1000022        25   # BR(~chi_30 -> ~chi_10   h )
     4.78179478E-03    2     1000023        25   # BR(~chi_30 -> ~chi_20   h )
#
#         PDG            Width
DECAY   1000035     5.21080585E+00   # neutralino4 decays
#          BR         NDA      ID1       ID2
     4.75210756E-02    2     1000022        23   # BR(~chi_40 -> ~chi_10   Z )
     2.04145357E-01    2     1000023        23   # BR(~chi_40 -> ~chi_20   Z )
     3.16698497E-03    2     1000025        23   # BR(~chi_40 -> ~chi_30   Z )
     2.51018716E-01    2     1000024       -24   # BR(~chi_40 -> ~chi_1+   W-)
     2.51018716E-01    2    -1000024        24   # BR(~chi_40 -> ~chi_1-   W+)
     1.65651386E-01    2     1000022        25   # BR(~chi_40 -> ~chi_10   h )
     5.19436068E-02    2     1000023        25   # BR(~chi_40 -> ~chi_20   h )
     2.55341576E-02    2     1000025        25   # BR(~chi_40 -> ~chi_30   h )
#
#         PDG            Width
DECAY        25                NaN   # h decays
#          BR         NDA      ID1       ID2
                NaN    2           5        -5   # BR(h -> b       bb     )
                NaN    2         -15        15   # BR(h -> tau+    tau-   )
                NaN    2         -13        13   # BR(h -> mu+     mu-    )
                NaN    2           3        -3   # BR(h -> s       sb     )
                NaN    2           4        -4   # BR(h -> c       cb     )
                NaN    2           6        -6   # BR(h -> t       tb     )
                NaN    2          21        21   # BR(h -> g       g      )
                NaN    2          22        22   # BR(h -> gam     gam    )
                NaN    2          22        23   # BR(h -> Z       gam    )
                NaN    2          24       -24   # BR(h -> W+      W-     )
                NaN    2          23        23   # BR(h -> Z       Z      )
                NaN    2     1000024  -1000024   # BR(h -> ~chi_1+ ~chi_1-)
                NaN    2     1000037  -1000037   # BR(h -> ~chi_2+ ~chi_2-)
                NaN    2     1000024  -1000037   # BR(h -> ~chi_1+ ~chi_2-)
                NaN    2     1000037  -1000024   # BR(h -> ~chi_2+ ~chi_1-)
                NaN    2     1000022   1000022   # BR(h -> ~chi_10 ~chi_10)
                NaN    2     1000023   1000023   # BR(h -> ~chi_20 ~chi_20)
                NaN    2     1000025   1000025   # BR(h -> ~chi_30 ~chi_30)
                NaN    2     1000035   1000035   # BR(h -> ~chi_40 ~chi_40)
                NaN    2     1000022   1000023   # BR(h -> ~chi_10 ~chi_20)
                NaN    2     1000022   1000025   # BR(h -> ~chi_10 ~chi_30)
                NaN    2     1000022   1000035   # BR(h -> ~chi_10 ~chi_40)
                NaN    2     1000023   1000025   # BR(h -> ~chi_20 ~chi_30)
                NaN    2     1000023   1000035   # BR(h -> ~chi_20 ~chi_40)
                NaN    2     1000025   1000035   # BR(h -> ~chi_30 ~chi_40)
                NaN    2     1000002  -1000002   # BR(h -> ~u_L    ~u_L*  )
                NaN    2     2000002  -2000002   # BR(h -> ~u_R    ~u_R*  )
                NaN    2     1000004  -1000004   # BR(h -> ~c_L    ~c_L*  )
                NaN    2     2000004  -2000004   # BR(h -> ~c_R    ~c_R*  )
                NaN    2     1000006  -1000006   # BR(h -> ~t_1    ~t_1*  )
                NaN    2     2000006  -2000006   # BR(h -> ~t_2    ~t_2*  )
                NaN    2     1000006  -2000006   # BR(h -> ~t_1    ~t_2*  )
                NaN    2     2000006  -1000006   # BR(h -> ~t_2    ~t_1*  )
                NaN    2     1000001  -1000001   # BR(h -> ~d_L    ~d_L*  )
                NaN    2     2000001  -2000001   # BR(h -> ~d_R    ~d_R*  )
                NaN    2     1000003  -1000003   # BR(h -> ~s_L    ~s_L*  )
                NaN    2     2000003  -2000003   # BR(h -> ~s_R    ~s_R*  )
                NaN    2     1000005  -1000005   # BR(h -> ~b_1    ~b_1*  )
                NaN    2     2000005  -2000005   # BR(h -> ~b_2    ~b_2*  )
                NaN    2     1000005  -2000005   # BR(h -> ~b_1    ~b_2*  )
                NaN    2     2000005  -1000005   # BR(h -> ~b_2    ~b_1*  )
                NaN    2     1000011  -1000011   # BR(h -> ~e_L-   ~e_L+  )
                NaN    2     2000011  -2000011   # BR(h -> ~e_R-   ~e_R+  )
                NaN    2     1000013  -1000013   # BR(h -> ~mu_L-  ~mu_L+ )
                NaN    2     2000013  -2000013   # BR(h -> ~mu_R-  ~mu_R+ )
                NaN    2     1000015  -1000015   # BR(h -> ~tau_1- ~tau_1+)
                NaN    2     2000015  -2000015   # BR(h -> ~tau_2- ~tau_2+)
                NaN    2     1000015  -2000015   # BR(h -> ~tau_1- ~tau_2+)
                NaN    2     2000015  -1000015   # BR(h -> ~tau_2- ~tau_1+)
                NaN    2     1000012  -1000012   # BR(h -> ~nu_eL  ~nu_eL*   )
                NaN    2     1000014  -1000014   # BR(h -> ~nu_muL ~nu_muL*  )
                NaN    2     1000016  -1000016   # BR(h -> ~nu_tauL ~nu_tauL*)
#
#         PDG            Width
DECAY        35                NaN   # H decays
#          BR         NDA      ID1       ID2
                NaN    2           5        -5   # BR(H -> b       bb     )
                NaN    2         -15        15   # BR(H -> tau+    tau-   )
                NaN    2         -13        13   # BR(H -> mu+     mu-    )
                NaN    2           3        -3   # BR(H -> s       sb     )
                NaN    2           4        -4   # BR(H -> c       cb     )
                NaN    2           6        -6   # BR(H -> t       tb     )
                NaN    2          21        21   # BR(H -> g       g      )
                NaN    2          22        22   # BR(H -> gam     gam    )
                NaN    2          23        22   # BR(H -> Z       gam    )
                NaN    2          24       -24   # BR(H -> W+      W-     )
                NaN    2          23        23   # BR(H -> Z       Z      )
                NaN    2          25        25   # BR(H -> h       h      )
                NaN    2          36        36   # BR(H -> A       A      )
                NaN    2          23        36   # BR(H -> Z       A      )
                NaN    2          24       -37   # BR(H -> W+      H-     )
                NaN    2         -24        37   # BR(H -> W-      H+     )
                NaN    2     1000024  -1000024   # BR(H -> ~chi_1+ ~chi_1-)
                NaN    2     1000037  -1000037   # BR(H -> ~chi_2+ ~chi_2-)
                NaN    2     1000024  -1000037   # BR(H -> ~chi_1+ ~chi_2-)
                NaN    2     1000037  -1000024   # BR(H -> ~chi_2+ ~chi_1-)
                NaN    2     1000022   1000022   # BR(H -> ~chi_10 ~chi_10)
                NaN    2     1000023   1000023   # BR(H -> ~chi_20 ~chi_20)
                NaN    2     1000025   1000025   # BR(H -> ~chi_30 ~chi_30)
                NaN    2     1000035   1000035   # BR(H -> ~chi_40 ~chi_40)
                NaN    2     1000022   1000023   # BR(H -> ~chi_10 ~chi_20)
                NaN    2     1000022   1000025   # BR(H -> ~chi_10 ~chi_30)
                NaN    2     1000022   1000035   # BR(H -> ~chi_10 ~chi_40)
                NaN    2     1000023   1000025   # BR(H -> ~chi_20 ~chi_30)
                NaN    2     1000023   1000035   # BR(H -> ~chi_20 ~chi_40)
                NaN    2     1000025   1000035   # BR(H -> ~chi_30 ~chi_40)
                NaN    2     1000002  -1000002   # BR(H -> ~u_L    ~u_L*  )
                NaN    2     2000002  -2000002   # BR(H -> ~u_R    ~u_R*  )
                NaN    2     1000004  -1000004   # BR(H -> ~c_L    ~c_L*  )
                NaN    2     2000004  -2000004   # BR(H -> ~c_R    ~c_R*  )
                NaN    2     1000006  -1000006   # BR(H -> ~t_1    ~t_1*  )
                NaN    2     2000006  -2000006   # BR(H -> ~t_2    ~t_2*  )
                NaN    2     1000006  -2000006   # BR(H -> ~t_1    ~t_2*  )
                NaN    2     2000006  -1000006   # BR(H -> ~t_2    ~t_1*  )
                NaN    2     1000001  -1000001   # BR(H -> ~d_L    ~d_L*  )
                NaN    2     2000001  -2000001   # BR(H -> ~d_R    ~d_R*  )
                NaN    2     1000003  -1000003   # BR(H -> ~s_L    ~s_L*  )
                NaN    2     2000003  -2000003   # BR(H -> ~s_R    ~s_R*  )
                NaN    2     1000005  -1000005   # BR(H -> ~b_1    ~b_1*  )
                NaN    2     2000005  -2000005   # BR(H -> ~b_2    ~b_2*  )
                NaN    2     1000005  -2000005   # BR(H -> ~b_1    ~b_2*  )
                NaN    2     2000005  -1000005   # BR(H -> ~b_2    ~b_1*  )
                NaN    2     1000011  -1000011   # BR(H -> ~e_L-   ~e_L+  )
                NaN    2     2000011  -2000011   # BR(H -> ~e_R-   ~e_R+  )
                NaN    2     1000013  -1000013   # BR(H -> ~mu_L-  ~mu_L+ )
                NaN    2     2000013  -2000013   # BR(H -> ~mu_R-  ~mu_R+ )
                NaN    2     1000015  -1000015   # BR(H -> ~tau_1- ~tau_1+)
                NaN    2     2000015  -2000015   # BR(H -> ~tau_2- ~tau_2+)
                NaN    2     1000015  -2000015   # BR(H -> ~tau_1- ~tau_2+)
                NaN    2     2000015  -1000015   # BR(H -> ~tau_2- ~tau_1+)
                NaN    2     1000012  -1000012   # BR(H -> ~nu_eL  ~nu_eL*   )
                NaN    2     1000014  -1000014   # BR(H -> ~nu_muL ~nu_muL*  )
                NaN    2     1000016  -1000016   # BR(H -> ~nu_tauL ~nu_tauL*)
#
#         PDG            Width
DECAY        36     1.53250949E+02   # A decays
#          BR         NDA      ID1       ID2
     5.85586987E-02    2           5        -5   # BR(A -> b       bb     )
     1.19463367E-02    2         -15        15   # BR(A -> tau+    tau-   )
     4.22297991E-05    2         -13        13   # BR(A -> mu+     mu-    )
     4.46237766E-05    2           3        -3   # BR(A -> s       sb     )
     2.58393536E-07    2           4        -4   # BR(A -> c       cb     )
     2.58194619E-02    2           6        -6   # BR(A -> t       tb     )
     6.12138091E-06    2          21        21   # BR(A -> g       g      )
     1.18030478E-08    2          22        22   # BR(A -> gam     gam    )
     1.10642210E-08    2          23        22   # BR(A -> Z       gam    )
     1.43602037E-06    2          23        25   # BR(A -> Z       h      )
     1.78728053E-02    2     1000024  -1000024   # BR(A -> ~chi_1+ ~chi_1-)
     2.92205814E-03    2     1000037  -1000037   # BR(A -> ~chi_2+ ~chi_2-)
     2.64632550E-01    2     1000024  -1000037   # BR(A -> ~chi_1+ ~chi_2-)
     2.64632550E-01    2     1000037  -1000024   # BR(A -> ~chi_2+ ~chi_1-)
     1.54114785E-02    2     1000022   1000022   # BR(A -> ~chi_10 ~chi_10)
     1.86894929E-03    2     1000023   1000023   # BR(A -> ~chi_20 ~chi_20)
     1.75045255E-03    2     1000025   1000025   # BR(A -> ~chi_30 ~chi_30)
     1.51110126E-03    2     1000035   1000035   # BR(A -> ~chi_40 ~chi_40)
     8.63943656E-04    2     1000022   1000023   # BR(A -> ~chi_10 ~chi_20)
     3.39051498E-02    2     1000022   1000025   # BR(A -> ~chi_10 ~chi_30)
     1.63306699E-01    2     1000022   1000035   # BR(A -> ~chi_10 ~chi_40)
     2.55339720E-02    2     1000023   1000025   # BR(A -> ~chi_20 ~chi_30)
     1.03786360E-01    2     1000023   1000035   # BR(A -> ~chi_20 ~chi_40)
     5.58274048E-03    2     1000025   1000035   # BR(A -> ~chi_30 ~chi_40)
#
#         PDG            Width
DECAY        37     1.53084397E+02   # H+ decays
#          BR         NDA      ID1       ID2
     9.24854840E-05    2           4        -5   # BR(H+ -> c       bb     )
     1.19602513E-02    2         -15        16   # BR(H+ -> tau+    nu_tau )
     4.22789865E-05    2         -13        14   # BR(H+ -> mu+     nu_mu  )
     5.91904487E-07    2           2        -5   # BR(H+ -> u       bb     )
     2.14342530E-06    2           2        -3   # BR(H+ -> u       sb     )
     4.43334473E-05    2           4        -3   # BR(H+ -> c       sb     )
     8.33128696E-02    2           6        -5   # BR(H+ -> t       bb     )
     1.43799301E-06    2          24        25   # BR(H+ -> W+      h      )
     2.28234264E-15    2          24        36   # BR(H+ -> W+      A      )
     8.56391453E-04    2     1000024   1000022   # BR(H+ -> ~chi_1+ ~chi_10)
     1.90216220E-03    2     1000024   1000023   # BR(H+ -> ~chi_1+ ~chi_20)
     8.48532497E-02    2     1000024   1000025   # BR(H+ -> ~chi_1+ ~chi_30)
     2.67038214E-01    2     1000024   1000035   # BR(H+ -> ~chi_1+ ~chi_40)
     2.80689667E-01    2     1000037   1000022   # BR(H+ -> ~chi_2+ ~chi_10)
     2.60877979E-01    2     1000037   1000023   # BR(H+ -> ~chi_2+ ~chi_20)
     8.32555471E-03    2     1000037   1000025   # BR(H+ -> ~chi_2+ ~chi_30)
     3.90268668E-07    2     1000037   1000035   # BR(H+ -> ~chi_2+ ~chi_40)

