#
#                              ======================
#                              | THE SUSYHIT OUTPUT |
#                              ======================
#
#
#              ------------------------------------------------------
#              |     This is the output of the SUSY-HIT package     |
#              |  created by A.Djouadi, M.Muehlleitner and M.Spira. |
#              |  In case of problems with SUSY-HIT email to        |
#              |           margarete.muehlleitner@kit.edu           |
#              |           michael.spira@psi.ch                     |
#              |           abdelhak.djouadi@cern.ch                 |
#              ------------------------------------------------------
#
#              ------------------------------------------------------
#              |  SUSY Les Houches Accord - MSSM Spectrum + Decays  |
#              |              based on the decay programs           |
#              |                                                    |
#              |                     SDECAY 1.5                     |
#              |                                                    |
#              |  Authors: M.Muhlleitner, A.Djouadi and Y.Mambrini  |
#              |  Ref.:    Comput.Phys.Commun.168(2005)46           |
#              |           [hep-ph/0311167]                         |
#              |                                                    |
#              |                     HDECAY 3.4                     |
#              |                                                    |
#              |  By: A.Djouadi,J.Kalinowski,M.Muhlleitner,M.Spira  |
#              |  Ref.:    Comput.Phys.Commun.108(1998)56           |
#              |           [hep-ph/9704448]                         |
#              |                                                    |
#              |                                                    |
#              |  If not stated otherwise all DRbar couplings and   |
#              |  soft SUSY breaking masses are given at the scale  |
#              |  Q=  0.10000822E+05
#              |                                                    |
#              ------------------------------------------------------
#
#
BLOCK DCINFO  # Decay Program information
     1   SDECAY/HDECAY # decay calculator
     2   1.5  /3.4    # version number
#
BLOCK SPINFO  # Spectrum calculator information
     1   SuSpect     # RGE +Spectrum calculator            
     2   2.43         # version number                     
#
BLOCK MODSEL  # Model selection
     1     0   # #general MSSM low scale                           
#
BLOCK SMINPUTS  # Standard Model inputs
         1     1.27934000E+02   # alpha_em^-1(M_Z)^MSbar
         2     1.16639000E-05   # G_F [GeV^-2]
         3     1.17200000E-01   # alpha_S(M_Z)^MSbar
         4     9.11870000E+01   # M_Z pole mass
         5     4.25000000E+00   # mb(mb)^MSbar
         6     1.72500000E+02   # mt pole mass
         7     1.77710000E+00   # mtau pole mass
#
BLOCK MINPAR  # Input parameters - minimal models
         1     1.00000000E+02   # 2                   
         3     1.00000000E+01   # tanbeta(mZ)         
         4     1.00000000E+00   # sign(mu)            
#
BLOCK EXTPAR  # Input parameters - non-minimal models
         0     1.00008216E+04   # EWSB                
         1     4.00000000E+02   # M_1                 
         2     8.00000000E+02   # M_2                 
         3     1.00000000E+04   # M_3                 
        11    -1.00000000E+02   # A_t                 
        12    -1.00000000E+02   # A_b                 
        13    -2.51737263E+02   # A_tau               
        14    -6.77437438E+02   # A_u                 
        15    -8.59633345E+02   # A_d                 
        16    -2.53493493E+02   # A_e                 
        23     2.40000000E+02   # mu(EWSB)            
        25     1.00000000E+01   # tanbeta(in)         
        26     1.00000000E+04   # MA_pole             
        31     1.00000000E+04   # M_eL                
        32     1.00000000E+04   # M_muL               
        33     1.00000000E+04   # M_tauL              
        34     1.00000000E+04   # M_eR                
        35     1.00000000E+04   # M_muR               
        36     1.00000000E+04   # M_tauR              
        41     1.00000000E+04   # M_q1L               
        42     1.00000000E+04   # M_q2L               
        43     1.00000000E+04   # M_q3L               
        44     1.00000000E+04   # M_uR                
        45     1.00000000E+04   # M_cR                
        46     1.00000000E+04   # M_tR                
        47     1.00000000E+04   # M_dR                
        48     1.00000000E+04   # M_sR                
        49     1.00000000E+04   # M_bR                
#
BLOCK MASS  # Mass Spectrum
# PDG code           mass       particle
        24     8.04843973E+01   # W+
        25     1.26545449E+02   # h
        35     1.00000504E+04   # H
        36     1.00000000E+04   # A
        37     1.00007697E+04   # H+
         5     4.87884274E+00   # b-quark pole mass calculated from mb(mb)_Msbar
   1000001     1.03038424E+04   # ~d_L
   2000001     1.03037178E+04   # ~d_R
   1000002     1.03035621E+04   # ~u_L
   2000002     1.03036243E+04   # ~u_R
   1000003     1.03038424E+04   # ~s_L
   2000003     1.03037178E+04   # ~s_R
   1000004     1.03035621E+04   # ~c_L
   2000004     1.03036243E+04   # ~c_R
   1000005     1.03035118E+04   # ~b_1
   2000005     1.03040490E+04   # ~b_2
   1000006     1.01865365E+04   # ~t_1
   2000006     1.03061603E+04   # ~t_2
   1000011     1.00000963E+04   # ~e_L
   2000011     1.00000963E+04   # ~e_R
   1000012     9.99980740E+03   # ~nu_eL
   1000013     1.00000963E+04   # ~mu_L
   2000013     1.00000963E+04   # ~mu_R
   1000014     9.99980740E+03   # ~nu_muL
   1000015     9.99987773E+03   # ~tau_1
   2000015     1.00003152E+04   # ~tau_2
   1000016     9.99980740E+03   # ~nu_tauL
   1000021     1.05489477E+04   # ~g
   1000022     2.36450085E+02   # ~chi_10
   1000023    -2.52696621E+02   # ~chi_20
   1000025     4.04550763E+02   # ~chi_30
   1000035     8.73232789E+02   # ~chi_40
   1000024     2.45714305E+02   # ~chi_1+
   1000037     8.73220005E+02   # ~chi_2+
#
BLOCK NMIX  # Neutralino Mixing Matrix
  1  1     2.06955785E-01   # N_11
  1  2    -9.09951666E-02   # N_12
  1  3     7.03440323E-01   # N_13
  1  4    -6.73840408E-01   # N_14
  2  1     4.33452832E-02   # N_21
  2  2    -4.35546052E-02   # N_22
  2  3    -6.99970154E-01   # N_23
  2  4    -7.11523693E-01   # N_24
  3  1     9.77343901E-01   # N_31
  3  2     3.08199698E-02   # N_32
  3  3    -1.17550713E-01   # N_33
  3  4     1.73294141E-01   # N_34
  4  1     9.45459444E-03   # N_41
  4  2    -9.94420940E-01   # N_42
  4  3    -3.73540556E-02   # N_43
  4  4     9.81951103E-02   # N_44
#
BLOCK UMIX  # Chargino Mixing Matrix U
  1  1    -5.26424540E-02   # U_11
  1  2     9.98613425E-01   # U_12
  2  1     9.98613425E-01   # U_21
  2  2     5.26424540E-02   # U_22
#
BLOCK VMIX  # Chargino Mixing Matrix V
  1  1    -1.38661327E-01   # V_11
  1  2     9.90339859E-01   # V_12
  2  1     9.90339859E-01   # V_21
  2  2     1.38661327E-01   # V_22
#
BLOCK STOPMIX  # Stop Mixing Matrix
  1  1     3.88520207E-02   # cos(theta_t)
  1  2     9.99244975E-01   # sin(theta_t)
  2  1    -9.99244975E-01   # -sin(theta_t)
  2  2     3.88520207E-02   # cos(theta_t)
#
BLOCK SBOTMIX  # Sbottom Mixing Matrix
  1  1     6.19713594E-01   # cos(theta_b)
  1  2     7.84828046E-01   # sin(theta_b)
  2  1    -7.84828046E-01   # -sin(theta_b)
  2  2     6.19713594E-01   # cos(theta_b)
#
BLOCK STAUMIX  # Stau Mixing Matrix
  1  1     7.07184507E-01   # cos(theta_tau)
  1  2     7.07029047E-01   # sin(theta_tau)
  2  1    -7.07029047E-01   # -sin(theta_tau)
  2  2     7.07184507E-01   # cos(theta_tau)
#
BLOCK ALPHA  # Higgs mixing
          -1.06011444E-01   # Mixing angle in the neutral Higgs boson sector
#
BLOCK HMIX Q=  1.00008216E+04  # DRbar Higgs Parameters
         1     2.40000000E+02   # mu(Q)               
         2     9.39988777E+00   # tanbeta(Q)          
         3     2.41328413E+02   # vev(Q)              
         4     9.93491155E+07   # MA^2(Q)             
#
BLOCK GAUGE Q=  1.00008216E+04  # The gauge couplings
     1     3.67938836E-01   # gprime(Q) DRbar
     2     6.37076680E-01   # g(Q) DRbar
     3     9.55384045E-01   # g3(Q) DRbar
#
BLOCK AU Q=  1.00008216E+04  # The trilinear couplings
  1  1    -6.77437438E+02   # A_u(Q) DRbar
  2  2    -6.77437438E+02   # A_c(Q) DRbar
  3  3    -1.00000000E+02   # A_t(Q) DRbar
#
BLOCK AD Q=  1.00008216E+04  # The trilinear couplings
  1  1    -8.59633345E+02   # A_d(Q) DRbar
  2  2    -8.59633345E+02   # A_s(Q) DRbar
  3  3    -1.00000000E+02   # A_b(Q) DRbar
#
BLOCK AE Q=  1.00008216E+04  # The trilinear couplings
  1  1    -2.53493493E+02   # A_e(Q) DRbar
  2  2    -2.53493493E+02   # A_mu(Q) DRbar
  3  3    -2.51737263E+02   # A_tau(Q) DRbar
#
BLOCK Yu Q=  1.00008216E+04  # The Yukawa couplings
  1  1     0.00000000E+00   # y_u(Q) DRbar
  2  2     0.00000000E+00   # y_c(Q) DRbar
  3  3     7.98524940E-01   # y_t(Q) DRbar
#
BLOCK Yd Q=  1.00008216E+04  # The Yukawa couplings
  1  1     0.00000000E+00   # y_d(Q) DRbar
  2  2     0.00000000E+00   # y_s(Q) DRbar
  3  3     1.26601665E-01   # y_b(Q) DRbar
#
BLOCK Ye Q=  1.00008216E+04  # The Yukawa couplings
  1  1     0.00000000E+00   # y_e(Q) DRbar
  2  2     0.00000000E+00   # y_mu(Q) DRbar
  3  3     9.66307259E-02   # y_tau(Q) DRbar
#
BLOCK MSOFT Q=  1.00008216E+04  # The soft SUSY breaking masses at the scale Q
         1     4.00000000E+02   # M_1                 
         2     8.00000000E+02   # M_2                 
         3     1.00000000E+04   # M_3                 
        14    -6.77437438E+02   # A_u                 
        15    -8.59633345E+02   # A_d                 
        16    -2.53493493E+02   # A_e                 
        21     9.86144087E+07   # M^2_Hd              
        22     3.53387151E+06   # M^2_Hu              
        31     1.00000000E+04   # M_eL                
        32     1.00000000E+04   # M_muL               
        33     1.00000000E+04   # M_tauL              
        34     1.00000000E+04   # M_eR                
        35     1.00000000E+04   # M_muR               
        36     1.00000000E+04   # M_tauR              
        41     1.00000000E+04   # M_q1L               
        42     1.00000000E+04   # M_q2L               
        43     1.00000000E+04   # M_q3L               
        44     1.00000000E+04   # M_uR                
        45     1.00000000E+04   # M_cR                
        46     1.00000000E+04   # M_tR                
        47     1.00000000E+04   # M_dR                
        48     1.00000000E+04   # M_sR                
        49     1.00000000E+04   # M_bR                
#
#
#
#                             =================
#                             |The decay table|
#                             =================
#
# - The QCD corrections to the decays gluino -> squark  + quark
#                                     squark -> gaugino + quark_prime
#                                     squark -> squark_prime + Higgs
#                                     squark -> gluino  + quark
#   are included.
#
# - The multi-body decays for the inos, stops and sbottoms are included.
#
# - The loop induced decays for the gluino, neutralinos and stops
#   are included.
#
# - The SUSY decays of the top quark are included.
#
#
#         PDG            Width
DECAY         6     1.40514269E+00   # top decays
#          BR         NDA      ID1       ID2
     1.00000000E+00    2           5        24   # BR(t ->  b    W+)
#
#         PDG            Width
DECAY   1000021     5.02649273E+00   # gluino decays
#          BR         NDA      ID1       ID2
     3.98807804E-02    2     1000001        -1   # BR(~g -> ~d_L  db)
     3.98807804E-02    2    -1000001         1   # BR(~g -> ~d_L* d )
     3.99208607E-02    2     2000001        -1   # BR(~g -> ~d_R  db)
     3.99208607E-02    2    -2000001         1   # BR(~g -> ~d_R* d )
     3.99709725E-02    2     1000002        -2   # BR(~g -> ~u_L  ub)
     3.99709725E-02    2    -1000002         2   # BR(~g -> ~u_L* u )
     3.99509499E-02    2     2000002        -2   # BR(~g -> ~u_R  ub)
     3.99509499E-02    2    -2000002         2   # BR(~g -> ~u_R* u )
     3.98807804E-02    2     1000003        -3   # BR(~g -> ~s_L  sb)
     3.98807804E-02    2    -1000003         3   # BR(~g -> ~s_L* s )
     3.99208607E-02    2     2000003        -3   # BR(~g -> ~s_R  sb)
     3.99208607E-02    2    -2000003         3   # BR(~g -> ~s_R* s )
     3.99709725E-02    2     1000004        -4   # BR(~g -> ~c_L  cb)
     3.99709725E-02    2    -1000004         4   # BR(~g -> ~c_L* c )
     3.99509499E-02    2     2000004        -4   # BR(~g -> ~c_R  cb)
     3.99509499E-02    2    -2000004         4   # BR(~g -> ~c_R* c )
     3.93242627E-02    2     1000005        -5   # BR(~g -> ~b_1  bb)
     3.93242627E-02    2    -1000005         5   # BR(~g -> ~b_1* b )
     4.04669528E-02    2     2000005        -5   # BR(~g -> ~b_2  bb)
     4.04669528E-02    2    -2000005         5   # BR(~g -> ~b_2* b )
     6.98516726E-02    2     1000006        -6   # BR(~g -> ~t_1  tb)
     6.98516726E-02    2    -1000006         6   # BR(~g -> ~t_1* t )
     3.09099850E-02    2     2000006        -6   # BR(~g -> ~t_2  tb)
     3.09099850E-02    2    -2000006         6   # BR(~g -> ~t_2* t )
#
#         PDG            Width
DECAY   1000006     2.75899072E+02   # stop1 decays
#          BR         NDA      ID1       ID2
     2.16993713E-01    2     1000022         6   # BR(~t_1 -> ~chi_10 t )
     2.33688860E-01    2     1000023         6   # BR(~t_1 -> ~chi_20 t )
     9.14291937E-02    2     1000025         6   # BR(~t_1 -> ~chi_30 t )
     1.11014816E-03    2     1000035         6   # BR(~t_1 -> ~chi_40 t )
     4.54556545E-01    2     1000024         5   # BR(~t_1 -> ~chi_1+ b )
     2.22154058E-03    2     1000037         5   # BR(~t_1 -> ~chi_2+ b )
#
#         PDG            Width
DECAY   2000006     2.51747707E+02   # stop2 decays
#          BR         NDA      ID1       ID2
     2.24124593E-01    2     1000022         6   # BR(~t_2 -> ~chi_10 t )
     2.54459091E-01    2     1000023         6   # BR(~t_2 -> ~chi_20 t )
     2.73709730E-02    2     1000025         6   # BR(~t_2 -> ~chi_30 t )
     1.64307509E-01    2     1000035         6   # BR(~t_2 -> ~chi_40 t )
     1.23445501E-02    2     1000024         5   # BR(~t_2 -> ~chi_1+ b )
     3.17394604E-01    2     1000037         5   # BR(~t_2 -> ~chi_2+ b )
    -1.31940058E-06    2     1000006        23   # BR(~t_2 -> ~t_1    Z )
#
#         PDG            Width
DECAY   1000005     1.18059611E+02   # sbottom1 decays
#          BR         NDA      ID1       ID2
     3.14810577E-02    2     1000022         5   # BR(~b_1 -> ~chi_10 b )
     9.13958145E-03    2     1000023         5   # BR(~b_1 -> ~chi_20 b )
     2.49783712E-02    2     1000025         5   # BR(~b_1 -> ~chi_30 b )
     1.44352405E-01    2     1000035         5   # BR(~b_1 -> ~chi_40 b )
     4.90758379E-01    2    -1000024         6   # BR(~b_1 -> ~chi_1- t )
     2.99299804E-01    2    -1000037         6   # BR(~b_1 -> ~chi_2- t )
    -9.59761376E-06    2     1000006       -24   # BR(~b_1 -> ~t_1    W-)
#
#         PDG            Width
DECAY   2000005     1.45872040E+02   # sbottom2 decays
#          BR         NDA      ID1       ID2
     2.74601011E-03    2     1000022         5   # BR(~b_2 -> ~chi_10 b )
     1.49517487E-02    2     1000023         5   # BR(~b_2 -> ~chi_20 b )
     2.62482873E-02    2     1000025         5   # BR(~b_2 -> ~chi_30 b )
     1.53951811E-01    2     1000035         5   # BR(~b_2 -> ~chi_40 b )
     4.83429529E-01    2    -1000024         6   # BR(~b_2 -> ~chi_1- t )
     3.18685459E-01    2    -1000037         6   # BR(~b_2 -> ~chi_2- t )
    -1.28452690E-05    2     1000006       -24   # BR(~b_2 -> ~t_1    W-)
#
#         PDG            Width
DECAY   1000002     1.20878783E+02   # sup_L decays
#          BR         NDA      ID1       ID2
     8.71917312E-04    2     1000022         2   # BR(~u_L -> ~chi_10 u)
     4.13056506E-04    2     1000023         2   # BR(~u_L -> ~chi_20 u)
     1.59498895E-02    2     1000025         2   # BR(~u_L -> ~chi_30 u)
     3.24301193E-01    2     1000035         2   # BR(~u_L -> ~chi_40 u)
     1.28126929E-02    2     1000024         1   # BR(~u_L -> ~chi_1+ d)
     6.45651250E-01    2     1000037         1   # BR(~u_L -> ~chi_2+ d)
#
#         PDG            Width
DECAY   2000002     2.38456523E+01   # sup_R decays
#          BR         NDA      ID1       ID2
     4.29014940E-02    2     1000022         2   # BR(~u_R -> ~chi_10 u)
     1.88169362E-03    2     1000023         2   # BR(~u_R -> ~chi_20 u)
     9.55128367E-01    2     1000025         2   # BR(~u_R -> ~chi_30 u)
     8.84450640E-05    2     1000035         2   # BR(~u_R -> ~chi_40 u)
#
#         PDG            Width
DECAY   1000001     1.20863629E+02   # sdown_L decays
#          BR         NDA      ID1       ID2
     5.70499211E-03    2     1000022         1   # BR(~d_L -> ~chi_10 d)
     8.97557688E-04    2     1000023         1   # BR(~d_L -> ~chi_20 d)
     8.23531606E-03    2     1000025         1   # BR(~d_L -> ~chi_30 d)
     3.26732993E-01    2     1000035         1   # BR(~d_L -> ~chi_40 d)
     1.84699805E-03    2    -1000024         2   # BR(~d_L -> ~chi_1- u)
     6.56582143E-01    2    -1000037         2   # BR(~d_L -> ~chi_2- u)
#
#         PDG            Width
DECAY   2000001     5.96145915E+00   # sdown_R decays
#          BR         NDA      ID1       ID2
     4.29014925E-02    2     1000022         1   # BR(~d_R -> ~chi_10 d)
     1.88169356E-03    2     1000023         1   # BR(~d_R -> ~chi_20 d)
     9.55128369E-01    2     1000025         1   # BR(~d_R -> ~chi_30 d)
     8.84450825E-05    2     1000035         1   # BR(~d_R -> ~chi_40 d)
#
#         PDG            Width
DECAY   1000004     1.20878783E+02   # scharm_L decays
#          BR         NDA      ID1       ID2
     8.71917312E-04    2     1000022         4   # BR(~c_L -> ~chi_10 c)
     4.13056506E-04    2     1000023         4   # BR(~c_L -> ~chi_20 c)
     1.59498895E-02    2     1000025         4   # BR(~c_L -> ~chi_30 c)
     3.24301193E-01    2     1000035         4   # BR(~c_L -> ~chi_40 c)
     1.28126929E-02    2     1000024         3   # BR(~c_L -> ~chi_1+ s)
     6.45651250E-01    2     1000037         3   # BR(~c_L -> ~chi_2+ s)
#
#         PDG            Width
DECAY   2000004     2.38456523E+01   # scharm_R decays
#          BR         NDA      ID1       ID2
     4.29014940E-02    2     1000022         4   # BR(~c_R -> ~chi_10 c)
     1.88169362E-03    2     1000023         4   # BR(~c_R -> ~chi_20 c)
     9.55128367E-01    2     1000025         4   # BR(~c_R -> ~chi_30 c)
     8.84450640E-05    2     1000035         4   # BR(~c_R -> ~chi_40 c)
#
#         PDG            Width
DECAY   1000003     1.20863629E+02   # sstrange_L decays
#          BR         NDA      ID1       ID2
     5.70499211E-03    2     1000022         3   # BR(~s_L -> ~chi_10 s)
     8.97557688E-04    2     1000023         3   # BR(~s_L -> ~chi_20 s)
     8.23531606E-03    2     1000025         3   # BR(~s_L -> ~chi_30 s)
     3.26732993E-01    2     1000035         3   # BR(~s_L -> ~chi_40 s)
     1.84699805E-03    2    -1000024         4   # BR(~s_L -> ~chi_1- c)
     6.56582143E-01    2    -1000037         4   # BR(~s_L -> ~chi_2- c)
#
#         PDG            Width
DECAY   2000003     5.96145915E+00   # sstrange_R decays
#          BR         NDA      ID1       ID2
     4.29014925E-02    2     1000022         3   # BR(~s_R -> ~chi_10 s)
     1.88169356E-03    2     1000023         3   # BR(~s_R -> ~chi_20 s)
     9.55128369E-01    2     1000025         3   # BR(~s_R -> ~chi_30 s)
     8.84450825E-05    2     1000035         3   # BR(~s_R -> ~chi_40 s)
#
#         PDG            Width
DECAY   1000011     1.32714344E+02   # selectron_L decays
#          BR         NDA      ID1       ID2
     2.47346387E-04    2     1000022        11   # BR(~e_L -> ~chi_10 e-)
     1.04216752E-04    2     1000023        11   # BR(~e_L -> ~chi_20 e-)
     1.07445009E-01    2     1000025        11   # BR(~e_L -> ~chi_30 e-)
     2.93007833E-01    2     1000035        11   # BR(~e_L -> ~chi_40 e-)
     1.68402125E-03    2    -1000024        12   # BR(~e_L -> ~chi_1- nu_e)
     5.97511574E-01    2    -1000037        12   # BR(~e_L -> ~chi_2- nu_e)
#
#         PDG            Width
DECAY   2000011     5.36950487E+01   # selectron_R decays
#          BR         NDA      ID1       ID2
     4.29191133E-02    2     1000022        11   # BR(~e_R -> ~chi_10 e-)
     1.88239267E-03    2     1000023        11   # BR(~e_R -> ~chi_20 e-)
     9.55110182E-01    2     1000025        11   # BR(~e_R -> ~chi_30 e-)
     8.83117718E-05    2     1000035        11   # BR(~e_R -> ~chi_40 e-)
#
#         PDG            Width
DECAY   1000013     1.32714344E+02   # smuon_L decays
#          BR         NDA      ID1       ID2
     2.47346387E-04    2     1000022        13   # BR(~mu_L -> ~chi_10 mu-)
     1.04216752E-04    2     1000023        13   # BR(~mu_L -> ~chi_20 mu-)
     1.07445009E-01    2     1000025        13   # BR(~mu_L -> ~chi_30 mu-)
     2.93007833E-01    2     1000035        13   # BR(~mu_L -> ~chi_40 mu-)
     1.68402125E-03    2    -1000024        14   # BR(~mu_L -> ~chi_1- nu_mu)
     5.97511574E-01    2    -1000037        14   # BR(~mu_L -> ~chi_2- nu_mu)
#
#         PDG            Width
DECAY   2000013     5.36950487E+01   # smuon_R decays
#          BR         NDA      ID1       ID2
     4.29191133E-02    2     1000022        13   # BR(~mu_R -> ~chi_10 mu-)
     1.88239267E-03    2     1000023        13   # BR(~mu_R -> ~chi_20 mu-)
     9.55110182E-01    2     1000025        13   # BR(~mu_R -> ~chi_30 mu-)
     8.83117718E-05    2     1000035        13   # BR(~mu_R -> ~chi_40 mu-)
#
#         PDG            Width
DECAY   1000015     9.60092173E+01   # stau_1 decays
#          BR         NDA      ID1       ID2
     3.50755748E-02    2     1000022        15   # BR(~tau_1 -> ~chi_10  tau-)
     5.74116698E-03    2     1000023        15   # BR(~tau_1 -> ~chi_20  tau-)
     3.35924209E-01    2     1000025        15   # BR(~tau_1 -> ~chi_30  tau-)
     1.99287044E-01    2     1000035        15   # BR(~tau_1 -> ~chi_40  tau-)
     1.74954479E-02    2    -1000024        16   # BR(~tau_1 -> ~chi_1-  nu_tau)
     4.06476558E-01    2    -1000037        16   # BR(~tau_1 -> ~chi_2-  nu_tau)
#
#         PDG            Width
DECAY   2000015     9.59662001E+01   # stau_2 decays
#          BR         NDA      ID1       ID2
     8.39981431E-03    2     1000022        15   # BR(~tau_2 -> ~chi_10  tau-)
     1.43981271E-02    2     1000023        15   # BR(~tau_2 -> ~chi_20  tau-)
     3.47451172E-01    2     1000025        15   # BR(~tau_2 -> ~chi_30  tau-)
     2.05935306E-01    2     1000035        15   # BR(~tau_2 -> ~chi_40  tau-)
     4.10572794E-03    2    -1000024        16   # BR(~tau_2 -> ~chi_1-  nu_tau)
     4.19709853E-01    2    -1000037        16   # BR(~tau_2 -> ~chi_2-  nu_tau)
#
#         PDG            Width
DECAY   1000012     1.32722662E+02   # snu_eL decays
#          BR         NDA      ID1       ID2
     1.34658839E-02    2     1000022        12   # BR(~nu_eL -> ~chi_10 nu_e)
     1.42914385E-03    2     1000023        12   # BR(~nu_eL -> ~chi_20 nu_e)
     8.63376562E-02    2     1000025        12   # BR(~nu_eL -> ~chi_30 nu_e)
     2.99487107E-01    2     1000035        12   # BR(~nu_eL -> ~chi_40 nu_e)
     1.16827806E-02    2     1000024        11   # BR(~nu_eL -> ~chi_1+ e-)
     5.87597428E-01    2     1000037        11   # BR(~nu_eL -> ~chi_2+ e-)
#
#         PDG            Width
DECAY   1000014     1.32722662E+02   # snu_muL decays
#          BR         NDA      ID1       ID2
     1.34658839E-02    2     1000022        14   # BR(~nu_muL -> ~chi_10 nu_mu)
     1.42914385E-03    2     1000023        14   # BR(~nu_muL -> ~chi_20 nu_mu)
     8.63376562E-02    2     1000025        14   # BR(~nu_muL -> ~chi_30 nu_mu)
     2.99487107E-01    2     1000035        14   # BR(~nu_muL -> ~chi_40 nu_mu)
     1.16827806E-02    2     1000024        13   # BR(~nu_muL -> ~chi_1+ mu-)
     5.87597428E-01    2     1000037        13   # BR(~nu_muL -> ~chi_2+ mu-)
#
#         PDG            Width
DECAY   1000016     1.34577953E+02   # snu_tauL decays
#          BR         NDA      ID1       ID2
     1.32802434E-02    2     1000022        16   # BR(~nu_tauL -> ~chi_10 nu_tau)
     1.40944169E-03    2     1000023        16   # BR(~nu_tauL -> ~chi_20 nu_tau)
     8.51474062E-02    2     1000025        16   # BR(~nu_tauL -> ~chi_30 nu_tau)
     2.95358381E-01    2     1000035        16   # BR(~nu_tauL -> ~chi_40 nu_tau)
     2.52697862E-02    2     1000024        15   # BR(~nu_tauL -> ~chi_1+ tau-)
     5.79534742E-01    2     1000037        15   # BR(~nu_tauL -> ~chi_2+ tau-)
#
#         PDG            Width
DECAY   1000024     7.36680029E-08   # chargino1+ decays
#           BR         NDA      ID1       ID2       ID3
     3.39474662E-01    3     1000022         2        -1   # BR(~chi_1+ -> ~chi_10 u    db)
     3.39474662E-01    3     1000022         4        -3   # BR(~chi_1+ -> ~chi_10 c    sb)
     1.13158316E-01    3     1000022       -11        12   # BR(~chi_1+ -> ~chi_10 e+   nu_e)
     1.13158316E-01    3     1000022       -13        14   # BR(~chi_1+ -> ~chi_10 mu+  nu_mu)
     9.47340437E-02    3     1000022       -15        16   # BR(~chi_1+ -> ~chi_10 tau+ nu_tau)
#
#         PDG            Width
DECAY   1000037     7.06912348E+00   # chargino2+ decays
#          BR         NDA      ID1       ID2
     2.53570309E-01    2     1000024        23   # BR(~chi_2+ -> ~chi_1+  Z )
     2.20093665E-01    2     1000022        24   # BR(~chi_2+ -> ~chi_10  W+)
     2.47466807E-01    2     1000023        24   # BR(~chi_2+ -> ~chi_20  W+)
     2.42485014E-02    2     1000025        24   # BR(~chi_2+ -> ~chi_30  W+)
     2.54620718E-01    2     1000024        25   # BR(~chi_2+ -> ~chi_1+  h )
#
#         PDG            Width
DECAY   1000022     0.00000000E+00   # neutralino1 decays
#
#         PDG            Width
DECAY   1000023     9.56540757E-07   # neutralino2 decays
#          BR         NDA      ID1       ID2
     5.50499568E-03    2     1000022        22   # BR(~chi_20 -> ~chi_10 gam)
#           BR         NDA      ID1       ID2       ID3
     1.22453253E-01    3     1000022        -2         2   # BR(~chi_20 -> ~chi_10 ub      u)
     1.59196298E-01    3     1000022        -1         1   # BR(~chi_20 -> ~chi_10 db      d)
     1.22453253E-01    3     1000022        -4         4   # BR(~chi_20 -> ~chi_10 cb      c)
     1.59196298E-01    3     1000022        -3         3   # BR(~chi_20 -> ~chi_10 sb      s)
     6.47088522E-02    3     1000022        -5         5   # BR(~chi_20 -> ~chi_10 bb      b)
     3.67432433E-02    3     1000022       -11        11   # BR(~chi_20 -> ~chi_10 e+      e-)
     3.67432433E-02    3     1000022       -13        13   # BR(~chi_20 -> ~chi_10 mu+     mu-)
     3.43073674E-02    3     1000022       -15        15   # BR(~chi_20 -> ~chi_10 tau+    tau-)
     7.34867102E-02    3     1000022       -12        12   # BR(~chi_20 -> ~chi_10 nu_eb   nu_e)
     7.34867102E-02    3     1000022       -14        14   # BR(~chi_20 -> ~chi_10 nu_mub  nu_mu)
     7.34867102E-02    3     1000022       -16        16   # BR(~chi_20 -> ~chi_10 nu_taub nu_tau)
     6.56687450E-03    3     1000024        -2         1   # BR(~chi_20 -> ~chi_1+ ub      d)
     6.56687450E-03    3    -1000024        -1         2   # BR(~chi_20 -> ~chi_1- db      u)
     6.56687450E-03    3     1000024        -4         3   # BR(~chi_20 -> ~chi_1+ cb      s)
     6.56687450E-03    3    -1000024        -3         4   # BR(~chi_20 -> ~chi_1- sb      c)
     2.18895911E-03    3     1000024       -12        11   # BR(~chi_20 -> ~chi_1+ nu_eb   e-)
     2.18895911E-03    3    -1000024        12       -11   # BR(~chi_20 -> ~chi_1- nu_e    e+)
     2.18895911E-03    3     1000024       -14        13   # BR(~chi_20 -> ~chi_1+ nu_mub  mu-)
     2.18895911E-03    3    -1000024        14       -13   # BR(~chi_20 -> ~chi_1- nu_mu   mu+)
     1.60486584E-03    3     1000024       -16        15   # BR(~chi_20 -> ~chi_1+ nu_taub tau-)
     1.60486584E-03    3    -1000024        16       -15   # BR(~chi_20 -> ~chi_1- nu_tau  tau+)
#
#         PDG            Width
DECAY   1000025     5.48691274E-01   # neutralino3 decays
#          BR         NDA      ID1       ID2
     1.67609723E-02    2     1000022        23   # BR(~chi_30 -> ~chi_10   Z )
     1.96904476E-01    2     1000023        23   # BR(~chi_30 -> ~chi_20   Z )
     2.94065734E-01    2     1000024       -24   # BR(~chi_30 -> ~chi_1+   W-)
     2.94065734E-01    2    -1000024        24   # BR(~chi_30 -> ~chi_1-   W+)
     1.95959263E-01    2     1000022        25   # BR(~chi_30 -> ~chi_10   h )
     2.24382106E-03    2     1000023        25   # BR(~chi_30 -> ~chi_20   h )
#
#         PDG            Width
DECAY   1000035     7.06750036E+00   # neutralino4 decays
#          BR         NDA      ID1       ID2
     3.93927679E-02    2     1000022        23   # BR(~chi_40 -> ~chi_10   Z )
     2.11380264E-01    2     1000023        23   # BR(~chi_40 -> ~chi_20   Z )
     2.46629566E-03    2     1000025        23   # BR(~chi_40 -> ~chi_30   Z )
     2.47160324E-01    2     1000024       -24   # BR(~chi_40 -> ~chi_1+   W-)
     2.47160324E-01    2    -1000024        24   # BR(~chi_40 -> ~chi_1-   W+)
     1.87500446E-01    2     1000022        25   # BR(~chi_40 -> ~chi_10   h )
     4.22191578E-02    2     1000023        25   # BR(~chi_40 -> ~chi_20   h )
     2.27204199E-02    2     1000025        25   # BR(~chi_40 -> ~chi_30   h )

