#
#                              ======================
#                              | THE SUSYHIT OUTPUT |
#                              ======================
#
#
#              ------------------------------------------------------
#              |     This is the output of the SUSY-HIT package     |
#              |  created by A.Djouadi, M.Muehlleitner and M.Spira. |
#              |  In case of problems with SUSY-HIT email to        |
#              |           margarete.muehlleitner@kit.edu           |
#              |           michael.spira@psi.ch                     |
#              |           abdelhak.djouadi@cern.ch                 |
#              ------------------------------------------------------
#
#              ------------------------------------------------------
#              |  SUSY Les Houches Accord - MSSM Spectrum + Decays  |
#              |              based on the decay programs           |
#              |                                                    |
#              |                     SDECAY 1.5                     |
#              |                                                    |
#              |  Authors: M.Muhlleitner, A.Djouadi and Y.Mambrini  |
#              |  Ref.:    Comput.Phys.Commun.168(2005)46           |
#              |           [hep-ph/0311167]                         |
#              |                                                    |
#              |                     HDECAY 3.4                     |
#              |                                                    |
#              |  By: A.Djouadi,J.Kalinowski,M.Muhlleitner,M.Spira  |
#              |  Ref.:    Comput.Phys.Commun.108(1998)56           |
#              |           [hep-ph/9704448]                         |
#              |                                                    |
#              |                                                    |
#              |  If not stated otherwise all DRbar couplings and   |
#              |  soft SUSY breaking masses are given at the scale  |
#              |  Q=  0.10000821E+05
#              |                                                    |
#              ------------------------------------------------------
#
#
BLOCK DCINFO  # Decay Program information
     1   SDECAY/HDECAY # decay calculator
     2   1.5  /3.4    # version number
#
BLOCK SPINFO  # Spectrum calculator information
     1   SuSpect     # RGE +Spectrum calculator            
     2   2.43         # version number                     
#
BLOCK MODSEL  # Model selection
     1     0   # #general MSSM low scale                           
#
BLOCK SMINPUTS  # Standard Model inputs
         1     1.27934000E+02   # alpha_em^-1(M_Z)^MSbar
         2     1.16639000E-05   # G_F [GeV^-2]
         3     1.17200000E-01   # alpha_S(M_Z)^MSbar
         4     9.11870000E+01   # M_Z pole mass
         5     4.25000000E+00   # mb(mb)^MSbar
         6     1.72500000E+02   # mt pole mass
         7     1.77710000E+00   # mtau pole mass
#
BLOCK MINPAR  # Input parameters - minimal models
         1     1.00000000E+02   # 2                   
         3     1.00000000E+01   # tanbeta(mZ)         
         4     1.00000000E+00   # sign(mu)            
#
BLOCK EXTPAR  # Input parameters - non-minimal models
         0     1.00008213E+04   # EWSB                
         1     1.20000000E+03   # M_1                 
         2     2.40000000E+03   # M_2                 
         3     1.00000000E+04   # M_3                 
        11    -1.00000000E+02   # A_t                 
        12    -1.00000000E+02   # A_b                 
        13    -2.51737263E+02   # A_tau               
        14    -6.77437438E+02   # A_u                 
        15    -8.59633345E+02   # A_d                 
        16    -2.53493493E+02   # A_e                 
        23     2.40000000E+02   # mu(EWSB)            
        25     1.00000000E+01   # tanbeta(in)         
        26     1.00000000E+04   # MA_pole             
        31     1.00000000E+04   # M_eL                
        32     1.00000000E+04   # M_muL               
        33     1.00000000E+04   # M_tauL              
        34     1.00000000E+04   # M_eR                
        35     1.00000000E+04   # M_muR               
        36     1.00000000E+04   # M_tauR              
        41     1.00000000E+04   # M_q1L               
        42     1.00000000E+04   # M_q2L               
        43     1.00000000E+04   # M_q3L               
        44     1.00000000E+04   # M_uR                
        45     1.00000000E+04   # M_cR                
        46     1.00000000E+04   # M_tR                
        47     1.00000000E+04   # M_dR                
        48     1.00000000E+04   # M_sR                
        49     1.00000000E+04   # M_bR                
#
BLOCK MASS  # Mass Spectrum
# PDG code           mass       particle
        24     8.04927564E+01   # W+
        25     1.25566974E+02   # h
        35     1.00000492E+04   # H
        36     1.00000000E+04   # A
        37     1.00007723E+04   # H+
         5     4.87884274E+00   # b-quark pole mass calculated from mb(mb)_Msbar
   1000001     1.03038386E+04   # ~d_L
   2000001     1.03037139E+04   # ~d_R
   1000002     1.03035579E+04   # ~u_L
   2000002     1.03036196E+04   # ~u_R
   1000003     1.03038386E+04   # ~s_L
   2000003     1.03037139E+04   # ~s_R
   1000004     1.03035579E+04   # ~c_L
   2000004     1.03036196E+04   # ~c_R
   1000005     1.03035078E+04   # ~b_1
   2000005     1.03040452E+04   # ~b_2
   1000006     1.01876967E+04   # ~t_1
   2000006     1.03084003E+04   # ~t_2
   1000011     1.00000960E+04   # ~e_L
   2000011     1.00000972E+04   # ~e_R
   1000012     9.99980677E+03   # ~nu_eL
   1000013     1.00000960E+04   # ~mu_L
   2000013     1.00000972E+04   # ~mu_R
   1000014     9.99980677E+03   # ~nu_muL
   1000015     9.99987789E+03   # ~tau_1
   2000015     1.00003156E+04   # ~tau_2
   1000016     9.99980677E+03   # ~nu_tauL
   1000021     1.05489396E+04   # ~g
   1000022     2.46976578E+02   # ~chi_10
   1000023    -2.51202384E+02   # ~chi_20
   1000025     1.19283805E+03   # ~chi_30
   1000035     2.52986337E+03   # ~chi_40
   1000024     2.49081142E+02   # ~chi_1+
   1000037     2.52986296E+03   # ~chi_2+
#
BLOCK NMIX  # Neutralino Mixing Matrix
  1  1     3.65769281E-02   # N_11
  1  2    -2.61143268E-02   # N_12
  1  3     7.09640485E-01   # N_13
  1  4    -7.03129115E-01   # N_14
  2  1     1.95081682E-02   # N_21
  2  2    -1.74629847E-02   # N_22
  2  3    -7.04430182E-01   # N_23
  2  4    -7.09290204E-01   # N_24
  3  1     9.99139865E-01   # N_31
  3  2     2.34153598E-03   # N_32
  3  3    -1.22182972E-02   # N_33
  3  4     3.95570608E-02   # N_34
  4  1     1.04418749E-03   # N_41
  4  2    -9.99503678E-01   # N_42
  4  3    -6.26204759E-03   # N_43
  4  4     3.08560063E-02   # N_44
#
BLOCK UMIX  # Chargino Mixing Matrix U
  1  1    -8.85036952E-03   # U_11
  1  2     9.99960835E-01   # U_12
  2  1     9.99960835E-01   # U_21
  2  2     8.85036952E-03   # U_22
#
BLOCK VMIX  # Chargino Mixing Matrix V
  1  1    -4.36301056E-02   # V_11
  1  2     9.99047754E-01   # V_12
  2  1     9.99047754E-01   # V_21
  2  2     4.36301056E-02   # V_22
#
BLOCK STOPMIX  # Stop Mixing Matrix
  1  1     3.93516421E-02   # cos(theta_t)
  1  2     9.99225424E-01   # sin(theta_t)
  2  1    -9.99225424E-01   # -sin(theta_t)
  2  2     3.93516421E-02   # cos(theta_t)
#
BLOCK SBOTMIX  # Sbottom Mixing Matrix
  1  1     6.19728030E-01   # cos(theta_b)
  1  2     7.84816647E-01   # sin(theta_b)
  2  1    -7.84816647E-01   # -sin(theta_b)
  2  2     6.19728030E-01   # cos(theta_b)
#
BLOCK STAUMIX  # Stau Mixing Matrix
  1  1     7.08109633E-01   # cos(theta_tau)
  1  2     7.06102505E-01   # sin(theta_tau)
  2  1    -7.06102505E-01   # -sin(theta_tau)
  2  2     7.08109633E-01   # cos(theta_tau)
#
BLOCK ALPHA  # Higgs mixing
          -1.05957446E-01   # Mixing angle in the neutral Higgs boson sector
#
BLOCK HMIX Q=  1.00008213E+04  # DRbar Higgs Parameters
         1     2.40000000E+02   # mu(Q)               
         2     9.40467203E+00   # tanbeta(Q)          
         3     2.42422198E+02   # vev(Q)              
         4     9.95446677E+07   # MA^2(Q)             
#
BLOCK GAUGE Q=  1.00008213E+04  # The gauge couplings
     1     3.67954407E-01   # gprime(Q) DRbar
     2     6.34595217E-01   # g(Q) DRbar
     3     9.55377373E-01   # g3(Q) DRbar
#
BLOCK AU Q=  1.00008213E+04  # The trilinear couplings
  1  1    -6.77437438E+02   # A_u(Q) DRbar
  2  2    -6.77437438E+02   # A_c(Q) DRbar
  3  3    -1.00000000E+02   # A_t(Q) DRbar
#
BLOCK AD Q=  1.00008213E+04  # The trilinear couplings
  1  1    -8.59633345E+02   # A_d(Q) DRbar
  2  2    -8.59633345E+02   # A_s(Q) DRbar
  3  3    -1.00000000E+02   # A_b(Q) DRbar
#
BLOCK AE Q=  1.00008213E+04  # The trilinear couplings
  1  1    -2.53493493E+02   # A_e(Q) DRbar
  2  2    -2.53493493E+02   # A_mu(Q) DRbar
  3  3    -2.51737263E+02   # A_tau(Q) DRbar
#
BLOCK Yu Q=  1.00008213E+04  # The Yukawa couplings
  1  1     0.00000000E+00   # y_u(Q) DRbar
  2  2     0.00000000E+00   # y_c(Q) DRbar
  3  3     7.94936672E-01   # y_t(Q) DRbar
#
BLOCK Yd Q=  1.00008213E+04  # The Yukawa couplings
  1  1     0.00000000E+00   # y_d(Q) DRbar
  2  2     0.00000000E+00   # y_s(Q) DRbar
  3  3     1.26087115E-01   # y_b(Q) DRbar
#
BLOCK Ye Q=  1.00008213E+04  # The Yukawa couplings
  1  1     0.00000000E+00   # y_e(Q) DRbar
  2  2     0.00000000E+00   # y_mu(Q) DRbar
  3  3     9.62655968E-02   # y_tau(Q) DRbar
#
BLOCK MSOFT Q=  1.00008213E+04  # The soft SUSY breaking masses at the scale Q
         1     1.20000000E+03   # M_1                 
         2     2.40000000E+03   # M_2                 
         3     1.00000000E+04   # M_3                 
        14    -6.77437438E+02   # A_u                 
        15    -8.59633345E+02   # A_d                 
        16    -2.53493493E+02   # A_e                 
        21     9.85805626E+07   # M^2_Hd              
        22     3.36961885E+06   # M^2_Hu              
        31     1.00000000E+04   # M_eL                
        32     1.00000000E+04   # M_muL               
        33     1.00000000E+04   # M_tauL              
        34     1.00000000E+04   # M_eR                
        35     1.00000000E+04   # M_muR               
        36     1.00000000E+04   # M_tauR              
        41     1.00000000E+04   # M_q1L               
        42     1.00000000E+04   # M_q2L               
        43     1.00000000E+04   # M_q3L               
        44     1.00000000E+04   # M_uR                
        45     1.00000000E+04   # M_cR                
        46     1.00000000E+04   # M_tR                
        47     1.00000000E+04   # M_dR                
        48     1.00000000E+04   # M_sR                
        49     1.00000000E+04   # M_bR                
#
#
#
#                             =================
#                             |The decay table|
#                             =================
#
# - The QCD corrections to the decays gluino -> squark  + quark
#                                     squark -> gaugino + quark_prime
#                                     squark -> squark_prime + Higgs
#                                     squark -> gluino  + quark
#   are included.
#
# - The multi-body decays for the inos, stops and sbottoms are included.
#
# - The loop induced decays for the gluino, neutralinos and stops
#   are included.
#
# - The SUSY decays of the top quark are included.
#
#
#         PDG            Width
DECAY         6     1.39385484E+00   # top decays
#          BR         NDA      ID1       ID2
     1.00000000E+00    2           5        24   # BR(t ->  b    W+)
#
#         PDG            Width
DECAY   1000021     5.01287054E+00   # gluino decays
#          BR         NDA      ID1       ID2
     3.99875651E-02    2     1000001        -1   # BR(~g -> ~d_L  db)
     3.99875651E-02    2    -1000001         1   # BR(~g -> ~d_L* d )
     4.00277857E-02    2     2000001        -1   # BR(~g -> ~d_R  db)
     4.00277857E-02    2    -2000001         1   # BR(~g -> ~d_R* d )
     4.00781294E-02    2     1000002        -2   # BR(~g -> ~u_L  ub)
     4.00781294E-02    2    -1000002         2   # BR(~g -> ~u_L* u )
     4.00582141E-02    2     2000002        -2   # BR(~g -> ~u_R  ub)
     4.00582141E-02    2    -2000002         2   # BR(~g -> ~u_R* u )
     3.99875651E-02    2     1000003        -3   # BR(~g -> ~s_L  sb)
     3.99875651E-02    2    -1000003         3   # BR(~g -> ~s_L* s )
     4.00277857E-02    2     2000003        -3   # BR(~g -> ~s_R  sb)
     4.00277857E-02    2    -2000003         3   # BR(~g -> ~s_R* s )
     4.00781294E-02    2     1000004        -4   # BR(~g -> ~c_L  cb)
     4.00781294E-02    2    -1000004         4   # BR(~g -> ~c_L* c )
     4.00582141E-02    2     2000004        -4   # BR(~g -> ~c_R  cb)
     4.00582141E-02    2    -2000004         4   # BR(~g -> ~c_R* c )
     3.94296163E-02    2     1000005        -5   # BR(~g -> ~b_1  bb)
     3.94296163E-02    2    -1000005         5   # BR(~g -> ~b_1* b )
     4.05753112E-02    2     2000005        -5   # BR(~g -> ~b_2  bb)
     4.05753112E-02    2    -2000005         5   # BR(~g -> ~b_2* b )
     6.95154297E-02    2     1000006        -6   # BR(~g -> ~t_1  tb)
     6.95154297E-02    2    -1000006         6   # BR(~g -> ~t_1* t )
     3.01762541E-02    2     2000006        -6   # BR(~g -> ~t_2  tb)
     3.01762541E-02    2    -2000006         6   # BR(~g -> ~t_2* t )
#
#         PDG            Width
DECAY   1000006     2.73152045E+02   # stop1 decays
#          BR         NDA      ID1       ID2
     2.27783272E-01    2     1000022         6   # BR(~t_1 -> ~chi_10 t )
     2.31221265E-01    2     1000023         6   # BR(~t_1 -> ~chi_20 t )
     8.37913876E-02    2     1000025         6   # BR(~t_1 -> ~chi_30 t )
    -1.21936239E-04    2     1000035         6   # BR(~t_1 -> ~chi_40 t )
     4.57571956E-01    2     1000024         5   # BR(~t_1 -> ~chi_1+ b )
    -2.45943449E-04    2     1000037         5   # BR(~t_1 -> ~chi_2+ b )
#
#         PDG            Width
DECAY   2000006     2.37546113E+02   # stop2 decays
#          BR         NDA      ID1       ID2
     2.61627436E-01    2     1000022         6   # BR(~t_2 -> ~chi_10 t )
     2.66775179E-01    2     1000023         6   # BR(~t_2 -> ~chi_20 t )
     8.54600894E-03    2     1000025         6   # BR(~t_2 -> ~chi_30 t )
     1.50228847E-01    2     1000035         6   # BR(~t_2 -> ~chi_40 t )
     1.35277446E-02    2     1000024         5   # BR(~t_2 -> ~chi_1+ b )
     2.99296356E-01    2     1000037         5   # BR(~t_2 -> ~chi_2+ b )
    -1.57158094E-06    2     1000006        23   # BR(~t_2 -> ~t_1    Z )
#
#         PDG            Width
DECAY   1000005     1.11660511E+02   # sbottom1 decays
#          BR         NDA      ID1       ID2
     1.79414302E-02    2     1000022         5   # BR(~b_1 -> ~chi_10 b )
     1.21636331E-02    2     1000023         5   # BR(~b_1 -> ~chi_20 b )
     3.39988086E-02    2     1000025         5   # BR(~b_1 -> ~chi_30 b )
     1.39653895E-01    2     1000035         5   # BR(~b_1 -> ~chi_40 b )
     5.15852820E-01    2    -1000024         6   # BR(~b_1 -> ~chi_1- t )
     2.80399266E-01    2    -1000037         6   # BR(~b_1 -> ~chi_2- t )
    -9.85358230E-06    2     1000006       -24   # BR(~b_1 -> ~t_1    W-)
#
#         PDG            Width
DECAY   2000005     1.37862273E+02   # sbottom2 decays
#          BR         NDA      ID1       ID2
     9.06992945E-03    2     1000022         5   # BR(~b_2 -> ~chi_10 b )
     1.31792366E-02    2     1000023         5   # BR(~b_2 -> ~chi_20 b )
     2.49689192E-02    2     1000025         5   # BR(~b_2 -> ~chi_30 b )
     1.43879444E-01    2     1000035         5   # BR(~b_2 -> ~chi_40 b )
     5.20036402E-01    2    -1000024         6   # BR(~b_2 -> ~chi_1- t )
     2.88879275E-01    2    -1000037         6   # BR(~b_2 -> ~chi_2- t )
    -1.32061343E-05    2     1000006       -24   # BR(~b_2 -> ~t_1    W-)
#
#         PDG            Width
DECAY   1000002     1.07826890E+02   # sup_L decays
#          BR         NDA      ID1       ID2
     1.34427135E-04    2     1000022         2   # BR(~u_L -> ~chi_10 u)
     6.94837176E-05    2     1000023         2   # BR(~u_L -> ~chi_20 u)
     1.38184823E-02    2     1000025         2   # BR(~u_L -> ~chi_30 u)
     3.28300158E-01    2     1000035         2   # BR(~u_L -> ~chi_40 u)
     1.41099169E-03    2     1000024         1   # BR(~u_L -> ~chi_1+ d)
     6.56266457E-01    2     1000037         1   # BR(~u_L -> ~chi_2+ d)
#
#         PDG            Width
DECAY   2000002     2.33134614E+01   # sup_R decays
#          BR         NDA      ID1       ID2
     1.37068508E-03    2     1000022         2   # BR(~u_R -> ~chi_10 u)
     3.89890232E-04    2     1000023         2   # BR(~u_R -> ~chi_20 u)
     9.98238434E-01    2     1000025         2   # BR(~u_R -> ~chi_30 u)
     9.90899854E-07    2     1000035         2   # BR(~u_R -> ~chi_40 u)
#
#         PDG            Width
DECAY   1000001     1.07811740E+02   # sdown_L decays
#          BR         NDA      ID1       ID2
     4.08178802E-04    2     1000022         1   # BR(~d_L -> ~chi_10 d)
     1.67119160E-04    2     1000023         1   # BR(~d_L -> ~chi_20 d)
     1.31663955E-02    2     1000025         1   # BR(~d_L -> ~chi_30 d)
     3.28621475E-01    2     1000035         1   # BR(~d_L -> ~chi_40 d)
     5.80691941E-05    2    -1000024         2   # BR(~d_L -> ~chi_1- u)
     6.57578762E-01    2    -1000037         2   # BR(~d_L -> ~chi_2- u)
#
#         PDG            Width
DECAY   2000001     5.82841338E+00   # sdown_R decays
#          BR         NDA      ID1       ID2
     1.37068442E-03    2     1000022         1   # BR(~d_R -> ~chi_10 d)
     3.89890045E-04    2     1000023         1   # BR(~d_R -> ~chi_20 d)
     9.98238435E-01    2     1000025         1   # BR(~d_R -> ~chi_30 d)
     9.90901698E-07    2     1000035         1   # BR(~d_R -> ~chi_40 d)
#
#         PDG            Width
DECAY   1000004     1.07826890E+02   # scharm_L decays
#          BR         NDA      ID1       ID2
     1.34427135E-04    2     1000022         4   # BR(~c_L -> ~chi_10 c)
     6.94837176E-05    2     1000023         4   # BR(~c_L -> ~chi_20 c)
     1.38184823E-02    2     1000025         4   # BR(~c_L -> ~chi_30 c)
     3.28300158E-01    2     1000035         4   # BR(~c_L -> ~chi_40 c)
     1.41099169E-03    2     1000024         3   # BR(~c_L -> ~chi_1+ s)
     6.56266457E-01    2     1000037         3   # BR(~c_L -> ~chi_2+ s)
#
#         PDG            Width
DECAY   2000004     2.33134614E+01   # scharm_R decays
#          BR         NDA      ID1       ID2
     1.37068508E-03    2     1000022         4   # BR(~c_R -> ~chi_10 c)
     3.89890232E-04    2     1000023         4   # BR(~c_R -> ~chi_20 c)
     9.98238434E-01    2     1000025         4   # BR(~c_R -> ~chi_30 c)
     9.90899854E-07    2     1000035         4   # BR(~c_R -> ~chi_40 c)
#
#         PDG            Width
DECAY   1000003     1.07811740E+02   # sstrange_L decays
#          BR         NDA      ID1       ID2
     4.08178802E-04    2     1000022         3   # BR(~s_L -> ~chi_10 s)
     1.67119160E-04    2     1000023         3   # BR(~s_L -> ~chi_20 s)
     1.31663955E-02    2     1000025         3   # BR(~s_L -> ~chi_30 s)
     3.28621475E-01    2     1000035         3   # BR(~s_L -> ~chi_40 s)
     5.80691941E-05    2    -1000024         4   # BR(~s_L -> ~chi_1- c)
     6.57578762E-01    2    -1000037         4   # BR(~s_L -> ~chi_2- c)
#
#         PDG            Width
DECAY   2000003     5.82841338E+00   # sstrange_R decays
#          BR         NDA      ID1       ID2
     1.37068442E-03    2     1000022         3   # BR(~s_R -> ~chi_10 s)
     3.89890045E-04    2     1000023         3   # BR(~s_R -> ~chi_20 s)
     9.98238435E-01    2     1000025         3   # BR(~s_R -> ~chi_30 s)
     9.90901698E-07    2     1000035         3   # BR(~s_R -> ~chi_40 s)
#
#         PDG            Width
DECAY   1000011     1.18382289E+02   # selectron_L decays
#          BR         NDA      ID1       ID2
     8.13491974E-06    2     1000022        11   # BR(~e_L -> ~chi_10 e-)
     1.27892974E-05    2     1000023        11   # BR(~e_L -> ~chi_20 e-)
     1.11253692E-01    2     1000025        11   # BR(~e_L -> ~chi_30 e-)
     2.95804355E-01    2     1000035        11   # BR(~e_L -> ~chi_40 e-)
     5.29449979E-05    2    -1000024        12   # BR(~e_L -> ~chi_1- nu_e)
     5.92868084E-01    2    -1000037        12   # BR(~e_L -> ~chi_2- nu_e)
#
#         PDG            Width
DECAY   2000011     5.23510910E+01   # selectron_R decays
#          BR         NDA      ID1       ID2
     1.37502670E-03    2     1000022        11   # BR(~e_R -> ~chi_10 e-)
     3.91121204E-04    2     1000023        11   # BR(~e_R -> ~chi_20 e-)
     9.98232869E-01    2     1000025        11   # BR(~e_R -> ~chi_30 e-)
     9.82957023E-07    2     1000035        11   # BR(~e_R -> ~chi_40 e-)
#
#         PDG            Width
DECAY   1000013     1.18382289E+02   # smuon_L decays
#          BR         NDA      ID1       ID2
     8.13491974E-06    2     1000022        13   # BR(~mu_L -> ~chi_10 mu-)
     1.27892974E-05    2     1000023        13   # BR(~mu_L -> ~chi_20 mu-)
     1.11253692E-01    2     1000025        13   # BR(~mu_L -> ~chi_30 mu-)
     2.95804355E-01    2     1000035        13   # BR(~mu_L -> ~chi_40 mu-)
     5.29449979E-05    2    -1000024        14   # BR(~mu_L -> ~chi_1- nu_mu)
     5.92868084E-01    2    -1000037        14   # BR(~mu_L -> ~chi_2- nu_mu)
#
#         PDG            Width
DECAY   2000013     5.23510910E+01   # smuon_R decays
#          BR         NDA      ID1       ID2
     1.37502670E-03    2     1000022        13   # BR(~mu_R -> ~chi_10 mu-)
     3.91121204E-04    2     1000023        13   # BR(~mu_R -> ~chi_20 mu-)
     9.98232869E-01    2     1000025        13   # BR(~mu_R -> ~chi_30 mu-)
     9.82957023E-07    2     1000035        13   # BR(~mu_R -> ~chi_40 mu-)
#
#         PDG            Width
DECAY   1000015     8.82400813E+01   # stau_1 decays
#          BR         NDA      ID1       ID2
     1.41872756E-02    2     1000022        15   # BR(~tau_1 -> ~chi_10  tau-)
     8.50732382E-03    2     1000023        15   # BR(~tau_1 -> ~chi_20  tau-)
     3.69455863E-01    2     1000025        15   # BR(~tau_1 -> ~chi_30  tau-)
     1.98448905E-01    2     1000035        15   # BR(~tau_1 -> ~chi_40  tau-)
     1.16561266E-02    2    -1000024        16   # BR(~tau_1 -> ~chi_1-  nu_tau)
     3.97744506E-01    2    -1000037        16   # BR(~tau_1 -> ~chi_2-  nu_tau)
#
#         PDG            Width
DECAY   2000015     8.80173159E+01   # stau_2 decays
#          BR         NDA      ID1       ID2
     7.67640130E-03    2     1000022        15   # BR(~tau_2 -> ~chi_10  tau-)
     1.24828797E-02    2     1000023        15   # BR(~tau_2 -> ~chi_20  tau-)
     3.72980819E-01    2     1000025        15   # BR(~tau_2 -> ~chi_30  tau-)
     1.98904464E-01    2     1000035        15   # BR(~tau_2 -> ~chi_40  tau-)
     9.30426396E-03    2    -1000024        16   # BR(~tau_2 -> ~chi_1-  nu_tau)
     3.98651172E-01    2    -1000037        16   # BR(~tau_2 -> ~chi_2-  nu_tau)
#
#         PDG            Width
DECAY   1000012     1.18389928E+02   # snu_eL decays
#          BR         NDA      ID1       ID2
     7.56792832E-04    2     1000022        12   # BR(~nu_eL -> ~chi_10 nu_e)
     2.79790071E-04    2     1000023        12   # BR(~nu_eL -> ~chi_20 nu_e)
     1.09459061E-01    2     1000025        12   # BR(~nu_eL -> ~chi_30 nu_e)
     2.96491901E-01    2     1000035        12   # BR(~nu_eL -> ~chi_40 nu_e)
     1.28657184E-03    2     1000024        11   # BR(~nu_eL -> ~chi_1+ e-)
     5.91725883E-01    2     1000037        11   # BR(~nu_eL -> ~chi_2+ e-)
#
#         PDG            Width
DECAY   1000014     1.18389928E+02   # snu_muL decays
#          BR         NDA      ID1       ID2
     7.56792832E-04    2     1000022        14   # BR(~nu_muL -> ~chi_10 nu_mu)
     2.79790071E-04    2     1000023        14   # BR(~nu_muL -> ~chi_20 nu_mu)
     1.09459061E-01    2     1000025        14   # BR(~nu_muL -> ~chi_30 nu_mu)
     2.96491901E-01    2     1000035        14   # BR(~nu_muL -> ~chi_40 nu_mu)
     1.28657184E-03    2     1000024        13   # BR(~nu_muL -> ~chi_1+ mu-)
     5.91725883E-01    2     1000037        13   # BR(~nu_muL -> ~chi_2+ mu-)
#
#         PDG            Width
DECAY   1000016     1.20231215E+02   # snu_tauL decays
#          BR         NDA      ID1       ID2
     7.45202889E-04    2     1000022        16   # BR(~nu_tauL -> ~chi_10 nu_tau)
     2.75505211E-04    2     1000023        16   # BR(~nu_tauL -> ~chi_20 nu_tau)
     1.07782744E-01    2     1000025        16   # BR(~nu_tauL -> ~chi_30 nu_tau)
     2.91951261E-01    2     1000035        16   # BR(~nu_tauL -> ~chi_40 nu_tau)
     1.65802605E-02    2     1000024        15   # BR(~nu_tauL -> ~chi_1+ tau-)
     5.82665027E-01    2     1000037        15   # BR(~nu_tauL -> ~chi_2+ tau-)
#
#         PDG            Width
DECAY   1000024     4.23770294E-11   # chargino1+ decays
#           BR         NDA      ID1       ID2       ID3
     3.74623844E-01    3     1000022         2        -1   # BR(~chi_1+ -> ~chi_10 u    db)
     3.74623844E-01    3     1000022         4        -3   # BR(~chi_1+ -> ~chi_10 c    sb)
     1.24874623E-01    3     1000022       -11        12   # BR(~chi_1+ -> ~chi_10 e+   nu_e)
     1.24874623E-01    3     1000022       -13        14   # BR(~chi_1+ -> ~chi_10 mu+  nu_mu)
     1.00306518E-03    3     1000022       -15        16   # BR(~chi_1+ -> ~chi_10 tau+ nu_tau)
#
#         PDG            Width
DECAY   1000037     1.98656272E+01   # chargino2+ decays
#          BR         NDA      ID1       ID2
     2.51935976E-01    2     1000024        23   # BR(~chi_2+ -> ~chi_1+  Z )
     2.39395849E-01    2     1000022        24   # BR(~chi_2+ -> ~chi_10  W+)
     2.43551044E-01    2     1000023        24   # BR(~chi_2+ -> ~chi_20  W+)
     1.50698403E-03    2     1000025        24   # BR(~chi_2+ -> ~chi_30  W+)
     2.63610147E-01    2     1000024        25   # BR(~chi_2+ -> ~chi_1+  h )
#
#         PDG            Width
DECAY   1000022     0.00000000E+00   # neutralino1 decays
#
#         PDG            Width
DECAY   1000023     1.27926057E-09   # neutralino2 decays
#          BR         NDA      ID1       ID2
     8.64933374E-02    2     1000022        22   # BR(~chi_20 -> ~chi_10 gam)
#           BR         NDA      ID1       ID2       ID3
     1.19925017E-01    3     1000022        -2         2   # BR(~chi_20 -> ~chi_10 ub      u)
     1.55993186E-01    3     1000022        -1         1   # BR(~chi_20 -> ~chi_10 db      d)
     1.19925017E-01    3     1000022        -4         4   # BR(~chi_20 -> ~chi_10 cb      c)
     1.55993186E-01    3     1000022        -3         3   # BR(~chi_20 -> ~chi_10 sb      s)
     3.60711712E-02    3     1000022       -11        11   # BR(~chi_20 -> ~chi_10 e+      e-)
     3.60711712E-02    3     1000022       -13        13   # BR(~chi_20 -> ~chi_10 mu+     mu-)
     4.19262704E-03    3     1000022       -15        15   # BR(~chi_20 -> ~chi_10 tau+    tau-)
     7.21393805E-02    3     1000022       -12        12   # BR(~chi_20 -> ~chi_10 nu_eb   nu_e)
     7.21393805E-02    3     1000022       -14        14   # BR(~chi_20 -> ~chi_10 nu_mub  nu_mu)
     7.21393805E-02    3     1000022       -16        16   # BR(~chi_20 -> ~chi_10 nu_taub nu_tau)
     1.29070853E-02    3     1000024        -2         1   # BR(~chi_20 -> ~chi_1+ ub      d)
     1.29070853E-02    3    -1000024        -1         2   # BR(~chi_20 -> ~chi_1- db      u)
     1.29070853E-02    3     1000024        -4         3   # BR(~chi_20 -> ~chi_1+ cb      s)
     1.29070853E-02    3    -1000024        -3         4   # BR(~chi_20 -> ~chi_1- sb      c)
     4.30236201E-03    3     1000024       -12        11   # BR(~chi_20 -> ~chi_1+ nu_eb   e-)
     4.30236201E-03    3    -1000024        12       -11   # BR(~chi_20 -> ~chi_1- nu_e    e+)
     4.30236201E-03    3     1000024       -14        13   # BR(~chi_20 -> ~chi_1+ nu_mub  mu-)
     4.30236201E-03    3    -1000024        14       -13   # BR(~chi_20 -> ~chi_1- nu_mu   mu+)
     3.96780540E-05    3     1000024       -16        15   # BR(~chi_20 -> ~chi_1+ nu_taub tau-)
     3.96780540E-05    3    -1000024        16       -15   # BR(~chi_20 -> ~chi_1- nu_tau  tau+)
#
#         PDG            Width
DECAY   1000025     3.21633280E+00   # neutralino3 decays
#          BR         NDA      ID1       ID2
     5.49976197E-02    2     1000022        23   # BR(~chi_30 -> ~chi_10   Z )
     1.97643563E-01    2     1000023        23   # BR(~chi_30 -> ~chi_20   Z )
     2.45037773E-01    2     1000024       -24   # BR(~chi_30 -> ~chi_1+   W-)
     2.45037773E-01    2    -1000024        24   # BR(~chi_30 -> ~chi_1-   W+)
     2.00817514E-01    2     1000022        25   # BR(~chi_30 -> ~chi_10   h )
     5.64657564E-02    2     1000023        25   # BR(~chi_30 -> ~chi_20   h )
#
#         PDG            Width
DECAY   1000035     1.98651808E+01   # neutralino4 decays
#          BR         NDA      ID1       ID2
     7.59278463E-02    2     1000022        23   # BR(~chi_40 -> ~chi_10   Z )
     1.75965109E-01    2     1000023        23   # BR(~chi_40 -> ~chi_20   Z )
     1.62478190E-04    2     1000025        23   # BR(~chi_40 -> ~chi_30   Z )
     2.42319893E-01    2     1000024       -24   # BR(~chi_40 -> ~chi_1+   W-)
     2.42319893E-01    2    -1000024        24   # BR(~chi_40 -> ~chi_1-   W+)
     1.80968309E-01    2     1000022        25   # BR(~chi_40 -> ~chi_10   h )
     8.08646149E-02    2     1000023        25   # BR(~chi_40 -> ~chi_20   h )
     1.47185556E-03    2     1000025        25   # BR(~chi_40 -> ~chi_30   h )

