#
#                              ======================
#                              | THE SUSYHIT OUTPUT |
#                              ======================
#
#
#              ------------------------------------------------------
#              |     This is the output of the SUSY-HIT package     |
#              |  created by A.Djouadi, M.Muehlleitner and M.Spira. |
#              |  In case of problems with SUSY-HIT email to        |
#              |           margarete.muehlleitner@kit.edu           |
#              |           michael.spira@psi.ch                     |
#              |           abdelhak.djouadi@cern.ch                 |
#              ------------------------------------------------------
#
#              ------------------------------------------------------
#              |  SUSY Les Houches Accord - MSSM Spectrum + Decays  |
#              |              based on the decay programs           |
#              |                                                    |
#              |                     SDECAY 1.5                     |
#              |                                                    |
#              |  Authors: M.Muhlleitner, A.Djouadi and Y.Mambrini  |
#              |  Ref.:    Comput.Phys.Commun.168(2005)46           |
#              |           [hep-ph/0311167]                         |
#              |                                                    |
#              |                     HDECAY 3.4                     |
#              |                                                    |
#              |  By: A.Djouadi,J.Kalinowski,M.Muhlleitner,M.Spira  |
#              |  Ref.:    Comput.Phys.Commun.108(1998)56           |
#              |           [hep-ph/9704448]                         |
#              |                                                    |
#              |                                                    |
#              |  If not stated otherwise all DRbar couplings and   |
#              |  soft SUSY breaking masses are given at the scale  |
#              |  Q=  0.10000821E+05
#              |                                                    |
#              ------------------------------------------------------
#
#
BLOCK DCINFO  # Decay Program information
     1   SDECAY/HDECAY # decay calculator
     2   1.5  /3.4    # version number
#
BLOCK SPINFO  # Spectrum calculator information
     1   SuSpect     # RGE +Spectrum calculator            
     2   2.43         # version number                     
#
BLOCK MODSEL  # Model selection
     1     0   # #general MSSM low scale                           
#
BLOCK SMINPUTS  # Standard Model inputs
         1     1.27934000E+02   # alpha_em^-1(M_Z)^MSbar
         2     1.16639000E-05   # G_F [GeV^-2]
         3     1.17200000E-01   # alpha_S(M_Z)^MSbar
         4     9.11870000E+01   # M_Z pole mass
         5     4.25000000E+00   # mb(mb)^MSbar
         6     1.72500000E+02   # mt pole mass
         7     1.77710000E+00   # mtau pole mass
#
BLOCK MINPAR  # Input parameters - minimal models
         1     1.00000000E+02   # 2                   
         3     1.00000000E+01   # tanbeta(mZ)         
         4     1.00000000E+00   # sign(mu)            
#
BLOCK EXTPAR  # Input parameters - non-minimal models
         0     1.00008212E+04   # EWSB                
         1     6.00000000E+02   # M_1                 
         2     1.20000000E+03   # M_2                 
         3     1.00000000E+04   # M_3                 
        11    -1.00000000E+02   # A_t                 
        12    -1.00000000E+02   # A_b                 
        13    -2.51737263E+02   # A_tau               
        14    -6.77437438E+02   # A_u                 
        15    -8.59633345E+02   # A_d                 
        16    -2.53493493E+02   # A_e                 
        23     1.60000000E+02   # mu(EWSB)            
        25     1.00000000E+01   # tanbeta(in)         
        26     1.00000000E+04   # MA_pole             
        31     1.00000000E+04   # M_eL                
        32     1.00000000E+04   # M_muL               
        33     1.00000000E+04   # M_tauL              
        34     1.00000000E+04   # M_eR                
        35     1.00000000E+04   # M_muR               
        36     1.00000000E+04   # M_tauR              
        41     1.00000000E+04   # M_q1L               
        42     1.00000000E+04   # M_q2L               
        43     1.00000000E+04   # M_q3L               
        44     1.00000000E+04   # M_uR                
        45     1.00000000E+04   # M_cR                
        46     1.00000000E+04   # M_tR                
        47     1.00000000E+04   # M_dR                
        48     1.00000000E+04   # M_sR                
        49     1.00000000E+04   # M_bR                
#
BLOCK MASS  # Mass Spectrum
# PDG code           mass       particle
        24     8.04869494E+01   # W+
        25     1.26227136E+02   # h
        35     1.00000504E+04   # H
        36     1.00000000E+04   # A
        37     1.00007713E+04   # H+
         5     4.87884274E+00   # b-quark pole mass calculated from mb(mb)_Msbar
   1000001     1.03038424E+04   # ~d_L
   2000001     1.03037177E+04   # ~d_R
   1000002     1.03035617E+04   # ~u_L
   2000002     1.03036239E+04   # ~u_R
   1000003     1.03038424E+04   # ~s_L
   2000003     1.03037177E+04   # ~s_R
   1000004     1.03035617E+04   # ~c_L
   2000004     1.03036239E+04   # ~c_R
   1000005     1.03035917E+04   # ~b_1
   2000005     1.03039689E+04   # ~b_2
   1000006     1.01869099E+04   # ~t_1
   2000006     1.03065523E+04   # ~t_2
   1000011     1.00000963E+04   # ~e_L
   2000011     1.00000967E+04   # ~e_R
   1000012     9.99980701E+03   # ~nu_eL
   1000013     1.00000963E+04   # ~mu_L
   2000013     1.00000967E+04   # ~mu_R
   1000014     9.99980701E+03   # ~nu_muL
   1000015     9.99994350E+03   # ~tau_1
   2000015     1.00002498E+04   # ~tau_2
   1000016     9.99980701E+03   # ~nu_tauL
   1000021     1.05489473E+04   # ~g
   1000022     1.60997460E+02   # ~chi_10
   1000023    -1.69525981E+02   # ~chi_20
   1000025     5.98769351E+02   # ~chi_30
   1000035     1.29123175E+03   # ~chi_40
   1000024     1.65283978E+02   # ~chi_1+
   1000037     1.29122881E+03   # ~chi_2+
#
BLOCK NMIX  # Neutralino Mixing Matrix
  1  1     7.84145423E-02   # N_11
  1  2    -5.23162887E-02   # N_12
  1  3     7.14064409E-01   # N_13
  1  4    -6.93704682E-01   # N_14
  2  1     3.69425957E-02   # N_21
  2  2    -3.35599927E-02   # N_22
  2  3    -6.99283425E-01   # N_23
  2  4    -7.13100037E-01   # N_24
  3  1     9.96228181E-01   # N_31
  3  2     9.34646350E-03   # N_32
  3  3    -3.02171915E-02   # N_33
  3  4     8.08020836E-02   # N_34
  4  1     3.97692268E-03   # N_41
  4  2    -9.98022733E-01   # N_42
  4  3    -1.41997537E-02   # N_43
  4  4     6.10997105E-02   # N_44
#
BLOCK UMIX  # Chargino Mixing Matrix U
  1  1    -2.00390290E-02   # U_11
  1  2     9.99799198E-01   # U_12
  2  1     9.99799198E-01   # U_21
  2  2     2.00390290E-02   # U_22
#
BLOCK VMIX  # Chargino Mixing Matrix V
  1  1    -8.63589778E-02   # V_11
  1  2     9.96264085E-01   # V_12
  2  1     9.96264085E-01   # V_21
  2  2     8.63589778E-02   # V_22
#
BLOCK STOPMIX  # Stop Mixing Matrix
  1  1     3.86787481E-02   # cos(theta_t)
  1  2     9.99251697E-01   # sin(theta_t)
  2  1    -9.99251697E-01   # -sin(theta_t)
  2  2     3.86787481E-02   # cos(theta_t)
#
BLOCK SBOTMIX  # Sbottom Mixing Matrix
  1  1     5.78468269E-01   # cos(theta_b)
  1  2     8.15704886E-01   # sin(theta_b)
  2  1    -8.15704886E-01   # -sin(theta_b)
  2  2     5.78468269E-01   # cos(theta_b)
#
BLOCK STAUMIX  # Stau Mixing Matrix
  1  1     7.07516335E-01   # cos(theta_tau)
  1  2     7.06696990E-01   # sin(theta_tau)
  2  1    -7.06696990E-01   # -sin(theta_tau)
  2  2     7.07516335E-01   # cos(theta_tau)
#
BLOCK ALPHA  # Higgs mixing
          -1.05993100E-01   # Mixing angle in the neutral Higgs boson sector
#
BLOCK HMIX Q=  1.00008212E+04  # DRbar Higgs Parameters
         1     1.60000000E+02   # mu(Q)               
         2     9.40150728E+00   # tanbeta(Q)          
         3     2.41675194E+02   # vev(Q)              
         4     9.93637283E+07   # MA^2(Q)             
#
BLOCK GAUGE Q=  1.00008212E+04  # The gauge couplings
     1     3.68021034E-01   # gprime(Q) DRbar
     2     6.36650605E-01   # g(Q) DRbar
     3     9.55383631E-01   # g3(Q) DRbar
#
BLOCK AU Q=  1.00008212E+04  # The trilinear couplings
  1  1    -6.77437438E+02   # A_u(Q) DRbar
  2  2    -6.77437438E+02   # A_c(Q) DRbar
  3  3    -1.00000000E+02   # A_t(Q) DRbar
#
BLOCK AD Q=  1.00008212E+04  # The trilinear couplings
  1  1    -8.59633345E+02   # A_d(Q) DRbar
  2  2    -8.59633345E+02   # A_s(Q) DRbar
  3  3    -1.00000000E+02   # A_b(Q) DRbar
#
BLOCK AE Q=  1.00008212E+04  # The trilinear couplings
  1  1    -2.53493493E+02   # A_e(Q) DRbar
  2  2    -2.53493493E+02   # A_mu(Q) DRbar
  3  3    -2.51737263E+02   # A_tau(Q) DRbar
#
BLOCK Yu Q=  1.00008212E+04  # The Yukawa couplings
  1  1     0.00000000E+00   # y_u(Q) DRbar
  2  2     0.00000000E+00   # y_c(Q) DRbar
  3  3     7.97300557E-01   # y_t(Q) DRbar
#
BLOCK Yd Q=  1.00008212E+04  # The Yukawa couplings
  1  1     0.00000000E+00   # y_d(Q) DRbar
  2  2     0.00000000E+00   # y_s(Q) DRbar
  3  3     1.26482729E-01   # y_b(Q) DRbar
#
BLOCK Ye Q=  1.00008212E+04  # The Yukawa couplings
  1  1     0.00000000E+00   # y_e(Q) DRbar
  2  2     0.00000000E+00   # y_mu(Q) DRbar
  3  3     9.64990768E-02   # y_tau(Q) DRbar
#
BLOCK MSOFT Q=  1.00008212E+04  # The soft SUSY breaking masses at the scale Q
         1     6.00000000E+02   # M_1                 
         2     1.20000000E+03   # M_2                 
         3     1.00000000E+04   # M_3                 
        14    -6.77437438E+02   # A_u                 
        15    -8.59633345E+02   # A_d                 
        16    -2.53493493E+02   # A_e                 
        21     9.86412930E+07   # M^2_Hd              
        22     3.53107619E+06   # M^2_Hu              
        31     1.00000000E+04   # M_eL                
        32     1.00000000E+04   # M_muL               
        33     1.00000000E+04   # M_tauL              
        34     1.00000000E+04   # M_eR                
        35     1.00000000E+04   # M_muR               
        36     1.00000000E+04   # M_tauR              
        41     1.00000000E+04   # M_q1L               
        42     1.00000000E+04   # M_q2L               
        43     1.00000000E+04   # M_q3L               
        44     1.00000000E+04   # M_uR                
        45     1.00000000E+04   # M_cR                
        46     1.00000000E+04   # M_tR                
        47     1.00000000E+04   # M_dR                
        48     1.00000000E+04   # M_sR                
        49     1.00000000E+04   # M_bR                
#
#
#
#                             =================
#                             |The decay table|
#                             =================
#
# - The QCD corrections to the decays gluino -> squark  + quark
#                                     squark -> gaugino + quark_prime
#                                     squark -> squark_prime + Higgs
#                                     squark -> gluino  + quark
#   are included.
#
# - The multi-body decays for the inos, stops and sbottoms are included.
#
# - The loop induced decays for the gluino, neutralinos and stops
#   are included.
#
# - The SUSY decays of the top quark are included.
#
#
#         PDG            Width
DECAY         6     1.40315229E+00   # top decays
#          BR         NDA      ID1       ID2
     1.00000000E+00    2           5        24   # BR(t ->  b    W+)
#
#         PDG            Width
DECAY   1000021     5.02344700E+00   # gluino decays
#          BR         NDA      ID1       ID2
     3.99048627E-02    2     1000001        -1   # BR(~g -> ~d_L  db)
     3.99048627E-02    2    -1000001         1   # BR(~g -> ~d_L* d )
     3.99449994E-02    2     2000001        -1   # BR(~g -> ~d_R  db)
     3.99449994E-02    2    -2000001         1   # BR(~g -> ~d_R* d )
     3.99952383E-02    2     1000002        -2   # BR(~g -> ~u_L  ub)
     3.99952383E-02    2    -1000002         2   # BR(~g -> ~u_L* u )
     3.99752035E-02    2     2000002        -2   # BR(~g -> ~u_R  ub)
     3.99752035E-02    2    -2000002         2   # BR(~g -> ~u_R* u )
     3.99048627E-02    2     1000003        -3   # BR(~g -> ~s_L  sb)
     3.99048627E-02    2    -1000003         3   # BR(~g -> ~s_L* s )
     3.99449994E-02    2     2000003        -3   # BR(~g -> ~s_R  sb)
     3.99449994E-02    2    -2000003         3   # BR(~g -> ~s_R* s )
     3.99952383E-02    2     1000004        -4   # BR(~g -> ~c_L  cb)
     3.99952383E-02    2    -1000004         4   # BR(~g -> ~c_L* c )
     3.99752035E-02    2     2000004        -4   # BR(~g -> ~c_R  cb)
     3.99752035E-02    2    -2000004         4   # BR(~g -> ~c_R* c )
     3.93005861E-02    2     1000005        -5   # BR(~g -> ~b_1  bb)
     3.93005861E-02    2    -1000005         5   # BR(~g -> ~b_1* b )
     4.05391745E-02    2     2000005        -5   # BR(~g -> ~b_2  bb)
     4.05391745E-02    2    -2000005         5   # BR(~g -> ~b_2* b )
     6.97412886E-02    2     1000006        -6   # BR(~g -> ~t_1  tb)
     6.97412886E-02    2    -1000006         6   # BR(~g -> ~t_1* t )
     3.07783430E-02    2     2000006        -6   # BR(~g -> ~t_2  tb)
     3.07783430E-02    2    -2000006         6   # BR(~g -> ~t_2* t )
#
#         PDG            Width
DECAY   1000006     2.75245274E+02   # stop1 decays
#          BR         NDA      ID1       ID2
     2.23315818E-01    2     1000022         6   # BR(~t_1 -> ~chi_10 t )
     2.34273631E-01    2     1000023         6   # BR(~t_1 -> ~chi_20 t )
     8.56844892E-02    2     1000025         6   # BR(~t_1 -> ~chi_30 t )
    -8.53522900E-05    2     1000035         6   # BR(~t_1 -> ~chi_40 t )
     4.56983633E-01    2     1000024         5   # BR(~t_1 -> ~chi_1+ b )
    -1.72219520E-04    2     1000037         5   # BR(~t_1 -> ~chi_2+ b )
#
#         PDG            Width
DECAY   2000006     2.49300691E+02   # stop2 decays
#          BR         NDA      ID1       ID2
     2.42784824E-01    2     1000022         6   # BR(~t_2 -> ~chi_10 t )
     2.57851848E-01    2     1000023         6   # BR(~t_2 -> ~chi_20 t )
     1.22704369E-02    2     1000025         6   # BR(~t_2 -> ~chi_30 t )
     1.59842348E-01    2     1000035         6   # BR(~t_2 -> ~chi_40 t )
     1.20080759E-02    2     1000024         5   # BR(~t_2 -> ~chi_1+ b )
     3.15243792E-01    2     1000037         5   # BR(~t_2 -> ~chi_2+ b )
    -1.32505206E-06    2     1000006        23   # BR(~t_2 -> ~t_1    Z )
#
#         PDG            Width
DECAY   1000005     1.18562844E+02   # sbottom1 decays
#          BR         NDA      ID1       ID2
     2.14624724E-02    2     1000022         5   # BR(~b_1 -> ~chi_10 b )
     9.72968923E-03    2     1000023         5   # BR(~b_1 -> ~chi_20 b )
     3.08197040E-02    2     1000025         5   # BR(~b_1 -> ~chi_30 b )
     1.46281402E-01    2     1000035         5   # BR(~b_1 -> ~chi_40 b )
     4.94961718E-01    2    -1000024         6   # BR(~b_1 -> ~chi_1- t )
     2.96753118E-01    2    -1000037         6   # BR(~b_1 -> ~chi_2- t )
    -8.10348992E-06    2     1000006       -24   # BR(~b_1 -> ~t_1    W-)
#
#         PDG            Width
DECAY   2000005     1.42901735E+02   # sbottom2 decays
#          BR         NDA      ID1       ID2
     6.57349242E-03    2     1000022         5   # BR(~b_2 -> ~chi_10 b )
     1.43568801E-02    2     1000023         5   # BR(~b_2 -> ~chi_20 b )
     2.50903246E-02    2     1000025         5   # BR(~b_2 -> ~chi_30 b )
     1.51462330E-01    2     1000035         5   # BR(~b_2 -> ~chi_40 b )
     4.95333178E-01    2    -1000024         6   # BR(~b_2 -> ~chi_1- t )
     3.07197466E-01    2    -1000037         6   # BR(~b_2 -> ~chi_2- t )
    -1.36711046E-05    2     1000006       -24   # BR(~b_2 -> ~t_1    W-)
#
#         PDG            Width
DECAY   1000002     1.18749429E+02   # sup_L decays
#          BR         NDA      ID1       ID2
     4.69134872E-04    2     1000022         2   # BR(~u_L -> ~chi_10 u)
     2.36925806E-04    2     1000023         2   # BR(~u_L -> ~chi_20 u)
     1.36576573E-02    2     1000025         2   # BR(~u_L -> ~chi_30 u)
     3.27294556E-01    2     1000035         2   # BR(~u_L -> ~chi_40 u)
     5.05461095E-03    2     1000024         1   # BR(~u_L -> ~chi_1+ d)
     6.53287115E-01    2     1000037         1   # BR(~u_L -> ~chi_2+ d)
#
#         PDG            Width
DECAY   2000002     2.37758480E+01   # sup_R decays
#          BR         NDA      ID1       ID2
     6.18247120E-03    2     1000022         2   # BR(~u_R -> ~chi_10 u)
     1.37216892E-03    2     1000023         2   # BR(~u_R -> ~chi_20 u)
     9.92429917E-01    2     1000025         2   # BR(~u_R -> ~chi_30 u)
     1.54432153E-05    2     1000035         2   # BR(~u_R -> ~chi_40 u)
#
#         PDG            Width
DECAY   1000001     1.18734008E+02   # sdown_L decays
#          BR         NDA      ID1       ID2
     1.54087616E-03    2     1000022         1   # BR(~d_L -> ~chi_10 d)
     5.60824422E-04    2     1000023         1   # BR(~d_L -> ~chi_20 d)
     1.12406894E-02    2     1000025         1   # BR(~d_L -> ~chi_30 d)
     3.28352091E-01    2     1000035         1   # BR(~d_L -> ~chi_40 d)
     2.72202757E-04    2    -1000024         2   # BR(~d_L -> ~chi_1- u)
     6.58033317E-01    2    -1000037         2   # BR(~d_L -> ~chi_2- u)
#
#         PDG            Width
DECAY   2000001     5.94400850E+00   # sdown_R decays
#          BR         NDA      ID1       ID2
     6.18247049E-03    2     1000022         1   # BR(~d_R -> ~chi_10 d)
     1.37216877E-03    2     1000023         1   # BR(~d_R -> ~chi_20 d)
     9.92429918E-01    2     1000025         1   # BR(~d_R -> ~chi_30 d)
     1.54432224E-05    2     1000035         1   # BR(~d_R -> ~chi_40 d)
#
#         PDG            Width
DECAY   1000004     1.18749429E+02   # scharm_L decays
#          BR         NDA      ID1       ID2
     4.69134872E-04    2     1000022         4   # BR(~c_L -> ~chi_10 c)
     2.36925806E-04    2     1000023         4   # BR(~c_L -> ~chi_20 c)
     1.36576573E-02    2     1000025         4   # BR(~c_L -> ~chi_30 c)
     3.27294556E-01    2     1000035         4   # BR(~c_L -> ~chi_40 c)
     5.05461095E-03    2     1000024         3   # BR(~c_L -> ~chi_1+ s)
     6.53287115E-01    2     1000037         3   # BR(~c_L -> ~chi_2+ s)
#
#         PDG            Width
DECAY   2000004     2.37758480E+01   # scharm_R decays
#          BR         NDA      ID1       ID2
     6.18247120E-03    2     1000022         4   # BR(~c_R -> ~chi_10 c)
     1.37216892E-03    2     1000023         4   # BR(~c_R -> ~chi_20 c)
     9.92429917E-01    2     1000025         4   # BR(~c_R -> ~chi_30 c)
     1.54432153E-05    2     1000035         4   # BR(~c_R -> ~chi_40 c)
#
#         PDG            Width
DECAY   1000003     1.18734008E+02   # sstrange_L decays
#          BR         NDA      ID1       ID2
     1.54087616E-03    2     1000022         3   # BR(~s_L -> ~chi_10 s)
     5.60824422E-04    2     1000023         3   # BR(~s_L -> ~chi_20 s)
     1.12406894E-02    2     1000025         3   # BR(~s_L -> ~chi_30 s)
     3.28352091E-01    2     1000035         3   # BR(~s_L -> ~chi_40 s)
     2.72202757E-04    2    -1000024         4   # BR(~s_L -> ~chi_1- c)
     6.58033317E-01    2    -1000037         4   # BR(~s_L -> ~chi_2- c)
#
#         PDG            Width
DECAY   2000003     5.94400850E+00   # sstrange_R decays
#          BR         NDA      ID1       ID2
     6.18247049E-03    2     1000022         3   # BR(~s_R -> ~chi_10 s)
     1.37216877E-03    2     1000023         3   # BR(~s_R -> ~chi_20 s)
     9.92429918E-01    2     1000025         3   # BR(~s_R -> ~chi_30 s)
     1.54432224E-05    2     1000035         3   # BR(~s_R -> ~chi_40 s)
#
#         PDG            Width
DECAY   1000011     1.30342628E+02   # selectron_L decays
#          BR         NDA      ID1       ID2
     1.50979057E-05    2     1000022        11   # BR(~e_L -> ~chi_10 e-)
     4.60519428E-05    2     1000023        11   # BR(~e_L -> ~chi_20 e-)
     1.05182895E-01    2     1000025        11   # BR(~e_L -> ~chi_30 e-)
     2.96547575E-01    2     1000035        11   # BR(~e_L -> ~chi_40 e-)
     2.48293985E-04    2    -1000024        12   # BR(~e_L -> ~chi_1- nu_e)
     5.97960086E-01    2    -1000037        12   # BR(~e_L -> ~chi_2- nu_e)
#
#         PDG            Width
DECAY   2000011     5.35071215E+01   # selectron_R decays
#          BR         NDA      ID1       ID2
     6.18965002E-03    2     1000022        11   # BR(~e_R -> ~chi_10 e-)
     1.37373573E-03    2     1000023        11   # BR(~e_R -> ~chi_20 e-)
     9.92421212E-01    2     1000025        11   # BR(~e_R -> ~chi_30 e-)
     1.54024116E-05    2     1000035        11   # BR(~e_R -> ~chi_40 e-)
#
#         PDG            Width
DECAY   1000013     1.30342628E+02   # smuon_L decays
#          BR         NDA      ID1       ID2
     1.50979057E-05    2     1000022        13   # BR(~mu_L -> ~chi_10 mu-)
     4.60519428E-05    2     1000023        13   # BR(~mu_L -> ~chi_20 mu-)
     1.05182895E-01    2     1000025        13   # BR(~mu_L -> ~chi_30 mu-)
     2.96547575E-01    2     1000035        13   # BR(~mu_L -> ~chi_40 mu-)
     2.48293985E-04    2    -1000024        14   # BR(~mu_L -> ~chi_1- nu_mu)
     5.97960086E-01    2    -1000037        14   # BR(~mu_L -> ~chi_2- nu_mu)
#
#         PDG            Width
DECAY   2000013     5.35071215E+01   # smuon_R decays
#          BR         NDA      ID1       ID2
     6.18965002E-03    2     1000022        13   # BR(~mu_R -> ~chi_10 mu-)
     1.37373573E-03    2     1000023        13   # BR(~mu_R -> ~chi_20 mu-)
     9.92421212E-01    2     1000025        13   # BR(~mu_R -> ~chi_30 mu-)
     1.54024116E-05    2     1000035        13   # BR(~mu_R -> ~chi_40 mu-)
#
#         PDG            Width
DECAY   1000015     9.47576697E+01   # stau_1 decays
#          BR         NDA      ID1       ID2
     1.80752254E-02    2     1000022        15   # BR(~tau_1 -> ~chi_10  tau-)
     6.47344258E-03    2     1000023        15   # BR(~tau_1 -> ~chi_20  tau-)
     3.50765630E-01    2     1000025        15   # BR(~tau_1 -> ~chi_30  tau-)
     2.02944432E-01    2     1000035        15   # BR(~tau_1 -> ~chi_40  tau-)
     1.25084663E-02    2    -1000024        16   # BR(~tau_1 -> ~chi_1-  nu_tau)
     4.09232804E-01    2    -1000037        16   # BR(~tau_1 -> ~chi_2-  nu_tau)
#
#         PDG            Width
DECAY   2000015     9.46467639E+01   # stau_2 decays
#          BR         NDA      ID1       ID2
     5.37387499E-03    2     1000022        15   # BR(~tau_2 -> ~chi_10  tau-)
     1.34911355E-02    2     1000023        15   # BR(~tau_2 -> ~chi_20  tau-)
     3.54761733E-01    2     1000025        15   # BR(~tau_2 -> ~chi_30  tau-)
     2.05224220E-01    2     1000035        15   # BR(~tau_2 -> ~chi_40  tau-)
     7.37397479E-03    2    -1000024        16   # BR(~tau_2 -> ~chi_1-  nu_tau)
     4.13775061E-01    2    -1000037        16   # BR(~tau_2 -> ~chi_2-  nu_tau)
#
#         PDG            Width
DECAY   1000012     1.30350840E+02   # snu_eL decays
#          BR         NDA      ID1       ID2
     2.94747540E-03    2     1000022        12   # BR(~nu_eL -> ~chi_10 nu_e)
     9.32206022E-04    2     1000023        12   # BR(~nu_eL -> ~chi_20 nu_e)
     9.85617117E-02    2     1000025        12   # BR(~nu_eL -> ~chi_30 nu_e)
     2.99264431E-01    2     1000035        12   # BR(~nu_eL -> ~chi_40 nu_e)
     4.61092329E-03    2     1000024        11   # BR(~nu_eL -> ~chi_1+ e-)
     5.93683253E-01    2     1000037        11   # BR(~nu_eL -> ~chi_2+ e-)
#
#         PDG            Width
DECAY   1000014     1.30350840E+02   # snu_muL decays
#          BR         NDA      ID1       ID2
     2.94747540E-03    2     1000022        14   # BR(~nu_muL -> ~chi_10 nu_mu)
     9.32206022E-04    2     1000023        14   # BR(~nu_muL -> ~chi_20 nu_mu)
     9.85617117E-02    2     1000025        14   # BR(~nu_muL -> ~chi_30 nu_mu)
     2.99264431E-01    2     1000035        14   # BR(~nu_muL -> ~chi_40 nu_mu)
     4.61092329E-03    2     1000024        13   # BR(~nu_muL -> ~chi_1+ mu-)
     5.93683253E-01    2     1000037        13   # BR(~nu_muL -> ~chi_2+ mu-)
#
#         PDG            Width
DECAY   1000016     1.32202350E+02   # snu_tauL decays
#          BR         NDA      ID1       ID2
     2.90619564E-03    2     1000022        16   # BR(~nu_tauL -> ~chi_10 nu_tau)
     9.19150361E-04    2     1000023        16   # BR(~nu_tauL -> ~chi_20 nu_tau)
     9.71813428E-02    2     1000025        16   # BR(~nu_tauL -> ~chi_30 nu_tau)
     2.95073196E-01    2     1000035        16   # BR(~nu_tauL -> ~chi_40 nu_tau)
     1.85459007E-02    2     1000024        15   # BR(~nu_tauL -> ~chi_1+ tau-)
     5.85374215E-01    2     1000037        15   # BR(~nu_tauL -> ~chi_2+ tau-)
#
#         PDG            Width
DECAY   1000024     1.54464957E-09   # chargino1+ decays
#           BR         NDA      ID1       ID2       ID3
     3.55577354E-01    3     1000022         2        -1   # BR(~chi_1+ -> ~chi_10 u    db)
     3.55577354E-01    3     1000022         4        -3   # BR(~chi_1+ -> ~chi_10 c    sb)
     1.18525816E-01    3     1000022       -11        12   # BR(~chi_1+ -> ~chi_10 e+   nu_e)
     1.18525816E-01    3     1000022       -13        14   # BR(~chi_1+ -> ~chi_10 mu+  nu_mu)
     5.17936612E-02    3     1000022       -15        16   # BR(~chi_1+ -> ~chi_10 tau+ nu_tau)
#
#         PDG            Width
DECAY   1000037     1.02295920E+01   # chargino2+ decays
#          BR         NDA      ID1       ID2
     2.52298785E-01    2     1000024        23   # BR(~chi_2+ -> ~chi_1+  Z )
     2.33997416E-01    2     1000022        24   # BR(~chi_2+ -> ~chi_10  W+)
     2.47189630E-01    2     1000023        24   # BR(~chi_2+ -> ~chi_20  W+)
     6.16353641E-03    2     1000025        24   # BR(~chi_2+ -> ~chi_30  W+)
     2.60350633E-01    2     1000024        25   # BR(~chi_2+ -> ~chi_1+  h )
#
#         PDG            Width
DECAY   1000022     0.00000000E+00   # neutralino1 decays
#
#         PDG            Width
DECAY   1000023     3.93497321E-08   # neutralino2 decays
#          BR         NDA      ID1       ID2
     2.29561620E-02    2     1000022        22   # BR(~chi_20 -> ~chi_10 gam)
#           BR         NDA      ID1       ID2       ID3
     1.24848809E-01    3     1000022        -2         2   # BR(~chi_20 -> ~chi_10 ub      u)
     1.62330741E-01    3     1000022        -1         1   # BR(~chi_20 -> ~chi_10 db      d)
     1.24848809E-01    3     1000022        -4         4   # BR(~chi_20 -> ~chi_10 cb      c)
     1.62330741E-01    3     1000022        -3         3   # BR(~chi_20 -> ~chi_10 sb      s)
     3.74822618E-02    3     1000022       -11        11   # BR(~chi_20 -> ~chi_10 e+      e-)
     3.74822618E-02    3     1000022       -13        13   # BR(~chi_20 -> ~chi_10 mu+     mu-)
     2.83048616E-02    3     1000022       -15        15   # BR(~chi_20 -> ~chi_10 tau+    tau-)
     7.49643576E-02    3     1000022       -12        12   # BR(~chi_20 -> ~chi_10 nu_eb   nu_e)
     7.49643576E-02    3     1000022       -14        14   # BR(~chi_20 -> ~chi_10 nu_mub  nu_mu)
     7.49643576E-02    3     1000022       -16        16   # BR(~chi_20 -> ~chi_10 nu_taub nu_tau)
     1.32615193E-02    3     1000024        -2         1   # BR(~chi_20 -> ~chi_1+ ub      d)
     1.32615193E-02    3    -1000024        -1         2   # BR(~chi_20 -> ~chi_1- db      u)
     1.32615193E-02    3     1000024        -4         3   # BR(~chi_20 -> ~chi_1+ cb      s)
     1.32615193E-02    3    -1000024        -3         4   # BR(~chi_20 -> ~chi_1- sb      c)
     4.42050734E-03    3     1000024       -12        11   # BR(~chi_20 -> ~chi_1+ nu_eb   e-)
     4.42050734E-03    3    -1000024        12       -11   # BR(~chi_20 -> ~chi_1- nu_e    e+)
     4.42050734E-03    3     1000024       -14        13   # BR(~chi_20 -> ~chi_1+ nu_mub  mu-)
     4.42050734E-03    3    -1000024        14       -13   # BR(~chi_20 -> ~chi_1- nu_mu   mu+)
     1.89708751E-03    3     1000024       -16        15   # BR(~chi_20 -> ~chi_1+ nu_taub tau-)
     1.89708751E-03    3    -1000024        16       -15   # BR(~chi_20 -> ~chi_1- nu_tau  tau+)
#
#         PDG            Width
DECAY   1000025     1.53031278E+00   # neutralino3 decays
#          BR         NDA      ID1       ID2
     4.47838045E-02    2     1000022        23   # BR(~chi_30 -> ~chi_10   Z )
     2.08619878E-01    2     1000023        23   # BR(~chi_30 -> ~chi_20   Z )
     2.55140254E-01    2     1000024       -24   # BR(~chi_30 -> ~chi_1+   W-)
     2.55140254E-01    2    -1000024        24   # BR(~chi_30 -> ~chi_1-   W+)
     1.95792969E-01    2     1000022        25   # BR(~chi_30 -> ~chi_10   h )
     4.05228397E-02    2     1000023        25   # BR(~chi_30 -> ~chi_20   h )
#
#         PDG            Width
DECAY   1000035     1.02286701E+01   # neutralino4 decays
#          BR         NDA      ID1       ID2
     6.77887995E-02    2     1000022        23   # BR(~chi_40 -> ~chi_10   Z )
     1.84187847E-01    2     1000023        23   # BR(~chi_40 -> ~chi_20   Z )
     6.83903308E-04    2     1000025        23   # BR(~chi_40 -> ~chi_30   Z )
     2.44083278E-01    2     1000024       -24   # BR(~chi_40 -> ~chi_1+   W-)
     2.44083278E-01    2    -1000024        24   # BR(~chi_40 -> ~chi_1-   W+)
     1.79609977E-01    2     1000022        25   # BR(~chi_40 -> ~chi_10   h )
     7.36591749E-02    2     1000023        25   # BR(~chi_40 -> ~chi_20   h )
     5.90374292E-03    2     1000025        25   # BR(~chi_40 -> ~chi_30   h )

