#
#                              ======================
#                              | THE SUSYHIT OUTPUT |
#                              ======================
#
#
#              ------------------------------------------------------
#              |     This is the output of the SUSY-HIT package     |
#              |  created by A.Djouadi, M.Muehlleitner and M.Spira. |
#              |  In case of problems with SUSY-HIT email to        |
#              |           margarete.muehlleitner@kit.edu           |
#              |           michael.spira@psi.ch                     |
#              |           abdelhak.djouadi@cern.ch                 |
#              ------------------------------------------------------
#
#              ------------------------------------------------------
#              |  SUSY Les Houches Accord - MSSM Spectrum + Decays  |
#              |              based on the decay programs           |
#              |                                                    |
#              |                     SDECAY 1.5                     |
#              |                                                    |
#              |  Authors: M.Muhlleitner, A.Djouadi and Y.Mambrini  |
#              |  Ref.:    Comput.Phys.Commun.168(2005)46           |
#              |           [hep-ph/0311167]                         |
#              |                                                    |
#              |                     HDECAY 3.4                     |
#              |                                                    |
#              |  By: A.Djouadi,J.Kalinowski,M.Muhlleitner,M.Spira  |
#              |  Ref.:    Comput.Phys.Commun.108(1998)56           |
#              |           [hep-ph/9704448]                         |
#              |                                                    |
#              |                                                    |
#              |  If not stated otherwise all DRbar couplings and   |
#              |  soft SUSY breaking masses are given at the scale  |
#              |  Q=  0.10000821E+05
#              |                                                    |
#              ------------------------------------------------------
#
#
BLOCK DCINFO  # Decay Program information
     1   SDECAY/HDECAY # decay calculator
     2   1.5  /3.4    # version number
#
BLOCK SPINFO  # Spectrum calculator information
     1   SuSpect     # RGE +Spectrum calculator            
     2   2.43         # version number                     
#
BLOCK MODSEL  # Model selection
     1     0   # #general MSSM low scale                           
#
BLOCK SMINPUTS  # Standard Model inputs
         1     1.27934000E+02   # alpha_em^-1(M_Z)^MSbar
         2     1.16639000E-05   # G_F [GeV^-2]
         3     1.17200000E-01   # alpha_S(M_Z)^MSbar
         4     9.11870000E+01   # M_Z pole mass
         5     4.25000000E+00   # mb(mb)^MSbar
         6     1.72500000E+02   # mt pole mass
         7     1.77710000E+00   # mtau pole mass
#
BLOCK MINPAR  # Input parameters - minimal models
         1     1.00000000E+02   # 2                   
         3     1.00000000E+01   # tanbeta(mZ)         
         4     1.00000000E+00   # sign(mu)            
#
BLOCK EXTPAR  # Input parameters - non-minimal models
         0     1.00008209E+04   # EWSB                
         1     1.00000000E+03   # M_1                 
         2     2.00000000E+03   # M_2                 
         3     1.00000000E+04   # M_3                 
        11    -1.00000000E+02   # A_t                 
        12    -1.00000000E+02   # A_b                 
        13    -2.51737263E+02   # A_tau               
        14    -6.77437438E+02   # A_u                 
        15    -8.59633345E+02   # A_d                 
        16    -2.53493493E+02   # A_e                 
        23     1.20000000E+02   # mu(EWSB)            
        25     1.00000000E+01   # tanbeta(in)         
        26     1.00000000E+04   # MA_pole             
        31     1.00000000E+04   # M_eL                
        32     1.00000000E+04   # M_muL               
        33     1.00000000E+04   # M_tauL              
        34     1.00000000E+04   # M_eR                
        35     1.00000000E+04   # M_muR               
        36     1.00000000E+04   # M_tauR              
        41     1.00000000E+04   # M_q1L               
        42     1.00000000E+04   # M_q2L               
        43     1.00000000E+04   # M_q3L               
        44     1.00000000E+04   # M_uR                
        45     1.00000000E+04   # M_cR                
        46     1.00000000E+04   # M_tR                
        47     1.00000000E+04   # M_dR                
        48     1.00000000E+04   # M_sR                
        49     1.00000000E+04   # M_bR                
#
BLOCK MASS  # Mass Spectrum
# PDG code           mass       particle
        24     8.04921662E+01   # W+
        25     1.25780068E+02   # h
        35     1.00000503E+04   # H
        36     1.00000000E+04   # A
        37     1.00007743E+04   # H+
         5     4.87884274E+00   # b-quark pole mass calculated from mb(mb)_Msbar
   1000001     1.03038411E+04   # ~d_L
   2000001     1.03037162E+04   # ~d_R
   1000002     1.03035598E+04   # ~u_L
   2000002     1.03036219E+04   # ~u_R
   1000003     1.03038411E+04   # ~s_L
   2000003     1.03037162E+04   # ~s_R
   1000004     1.03035598E+04   # ~c_L
   2000004     1.03036219E+04   # ~c_R
   1000005     1.03036290E+04   # ~b_1
   2000005     1.03039288E+04   # ~b_2
   1000006     1.01874750E+04   # ~t_1
   2000006     1.03077288E+04   # ~t_2
   1000011     1.00000964E+04   # ~e_L
   2000011     1.00000971E+04   # ~e_R
   1000012     9.99980652E+03   # ~nu_eL
   1000013     1.00000964E+04   # ~mu_L
   2000013     1.00000971E+04   # ~mu_R
   1000014     9.99980652E+03   # ~nu_muL
   1000015     9.99997653E+03   # ~tau_1
   2000015     1.00002172E+04   # ~tau_2
   1000016     9.99980652E+03   # ~nu_tauL
   1000021     1.05489441E+04   # ~g
   1000022     1.22332137E+02   # ~chi_10
   1000023    -1.27248951E+02   # ~chi_20
   1000025     9.94533286E+02   # ~chi_30
   1000035     2.11971084E+03   # ~chi_40
   1000024     1.24729836E+02   # ~chi_1+
   1000037     2.11971022E+03   # ~chi_2+
#
BLOCK NMIX  # Neutralino Mixing Matrix
  1  1     3.94681457E-02   # N_11
  1  2    -2.97451953E-02   # N_12
  1  3     7.13466192E-01   # N_13
  1  4    -6.98944549E-01   # N_14
  2  1     2.52664078E-02   # N_21
  2  2    -2.17786976E-02   # N_22
  2  3    -7.00585860E-01   # N_23
  2  4    -7.12788012E-01   # N_24
  3  1     9.98900267E-01   # N_31
  3  2     3.18640753E-03   # N_32
  3  3    -1.04606430E-02   # N_33
  3  4     4.55925237E-02   # N_34
  4  1     1.45964581E-03   # N_41
  4  2    -9.99315145E-01   # N_42
  4  3    -6.00178588E-03   # N_43
  4  4     3.64840994E-02   # N_44
#
BLOCK UMIX  # Chargino Mixing Matrix U
  1  1    -8.47908447E-03   # U_11
  1  2     9.99964052E-01   # U_12
  2  1     9.99964052E-01   # U_21
  2  2     8.47908447E-03   # U_22
#
BLOCK VMIX  # Chargino Mixing Matrix V
  1  1    -5.15857931E-02   # V_11
  1  2     9.98668567E-01   # V_12
  2  1     9.98668567E-01   # V_21
  2  2     5.15857931E-02   # V_22
#
BLOCK STOPMIX  # Stop Mixing Matrix
  1  1     3.87254376E-02   # cos(theta_t)
  1  2     9.99249889E-01   # sin(theta_t)
  2  1    -9.99249889E-01   # -sin(theta_t)
  2  2     3.87254376E-02   # cos(theta_t)
#
BLOCK SBOTMIX  # Sbottom Mixing Matrix
  1  1     5.40063169E-01   # cos(theta_b)
  1  2     8.41624485E-01   # sin(theta_b)
  2  1    -8.41624485E-01   # -sin(theta_b)
  2  2     5.40063169E-01   # cos(theta_b)
#
BLOCK STAUMIX  # Stau Mixing Matrix
  1  1     7.08218911E-01   # cos(theta_tau)
  1  2     7.05992899E-01   # sin(theta_tau)
  2  1    -7.05992899E-01   # -sin(theta_tau)
  2  2     7.08218911E-01   # cos(theta_tau)
#
BLOCK ALPHA  # Higgs mixing
          -1.05967205E-01   # Mixing angle in the neutral Higgs boson sector
#
BLOCK HMIX Q=  1.00008209E+04  # DRbar Higgs Parameters
         1     1.20000000E+02   # mu(Q)               
         2     9.40380264E+00   # tanbeta(Q)          
         3     2.42194932E+02   # vev(Q)              
         4     9.94208413E+07   # MA^2(Q)             
#
BLOCK GAUGE Q=  1.00008209E+04  # The gauge couplings
     1     3.68077441E-01   # gprime(Q) DRbar
     2     6.35868469E-01   # g(Q) DRbar
     3     9.55381017E-01   # g3(Q) DRbar
#
BLOCK AU Q=  1.00008209E+04  # The trilinear couplings
  1  1    -6.77437438E+02   # A_u(Q) DRbar
  2  2    -6.77437438E+02   # A_c(Q) DRbar
  3  3    -1.00000000E+02   # A_t(Q) DRbar
#
BLOCK AD Q=  1.00008209E+04  # The trilinear couplings
  1  1    -8.59633345E+02   # A_d(Q) DRbar
  2  2    -8.59633345E+02   # A_s(Q) DRbar
  3  3    -1.00000000E+02   # A_b(Q) DRbar
#
BLOCK AE Q=  1.00008209E+04  # The trilinear couplings
  1  1    -2.53493493E+02   # A_e(Q) DRbar
  2  2    -2.53493493E+02   # A_mu(Q) DRbar
  3  3    -2.51737263E+02   # A_tau(Q) DRbar
#
BLOCK Yu Q=  1.00008209E+04  # The Yukawa couplings
  1  1     0.00000000E+00   # y_u(Q) DRbar
  2  2     0.00000000E+00   # y_c(Q) DRbar
  3  3     7.95560203E-01   # y_t(Q) DRbar
#
BLOCK Yd Q=  1.00008209E+04  # The Yukawa couplings
  1  1     0.00000000E+00   # y_d(Q) DRbar
  2  2     0.00000000E+00   # y_s(Q) DRbar
  3  3     1.26249174E-01   # y_b(Q) DRbar
#
BLOCK Ye Q=  1.00008209E+04  # The Yukawa couplings
  1  1     0.00000000E+00   # y_e(Q) DRbar
  2  2     0.00000000E+00   # y_mu(Q) DRbar
  3  3     9.63085606E-02   # y_tau(Q) DRbar
#
BLOCK MSOFT Q=  1.00008209E+04  # The soft SUSY breaking masses at the scale Q
         1     1.00000000E+03   # M_1                 
         2     2.00000000E+03   # M_2                 
         3     1.00000000E+04   # M_3                 
        14    -6.77437438E+02   # A_u                 
        15    -8.59633345E+02   # A_d                 
        16    -2.53493493E+02   # A_e                 
        21     9.86336413E+07   # M^2_Hd              
        22     3.45907165E+06   # M^2_Hu              
        31     1.00000000E+04   # M_eL                
        32     1.00000000E+04   # M_muL               
        33     1.00000000E+04   # M_tauL              
        34     1.00000000E+04   # M_eR                
        35     1.00000000E+04   # M_muR               
        36     1.00000000E+04   # M_tauR              
        41     1.00000000E+04   # M_q1L               
        42     1.00000000E+04   # M_q2L               
        43     1.00000000E+04   # M_q3L               
        44     1.00000000E+04   # M_uR                
        45     1.00000000E+04   # M_cR                
        46     1.00000000E+04   # M_tR                
        47     1.00000000E+04   # M_dR                
        48     1.00000000E+04   # M_sR                
        49     1.00000000E+04   # M_bR                
#
#
#
#                             =================
#                             |The decay table|
#                             =================
#
# - The QCD corrections to the decays gluino -> squark  + quark
#                                     squark -> gaugino + quark_prime
#                                     squark -> squark_prime + Higgs
#                                     squark -> gluino  + quark
#   are included.
#
# - The multi-body decays for the inos, stops and sbottoms are included.
#
# - The loop induced decays for the gluino, neutralinos and stops
#   are included.
#
# - The SUSY decays of the top quark are included.
#
#
#         PDG            Width
DECAY         6     1.39947944E+00   # top decays
#          BR         NDA      ID1       ID2
     1.00000000E+00    2           5        24   # BR(t ->  b    W+)
#
#         PDG            Width
DECAY   1000021     5.01659512E+00   # gluino decays
#          BR         NDA      ID1       ID2
     3.99587120E-02    2     1000001        -1   # BR(~g -> ~d_L  db)
     3.99587120E-02    2    -1000001         1   # BR(~g -> ~d_L* d )
     3.99989676E-02    2     2000001        -1   # BR(~g -> ~d_R  db)
     3.99989676E-02    2    -2000001         1   # BR(~g -> ~d_R* d )
     4.00494038E-02    2     1000002        -2   # BR(~g -> ~u_L  ub)
     4.00494038E-02    2    -1000002         2   # BR(~g -> ~u_L* u )
     4.00293739E-02    2     2000002        -2   # BR(~g -> ~u_R  ub)
     4.00293739E-02    2    -2000002         2   # BR(~g -> ~u_R* u )
     3.99587120E-02    2     1000003        -3   # BR(~g -> ~s_L  sb)
     3.99587120E-02    2    -1000003         3   # BR(~g -> ~s_L* s )
     3.99989676E-02    2     2000003        -3   # BR(~g -> ~s_R  sb)
     3.99989676E-02    2    -2000003         3   # BR(~g -> ~s_R* s )
     4.00494038E-02    2     1000004        -4   # BR(~g -> ~c_L  cb)
     4.00494038E-02    2    -1000004         4   # BR(~g -> ~c_L* c )
     4.00293739E-02    2     2000004        -4   # BR(~g -> ~c_R  cb)
     4.00293739E-02    2    -2000004         4   # BR(~g -> ~c_R* c )
     3.93011687E-02    2     1000005        -5   # BR(~g -> ~b_1  bb)
     3.93011687E-02    2    -1000005         5   # BR(~g -> ~b_1* b )
     4.06465252E-02    2     2000005        -5   # BR(~g -> ~b_2  bb)
     4.06465252E-02    2    -2000005         5   # BR(~g -> ~b_2* b )
     6.95965581E-02    2     1000006        -6   # BR(~g -> ~t_1  tb)
     6.95965581E-02    2    -1000006         6   # BR(~g -> ~t_1* t )
     3.03828332E-02    2     2000006        -6   # BR(~g -> ~t_2  tb)
     3.03828332E-02    2    -2000006         6   # BR(~g -> ~t_2* t )
#
#         PDG            Width
DECAY   1000006     2.73971237E+02   # stop1 decays
#          BR         NDA      ID1       ID2
     2.25142512E-01    2     1000022         6   # BR(~t_1 -> ~chi_10 t )
     2.33599849E-01    2     1000023         6   # BR(~t_1 -> ~chi_20 t )
     8.43429447E-02    2     1000025         6   # BR(~t_1 -> ~chi_30 t )
    -1.79369374E-04    2     1000035         6   # BR(~t_1 -> ~chi_40 t )
     4.57455087E-01    2     1000024         5   # BR(~t_1 -> ~chi_1+ b )
    -3.61024079E-04    2     1000037         5   # BR(~t_1 -> ~chi_2+ b )
#
#         PDG            Width
DECAY   2000006     2.42354283E+02   # stop2 decays
#          BR         NDA      ID1       ID2
     2.53835086E-01    2     1000022         6   # BR(~t_2 -> ~chi_10 t )
     2.64489927E-01    2     1000023         6   # BR(~t_2 -> ~chi_20 t )
     8.91035032E-03    2     1000025         6   # BR(~t_2 -> ~chi_30 t )
     1.53791490E-01    2     1000035         6   # BR(~t_2 -> ~chi_40 t )
     1.30054659E-02    2     1000024         5   # BR(~t_2 -> ~chi_1+ b )
     3.05969115E-01    2     1000037         5   # BR(~t_2 -> ~chi_2+ b )
    -1.43360763E-06    2     1000006        23   # BR(~t_2 -> ~t_1    Z )
#
#         PDG            Width
DECAY   1000005     1.19312237E+02   # sbottom1 decays
#          BR         NDA      ID1       ID2
     1.76738744E-02    2     1000022         5   # BR(~b_1 -> ~chi_10 b )
     1.06656751E-02    2     1000023         5   # BR(~b_1 -> ~chi_20 b )
     3.11796274E-02    2     1000025         5   # BR(~b_1 -> ~chi_30 b )
     1.43655099E-01    2     1000035         5   # BR(~b_1 -> ~chi_40 b )
     5.08000571E-01    2    -1000024         6   # BR(~b_1 -> ~chi_1- t )
     2.88832000E-01    2    -1000037         6   # BR(~b_1 -> ~chi_2- t )
    -6.84777333E-06    2     1000006       -24   # BR(~b_1 -> ~t_1    W-)
#
#         PDG            Width
DECAY   2000005     1.35107530E+02   # sbottom2 decays
#          BR         NDA      ID1       ID2
     8.91277708E-03    2     1000022         5   # BR(~b_2 -> ~chi_10 b )
     1.39970010E-02    2     1000023         5   # BR(~b_2 -> ~chi_20 b )
     2.63846327E-02    2     1000025         5   # BR(~b_2 -> ~chi_30 b )
     1.46382329E-01    2     1000035         5   # BR(~b_2 -> ~chi_40 b )
     5.10018685E-01    2    -1000024         6   # BR(~b_2 -> ~chi_1- t )
     2.94319536E-01    2    -1000037         6   # BR(~b_2 -> ~chi_2- t )
    -1.49605072E-05    2     1000006       -24   # BR(~b_2 -> ~t_1    W-)
#
#         PDG            Width
DECAY   1000002     1.12329803E+02   # sup_L decays
#          BR         NDA      ID1       ID2
     1.75036658E-04    2     1000022         2   # BR(~u_L -> ~chi_10 u)
     1.02123007E-04    2     1000023         2   # BR(~u_L -> ~chi_20 u)
     1.34898461E-02    2     1000025         2   # BR(~u_L -> ~chi_30 u)
     3.28270096E-01    2     1000035         2   # BR(~u_L -> ~chi_40 u)
     1.90223765E-03    2     1000024         1   # BR(~u_L -> ~chi_1+ d)
     6.56060660E-01    2     1000037         1   # BR(~u_L -> ~chi_2+ d)
#
#         PDG            Width
DECAY   2000002     2.35154909E+01   # sup_R decays
#          BR         NDA      ID1       ID2
     1.58429236E-03    2     1000022         2   # BR(~u_R -> ~chi_10 u)
     6.49266348E-04    2     1000023         2   # BR(~u_R -> ~chi_20 u)
     9.97764447E-01    2     1000025         2   # BR(~u_R -> ~chi_30 u)
     1.99402734E-06    2     1000035         2   # BR(~u_R -> ~chi_40 u)
#
#         PDG            Width
DECAY   1000001     1.12314402E+02   # sdown_L decays
#          BR         NDA      ID1       ID2
     4.98972355E-04    2     1000022         1   # BR(~d_L -> ~chi_10 d)
     2.53958701E-04    2     1000023         1   # BR(~d_L -> ~chi_20 d)
     1.26285989E-02    2     1000025         1   # BR(~d_L -> ~chi_30 d)
     3.28694627E-01    2     1000035         1   # BR(~d_L -> ~chi_40 d)
     5.14010578E-05    2    -1000024         2   # BR(~d_L -> ~chi_1- u)
     6.57872442E-01    2    -1000037         2   # BR(~d_L -> ~chi_2- u)
#
#         PDG            Width
DECAY   2000001     5.87892028E+00   # sdown_R decays
#          BR         NDA      ID1       ID2
     1.58429183E-03    2     1000022         1   # BR(~d_R -> ~chi_10 d)
     6.49266127E-04    2     1000023         1   # BR(~d_R -> ~chi_20 d)
     9.97764448E-01    2     1000025         1   # BR(~d_R -> ~chi_30 d)
     1.99402989E-06    2     1000035         1   # BR(~d_R -> ~chi_40 d)
#
#         PDG            Width
DECAY   1000004     1.12329803E+02   # scharm_L decays
#          BR         NDA      ID1       ID2
     1.75036658E-04    2     1000022         4   # BR(~c_L -> ~chi_10 c)
     1.02123007E-04    2     1000023         4   # BR(~c_L -> ~chi_20 c)
     1.34898461E-02    2     1000025         4   # BR(~c_L -> ~chi_30 c)
     3.28270096E-01    2     1000035         4   # BR(~c_L -> ~chi_40 c)
     1.90223765E-03    2     1000024         3   # BR(~c_L -> ~chi_1+ s)
     6.56060660E-01    2     1000037         3   # BR(~c_L -> ~chi_2+ s)
#
#         PDG            Width
DECAY   2000004     2.35154909E+01   # scharm_R decays
#          BR         NDA      ID1       ID2
     1.58429236E-03    2     1000022         4   # BR(~c_R -> ~chi_10 c)
     6.49266348E-04    2     1000023         4   # BR(~c_R -> ~chi_20 c)
     9.97764447E-01    2     1000025         4   # BR(~c_R -> ~chi_30 c)
     1.99402734E-06    2     1000035         4   # BR(~c_R -> ~chi_40 c)
#
#         PDG            Width
DECAY   1000003     1.12314402E+02   # sstrange_L decays
#          BR         NDA      ID1       ID2
     4.98972355E-04    2     1000022         3   # BR(~s_L -> ~chi_10 s)
     2.53958701E-04    2     1000023         3   # BR(~s_L -> ~chi_20 s)
     1.26285989E-02    2     1000025         3   # BR(~s_L -> ~chi_30 s)
     3.28694627E-01    2     1000035         3   # BR(~s_L -> ~chi_40 s)
     5.14010578E-05    2    -1000024         4   # BR(~s_L -> ~chi_1- c)
     6.57872442E-01    2    -1000037         4   # BR(~s_L -> ~chi_2- c)
#
#         PDG            Width
DECAY   2000003     5.87892028E+00   # sstrange_R decays
#          BR         NDA      ID1       ID2
     1.58429183E-03    2     1000022         3   # BR(~s_R -> ~chi_10 s)
     6.49266127E-04    2     1000023         3   # BR(~s_R -> ~chi_20 s)
     9.97764448E-01    2     1000025         3   # BR(~s_R -> ~chi_30 s)
     1.99402989E-06    2     1000035         3   # BR(~s_R -> ~chi_40 s)
#
#         PDG            Width
DECAY   1000011     1.23280441E+02   # selectron_L decays
#          BR         NDA      ID1       ID2
     1.55222825E-05    2     1000022        11   # BR(~e_L -> ~chi_10 e-)
     1.66872721E-05    2     1000023        11   # BR(~e_L -> ~chi_20 e-)
     1.08111634E-01    2     1000025        11   # BR(~e_L -> ~chi_30 e-)
     2.96677478E-01    2     1000035        11   # BR(~e_L -> ~chi_40 e-)
     4.68961853E-05    2    -1000024        12   # BR(~e_L -> ~chi_1- nu_e)
     5.95131782E-01    2    -1000037        12   # BR(~e_L -> ~chi_2- nu_e)
#
#         PDG            Width
DECAY   2000011     5.28479034E+01   # selectron_R decays
#          BR         NDA      ID1       ID2
     1.58846792E-03    2     1000022        11   # BR(~e_R -> ~chi_10 e-)
     6.50970557E-04    2     1000023        11   # BR(~e_R -> ~chi_20 e-)
     9.97758579E-01    2     1000025        11   # BR(~e_R -> ~chi_30 e-)
     1.98234657E-06    2     1000035        11   # BR(~e_R -> ~chi_40 e-)
#
#         PDG            Width
DECAY   1000013     1.23280441E+02   # smuon_L decays
#          BR         NDA      ID1       ID2
     1.55222825E-05    2     1000022        13   # BR(~mu_L -> ~chi_10 mu-)
     1.66872721E-05    2     1000023        13   # BR(~mu_L -> ~chi_20 mu-)
     1.08111634E-01    2     1000025        13   # BR(~mu_L -> ~chi_30 mu-)
     2.96677478E-01    2     1000035        13   # BR(~mu_L -> ~chi_40 mu-)
     4.68961853E-05    2    -1000024        14   # BR(~mu_L -> ~chi_1- nu_mu)
     5.95131782E-01    2    -1000037        14   # BR(~mu_L -> ~chi_2- nu_mu)
#
#         PDG            Width
DECAY   2000013     5.28479034E+01   # smuon_R decays
#          BR         NDA      ID1       ID2
     1.58846792E-03    2     1000022        13   # BR(~mu_R -> ~chi_10 mu-)
     6.50970557E-04    2     1000023        13   # BR(~mu_R -> ~chi_20 mu-)
     9.97758579E-01    2     1000025        13   # BR(~mu_R -> ~chi_30 mu-)
     1.98234657E-06    2     1000035        13   # BR(~mu_R -> ~chi_40 mu-)
#
#         PDG            Width
DECAY   1000015     9.09534740E+01   # stau_1 decays
#          BR         NDA      ID1       ID2
     1.43476334E-02    2     1000022        15   # BR(~tau_1 -> ~chi_10  tau-)
     7.73955480E-03    2     1000023        15   # BR(~tau_1 -> ~chi_20  tau-)
     3.61906593E-01    2     1000025        15   # BR(~tau_1 -> ~chi_30  tau-)
     2.01174437E-01    2     1000035        15   # BR(~tau_1 -> ~chi_40  tau-)
     1.12754556E-02    2    -1000024        16   # BR(~tau_1 -> ~chi_1-  nu_tau)
     4.03556326E-01    2    -1000037        16   # BR(~tau_1 -> ~chi_2-  nu_tau)
#
#         PDG            Width
DECAY   2000015     9.07089816E+01   # stau_2 decays
#          BR         NDA      ID1       ID2
     7.26443330E-03    2     1000022        15   # BR(~tau_2 -> ~chi_10  tau-)
     1.26045657E-02    2     1000023        15   # BR(~tau_2 -> ~chi_20  tau-)
     3.65357806E-01    2     1000025        15   # BR(~tau_2 -> ~chi_30  tau-)
     2.01493267E-01    2     1000035        15   # BR(~tau_2 -> ~chi_40  tau-)
     9.09301668E-03    2    -1000024        16   # BR(~tau_2 -> ~chi_1-  nu_tau)
     4.04186911E-01    2    -1000037        16   # BR(~tau_2 -> ~chi_2-  nu_tau)
#
#         PDG            Width
DECAY   1000012     1.23288336E+02   # snu_eL decays
#          BR         NDA      ID1       ID2
     9.02002560E-04    2     1000022        12   # BR(~nu_eL -> ~chi_10 nu_e)
     4.32185676E-04    2     1000023        12   # BR(~nu_eL -> ~chi_20 nu_e)
     1.05744637E-01    2     1000025        12   # BR(~nu_eL -> ~chi_30 nu_e)
     2.97653233E-01    2     1000035        12   # BR(~nu_eL -> ~chi_40 nu_e)
     1.73563903E-03    2     1000024        11   # BR(~nu_eL -> ~chi_1+ e-)
     5.93532302E-01    2     1000037        11   # BR(~nu_eL -> ~chi_2+ e-)
#
#         PDG            Width
DECAY   1000014     1.23288336E+02   # snu_muL decays
#          BR         NDA      ID1       ID2
     9.02002560E-04    2     1000022        14   # BR(~nu_muL -> ~chi_10 nu_mu)
     4.32185676E-04    2     1000023        14   # BR(~nu_muL -> ~chi_20 nu_mu)
     1.05744637E-01    2     1000025        14   # BR(~nu_muL -> ~chi_30 nu_mu)
     2.97653233E-01    2     1000035        14   # BR(~nu_muL -> ~chi_40 nu_mu)
     1.73563903E-03    2     1000024        13   # BR(~nu_muL -> ~chi_1+ mu-)
     5.93532302E-01    2     1000037        13   # BR(~nu_muL -> ~chi_2+ mu-)
#
#         PDG            Width
DECAY   1000016     1.25132988E+02   # snu_tauL decays
#          BR         NDA      ID1       ID2
     8.88705655E-04    2     1000022        16   # BR(~nu_tauL -> ~chi_10 nu_tau)
     4.25814595E-04    2     1000023        16   # BR(~nu_tauL -> ~chi_20 nu_tau)
     1.04185799E-01    2     1000025        16   # BR(~nu_tauL -> ~chi_30 nu_tau)
     2.93265367E-01    2     1000035        16   # BR(~nu_tauL -> ~chi_40 nu_tau)
     1.64505456E-02    2     1000024        15   # BR(~nu_tauL -> ~chi_1+ tau-)
     5.84783768E-01    2     1000037        15   # BR(~nu_tauL -> ~chi_2+ tau-)
#
#         PDG            Width
DECAY   1000024     8.10389690E-11   # chargino1+ decays
#           BR         NDA      ID1       ID2       ID3
     3.73050028E-01    3     1000022         2        -1   # BR(~chi_1+ -> ~chi_10 u    db)
     3.73050028E-01    3     1000022         4        -3   # BR(~chi_1+ -> ~chi_10 c    sb)
     1.24350020E-01    3     1000022       -11        12   # BR(~chi_1+ -> ~chi_10 e+   nu_e)
     1.24350020E-01    3     1000022       -13        14   # BR(~chi_1+ -> ~chi_10 mu+  nu_mu)
     5.19990265E-03    3     1000022       -15        16   # BR(~chi_1+ -> ~chi_10 tau+ nu_tau)
#
#         PDG            Width
DECAY   1000037     1.64563183E+01   # chargino2+ decays
#          BR         NDA      ID1       ID2
     2.52003817E-01    2     1000024        23   # BR(~chi_2+ -> ~chi_1+  Z )
     2.36948345E-01    2     1000022        24   # BR(~chi_2+ -> ~chi_10  W+)
     2.46230561E-01    2     1000023        24   # BR(~chi_2+ -> ~chi_20  W+)
     2.04504898E-03    2     1000025        24   # BR(~chi_2+ -> ~chi_30  W+)
     2.62772228E-01    2     1000024        25   # BR(~chi_2+ -> ~chi_1+  h )
#
#         PDG            Width
DECAY   1000022     0.00000000E+00   # neutralino1 decays
#
#         PDG            Width
DECAY   1000023     2.64618049E-09   # neutralino2 decays
#          BR         NDA      ID1       ID2
     6.75372328E-02    2     1000022        22   # BR(~chi_20 -> ~chi_10 gam)
#           BR         NDA      ID1       ID2       ID3
     1.20405088E-01    3     1000022        -2         2   # BR(~chi_20 -> ~chi_10 ub      u)
     1.56582480E-01    3     1000022        -1         1   # BR(~chi_20 -> ~chi_10 db      d)
     1.20405088E-01    3     1000022        -4         4   # BR(~chi_20 -> ~chi_10 cb      c)
     1.56582480E-01    3     1000022        -3         3   # BR(~chi_20 -> ~chi_10 sb      s)
     3.61785296E-02    3     1000022       -11        11   # BR(~chi_20 -> ~chi_10 e+      e-)
     3.61785296E-02    3     1000022       -13        13   # BR(~chi_20 -> ~chi_10 mu+     mu-)
     1.05432174E-02    3     1000022       -15        15   # BR(~chi_20 -> ~chi_10 tau+    tau-)
     7.23559790E-02    3     1000022       -12        12   # BR(~chi_20 -> ~chi_10 nu_eb   nu_e)
     7.23559790E-02    3     1000022       -14        14   # BR(~chi_20 -> ~chi_10 nu_mub  nu_mu)
     7.23559790E-02    3     1000022       -16        16   # BR(~chi_20 -> ~chi_10 nu_taub nu_tau)
     1.46079880E-02    3     1000024        -2         1   # BR(~chi_20 -> ~chi_1+ ub      d)
     1.46079880E-02    3    -1000024        -1         2   # BR(~chi_20 -> ~chi_1- db      u)
     1.46079880E-02    3     1000024        -4         3   # BR(~chi_20 -> ~chi_1+ cb      s)
     1.46079880E-02    3    -1000024        -3         4   # BR(~chi_20 -> ~chi_1- sb      c)
     4.86932973E-03    3     1000024       -12        11   # BR(~chi_20 -> ~chi_1+ nu_eb   e-)
     4.86932973E-03    3    -1000024        12       -11   # BR(~chi_20 -> ~chi_1- nu_e    e+)
     4.86932973E-03    3     1000024       -14        13   # BR(~chi_20 -> ~chi_1+ nu_mub  mu-)
     4.86932973E-03    3    -1000024        14       -13   # BR(~chi_20 -> ~chi_1- nu_mu   mu+)
     3.05073635E-04    3     1000024       -16        15   # BR(~chi_20 -> ~chi_1+ nu_taub tau-)
     3.05073635E-04    3    -1000024        16       -15   # BR(~chi_20 -> ~chi_1- nu_tau  tau+)
#
#         PDG            Width
DECAY   1000025     2.59684211E+00   # neutralino3 decays
#          BR         NDA      ID1       ID2
     7.00068061E-02    2     1000022        23   # BR(~chi_30 -> ~chi_10   Z )
     1.83363980E-01    2     1000023        23   # BR(~chi_30 -> ~chi_20   Z )
     2.46583620E-01    2     1000024       -24   # BR(~chi_30 -> ~chi_1+   W-)
     2.46583620E-01    2    -1000024        24   # BR(~chi_30 -> ~chi_1-   W+)
     1.80284583E-01    2     1000022        25   # BR(~chi_30 -> ~chi_10   h )
     7.31773913E-02    2     1000023        25   # BR(~chi_30 -> ~chi_20   h )
#
#         PDG            Width
DECAY   1000035     1.64557755E+01   # neutralino4 decays
#          BR         NDA      ID1       ID2
     8.33500107E-02    2     1000022        23   # BR(~chi_40 -> ~chi_10   Z )
     1.68602552E-01    2     1000023        23   # BR(~chi_40 -> ~chi_20   Z )
     2.29019343E-04    2     1000025        23   # BR(~chi_40 -> ~chi_30   Z )
     2.42753543E-01    2     1000024       -24   # BR(~chi_40 -> ~chi_1+   W-)
     2.42753543E-01    2    -1000024        24   # BR(~chi_40 -> ~chi_1-   W+)
     1.69515968E-01    2     1000022        25   # BR(~chi_40 -> ~chi_10   h )
     9.08155177E-02    2     1000023        25   # BR(~chi_40 -> ~chi_20   h )
     1.97984597E-03    2     1000025        25   # BR(~chi_40 -> ~chi_30   h )

