#
#                              ======================
#                              | THE SUSYHIT OUTPUT |
#                              ======================
#
#
#              ------------------------------------------------------
#              |     This is the output of the SUSY-HIT package     |
#              |  created by A.Djouadi, M.Muehlleitner and M.Spira. |
#              |  In case of problems with SUSY-HIT email to        |
#              |           margarete.muehlleitner@kit.edu           |
#              |           michael.spira@psi.ch                     |
#              |           abdelhak.djouadi@cern.ch                 |
#              ------------------------------------------------------
#
#              ------------------------------------------------------
#              |  SUSY Les Houches Accord - MSSM Spectrum + Decays  |
#              |              based on the decay programs           |
#              |                                                    |
#              |                     SDECAY 1.5                     |
#              |                                                    |
#              |  Authors: M.Muhlleitner, A.Djouadi and Y.Mambrini  |
#              |  Ref.:    Comput.Phys.Commun.168(2005)46           |
#              |           [hep-ph/0311167]                         |
#              |                                                    |
#              |                     HDECAY 3.4                     |
#              |                                                    |
#              |  By: A.Djouadi,J.Kalinowski,M.Muhlleitner,M.Spira  |
#              |  Ref.:    Comput.Phys.Commun.108(1998)56           |
#              |           [hep-ph/9704448]                         |
#              |                                                    |
#              |                                                    |
#              |  If not stated otherwise all DRbar couplings and   |
#              |  soft SUSY breaking masses are given at the scale  |
#              |  Q=  0.10000821E+05
#              |                                                    |
#              ------------------------------------------------------
#
#
BLOCK DCINFO  # Decay Program information
     1   SDECAY/HDECAY # decay calculator
     2   1.5  /3.4    # version number
#
BLOCK SPINFO  # Spectrum calculator information
     1   SuSpect     # RGE +Spectrum calculator            
     2   2.43         # version number                     
#
BLOCK MODSEL  # Model selection
     1     0   # #general MSSM low scale                           
#
BLOCK SMINPUTS  # Standard Model inputs
         1     1.27934000E+02   # alpha_em^-1(M_Z)^MSbar
         2     1.16639000E-05   # G_F [GeV^-2]
         3     1.17200000E-01   # alpha_S(M_Z)^MSbar
         4     9.11870000E+01   # M_Z pole mass
         5     4.25000000E+00   # mb(mb)^MSbar
         6     1.72500000E+02   # mt pole mass
         7     1.77710000E+00   # mtau pole mass
#
BLOCK MINPAR  # Input parameters - minimal models
         1     1.00000000E+02   # 2                   
         3     1.00000000E+01   # tanbeta(mZ)         
         4     1.00000000E+00   # sign(mu)            
#
BLOCK EXTPAR  # Input parameters - non-minimal models
         0     1.00008211E+04   # EWSB                
         1     1.00000000E+03   # M_1                 
         2     2.00000000E+03   # M_2                 
         3     1.00000000E+04   # M_3                 
        11    -1.00000000E+02   # A_t                 
        12    -1.00000000E+02   # A_b                 
        13    -2.51737263E+02   # A_tau               
        14    -6.77437438E+02   # A_u                 
        15    -8.59633345E+02   # A_d                 
        16    -2.53493493E+02   # A_e                 
        23     1.60000000E+02   # mu(EWSB)            
        25     1.00000000E+01   # tanbeta(in)         
        26     1.00000000E+04   # MA_pole             
        31     1.00000000E+04   # M_eL                
        32     1.00000000E+04   # M_muL               
        33     1.00000000E+04   # M_tauL              
        34     1.00000000E+04   # M_eR                
        35     1.00000000E+04   # M_muR               
        36     1.00000000E+04   # M_tauR              
        41     1.00000000E+04   # M_q1L               
        42     1.00000000E+04   # M_q2L               
        43     1.00000000E+04   # M_q3L               
        44     1.00000000E+04   # M_uR                
        45     1.00000000E+04   # M_cR                
        46     1.00000000E+04   # M_tR                
        47     1.00000000E+04   # M_dR                
        48     1.00000000E+04   # M_sR                
        49     1.00000000E+04   # M_bR                
#
BLOCK MASS  # Mass Spectrum
# PDG code           mass       particle
        24     8.04912499E+01   # W+
        25     1.25759472E+02   # h
        35     1.00000500E+04   # H
        36     1.00000000E+04   # A
        37     1.00007740E+04   # H+
         5     4.87884274E+00   # b-quark pole mass calculated from mb(mb)_Msbar
   1000001     1.03038406E+04   # ~d_L
   2000001     1.03037158E+04   # ~d_R
   1000002     1.03035596E+04   # ~u_L
   2000002     1.03036215E+04   # ~u_R
   1000003     1.03038406E+04   # ~s_L
   2000003     1.03037158E+04   # ~s_R
   1000004     1.03035596E+04   # ~c_L
   2000004     1.03036215E+04   # ~c_R
   1000005     1.03035898E+04   # ~b_1
   2000005     1.03039671E+04   # ~b_2
   1000006     1.01874758E+04   # ~t_1
   2000006     1.03076708E+04   # ~t_2
   1000011     1.00000962E+04   # ~e_L
   2000011     1.00000971E+04   # ~e_R
   1000012     9.99980668E+03   # ~nu_eL
   1000013     1.00000962E+04   # ~mu_L
   2000013     1.00000971E+04   # ~mu_R
   1000014     9.99980668E+03   # ~nu_muL
   1000015     9.99994363E+03   # ~tau_1
   2000015     1.00002500E+04   # ~tau_2
   1000016     9.99980668E+03   # ~nu_tauL
   1000021     1.05489433E+04   # ~g
   1000022     1.63734807E+02   # ~chi_10
   1000023    -1.68711841E+02   # ~chi_20
   1000025     9.94525621E+02   # ~chi_30
   1000035     2.11948573E+03   # ~chi_40
   1000024     1.66186604E+02   # ~chi_1+
   1000037     2.11948508E+03   # ~chi_2+
#
BLOCK NMIX  # Neutralino Mixing Matrix
  1  1     4.15136557E-02   # N_11
  1  2    -3.04180787E-02   # N_12
  1  3     7.11778037E-01   # N_13
  1  4    -7.00516512E-01   # N_14
  2  1     2.42953631E-02   # N_21
  2  2    -2.13149979E-02   # N_22
  2  3    -7.02261156E-01   # N_23
  2  4    -7.11185401E-01   # N_24
  3  1     9.98841426E-01   # N_31
  3  2     3.25242652E-03   # N_32
  3  3    -1.24914077E-02   # N_33
  3  4     4.63593882E-02   # N_34
  4  1     1.46905855E-03   # N_41
  4  2    -9.99304675E-01   # N_42
  4  3    -6.72753050E-03   # N_43
  4  4     3.66435414E-02   # N_44
#
BLOCK UMIX  # Chargino Mixing Matrix U
  1  1    -9.50516889E-03   # U_11
  1  2     9.99954825E-01   # U_12
  2  1     9.99954825E-01   # U_21
  2  2     9.50516889E-03   # U_22
#
BLOCK VMIX  # Chargino Mixing Matrix V
  1  1    -5.18108565E-02   # V_11
  1  2     9.98656916E-01   # V_12
  2  1     9.98656916E-01   # V_21
  2  2     5.18108565E-02   # V_22
#
BLOCK STOPMIX  # Stop Mixing Matrix
  1  1     3.89253811E-02   # cos(theta_t)
  1  2     9.99242120E-01   # sin(theta_t)
  2  1    -9.99242120E-01   # -sin(theta_t)
  2  2     3.89253811E-02   # cos(theta_t)
#
BLOCK SBOTMIX  # Sbottom Mixing Matrix
  1  1     5.78446466E-01   # cos(theta_b)
  1  2     8.15720348E-01   # sin(theta_b)
  2  1    -8.15720348E-01   # -sin(theta_b)
  2  2     5.78446466E-01   # cos(theta_b)
#
BLOCK STAUMIX  # Stau Mixing Matrix
  1  1     7.08129503E-01   # cos(theta_tau)
  1  2     7.06082578E-01   # sin(theta_tau)
  2  1    -7.06082578E-01   # -sin(theta_tau)
  2  2     7.08129503E-01   # cos(theta_tau)
#
BLOCK ALPHA  # Higgs mixing
          -1.05966895E-01   # Mixing angle in the neutral Higgs boson sector
#
BLOCK HMIX Q=  1.00008211E+04  # DRbar Higgs Parameters
         1     1.60000000E+02   # mu(Q)               
         2     9.40383142E+00   # tanbeta(Q)          
         3     2.42208467E+02   # vev(Q)              
         4     9.94478853E+07   # MA^2(Q)             
#
BLOCK GAUGE Q=  1.00008211E+04  # The gauge couplings
     1     3.68027403E-01   # gprime(Q) DRbar
     2     6.35498523E-01   # g(Q) DRbar
     3     9.55380392E-01   # g3(Q) DRbar
#
BLOCK AU Q=  1.00008211E+04  # The trilinear couplings
  1  1    -6.77437438E+02   # A_u(Q) DRbar
  2  2    -6.77437438E+02   # A_c(Q) DRbar
  3  3    -1.00000000E+02   # A_t(Q) DRbar
#
BLOCK AD Q=  1.00008211E+04  # The trilinear couplings
  1  1    -8.59633345E+02   # A_d(Q) DRbar
  2  2    -8.59633345E+02   # A_s(Q) DRbar
  3  3    -1.00000000E+02   # A_b(Q) DRbar
#
BLOCK AE Q=  1.00008211E+04  # The trilinear couplings
  1  1    -2.53493493E+02   # A_e(Q) DRbar
  2  2    -2.53493493E+02   # A_mu(Q) DRbar
  3  3    -2.51737263E+02   # A_tau(Q) DRbar
#
BLOCK Yu Q=  1.00008211E+04  # The Yukawa couplings
  1  1     0.00000000E+00   # y_u(Q) DRbar
  2  2     0.00000000E+00   # y_c(Q) DRbar
  3  3     7.95553170E-01   # y_t(Q) DRbar
#
BLOCK Yd Q=  1.00008211E+04  # The Yukawa couplings
  1  1     0.00000000E+00   # y_d(Q) DRbar
  2  2     0.00000000E+00   # y_s(Q) DRbar
  3  3     1.26226851E-01   # y_b(Q) DRbar
#
BLOCK Ye Q=  1.00008211E+04  # The Yukawa couplings
  1  1     0.00000000E+00   # y_e(Q) DRbar
  2  2     0.00000000E+00   # y_mu(Q) DRbar
  3  3     9.63168138E-02   # y_tau(Q) DRbar
#
BLOCK MSOFT Q=  1.00008211E+04  # The soft SUSY breaking masses at the scale Q
         1     1.00000000E+03   # M_1                 
         2     2.00000000E+03   # M_2                 
         3     1.00000000E+04   # M_3                 
        14    -6.77437438E+02   # A_u                 
        15    -8.59633345E+02   # A_d                 
        16    -2.53493493E+02   # A_e                 
        21     9.86239108E+07   # M^2_Hd              
        22     3.44760492E+06   # M^2_Hu              
        31     1.00000000E+04   # M_eL                
        32     1.00000000E+04   # M_muL               
        33     1.00000000E+04   # M_tauL              
        34     1.00000000E+04   # M_eR                
        35     1.00000000E+04   # M_muR               
        36     1.00000000E+04   # M_tauR              
        41     1.00000000E+04   # M_q1L               
        42     1.00000000E+04   # M_q2L               
        43     1.00000000E+04   # M_q3L               
        44     1.00000000E+04   # M_uR                
        45     1.00000000E+04   # M_cR                
        46     1.00000000E+04   # M_tR                
        47     1.00000000E+04   # M_dR                
        48     1.00000000E+04   # M_sR                
        49     1.00000000E+04   # M_bR                
#
#
#
#                             =================
#                             |The decay table|
#                             =================
#
# - The QCD corrections to the decays gluino -> squark  + quark
#                                     squark -> gaugino + quark_prime
#                                     squark -> squark_prime + Higgs
#                                     squark -> gluino  + quark
#   are included.
#
# - The multi-body decays for the inos, stops and sbottoms are included.
#
# - The loop induced decays for the gluino, neutralinos and stops
#   are included.
#
# - The SUSY decays of the top quark are included.
#
#
#         PDG            Width
DECAY         6     1.39789137E+00   # top decays
#          BR         NDA      ID1       ID2
     1.00000000E+00    2           5        24   # BR(t ->  b    W+)
#
#         PDG            Width
DECAY   1000021     5.01670846E+00   # gluino decays
#          BR         NDA      ID1       ID2
     3.99576603E-02    2     1000001        -1   # BR(~g -> ~d_L  db)
     3.99576603E-02    2    -1000001         1   # BR(~g -> ~d_L* d )
     3.99978827E-02    2     2000001        -1   # BR(~g -> ~d_R  db)
     3.99978827E-02    2    -2000001         1   # BR(~g -> ~d_R* d )
     4.00482530E-02    2     1000002        -2   # BR(~g -> ~u_L  ub)
     4.00482530E-02    2    -1000002         2   # BR(~g -> ~u_L* u )
     4.00282882E-02    2     2000002        -2   # BR(~g -> ~u_R  ub)
     4.00282882E-02    2    -2000002         2   # BR(~g -> ~u_R* u )
     3.99576603E-02    2     1000003        -3   # BR(~g -> ~s_L  sb)
     3.99576603E-02    2    -1000003         3   # BR(~g -> ~s_L* s )
     3.99978827E-02    2     2000003        -3   # BR(~g -> ~s_R  sb)
     3.99978827E-02    2    -2000003         3   # BR(~g -> ~s_R* s )
     4.00482530E-02    2     1000004        -4   # BR(~g -> ~c_L  cb)
     4.00482530E-02    2    -1000004         4   # BR(~g -> ~c_L* c )
     4.00282882E-02    2     2000004        -4   # BR(~g -> ~c_R  cb)
     4.00282882E-02    2    -2000004         4   # BR(~g -> ~c_R* c )
     3.93526195E-02    2     1000005        -5   # BR(~g -> ~b_1  bb)
     3.93526195E-02    2    -1000005         5   # BR(~g -> ~b_1* b )
     4.05928109E-02    2     2000005        -5   # BR(~g -> ~b_2  bb)
     4.05928109E-02    2    -2000005         5   # BR(~g -> ~b_2* b )
     6.95790386E-02    2     1000006        -6   # BR(~g -> ~t_1  tb)
     6.95790386E-02    2    -1000006         6   # BR(~g -> ~t_1* t )
     3.04113626E-02    2     2000006        -6   # BR(~g -> ~t_2  tb)
     3.04113626E-02    2    -2000006         6   # BR(~g -> ~t_2* t )
#
#         PDG            Width
DECAY   1000006     2.73900357E+02   # stop1 decays
#          BR         NDA      ID1       ID2
     2.26219208E-01    2     1000022         6   # BR(~t_1 -> ~chi_10 t )
     2.32528149E-01    2     1000023         6   # BR(~t_1 -> ~chi_20 t )
     8.43417788E-02    2     1000025         6   # BR(~t_1 -> ~chi_30 t )
    -1.79729655E-04    2     1000035         6   # BR(~t_1 -> ~chi_40 t )
     4.57452377E-01    2     1000024         5   # BR(~t_1 -> ~chi_1+ b )
    -3.61784092E-04    2     1000037         5   # BR(~t_1 -> ~chi_2+ b )
#
#         PDG            Width
DECAY   2000006     2.42193708E+02   # stop2 decays
#          BR         NDA      ID1       ID2
     2.55029075E-01    2     1000022         6   # BR(~t_2 -> ~chi_10 t )
     2.63431839E-01    2     1000023         6   # BR(~t_2 -> ~chi_20 t )
     8.97975710E-03    2     1000025         6   # BR(~t_2 -> ~chi_30 t )
     1.53726508E-01    2     1000035         6   # BR(~t_2 -> ~chi_40 t )
     1.30074222E-02    2     1000024         5   # BR(~t_2 -> ~chi_1+ b )
     3.05826845E-01    2     1000037         5   # BR(~t_2 -> ~chi_2+ b )
    -1.44738020E-06    2     1000006        23   # BR(~t_2 -> ~t_1    Z )
#
#         PDG            Width
DECAY   1000005     1.15297526E+02   # sbottom1 decays
#          BR         NDA      ID1       ID2
     1.81792582E-02    2     1000022         5   # BR(~b_1 -> ~chi_10 b )
     1.12648029E-02    2     1000023         5   # BR(~b_1 -> ~chi_20 b )
     3.28319985E-02    2     1000025         5   # BR(~b_1 -> ~chi_30 b )
     1.42908005E-01    2     1000035         5   # BR(~b_1 -> ~chi_40 b )
     5.07478043E-01    2    -1000024         6   # BR(~b_1 -> ~chi_1- t )
     2.87346111E-01    2    -1000037         6   # BR(~b_1 -> ~chi_2- t )
    -8.21822407E-06    2     1000006       -24   # BR(~b_1 -> ~t_1    W-)
#
#         PDG            Width
DECAY   2000005     1.38956717E+02   # sbottom2 decays
#          BR         NDA      ID1       ID2
     8.66322210E-03    2     1000022         5   # BR(~b_2 -> ~chi_10 b )
     1.35026891E-02    2     1000023         5   # BR(~b_2 -> ~chi_20 b )
     2.51582720E-02    2     1000025         5   # BR(~b_2 -> ~chi_30 b )
     1.46789806E-01    2     1000035         5   # BR(~b_2 -> ~chi_40 b )
     5.10751739E-01    2    -1000024         6   # BR(~b_2 -> ~chi_1- t )
     2.95148142E-01    2    -1000037         6   # BR(~b_2 -> ~chi_2- t )
    -1.38705287E-05    2     1000006       -24   # BR(~b_2 -> ~t_1    W-)
#
#         PDG            Width
DECAY   1000002     1.12202664E+02   # sup_L decays
#          BR         NDA      ID1       ID2
     1.79376271E-04    2     1000022         2   # BR(~u_L -> ~chi_10 u)
     9.87682554E-05    2     1000023         2   # BR(~u_L -> ~chi_20 u)
     1.35087991E-02    2     1000025         2   # BR(~u_L -> ~chi_30 u)
     3.28257683E-01    2     1000035         2   # BR(~u_L -> ~chi_40 u)
     1.91852611E-03    2     1000024         1   # BR(~u_L -> ~chi_1+ d)
     6.56036848E-01    2     1000037         1   # BR(~u_L -> ~chi_2+ d)
#
#         PDG            Width
DECAY   2000002     2.35091432E+01   # sup_R decays
#          BR         NDA      ID1       ID2
     1.75250806E-03    2     1000022         2   # BR(~u_R -> ~chi_10 u)
     6.00226785E-04    2     1000023         2   # BR(~u_R -> ~chi_20 u)
     9.97645245E-01    2     1000025         2   # BR(~u_R -> ~chi_30 u)
     2.01986121E-06    2     1000035         2   # BR(~u_R -> ~chi_40 u)
#
#         PDG            Width
DECAY   1000001     1.12187284E+02   # sdown_L decays
#          BR         NDA      ID1       ID2
     5.27900737E-04    2     1000022         1   # BR(~d_L -> ~chi_10 d)
     2.41697793E-04    2     1000023         1   # BR(~d_L -> ~chi_20 d)
     1.26293513E-02    2     1000025         1   # BR(~d_L -> ~chi_30 d)
     3.28684736E-01    2     1000035         1   # BR(~d_L -> ~chi_40 d)
     6.45825828E-05    2    -1000024         2   # BR(~d_L -> ~chi_1- u)
     6.57851731E-01    2    -1000037         2   # BR(~d_L -> ~chi_2- u)
#
#         PDG            Width
DECAY   2000001     5.87733334E+00   # sdown_R decays
#          BR         NDA      ID1       ID2
     1.75250747E-03    2     1000022         1   # BR(~d_R -> ~chi_10 d)
     6.00226583E-04    2     1000023         1   # BR(~d_R -> ~chi_20 d)
     9.97645246E-01    2     1000025         1   # BR(~d_R -> ~chi_30 d)
     2.01986380E-06    2     1000035         1   # BR(~d_R -> ~chi_40 d)
#
#         PDG            Width
DECAY   1000004     1.12202664E+02   # scharm_L decays
#          BR         NDA      ID1       ID2
     1.79376271E-04    2     1000022         4   # BR(~c_L -> ~chi_10 c)
     9.87682554E-05    2     1000023         4   # BR(~c_L -> ~chi_20 c)
     1.35087991E-02    2     1000025         4   # BR(~c_L -> ~chi_30 c)
     3.28257683E-01    2     1000035         4   # BR(~c_L -> ~chi_40 c)
     1.91852611E-03    2     1000024         3   # BR(~c_L -> ~chi_1+ s)
     6.56036848E-01    2     1000037         3   # BR(~c_L -> ~chi_2+ s)
#
#         PDG            Width
DECAY   2000004     2.35091432E+01   # scharm_R decays
#          BR         NDA      ID1       ID2
     1.75250806E-03    2     1000022         4   # BR(~c_R -> ~chi_10 c)
     6.00226785E-04    2     1000023         4   # BR(~c_R -> ~chi_20 c)
     9.97645245E-01    2     1000025         4   # BR(~c_R -> ~chi_30 c)
     2.01986121E-06    2     1000035         4   # BR(~c_R -> ~chi_40 c)
#
#         PDG            Width
DECAY   1000003     1.12187284E+02   # sstrange_L decays
#          BR         NDA      ID1       ID2
     5.27900737E-04    2     1000022         3   # BR(~s_L -> ~chi_10 s)
     2.41697793E-04    2     1000023         3   # BR(~s_L -> ~chi_20 s)
     1.26293513E-02    2     1000025         3   # BR(~s_L -> ~chi_30 s)
     3.28684736E-01    2     1000035         3   # BR(~s_L -> ~chi_40 s)
     6.45825828E-05    2    -1000024         4   # BR(~s_L -> ~chi_1- c)
     6.57851731E-01    2    -1000037         4   # BR(~s_L -> ~chi_2- c)
#
#         PDG            Width
DECAY   2000003     5.87733334E+00   # sstrange_R decays
#          BR         NDA      ID1       ID2
     1.75250747E-03    2     1000022         3   # BR(~s_R -> ~chi_10 s)
     6.00226583E-04    2     1000023         3   # BR(~s_R -> ~chi_20 s)
     9.97645246E-01    2     1000025         3   # BR(~s_R -> ~chi_30 s)
     2.01986380E-06    2     1000035         3   # BR(~s_R -> ~chi_40 s)
#
#         PDG            Width
DECAY   1000011     1.23151219E+02   # selectron_L decays
#          BR         NDA      ID1       ID2
     1.32579001E-05    2     1000022        11   # BR(~e_L -> ~chi_10 e-)
     1.71136934E-05    2     1000023        11   # BR(~e_L -> ~chi_20 e-)
     1.08207038E-01    2     1000025        11   # BR(~e_L -> ~chi_30 e-)
     2.96639545E-01    2     1000035        11   # BR(~e_L -> ~chi_40 e-)
     5.89120941E-05    2    -1000024        12   # BR(~e_L -> ~chi_1- nu_e)
     5.95064134E-01    2    -1000037        12   # BR(~e_L -> ~chi_2- nu_e)
#
#         PDG            Width
DECAY   2000011     5.28336449E+01   # selectron_R decays
#          BR         NDA      ID1       ID2
     1.75696524E-03    2     1000022        11   # BR(~e_R -> ~chi_10 e-)
     6.01746571E-04    2     1000023        11   # BR(~e_R -> ~chi_20 e-)
     9.97639280E-01    2     1000025        11   # BR(~e_R -> ~chi_30 e-)
     2.00803189E-06    2     1000035        11   # BR(~e_R -> ~chi_40 e-)
#
#         PDG            Width
DECAY   1000013     1.23151219E+02   # smuon_L decays
#          BR         NDA      ID1       ID2
     1.32579001E-05    2     1000022        13   # BR(~mu_L -> ~chi_10 mu-)
     1.71136934E-05    2     1000023        13   # BR(~mu_L -> ~chi_20 mu-)
     1.08207038E-01    2     1000025        13   # BR(~mu_L -> ~chi_30 mu-)
     2.96639545E-01    2     1000035        13   # BR(~mu_L -> ~chi_40 mu-)
     5.89120941E-05    2    -1000024        14   # BR(~mu_L -> ~chi_1- nu_mu)
     5.95064134E-01    2    -1000037        14   # BR(~mu_L -> ~chi_2- nu_mu)
#
#         PDG            Width
DECAY   2000013     5.28336449E+01   # smuon_R decays
#          BR         NDA      ID1       ID2
     1.75696524E-03    2     1000022        13   # BR(~mu_R -> ~chi_10 mu-)
     6.01746571E-04    2     1000023        13   # BR(~mu_R -> ~chi_20 mu-)
     9.97639280E-01    2     1000025        13   # BR(~mu_R -> ~chi_30 mu-)
     2.00803189E-06    2     1000035        13   # BR(~mu_R -> ~chi_40 mu-)
#
#         PDG            Width
DECAY   1000015     9.08741200E+01   # stau_1 decays
#          BR         NDA      ID1       ID2
     1.44727380E-02    2     1000022        15   # BR(~tau_1 -> ~chi_10  tau-)
     7.84308462E-03    2     1000023        15   # BR(~tau_1 -> ~chi_20  tau-)
     3.62043957E-01    2     1000025        15   # BR(~tau_1 -> ~chi_30  tau-)
     2.00998736E-01    2     1000035        15   # BR(~tau_1 -> ~chi_40  tau-)
     1.14316298E-02    2    -1000024        16   # BR(~tau_1 -> ~chi_1-  nu_tau)
     4.03209854E-01    2    -1000037        16   # BR(~tau_1 -> ~chi_2-  nu_tau)
#
#         PDG            Width
DECAY   2000015     9.06444605E+01   # stau_2 decays
#          BR         NDA      ID1       ID2
     7.15228371E-03    2     1000022        15   # BR(~tau_2 -> ~chi_10  tau-)
     1.25824599E-02    2     1000023        15   # BR(~tau_2 -> ~chi_20  tau-)
     3.65547874E-01    2     1000025        15   # BR(~tau_2 -> ~chi_30  tau-)
     2.01514852E-01    2     1000035        15   # BR(~tau_2 -> ~chi_40  tau-)
     8.96723937E-03    2    -1000024        16   # BR(~tau_2 -> ~chi_1-  nu_tau)
     4.04235291E-01    2    -1000037        16   # BR(~tau_2 -> ~chi_2-  nu_tau)
#
#         PDG            Width
DECAY   1000012     1.23159091E+02   # snu_eL decays
#          BR         NDA      ID1       ID2
     9.66864543E-04    2     1000022        12   # BR(~nu_eL -> ~chi_10 nu_e)
     4.08170291E-04    2     1000023        12   # BR(~nu_eL -> ~chi_20 nu_e)
     1.05790563E-01    2     1000025        12   # BR(~nu_eL -> ~chi_30 nu_e)
     2.97622175E-01    2     1000035        12   # BR(~nu_eL -> ~chi_40 nu_e)
     1.75019315E-03    2     1000024        11   # BR(~nu_eL -> ~chi_1+ e-)
     5.93462034E-01    2     1000037        11   # BR(~nu_eL -> ~chi_2+ e-)
#
#         PDG            Width
DECAY   1000014     1.23159091E+02   # snu_muL decays
#          BR         NDA      ID1       ID2
     9.66864543E-04    2     1000022        14   # BR(~nu_muL -> ~chi_10 nu_mu)
     4.08170291E-04    2     1000023        14   # BR(~nu_muL -> ~chi_20 nu_mu)
     1.05790563E-01    2     1000025        14   # BR(~nu_muL -> ~chi_30 nu_mu)
     2.97622175E-01    2     1000035        14   # BR(~nu_muL -> ~chi_40 nu_mu)
     1.75019315E-03    2     1000024        13   # BR(~nu_muL -> ~chi_1+ mu-)
     5.93462034E-01    2     1000037        13   # BR(~nu_muL -> ~chi_2+ mu-)
#
#         PDG            Width
DECAY   1000016     1.25003612E+02   # snu_tauL decays
#          BR         NDA      ID1       ID2
     9.52597742E-04    2     1000022        16   # BR(~nu_tauL -> ~chi_10 nu_tau)
     4.02147436E-04    2     1000023        16   # BR(~nu_tauL -> ~chi_20 nu_tau)
     1.04229545E-01    2     1000025        16   # BR(~nu_tauL -> ~chi_30 nu_tau)
     2.93230540E-01    2     1000035        16   # BR(~nu_tauL -> ~chi_40 nu_tau)
     1.64787982E-02    2     1000024        15   # BR(~nu_tauL -> ~chi_1+ tau-)
     5.84706372E-01    2     1000037        15   # BR(~nu_tauL -> ~chi_2+ tau-)
#
#         PDG            Width
DECAY   1000024     9.10975114E-11   # chargino1+ decays
#           BR         NDA      ID1       ID2       ID3
     3.72638455E-01    3     1000022         2        -1   # BR(~chi_1+ -> ~chi_10 u    db)
     3.72638455E-01    3     1000022         4        -3   # BR(~chi_1+ -> ~chi_10 c    sb)
     1.24212830E-01    3     1000022       -11        12   # BR(~chi_1+ -> ~chi_10 e+   nu_e)
     1.24212830E-01    3     1000022       -13        14   # BR(~chi_1+ -> ~chi_10 mu+  nu_mu)
     6.29743090E-03    3     1000022       -15        16   # BR(~chi_1+ -> ~chi_10 tau+ nu_tau)
#
#         PDG            Width
DECAY   1000037     1.65519611E+01   # chargino2+ decays
#          BR         NDA      ID1       ID2
     2.51976870E-01    2     1000024        23   # BR(~chi_2+ -> ~chi_1+  Z )
     2.37901937E-01    2     1000022        24   # BR(~chi_2+ -> ~chi_10  W+)
     2.45073513E-01    2     1000023        24   # BR(~chi_2+ -> ~chi_20  W+)
     2.09302737E-03    2     1000025        24   # BR(~chi_2+ -> ~chi_30  W+)
     2.62954653E-01    2     1000024        25   # BR(~chi_2+ -> ~chi_1+  h )
#
#         PDG            Width
DECAY   1000022     0.00000000E+00   # neutralino1 decays
#
#         PDG            Width
DECAY   1000023     2.83407754E-09   # neutralino2 decays
#          BR         NDA      ID1       ID2
     6.73857802E-02    2     1000022        22   # BR(~chi_20 -> ~chi_10 gam)
#           BR         NDA      ID1       ID2       ID3
     1.20894116E-01    3     1000022        -2         2   # BR(~chi_20 -> ~chi_10 ub      u)
     1.57227920E-01    3     1000022        -1         1   # BR(~chi_20 -> ~chi_10 db      d)
     1.20894116E-01    3     1000022        -4         4   # BR(~chi_20 -> ~chi_10 cb      c)
     1.57227920E-01    3     1000022        -3         3   # BR(~chi_20 -> ~chi_10 sb      s)
     3.63353602E-02    3     1000022       -11        11   # BR(~chi_20 -> ~chi_10 e+      e-)
     3.63353602E-02    3     1000022       -13        13   # BR(~chi_20 -> ~chi_10 mu+     mu-)
     1.11074286E-02    3     1000022       -15        15   # BR(~chi_20 -> ~chi_10 tau+    tau-)
     7.26692212E-02    3     1000022       -12        12   # BR(~chi_20 -> ~chi_10 nu_eb   nu_e)
     7.26692212E-02    3     1000022       -14        14   # BR(~chi_20 -> ~chi_10 nu_mub  nu_mu)
     7.26692212E-02    3     1000022       -16        16   # BR(~chi_20 -> ~chi_10 nu_taub nu_tau)
     1.38739390E-02    3     1000024        -2         1   # BR(~chi_20 -> ~chi_1+ ub      d)
     1.38739390E-02    3    -1000024        -1         2   # BR(~chi_20 -> ~chi_1- db      u)
     1.38739390E-02    3     1000024        -4         3   # BR(~chi_20 -> ~chi_1+ cb      s)
     1.38739390E-02    3    -1000024        -3         4   # BR(~chi_20 -> ~chi_1- sb      c)
     4.62464669E-03    3     1000024       -12        11   # BR(~chi_20 -> ~chi_1+ nu_eb   e-)
     4.62464669E-03    3    -1000024        12       -11   # BR(~chi_20 -> ~chi_1- nu_e    e+)
     4.62464669E-03    3     1000024       -14        13   # BR(~chi_20 -> ~chi_1+ nu_mub  mu-)
     4.62464669E-03    3    -1000024        14       -13   # BR(~chi_20 -> ~chi_1- nu_mu   mu+)
     2.94995936E-04    3     1000024       -16        15   # BR(~chi_20 -> ~chi_1+ nu_taub tau-)
     2.94995936E-04    3    -1000024        16       -15   # BR(~chi_20 -> ~chi_1- nu_tau  tau+)
#
#         PDG            Width
DECAY   1000025     2.62962979E+00   # neutralino3 decays
#          BR         NDA      ID1       ID2
     6.23297926E-02    2     1000022        23   # BR(~chi_30 -> ~chi_10   Z )
     1.90842187E-01    2     1000023        23   # BR(~chi_30 -> ~chi_20   Z )
     2.46531780E-01    2     1000024       -24   # BR(~chi_30 -> ~chi_1+   W-)
     2.46531780E-01    2    -1000024        24   # BR(~chi_30 -> ~chi_1-   W+)
     1.89651885E-01    2     1000022        25   # BR(~chi_30 -> ~chi_10   h )
     6.41125747E-02    2     1000023        25   # BR(~chi_30 -> ~chi_20   h )
#
#         PDG            Width
DECAY   1000035     1.65514195E+01   # neutralino4 decays
#          BR         NDA      ID1       ID2
     7.95360869E-02    2     1000022        23   # BR(~chi_40 -> ~chi_10   Z )
     1.72382108E-01    2     1000023        23   # BR(~chi_40 -> ~chi_20   Z )
     2.31400582E-04    2     1000025        23   # BR(~chi_40 -> ~chi_30   Z )
     2.42672846E-01    2     1000024       -24   # BR(~chi_40 -> ~chi_1+   W-)
     2.42672846E-01    2    -1000024        24   # BR(~chi_40 -> ~chi_1-   W+)
     1.74741360E-01    2     1000022        25   # BR(~chi_40 -> ~chi_10   h )
     8.57319161E-02    2     1000023        25   # BR(~chi_40 -> ~chi_20   h )
     2.03143707E-03    2     1000025        25   # BR(~chi_40 -> ~chi_30   h )
#
#         PDG            Width
DECAY        25                NaN   # h decays
#          BR         NDA      ID1       ID2
                NaN    2           5        -5   # BR(h -> b       bb     )
                NaN    2         -15        15   # BR(h -> tau+    tau-   )
                NaN    2         -13        13   # BR(h -> mu+     mu-    )
                NaN    2           3        -3   # BR(h -> s       sb     )
                NaN    2           4        -4   # BR(h -> c       cb     )
                NaN    2           6        -6   # BR(h -> t       tb     )
                NaN    2          21        21   # BR(h -> g       g      )
                NaN    2          22        22   # BR(h -> gam     gam    )
                NaN    2          22        23   # BR(h -> Z       gam    )
                NaN    2          24       -24   # BR(h -> W+      W-     )
                NaN    2          23        23   # BR(h -> Z       Z      )
                NaN    2     1000024  -1000024   # BR(h -> ~chi_1+ ~chi_1-)
                NaN    2     1000037  -1000037   # BR(h -> ~chi_2+ ~chi_2-)
                NaN    2     1000024  -1000037   # BR(h -> ~chi_1+ ~chi_2-)
                NaN    2     1000037  -1000024   # BR(h -> ~chi_2+ ~chi_1-)
                NaN    2     1000022   1000022   # BR(h -> ~chi_10 ~chi_10)
                NaN    2     1000023   1000023   # BR(h -> ~chi_20 ~chi_20)
                NaN    2     1000025   1000025   # BR(h -> ~chi_30 ~chi_30)
                NaN    2     1000035   1000035   # BR(h -> ~chi_40 ~chi_40)
                NaN    2     1000022   1000023   # BR(h -> ~chi_10 ~chi_20)
                NaN    2     1000022   1000025   # BR(h -> ~chi_10 ~chi_30)
                NaN    2     1000022   1000035   # BR(h -> ~chi_10 ~chi_40)
                NaN    2     1000023   1000025   # BR(h -> ~chi_20 ~chi_30)
                NaN    2     1000023   1000035   # BR(h -> ~chi_20 ~chi_40)
                NaN    2     1000025   1000035   # BR(h -> ~chi_30 ~chi_40)
                NaN    2     1000002  -1000002   # BR(h -> ~u_L    ~u_L*  )
                NaN    2     2000002  -2000002   # BR(h -> ~u_R    ~u_R*  )
                NaN    2     1000004  -1000004   # BR(h -> ~c_L    ~c_L*  )
                NaN    2     2000004  -2000004   # BR(h -> ~c_R    ~c_R*  )
                NaN    2     1000006  -1000006   # BR(h -> ~t_1    ~t_1*  )
                NaN    2     2000006  -2000006   # BR(h -> ~t_2    ~t_2*  )
                NaN    2     1000006  -2000006   # BR(h -> ~t_1    ~t_2*  )
                NaN    2     2000006  -1000006   # BR(h -> ~t_2    ~t_1*  )
                NaN    2     1000001  -1000001   # BR(h -> ~d_L    ~d_L*  )
                NaN    2     2000001  -2000001   # BR(h -> ~d_R    ~d_R*  )
                NaN    2     1000003  -1000003   # BR(h -> ~s_L    ~s_L*  )
                NaN    2     2000003  -2000003   # BR(h -> ~s_R    ~s_R*  )
                NaN    2     1000005  -1000005   # BR(h -> ~b_1    ~b_1*  )
                NaN    2     2000005  -2000005   # BR(h -> ~b_2    ~b_2*  )
                NaN    2     1000005  -2000005   # BR(h -> ~b_1    ~b_2*  )
                NaN    2     2000005  -1000005   # BR(h -> ~b_2    ~b_1*  )
                NaN    2     1000011  -1000011   # BR(h -> ~e_L-   ~e_L+  )
                NaN    2     2000011  -2000011   # BR(h -> ~e_R-   ~e_R+  )
                NaN    2     1000013  -1000013   # BR(h -> ~mu_L-  ~mu_L+ )
                NaN    2     2000013  -2000013   # BR(h -> ~mu_R-  ~mu_R+ )
                NaN    2     1000015  -1000015   # BR(h -> ~tau_1- ~tau_1+)
                NaN    2     2000015  -2000015   # BR(h -> ~tau_2- ~tau_2+)
                NaN    2     1000015  -2000015   # BR(h -> ~tau_1- ~tau_2+)
                NaN    2     2000015  -1000015   # BR(h -> ~tau_2- ~tau_1+)
                NaN    2     1000012  -1000012   # BR(h -> ~nu_eL  ~nu_eL*   )
                NaN    2     1000014  -1000014   # BR(h -> ~nu_muL ~nu_muL*  )
                NaN    2     1000016  -1000016   # BR(h -> ~nu_tauL ~nu_tauL*)
#
#         PDG            Width
DECAY        35                NaN   # H decays
#          BR         NDA      ID1       ID2
                NaN    2           5        -5   # BR(H -> b       bb     )
                NaN    2         -15        15   # BR(H -> tau+    tau-   )
                NaN    2         -13        13   # BR(H -> mu+     mu-    )
                NaN    2           3        -3   # BR(H -> s       sb     )
                NaN    2           4        -4   # BR(H -> c       cb     )
                NaN    2           6        -6   # BR(H -> t       tb     )
                NaN    2          21        21   # BR(H -> g       g      )
                NaN    2          22        22   # BR(H -> gam     gam    )
                NaN    2          23        22   # BR(H -> Z       gam    )
                NaN    2          24       -24   # BR(H -> W+      W-     )
                NaN    2          23        23   # BR(H -> Z       Z      )
                NaN    2          25        25   # BR(H -> h       h      )
                NaN    2          36        36   # BR(H -> A       A      )
                NaN    2          23        36   # BR(H -> Z       A      )
                NaN    2          24       -37   # BR(H -> W+      H-     )
                NaN    2         -24        37   # BR(H -> W-      H+     )
                NaN    2     1000024  -1000024   # BR(H -> ~chi_1+ ~chi_1-)
                NaN    2     1000037  -1000037   # BR(H -> ~chi_2+ ~chi_2-)
                NaN    2     1000024  -1000037   # BR(H -> ~chi_1+ ~chi_2-)
                NaN    2     1000037  -1000024   # BR(H -> ~chi_2+ ~chi_1-)
                NaN    2     1000022   1000022   # BR(H -> ~chi_10 ~chi_10)
                NaN    2     1000023   1000023   # BR(H -> ~chi_20 ~chi_20)
                NaN    2     1000025   1000025   # BR(H -> ~chi_30 ~chi_30)
                NaN    2     1000035   1000035   # BR(H -> ~chi_40 ~chi_40)
                NaN    2     1000022   1000023   # BR(H -> ~chi_10 ~chi_20)
                NaN    2     1000022   1000025   # BR(H -> ~chi_10 ~chi_30)
                NaN    2     1000022   1000035   # BR(H -> ~chi_10 ~chi_40)
                NaN    2     1000023   1000025   # BR(H -> ~chi_20 ~chi_30)
                NaN    2     1000023   1000035   # BR(H -> ~chi_20 ~chi_40)
                NaN    2     1000025   1000035   # BR(H -> ~chi_30 ~chi_40)
                NaN    2     1000002  -1000002   # BR(H -> ~u_L    ~u_L*  )
                NaN    2     2000002  -2000002   # BR(H -> ~u_R    ~u_R*  )
                NaN    2     1000004  -1000004   # BR(H -> ~c_L    ~c_L*  )
                NaN    2     2000004  -2000004   # BR(H -> ~c_R    ~c_R*  )
                NaN    2     1000006  -1000006   # BR(H -> ~t_1    ~t_1*  )
                NaN    2     2000006  -2000006   # BR(H -> ~t_2    ~t_2*  )
                NaN    2     1000006  -2000006   # BR(H -> ~t_1    ~t_2*  )
                NaN    2     2000006  -1000006   # BR(H -> ~t_2    ~t_1*  )
                NaN    2     1000001  -1000001   # BR(H -> ~d_L    ~d_L*  )
                NaN    2     2000001  -2000001   # BR(H -> ~d_R    ~d_R*  )
                NaN    2     1000003  -1000003   # BR(H -> ~s_L    ~s_L*  )
                NaN    2     2000003  -2000003   # BR(H -> ~s_R    ~s_R*  )
                NaN    2     1000005  -1000005   # BR(H -> ~b_1    ~b_1*  )
                NaN    2     2000005  -2000005   # BR(H -> ~b_2    ~b_2*  )
                NaN    2     1000005  -2000005   # BR(H -> ~b_1    ~b_2*  )
                NaN    2     2000005  -1000005   # BR(H -> ~b_2    ~b_1*  )
                NaN    2     1000011  -1000011   # BR(H -> ~e_L-   ~e_L+  )
                NaN    2     2000011  -2000011   # BR(H -> ~e_R-   ~e_R+  )
                NaN    2     1000013  -1000013   # BR(H -> ~mu_L-  ~mu_L+ )
                NaN    2     2000013  -2000013   # BR(H -> ~mu_R-  ~mu_R+ )
                NaN    2     1000015  -1000015   # BR(H -> ~tau_1- ~tau_1+)
                NaN    2     2000015  -2000015   # BR(H -> ~tau_2- ~tau_2+)
                NaN    2     1000015  -2000015   # BR(H -> ~tau_1- ~tau_2+)
                NaN    2     2000015  -1000015   # BR(H -> ~tau_2- ~tau_1+)
                NaN    2     1000012  -1000012   # BR(H -> ~nu_eL  ~nu_eL*   )
                NaN    2     1000014  -1000014   # BR(H -> ~nu_muL ~nu_muL*  )
                NaN    2     1000016  -1000016   # BR(H -> ~nu_tauL ~nu_tauL*)
#
#         PDG            Width
DECAY        36     1.43094227E+02   # A decays
#          BR         NDA      ID1       ID2
     6.27792272E-02    2           5        -5   # BR(A -> b       bb     )
     1.28094413E-02    2         -15        15   # BR(A -> tau+    tau-   )
     4.52808376E-05    2         -13        13   # BR(A -> mu+     mu-    )
     4.78477512E-05    2           3        -3   # BR(A -> s       sb     )
     2.76406547E-07    2           4        -4   # BR(A -> c       cb     )
     2.76193763E-02    2           6        -6   # BR(A -> t       tb     )
     6.55080291E-06    2          21        21   # BR(A -> g       g      )
     1.23162906E-08    2          22        22   # BR(A -> gam     gam    )
     1.18641318E-08    2          23        22   # BR(A -> Z       gam    )
     1.47802535E-06    2          23        25   # BR(A -> Z       h      )
     1.63856422E-03    2     1000024  -1000024   # BR(A -> ~chi_1+ ~chi_1-)
     1.19787373E-04    2     1000037  -1000037   # BR(A -> ~chi_2+ ~chi_2-)
     2.70509411E-01    2     1000024  -1000037   # BR(A -> ~chi_1+ ~chi_2-)
     2.70509411E-01    2     1000037  -1000024   # BR(A -> ~chi_2+ ~chi_1-)
     1.00156863E-03    2     1000022   1000022   # BR(A -> ~chi_10 ~chi_10)
     2.70533313E-04    2     1000023   1000023   # BR(A -> ~chi_20 ~chi_20)
     4.88232732E-05    2     1000025   1000025   # BR(A -> ~chi_30 ~chi_30)
     6.00892940E-05    2     1000035   1000035   # BR(A -> ~chi_40 ~chi_40)
     1.04936826E-05    2     1000022   1000023   # BR(A -> ~chi_10 ~chi_20)
     4.96579510E-02    2     1000022   1000025   # BR(A -> ~chi_10 ~chi_30)
     1.66602449E-01    2     1000022   1000035   # BR(A -> ~chi_10 ~chi_40)
     3.15816187E-02    2     1000023   1000025   # BR(A -> ~chi_20 ~chi_30)
     1.04534404E-01    2     1000023   1000035   # BR(A -> ~chi_20 ~chi_40)
     1.45392405E-04    2     1000025   1000035   # BR(A -> ~chi_30 ~chi_40)
#
#         PDG            Width
DECAY        37     1.42927554E+02   # H+ decays
#          BR         NDA      ID1       ID2
     9.91450665E-05    2           4        -5   # BR(H+ -> c       bb     )
     1.28253715E-02    2         -15        16   # BR(H+ -> tau+    nu_tau )
     4.53371500E-05    2         -13        14   # BR(H+ -> mu+     nu_mu  )
     6.34525633E-07    2           2        -5   # BR(H+ -> u       bb     )
     2.29846536E-06    2           2        -3   # BR(H+ -> u       sb     )
     4.75395816E-05    2           4        -3   # BR(H+ -> c       sb     )
     8.92555489E-02    2           6        -5   # BR(H+ -> t       bb     )
     1.48017428E-06    2          24        25   # BR(H+ -> W+      h      )
     2.55853162E-15    2          24        36   # BR(H+ -> W+      A      )
     6.61268889E-06    2     1000024   1000022   # BR(H+ -> ~chi_1+ ~chi_10)
     9.97112767E-05    2     1000024   1000023   # BR(H+ -> ~chi_1+ ~chi_20)
     8.34248141E-02    2     1000024   1000025   # BR(H+ -> ~chi_1+ ~chi_30)
     2.70892325E-01    2     1000024   1000035   # BR(H+ -> ~chi_1+ ~chi_40)
     2.75170417E-01    2     1000037   1000022   # BR(H+ -> ~chi_2+ ~chi_10)
     2.67961795E-01    2     1000037   1000023   # BR(H+ -> ~chi_2+ ~chi_20)
     1.66970331E-04    2     1000037   1000025   # BR(H+ -> ~chi_2+ ~chi_30)
     1.26911862E-10    2     1000037   1000035   # BR(H+ -> ~chi_2+ ~chi_40)

