#
#                              ======================
#                              | THE SUSYHIT OUTPUT |
#                              ======================
#
#
#              ------------------------------------------------------
#              |     This is the output of the SUSY-HIT package     |
#              |  created by A.Djouadi, M.Muehlleitner and M.Spira. |
#              |  In case of problems with SUSY-HIT email to        |
#              |           margarete.muehlleitner@kit.edu           |
#              |           michael.spira@psi.ch                     |
#              |           abdelhak.djouadi@cern.ch                 |
#              ------------------------------------------------------
#
#              ------------------------------------------------------
#              |  SUSY Les Houches Accord - MSSM Spectrum + Decays  |
#              |              based on the decay programs           |
#              |                                                    |
#              |                     SDECAY 1.5                     |
#              |                                                    |
#              |  Authors: M.Muhlleitner, A.Djouadi and Y.Mambrini  |
#              |  Ref.:    Comput.Phys.Commun.168(2005)46           |
#              |           [hep-ph/0311167]                         |
#              |                                                    |
#              |                     HDECAY 3.4                     |
#              |                                                    |
#              |  By: A.Djouadi,J.Kalinowski,M.Muhlleitner,M.Spira  |
#              |  Ref.:    Comput.Phys.Commun.108(1998)56           |
#              |           [hep-ph/9704448]                         |
#              |                                                    |
#              |                                                    |
#              |  If not stated otherwise all DRbar couplings and   |
#              |  soft SUSY breaking masses are given at the scale  |
#              |  Q=  0.10000822E+05
#              |                                                    |
#              ------------------------------------------------------
#
#
BLOCK DCINFO  # Decay Program information
     1   SDECAY/HDECAY # decay calculator
     2   1.5  /3.4    # version number
#
BLOCK SPINFO  # Spectrum calculator information
     1   SuSpect     # RGE +Spectrum calculator            
     2   2.43         # version number                     
#
BLOCK MODSEL  # Model selection
     1     0   # #general MSSM low scale                           
#
BLOCK SMINPUTS  # Standard Model inputs
         1     1.27934000E+02   # alpha_em^-1(M_Z)^MSbar
         2     1.16639000E-05   # G_F [GeV^-2]
         3     1.17200000E-01   # alpha_S(M_Z)^MSbar
         4     9.11870000E+01   # M_Z pole mass
         5     4.25000000E+00   # mb(mb)^MSbar
         6     1.72500000E+02   # mt pole mass
         7     1.77710000E+00   # mtau pole mass
#
BLOCK MINPAR  # Input parameters - minimal models
         1     1.00000000E+02   # 2                   
         3     1.00000000E+01   # tanbeta(mZ)         
         4     1.00000000E+00   # sign(mu)            
#
BLOCK EXTPAR  # Input parameters - non-minimal models
         0     1.00008215E+04   # EWSB                
         1     4.00000000E+02   # M_1                 
         2     8.00000000E+02   # M_2                 
         3     1.00000000E+04   # M_3                 
        11    -1.00000000E+02   # A_t                 
        12    -1.00000000E+02   # A_b                 
        13    -2.51737263E+02   # A_tau               
        14    -6.77437438E+02   # A_u                 
        15    -8.59633345E+02   # A_d                 
        16    -2.53493493E+02   # A_e                 
        23     2.00000000E+02   # mu(EWSB)            
        25     1.00000000E+01   # tanbeta(in)         
        26     1.00000000E+04   # MA_pole             
        31     1.00000000E+04   # M_eL                
        32     1.00000000E+04   # M_muL               
        33     1.00000000E+04   # M_tauL              
        34     1.00000000E+04   # M_eR                
        35     1.00000000E+04   # M_muR               
        36     1.00000000E+04   # M_tauR              
        41     1.00000000E+04   # M_q1L               
        42     1.00000000E+04   # M_q2L               
        43     1.00000000E+04   # M_q3L               
        44     1.00000000E+04   # M_uR                
        45     1.00000000E+04   # M_cR                
        46     1.00000000E+04   # M_tR                
        47     1.00000000E+04   # M_dR                
        48     1.00000000E+04   # M_sR                
        49     1.00000000E+04   # M_bR                
#
BLOCK MASS  # Mass Spectrum
# PDG code           mass       particle
        24     8.04840974E+01   # W+
        25     1.26570790E+02   # h
        35     1.00000506E+04   # H
        36     1.00000000E+04   # A
        37     1.00007692E+04   # H+
         5     4.87884274E+00   # b-quark pole mass calculated from mb(mb)_Msbar
   1000001     1.03038427E+04   # ~d_L
   2000001     1.03037181E+04   # ~d_R
   1000002     1.03035622E+04   # ~u_L
   2000002     1.03036245E+04   # ~u_R
   1000003     1.03038427E+04   # ~s_L
   2000003     1.03037181E+04   # ~s_R
   1000004     1.03035622E+04   # ~c_L
   2000004     1.03036245E+04   # ~c_R
   1000005     1.03035523E+04   # ~b_1
   2000005     1.03040089E+04   # ~b_2
   1000006     1.01865052E+04   # ~t_1
   2000006     1.03061726E+04   # ~t_2
   1000011     1.00000963E+04   # ~e_L
   2000011     1.00000963E+04   # ~e_R
   1000012     9.99980734E+03   # ~nu_eL
   1000013     1.00000963E+04   # ~mu_L
   2000013     1.00000963E+04   # ~mu_R
   1000014     9.99980734E+03   # ~nu_muL
   1000015     9.99991057E+03   # ~tau_1
   2000015     1.00002824E+04   # ~tau_2
   1000016     9.99980734E+03   # ~nu_tauL
   1000021     1.05489481E+04   # ~g
   1000022     1.96982682E+02   # ~chi_10
   1000023    -2.11606029E+02   # ~chi_20
   1000025     4.03326179E+02   # ~chi_30
   1000035     8.73219306E+02   # ~chi_40
   1000024     2.04887585E+02   # ~chi_1+
   1000037     8.73207924E+02   # ~chi_2+
#
BLOCK NMIX  # Neutralino Mixing Matrix
  1  1     1.67109624E-01   # N_11
  1  2    -8.62628968E-02   # N_12
  1  3     7.09730478E-01   # N_13
  1  4    -6.78907752E-01   # N_14
  2  1     4.63736625E-02   # N_21
  2  2    -4.53213490E-02   # N_22
  2  3    -6.98315961E-01   # N_23
  2  4    -7.12846602E-01   # N_24
  3  1     9.84804829E-01   # N_31
  3  2     2.59926782E-02   # N_32
  3  3    -8.72530260E-02   # N_33
  3  4     1.47887588E-01   # N_34
  4  1     9.12717236E-03   # N_41
  4  2    -9.94901537E-01   # N_42
  4  3    -3.20059063E-02   # N_43
  4  4     9.52010927E-02   # N_44
#
BLOCK UMIX  # Chargino Mixing Matrix U
  1  1    -4.50978439E-02   # U_11
  1  2     9.98982575E-01   # U_12
  2  1     9.98982575E-01   # U_21
  2  2     4.50978439E-02   # U_22
#
BLOCK VMIX  # Chargino Mixing Matrix V
  1  1    -1.34449796E-01   # V_11
  1  2     9.90920407E-01   # V_12
  2  1     9.90920407E-01   # V_21
  2  2     1.34449796E-01   # V_22
#
BLOCK STOPMIX  # Stop Mixing Matrix
  1  1     3.86561629E-02   # cos(theta_t)
  1  2     9.99252571E-01   # sin(theta_t)
  2  1    -9.99252571E-01   # -sin(theta_t)
  2  2     3.86561629E-02   # cos(theta_t)
#
BLOCK SBOTMIX  # Sbottom Mixing Matrix
  1  1     6.02912148E-01   # cos(theta_b)
  1  2     7.97807584E-01   # sin(theta_b)
  2  1    -7.97807584E-01   # -sin(theta_b)
  2  2     6.02912148E-01   # cos(theta_b)
#
BLOCK STAUMIX  # Stau Mixing Matrix
  1  1     7.07129749E-01   # cos(theta_tau)
  1  2     7.07083813E-01   # sin(theta_tau)
  2  1    -7.07083813E-01   # -sin(theta_tau)
  2  2     7.07129749E-01   # cos(theta_tau)
#
BLOCK ALPHA  # Higgs mixing
          -1.06012854E-01   # Mixing angle in the neutral Higgs boson sector
#
BLOCK HMIX Q=  1.00008215E+04  # DRbar Higgs Parameters
         1     2.00000000E+02   # mu(Q)               
         2     9.39976010E+00   # tanbeta(Q)          
         3     2.41297035E+02   # vev(Q)              
         4     9.93344284E+07   # MA^2(Q)             
#
BLOCK GAUGE Q=  1.00008215E+04  # The gauge couplings
     1     3.67973916E-01   # gprime(Q) DRbar
     2     6.37296251E-01   # g(Q) DRbar
     3     9.55384379E-01   # g3(Q) DRbar
#
BLOCK AU Q=  1.00008215E+04  # The trilinear couplings
  1  1    -6.77437438E+02   # A_u(Q) DRbar
  2  2    -6.77437438E+02   # A_c(Q) DRbar
  3  3    -1.00000000E+02   # A_t(Q) DRbar
#
BLOCK AD Q=  1.00008215E+04  # The trilinear couplings
  1  1    -8.59633345E+02   # A_d(Q) DRbar
  2  2    -8.59633345E+02   # A_s(Q) DRbar
  3  3    -1.00000000E+02   # A_b(Q) DRbar
#
BLOCK AE Q=  1.00008215E+04  # The trilinear couplings
  1  1    -2.53493493E+02   # A_e(Q) DRbar
  2  2    -2.53493493E+02   # A_mu(Q) DRbar
  3  3    -2.51737263E+02   # A_tau(Q) DRbar
#
BLOCK Yu Q=  1.00008215E+04  # The Yukawa couplings
  1  1     0.00000000E+00   # y_u(Q) DRbar
  2  2     0.00000000E+00   # y_c(Q) DRbar
  3  3     7.98617381E-01   # y_t(Q) DRbar
#
BLOCK Yd Q=  1.00008215E+04  # The Yukawa couplings
  1  1     0.00000000E+00   # y_d(Q) DRbar
  2  2     0.00000000E+00   # y_s(Q) DRbar
  3  3     1.26640414E-01   # y_b(Q) DRbar
#
BLOCK Ye Q=  1.00008215E+04  # The Yukawa couplings
  1  1     0.00000000E+00   # y_e(Q) DRbar
  2  2     0.00000000E+00   # y_mu(Q) DRbar
  3  3     9.66352014E-02   # y_tau(Q) DRbar
#
BLOCK MSOFT Q=  1.00008215E+04  # The soft SUSY breaking masses at the scale Q
         1     4.00000000E+02   # M_1                 
         2     8.00000000E+02   # M_2                 
         3     1.00000000E+04   # M_3                 
        14    -6.77437438E+02   # A_u                 
        15    -8.59633345E+02   # A_d                 
        16    -2.53493493E+02   # A_e                 
        21     9.86313315E+07   # M^2_Hd              
        22     3.55286992E+06   # M^2_Hu              
        31     1.00000000E+04   # M_eL                
        32     1.00000000E+04   # M_muL               
        33     1.00000000E+04   # M_tauL              
        34     1.00000000E+04   # M_eR                
        35     1.00000000E+04   # M_muR               
        36     1.00000000E+04   # M_tauR              
        41     1.00000000E+04   # M_q1L               
        42     1.00000000E+04   # M_q2L               
        43     1.00000000E+04   # M_q3L               
        44     1.00000000E+04   # M_uR                
        45     1.00000000E+04   # M_cR                
        46     1.00000000E+04   # M_tR                
        47     1.00000000E+04   # M_dR                
        48     1.00000000E+04   # M_sR                
        49     1.00000000E+04   # M_bR                
#
#
#
#                             =================
#                             |The decay table|
#                             =================
#
# - The QCD corrections to the decays gluino -> squark  + quark
#                                     squark -> gaugino + quark_prime
#                                     squark -> squark_prime + Higgs
#                                     squark -> gluino  + quark
#   are included.
#
# - The multi-body decays for the inos, stops and sbottoms are included.
#
# - The loop induced decays for the gluino, neutralinos and stops
#   are included.
#
# - The SUSY decays of the top quark are included.
#
#
#         PDG            Width
DECAY         6     1.40612457E+00   # top decays
#          BR         NDA      ID1       ID2
     1.00000000E+00    2           5        24   # BR(t ->  b    W+)
#
#         PDG            Width
DECAY   1000021     5.02666502E+00   # gluino decays
#          BR         NDA      ID1       ID2
     3.98794708E-02    2     1000001        -1   # BR(~g -> ~d_L  db)
     3.98794708E-02    2    -1000001         1   # BR(~g -> ~d_L* d )
     3.99195497E-02    2     2000001        -1   # BR(~g -> ~d_R  db)
     3.99195497E-02    2    -2000001         1   # BR(~g -> ~d_R* d )
     3.99697242E-02    2     1000002        -2   # BR(~g -> ~u_L  ub)
     3.99697242E-02    2    -1000002         2   # BR(~g -> ~u_L* u )
     3.99496700E-02    2     2000002        -2   # BR(~g -> ~u_R  ub)
     3.99496700E-02    2    -2000002         2   # BR(~g -> ~u_R* u )
     3.98794708E-02    2     1000003        -3   # BR(~g -> ~s_L  sb)
     3.98794708E-02    2    -1000003         3   # BR(~g -> ~s_L* s )
     3.99195497E-02    2     2000003        -3   # BR(~g -> ~s_R  sb)
     3.99195497E-02    2    -2000003         3   # BR(~g -> ~s_R* s )
     3.99697242E-02    2     1000004        -4   # BR(~g -> ~c_L  cb)
     3.99697242E-02    2    -1000004         4   # BR(~g -> ~c_L* c )
     3.99496700E-02    2     2000004        -4   # BR(~g -> ~c_R  cb)
     3.99496700E-02    2    -2000004         4   # BR(~g -> ~c_R* c )
     3.93036515E-02    2     1000005        -5   # BR(~g -> ~b_1  bb)
     3.93036515E-02    2    -1000005         5   # BR(~g -> ~b_1* b )
     4.04851593E-02    2     2000005        -5   # BR(~g -> ~b_2  bb)
     4.04851593E-02    2    -2000005         5   # BR(~g -> ~b_2* b )
     6.98778638E-02    2     1000006        -6   # BR(~g -> ~t_1  tb)
     6.98778638E-02    2    -1000006         6   # BR(~g -> ~t_1* t )
     3.08964960E-02    2     2000006        -6   # BR(~g -> ~t_2  tb)
     3.08964960E-02    2    -2000006         6   # BR(~g -> ~t_2* t )
#
#         PDG            Width
DECAY   1000006     2.76054319E+02   # stop1 decays
#          BR         NDA      ID1       ID2
     2.18143290E-01    2     1000022         6   # BR(~t_1 -> ~chi_10 t )
     2.34676334E-01    2     1000023         6   # BR(~t_1 -> ~chi_20 t )
     8.94115138E-02    2     1000025         6   # BR(~t_1 -> ~chi_30 t )
     9.71358126E-04    2     1000035         6   # BR(~t_1 -> ~chi_40 t )
     4.54852351E-01    2     1000024         5   # BR(~t_1 -> ~chi_1+ b )
     1.94515285E-03    2     1000037         5   # BR(~t_1 -> ~chi_2+ b )
#
#         PDG            Width
DECAY   2000006     2.51907310E+02   # stop2 decays
#          BR         NDA      ID1       ID2
     2.28436087E-01    2     1000022         6   # BR(~t_2 -> ~chi_10 t )
     2.55309874E-01    2     1000023         6   # BR(~t_2 -> ~chi_20 t )
     2.24491678E-02    2     1000025         6   # BR(~t_2 -> ~chi_30 t )
     1.64052606E-01    2     1000035         6   # BR(~t_2 -> ~chi_40 t )
     1.22615970E-02    2     1000024         5   # BR(~t_2 -> ~chi_1+ b )
     3.17491974E-01    2     1000037         5   # BR(~t_2 -> ~chi_2+ b )
    -1.30533296E-06    2     1000006        23   # BR(~t_2 -> ~t_1    Z )
#
#         PDG            Width
DECAY   1000005     1.18339947E+02   # sbottom1 decays
#          BR         NDA      ID1       ID2
     2.91100268E-02    2     1000022         5   # BR(~b_1 -> ~chi_10 b )
     8.85289983E-03    2     1000023         5   # BR(~b_1 -> ~chi_20 b )
     2.68746014E-02    2     1000025         5   # BR(~b_1 -> ~chi_30 b )
     1.45022455E-01    2     1000035         5   # BR(~b_1 -> ~chi_40 b )
     4.90084337E-01    2    -1000024         6   # BR(~b_1 -> ~chi_1- t )
     3.00064658E-01    2    -1000037         6   # BR(~b_1 -> ~chi_2- t )
    -8.97732542E-06    2     1000006       -24   # BR(~b_1 -> ~t_1    W-)
#
#         PDG            Width
DECAY   2000005     1.45758884E+02   # sbottom2 decays
#          BR         NDA      ID1       ID2
     3.56319997E-03    2     1000022         5   # BR(~b_2 -> ~chi_10 b )
     1.51785981E-02    2     1000023         5   # BR(~b_2 -> ~chi_20 b )
     2.55711891E-02    2     1000025         5   # BR(~b_2 -> ~chi_30 b )
     1.53647107E-01    2     1000035         5   # BR(~b_2 -> ~chi_40 b )
     4.84557959E-01    2    -1000024         6   # BR(~b_2 -> ~chi_1- t )
     3.17495050E-01    2    -1000037         6   # BR(~b_2 -> ~chi_2- t )
    -1.31030866E-05    2     1000006       -24   # BR(~b_2 -> ~t_1    W-)
#
#         PDG            Width
DECAY   1000002     1.20960339E+02   # sup_L decays
#          BR         NDA      ID1       ID2
     9.75522178E-04    2     1000022         2   # BR(~u_L -> ~chi_10 u)
     4.41482408E-04    2     1000023         2   # BR(~u_L -> ~chi_20 u)
     1.54534280E-02    2     1000025         2   # BR(~u_L -> ~chi_30 u)
     3.24661720E-01    2     1000035         2   # BR(~u_L -> ~chi_40 u)
     1.20496424E-02    2     1000024         1   # BR(~u_L -> ~chi_1+ d)
     6.46418205E-01    2     1000037         1   # BR(~u_L -> ~chi_2+ d)
#
#         PDG            Width
DECAY   2000002     2.38501590E+01   # sup_R decays
#          BR         NDA      ID1       ID2
     2.79788047E-02    2     1000022         2   # BR(~u_R -> ~chi_10 u)
     2.15442778E-03    2     1000023         2   # BR(~u_R -> ~chi_20 u)
     9.69784342E-01    2     1000025         2   # BR(~u_R -> ~chi_30 u)
     8.24254292E-05    2     1000035         2   # BR(~u_R -> ~chi_40 u)
#
#         PDG            Width
DECAY   1000001     1.20945226E+02   # sdown_L decays
#          BR         NDA      ID1       ID2
     4.67520607E-03    2     1000022         1   # BR(~d_L -> ~chi_10 d)
     9.80883637E-04    2     1000023         1   # BR(~d_L -> ~chi_20 d)
     8.89921849E-03    2     1000025         1   # BR(~d_L -> ~chi_30 d)
     3.27011473E-01    2     1000035         1   # BR(~d_L -> ~chi_40 d)
     1.35590639E-03    2    -1000024         2   # BR(~d_L -> ~chi_1- u)
     6.57077312E-01    2    -1000037         2   # BR(~d_L -> ~chi_2- u)
#
#         PDG            Width
DECAY   2000001     5.96258590E+00   # sdown_R decays
#          BR         NDA      ID1       ID2
     2.79788035E-02    2     1000022         1   # BR(~d_R -> ~chi_10 d)
     2.15442769E-03    2     1000023         1   # BR(~d_R -> ~chi_20 d)
     9.69784343E-01    2     1000025         1   # BR(~d_R -> ~chi_30 d)
     8.24254465E-05    2     1000035         1   # BR(~d_R -> ~chi_40 d)
#
#         PDG            Width
DECAY   1000004     1.20960339E+02   # scharm_L decays
#          BR         NDA      ID1       ID2
     9.75522178E-04    2     1000022         4   # BR(~c_L -> ~chi_10 c)
     4.41482408E-04    2     1000023         4   # BR(~c_L -> ~chi_20 c)
     1.54534280E-02    2     1000025         4   # BR(~c_L -> ~chi_30 c)
     3.24661720E-01    2     1000035         4   # BR(~c_L -> ~chi_40 c)
     1.20496424E-02    2     1000024         3   # BR(~c_L -> ~chi_1+ s)
     6.46418205E-01    2     1000037         3   # BR(~c_L -> ~chi_2+ s)
#
#         PDG            Width
DECAY   2000004     2.38501590E+01   # scharm_R decays
#          BR         NDA      ID1       ID2
     2.79788047E-02    2     1000022         4   # BR(~c_R -> ~chi_10 c)
     2.15442778E-03    2     1000023         4   # BR(~c_R -> ~chi_20 c)
     9.69784342E-01    2     1000025         4   # BR(~c_R -> ~chi_30 c)
     8.24254292E-05    2     1000035         4   # BR(~c_R -> ~chi_40 c)
#
#         PDG            Width
DECAY   1000003     1.20945226E+02   # sstrange_L decays
#          BR         NDA      ID1       ID2
     4.67520607E-03    2     1000022         3   # BR(~s_L -> ~chi_10 s)
     9.80883637E-04    2     1000023         3   # BR(~s_L -> ~chi_20 s)
     8.89921849E-03    2     1000025         3   # BR(~s_L -> ~chi_30 s)
     3.27011473E-01    2     1000035         3   # BR(~s_L -> ~chi_40 s)
     1.35590639E-03    2    -1000024         4   # BR(~s_L -> ~chi_1- c)
     6.57077312E-01    2    -1000037         4   # BR(~s_L -> ~chi_2- c)
#
#         PDG            Width
DECAY   2000003     5.96258590E+00   # sstrange_R decays
#          BR         NDA      ID1       ID2
     2.79788035E-02    2     1000022         3   # BR(~s_R -> ~chi_10 s)
     2.15442769E-03    2     1000023         3   # BR(~s_R -> ~chi_20 s)
     9.69784343E-01    2     1000025         3   # BR(~s_R -> ~chi_30 s)
     8.24254465E-05    2     1000035         3   # BR(~s_R -> ~chi_40 s)
#
#         PDG            Width
DECAY   1000011     1.32798014E+02   # selectron_L decays
#          BR         NDA      ID1       ID2
     3.17882076E-05    2     1000022        11   # BR(~e_L -> ~chi_10 e-)
     1.04537603E-04    2     1000023        11   # BR(~e_L -> ~chi_20 e-)
     1.07215316E-01    2     1000025        11   # BR(~e_L -> ~chi_30 e-)
     2.93423013E-01    2     1000035        11   # BR(~e_L -> ~chi_40 e-)
     1.23643798E-03    2    -1000024        12   # BR(~e_L -> ~chi_1- nu_e)
     5.97988908E-01    2    -1000037        12   # BR(~e_L -> ~chi_2- nu_e)
#
#         PDG            Width
DECAY   2000011     5.37051832E+01   # selectron_R decays
#          BR         NDA      ID1       ID2
     2.79929084E-02    2     1000022        11   # BR(~e_R -> ~chi_10 e-)
     2.15544018E-03    2     1000023        11   # BR(~e_R -> ~chi_20 e-)
     9.69769350E-01    2     1000025        11   # BR(~e_R -> ~chi_30 e-)
     8.23012340E-05    2     1000035        11   # BR(~e_R -> ~chi_40 e-)
#
#         PDG            Width
DECAY   1000013     1.32798014E+02   # smuon_L decays
#          BR         NDA      ID1       ID2
     3.17882076E-05    2     1000022        13   # BR(~mu_L -> ~chi_10 mu-)
     1.04537603E-04    2     1000023        13   # BR(~mu_L -> ~chi_20 mu-)
     1.07215316E-01    2     1000025        13   # BR(~mu_L -> ~chi_30 mu-)
     2.93423013E-01    2     1000035        13   # BR(~mu_L -> ~chi_40 mu-)
     1.23643798E-03    2    -1000024        14   # BR(~mu_L -> ~chi_1- nu_mu)
     5.97988908E-01    2    -1000037        14   # BR(~mu_L -> ~chi_2- nu_mu)
#
#         PDG            Width
DECAY   2000013     5.37051832E+01   # smuon_R decays
#          BR         NDA      ID1       ID2
     2.79929084E-02    2     1000022        13   # BR(~mu_R -> ~chi_10 mu-)
     2.15544018E-03    2     1000023        13   # BR(~mu_R -> ~chi_20 mu-)
     9.69769350E-01    2     1000025        13   # BR(~mu_R -> ~chi_30 mu-)
     8.23012340E-05    2     1000035        13   # BR(~mu_R -> ~chi_40 mu-)
#
#         PDG            Width
DECAY   1000015     9.60499720E+01   # stau_1 decays
#          BR         NDA      ID1       ID2
     2.92722707E-02    2     1000022        15   # BR(~tau_1 -> ~chi_10  tau-)
     5.56135630E-03    2     1000023        15   # BR(~tau_1 -> ~chi_20  tau-)
     3.41110018E-01    2     1000025        15   # BR(~tau_1 -> ~chi_30  tau-)
     2.00050590E-01    2     1000035        15   # BR(~tau_1 -> ~chi_40  tau-)
     1.62392393E-02    2    -1000024        16   # BR(~tau_1 -> ~chi_1-  nu_tau)
     4.07766525E-01    2    -1000037        16   # BR(~tau_1 -> ~chi_2-  nu_tau)
#
#         PDG            Width
DECAY   2000015     9.60218688E+01   # stau_2 decays
#          BR         NDA      ID1       ID2
     5.89567198E-03    2     1000022        15   # BR(~tau_2 -> ~chi_10  tau-)
     1.46402037E-02    2     1000023        15   # BR(~tau_2 -> ~chi_20  tau-)
     3.49756093E-01    2     1000025        15   # BR(~tau_2 -> ~chi_30  tau-)
     2.05779518E-01    2     1000035        15   # BR(~tau_2 -> ~chi_40  tau-)
     4.75817442E-03    2    -1000024        16   # BR(~tau_2 -> ~chi_1-  nu_tau)
     4.19170339E-01    2    -1000037        16   # BR(~tau_2 -> ~chi_2-  nu_tau)
#
#         PDG            Width
DECAY   1000012     1.32806347E+02   # snu_eL decays
#          BR         NDA      ID1       ID2
     1.01517671E-02    2     1000022        12   # BR(~nu_eL -> ~chi_10 nu_e)
     1.57981509E-03    2     1000023        12   # BR(~nu_eL -> ~chi_20 nu_e)
     8.92796773E-02    2     1000025        12   # BR(~nu_eL -> ~chi_30 nu_e)
     2.99678747E-01    2     1000035        12   # BR(~nu_eL -> ~chi_40 nu_e)
     1.09885719E-02    2     1000024        11   # BR(~nu_eL -> ~chi_1+ e-)
     5.88321422E-01    2     1000037        11   # BR(~nu_eL -> ~chi_2+ e-)
#
#         PDG            Width
DECAY   1000014     1.32806347E+02   # snu_muL decays
#          BR         NDA      ID1       ID2
     1.01517671E-02    2     1000022        14   # BR(~nu_muL -> ~chi_10 nu_mu)
     1.57981509E-03    2     1000023        14   # BR(~nu_muL -> ~chi_20 nu_mu)
     8.92796773E-02    2     1000025        14   # BR(~nu_muL -> ~chi_30 nu_mu)
     2.99678747E-01    2     1000035        14   # BR(~nu_muL -> ~chi_40 nu_mu)
     1.09885719E-02    2     1000024        13   # BR(~nu_muL -> ~chi_1+ mu-)
     5.88321422E-01    2     1000037        13   # BR(~nu_muL -> ~chi_2+ mu-)
#
#         PDG            Width
DECAY   1000016     1.34662510E+02   # snu_tauL decays
#          BR         NDA      ID1       ID2
     1.00118370E-02    2     1000022        16   # BR(~nu_tauL -> ~chi_10 nu_tau)
     1.55803921E-03    2     1000023        16   # BR(~nu_tauL -> ~chi_20 nu_tau)
     8.80490627E-02    2     1000025        16   # BR(~nu_tauL -> ~chi_30 nu_tau)
     2.95548030E-01    2     1000035        16   # BR(~nu_tauL -> ~chi_40 nu_tau)
     2.45930778E-02    2     1000024        15   # BR(~nu_tauL -> ~chi_1+ tau-)
     5.80239953E-01    2     1000037        15   # BR(~nu_tauL -> ~chi_2+ tau-)
#
#         PDG            Width
DECAY   1000024     3.34972318E-08   # chargino1+ decays
#           BR         NDA      ID1       ID2       ID3
     3.41517713E-01    3     1000022         2        -1   # BR(~chi_1+ -> ~chi_10 u    db)
     3.41517713E-01    3     1000022         4        -3   # BR(~chi_1+ -> ~chi_10 c    sb)
     1.13839319E-01    3     1000022       -11        12   # BR(~chi_1+ -> ~chi_10 e+   nu_e)
     1.13839319E-01    3     1000022       -13        14   # BR(~chi_1+ -> ~chi_10 mu+  nu_mu)
     8.92859365E-02    3     1000022       -15        16   # BR(~chi_1+ -> ~chi_10 tau+ nu_tau)
#
#         PDG            Width
DECAY   1000037     7.02576609E+00   # chargino2+ decays
#          BR         NDA      ID1       ID2
     2.53407524E-01    2     1000024        23   # BR(~chi_2+ -> ~chi_1+  Z )
     2.24423357E-01    2     1000022        24   # BR(~chi_2+ -> ~chi_10  W+)
     2.48466875E-01    2     1000023        24   # BR(~chi_2+ -> ~chi_20  W+)
     1.88063834E-02    2     1000025        24   # BR(~chi_2+ -> ~chi_30  W+)
     2.54895861E-01    2     1000024        25   # BR(~chi_2+ -> ~chi_1+  h )
#
#         PDG            Width
DECAY   1000022     0.00000000E+00   # neutralino1 decays
#
#         PDG            Width
DECAY   1000023     5.68394613E-07   # neutralino2 decays
#          BR         NDA      ID1       ID2
     7.12213401E-03    2     1000022        22   # BR(~chi_20 -> ~chi_10 gam)
#           BR         NDA      ID1       ID2       ID3
     1.22504650E-01    3     1000022        -2         2   # BR(~chi_20 -> ~chi_10 ub      u)
     1.59257645E-01    3     1000022        -1         1   # BR(~chi_20 -> ~chi_10 db      d)
     1.22504650E-01    3     1000022        -4         4   # BR(~chi_20 -> ~chi_10 cb      c)
     1.59257645E-01    3     1000022        -3         3   # BR(~chi_20 -> ~chi_10 sb      s)
     4.88257660E-02    3     1000022        -5         5   # BR(~chi_20 -> ~chi_10 bb      b)
     3.67531691E-02    3     1000022       -11        11   # BR(~chi_20 -> ~chi_10 e+      e-)
     3.67531691E-02    3     1000022       -13        13   # BR(~chi_20 -> ~chi_10 mu+     mu-)
     3.37489810E-02    3     1000022       -15        15   # BR(~chi_20 -> ~chi_10 tau+    tau-)
     7.35065538E-02    3     1000022       -12        12   # BR(~chi_20 -> ~chi_10 nu_eb   nu_e)
     7.35065538E-02    3     1000022       -14        14   # BR(~chi_20 -> ~chi_10 nu_mub  nu_mu)
     7.35065538E-02    3     1000022       -16        16   # BR(~chi_20 -> ~chi_10 nu_taub nu_tau)
     9.07925344E-03    3     1000024        -2         1   # BR(~chi_20 -> ~chi_1+ ub      d)
     9.07925344E-03    3    -1000024        -1         2   # BR(~chi_20 -> ~chi_1- db      u)
     9.07925344E-03    3     1000024        -4         3   # BR(~chi_20 -> ~chi_1+ cb      s)
     9.07925344E-03    3    -1000024        -3         4   # BR(~chi_20 -> ~chi_1- sb      c)
     3.02641913E-03    3     1000024       -12        11   # BR(~chi_20 -> ~chi_1+ nu_eb   e-)
     3.02641913E-03    3    -1000024        12       -11   # BR(~chi_20 -> ~chi_1- nu_e    e+)
     3.02641913E-03    3     1000024       -14        13   # BR(~chi_20 -> ~chi_1+ nu_mub  mu-)
     3.02641913E-03    3    -1000024        14       -13   # BR(~chi_20 -> ~chi_1- nu_mu   mu+)
     2.16491876E-03    3     1000024       -16        15   # BR(~chi_20 -> ~chi_1+ nu_taub tau-)
     2.16491876E-03    3    -1000024        16       -15   # BR(~chi_20 -> ~chi_1- nu_tau  tau+)
#
#         PDG            Width
DECAY   1000025     7.42365551E-01   # neutralino3 decays
#          BR         NDA      ID1       ID2
     2.25392838E-02    2     1000022        23   # BR(~chi_30 -> ~chi_10   Z )
     2.11926098E-01    2     1000023        23   # BR(~chi_30 -> ~chi_20   Z )
     2.80791287E-01    2     1000024       -24   # BR(~chi_30 -> ~chi_1+   W-)
     2.80791287E-01    2    -1000024        24   # BR(~chi_30 -> ~chi_1-   W+)
     1.95674394E-01    2     1000022        25   # BR(~chi_30 -> ~chi_10   h )
     8.27765009E-03    2     1000023        25   # BR(~chi_30 -> ~chi_20   h )
#
#         PDG            Width
DECAY   1000035     7.02423099E+00   # neutralino4 decays
#          BR         NDA      ID1       ID2
     4.68527033E-02    2     1000022        23   # BR(~chi_40 -> ~chi_10   Z )
     2.04633114E-01    2     1000023        23   # BR(~chi_40 -> ~chi_20   Z )
     1.99326316E-03    2     1000025        23   # BR(~chi_40 -> ~chi_30   Z )
     2.46989580E-01    2     1000024       -24   # BR(~chi_40 -> ~chi_1+   W-)
     2.46989580E-01    2    -1000024        24   # BR(~chi_40 -> ~chi_1-   W+)
     1.84698381E-01    2     1000022        25   # BR(~chi_40 -> ~chi_10   h )
     5.02574116E-02    2     1000023        25   # BR(~chi_40 -> ~chi_20   h )
     1.75859669E-02    2     1000025        25   # BR(~chi_40 -> ~chi_30   h )
#
#         PDG            Width
DECAY        25                NaN   # h decays
#          BR         NDA      ID1       ID2
                NaN    2           5        -5   # BR(h -> b       bb     )
                NaN    2         -15        15   # BR(h -> tau+    tau-   )
                NaN    2         -13        13   # BR(h -> mu+     mu-    )
                NaN    2           3        -3   # BR(h -> s       sb     )
                NaN    2           4        -4   # BR(h -> c       cb     )
                NaN    2           6        -6   # BR(h -> t       tb     )
                NaN    2          21        21   # BR(h -> g       g      )
                NaN    2          22        22   # BR(h -> gam     gam    )
                NaN    2          22        23   # BR(h -> Z       gam    )
                NaN    2          24       -24   # BR(h -> W+      W-     )
                NaN    2          23        23   # BR(h -> Z       Z      )
                NaN    2     1000024  -1000024   # BR(h -> ~chi_1+ ~chi_1-)
                NaN    2     1000037  -1000037   # BR(h -> ~chi_2+ ~chi_2-)
                NaN    2     1000024  -1000037   # BR(h -> ~chi_1+ ~chi_2-)
                NaN    2     1000037  -1000024   # BR(h -> ~chi_2+ ~chi_1-)
                NaN    2     1000022   1000022   # BR(h -> ~chi_10 ~chi_10)
                NaN    2     1000023   1000023   # BR(h -> ~chi_20 ~chi_20)
                NaN    2     1000025   1000025   # BR(h -> ~chi_30 ~chi_30)
                NaN    2     1000035   1000035   # BR(h -> ~chi_40 ~chi_40)
                NaN    2     1000022   1000023   # BR(h -> ~chi_10 ~chi_20)
                NaN    2     1000022   1000025   # BR(h -> ~chi_10 ~chi_30)
                NaN    2     1000022   1000035   # BR(h -> ~chi_10 ~chi_40)
                NaN    2     1000023   1000025   # BR(h -> ~chi_20 ~chi_30)
                NaN    2     1000023   1000035   # BR(h -> ~chi_20 ~chi_40)
                NaN    2     1000025   1000035   # BR(h -> ~chi_30 ~chi_40)
                NaN    2     1000002  -1000002   # BR(h -> ~u_L    ~u_L*  )
                NaN    2     2000002  -2000002   # BR(h -> ~u_R    ~u_R*  )
                NaN    2     1000004  -1000004   # BR(h -> ~c_L    ~c_L*  )
                NaN    2     2000004  -2000004   # BR(h -> ~c_R    ~c_R*  )
                NaN    2     1000006  -1000006   # BR(h -> ~t_1    ~t_1*  )
                NaN    2     2000006  -2000006   # BR(h -> ~t_2    ~t_2*  )
                NaN    2     1000006  -2000006   # BR(h -> ~t_1    ~t_2*  )
                NaN    2     2000006  -1000006   # BR(h -> ~t_2    ~t_1*  )
                NaN    2     1000001  -1000001   # BR(h -> ~d_L    ~d_L*  )
                NaN    2     2000001  -2000001   # BR(h -> ~d_R    ~d_R*  )
                NaN    2     1000003  -1000003   # BR(h -> ~s_L    ~s_L*  )
                NaN    2     2000003  -2000003   # BR(h -> ~s_R    ~s_R*  )
                NaN    2     1000005  -1000005   # BR(h -> ~b_1    ~b_1*  )
                NaN    2     2000005  -2000005   # BR(h -> ~b_2    ~b_2*  )
                NaN    2     1000005  -2000005   # BR(h -> ~b_1    ~b_2*  )
                NaN    2     2000005  -1000005   # BR(h -> ~b_2    ~b_1*  )
                NaN    2     1000011  -1000011   # BR(h -> ~e_L-   ~e_L+  )
                NaN    2     2000011  -2000011   # BR(h -> ~e_R-   ~e_R+  )
                NaN    2     1000013  -1000013   # BR(h -> ~mu_L-  ~mu_L+ )
                NaN    2     2000013  -2000013   # BR(h -> ~mu_R-  ~mu_R+ )
                NaN    2     1000015  -1000015   # BR(h -> ~tau_1- ~tau_1+)
                NaN    2     2000015  -2000015   # BR(h -> ~tau_2- ~tau_2+)
                NaN    2     1000015  -2000015   # BR(h -> ~tau_1- ~tau_2+)
                NaN    2     2000015  -1000015   # BR(h -> ~tau_2- ~tau_1+)
                NaN    2     1000012  -1000012   # BR(h -> ~nu_eL  ~nu_eL*   )
                NaN    2     1000014  -1000014   # BR(h -> ~nu_muL ~nu_muL*  )
                NaN    2     1000016  -1000016   # BR(h -> ~nu_tauL ~nu_tauL*)
#
#         PDG            Width
DECAY        35                NaN   # H decays
#          BR         NDA      ID1       ID2
                NaN    2           5        -5   # BR(H -> b       bb     )
                NaN    2         -15        15   # BR(H -> tau+    tau-   )
                NaN    2         -13        13   # BR(H -> mu+     mu-    )
                NaN    2           3        -3   # BR(H -> s       sb     )
                NaN    2           4        -4   # BR(H -> c       cb     )
                NaN    2           6        -6   # BR(H -> t       tb     )
                NaN    2          21        21   # BR(H -> g       g      )
                NaN    2          22        22   # BR(H -> gam     gam    )
                NaN    2          23        22   # BR(H -> Z       gam    )
                NaN    2          24       -24   # BR(H -> W+      W-     )
                NaN    2          23        23   # BR(H -> Z       Z      )
                NaN    2          25        25   # BR(H -> h       h      )
                NaN    2          36        36   # BR(H -> A       A      )
                NaN    2          23        36   # BR(H -> Z       A      )
                NaN    2          24       -37   # BR(H -> W+      H-     )
                NaN    2         -24        37   # BR(H -> W-      H+     )
                NaN    2     1000024  -1000024   # BR(H -> ~chi_1+ ~chi_1-)
                NaN    2     1000037  -1000037   # BR(H -> ~chi_2+ ~chi_2-)
                NaN    2     1000024  -1000037   # BR(H -> ~chi_1+ ~chi_2-)
                NaN    2     1000037  -1000024   # BR(H -> ~chi_2+ ~chi_1-)
                NaN    2     1000022   1000022   # BR(H -> ~chi_10 ~chi_10)
                NaN    2     1000023   1000023   # BR(H -> ~chi_20 ~chi_20)
                NaN    2     1000025   1000025   # BR(H -> ~chi_30 ~chi_30)
                NaN    2     1000035   1000035   # BR(H -> ~chi_40 ~chi_40)
                NaN    2     1000022   1000023   # BR(H -> ~chi_10 ~chi_20)
                NaN    2     1000022   1000025   # BR(H -> ~chi_10 ~chi_30)
                NaN    2     1000022   1000035   # BR(H -> ~chi_10 ~chi_40)
                NaN    2     1000023   1000025   # BR(H -> ~chi_20 ~chi_30)
                NaN    2     1000023   1000035   # BR(H -> ~chi_20 ~chi_40)
                NaN    2     1000025   1000035   # BR(H -> ~chi_30 ~chi_40)
                NaN    2     1000002  -1000002   # BR(H -> ~u_L    ~u_L*  )
                NaN    2     2000002  -2000002   # BR(H -> ~u_R    ~u_R*  )
                NaN    2     1000004  -1000004   # BR(H -> ~c_L    ~c_L*  )
                NaN    2     2000004  -2000004   # BR(H -> ~c_R    ~c_R*  )
                NaN    2     1000006  -1000006   # BR(H -> ~t_1    ~t_1*  )
                NaN    2     2000006  -2000006   # BR(H -> ~t_2    ~t_2*  )
                NaN    2     1000006  -2000006   # BR(H -> ~t_1    ~t_2*  )
                NaN    2     2000006  -1000006   # BR(H -> ~t_2    ~t_1*  )
                NaN    2     1000001  -1000001   # BR(H -> ~d_L    ~d_L*  )
                NaN    2     2000001  -2000001   # BR(H -> ~d_R    ~d_R*  )
                NaN    2     1000003  -1000003   # BR(H -> ~s_L    ~s_L*  )
                NaN    2     2000003  -2000003   # BR(H -> ~s_R    ~s_R*  )
                NaN    2     1000005  -1000005   # BR(H -> ~b_1    ~b_1*  )
                NaN    2     2000005  -2000005   # BR(H -> ~b_2    ~b_2*  )
                NaN    2     1000005  -2000005   # BR(H -> ~b_1    ~b_2*  )
                NaN    2     2000005  -1000005   # BR(H -> ~b_2    ~b_1*  )
                NaN    2     1000011  -1000011   # BR(H -> ~e_L-   ~e_L+  )
                NaN    2     2000011  -2000011   # BR(H -> ~e_R-   ~e_R+  )
                NaN    2     1000013  -1000013   # BR(H -> ~mu_L-  ~mu_L+ )
                NaN    2     2000013  -2000013   # BR(H -> ~mu_R-  ~mu_R+ )
                NaN    2     1000015  -1000015   # BR(H -> ~tau_1- ~tau_1+)
                NaN    2     2000015  -2000015   # BR(H -> ~tau_2- ~tau_2+)
                NaN    2     1000015  -2000015   # BR(H -> ~tau_1- ~tau_2+)
                NaN    2     2000015  -1000015   # BR(H -> ~tau_2- ~tau_1+)
                NaN    2     1000012  -1000012   # BR(H -> ~nu_eL  ~nu_eL*   )
                NaN    2     1000014  -1000014   # BR(H -> ~nu_muL ~nu_muL*  )
                NaN    2     1000016  -1000016   # BR(H -> ~nu_tauL ~nu_tauL*)
#
#         PDG            Width
DECAY        36     1.52405542E+02   # A decays
#          BR         NDA      ID1       ID2
     5.88736589E-02    2           5        -5   # BR(A -> b       bb     )
     1.20164286E-02    2         -15        15   # BR(A -> tau+    tau-   )
     4.24775709E-05    2         -13        13   # BR(A -> mu+     mu-    )
     4.48855881E-05    2           3        -3   # BR(A -> s       sb     )
     2.59744170E-07    2           4        -4   # BR(A -> c       cb     )
     2.59544213E-02    2           6        -6   # BR(A -> t       tb     )
     6.15405696E-06    2          21        21   # BR(A -> g       g      )
     1.02033849E-08    2          22        22   # BR(A -> gam     gam    )
     1.11282634E-08    2          23        22   # BR(A -> Z       gam    )
     1.43347680E-06    2          23        25   # BR(A -> Z       h      )
     1.06601950E-02    2     1000024  -1000024   # BR(A -> ~chi_1+ ~chi_1-)
     1.88940556E-03    2     1000037  -1000037   # BR(A -> ~chi_2+ ~chi_2-)
     2.68484807E-01    2     1000024  -1000037   # BR(A -> ~chi_1+ ~chi_2-)
     2.68484807E-01    2     1000037  -1000024   # BR(A -> ~chi_2+ ~chi_1-)
     1.03535505E-02    2     1000022   1000022   # BR(A -> ~chi_10 ~chi_10)
     1.04707191E-03    2     1000023   1000023   # BR(A -> ~chi_20 ~chi_20)
     1.44927600E-03    2     1000025   1000025   # BR(A -> ~chi_30 ~chi_30)
     9.63856298E-04    2     1000035   1000035   # BR(A -> ~chi_40 ~chi_40)
     8.12624901E-04    2     1000022   1000023   # BR(A -> ~chi_10 ~chi_20)
     3.80280925E-02    2     1000022   1000025   # BR(A -> ~chi_10 ~chi_30)
     1.63334802E-01    2     1000022   1000035   # BR(A -> ~chi_10 ~chi_40)
     2.76462751E-02    2     1000023   1000025   # BR(A -> ~chi_20 ~chi_30)
     1.05715203E-01    2     1000023   1000035   # BR(A -> ~chi_20 ~chi_40)
     4.19029279E-03    2     1000025   1000035   # BR(A -> ~chi_30 ~chi_40)
#
#         PDG            Width
DECAY        37     1.52235438E+02   # H+ decays
#          BR         NDA      ID1       ID2
     9.29464241E-05    2           4        -5   # BR(H+ -> c       bb     )
     1.20307808E-02    2         -15        16   # BR(H+ -> tau+    nu_tau )
     4.25283055E-05    2         -13        14   # BR(H+ -> mu+     nu_mu  )
     5.94854490E-07    2           2        -5   # BR(H+ -> u       bb     )
     2.15606501E-06    2           2        -3   # BR(H+ -> u       sb     )
     4.45947212E-05    2           4        -3   # BR(H+ -> c       sb     )
     8.37350553E-02    2           6        -5   # BR(H+ -> t       bb     )
     1.43548904E-06    2          24        25   # BR(H+ -> W+      h      )
     2.32801190E-15    2          24        36   # BR(H+ -> W+      A      )
     6.89756099E-04    2     1000024   1000022   # BR(H+ -> ~chi_1+ ~chi_10)
     1.21150491E-03    2     1000024   1000023   # BR(H+ -> ~chi_1+ ~chi_20)
     8.23614230E-02    2     1000024   1000025   # BR(H+ -> ~chi_1+ ~chi_30)
     2.70186237E-01    2     1000024   1000035   # BR(H+ -> ~chi_1+ ~chi_40)
     2.76125621E-01    2     1000037   1000022   # BR(H+ -> ~chi_2+ ~chi_10)
     2.67270335E-01    2     1000037   1000023   # BR(H+ -> ~chi_2+ ~chi_20)
     6.20494405E-03    2     1000037   1000025   # BR(H+ -> ~chi_2+ ~chi_30)
     8.69517916E-08    2     1000037   1000035   # BR(H+ -> ~chi_2+ ~chi_40)

