#
#                              ======================
#                              | THE SUSYHIT OUTPUT |
#                              ======================
#
#
#              ------------------------------------------------------
#              |     This is the output of the SUSY-HIT package     |
#              |  created by A.Djouadi, M.Muehlleitner and M.Spira. |
#              |  In case of problems with SUSY-HIT email to        |
#              |           margarete.muehlleitner@kit.edu           |
#              |           michael.spira@psi.ch                     |
#              |           abdelhak.djouadi@cern.ch                 |
#              ------------------------------------------------------
#
#              ------------------------------------------------------
#              |  SUSY Les Houches Accord - MSSM Spectrum + Decays  |
#              |              based on the decay programs           |
#              |                                                    |
#              |                     SDECAY 1.5                     |
#              |                                                    |
#              |  Authors: M.Muhlleitner, A.Djouadi and Y.Mambrini  |
#              |  Ref.:    Comput.Phys.Commun.168(2005)46           |
#              |           [hep-ph/0311167]                         |
#              |                                                    |
#              |                     HDECAY 3.4                     |
#              |                                                    |
#              |  By: A.Djouadi,J.Kalinowski,M.Muhlleitner,M.Spira  |
#              |  Ref.:    Comput.Phys.Commun.108(1998)56           |
#              |           [hep-ph/9704448]                         |
#              |                                                    |
#              |                                                    |
#              |  If not stated otherwise all DRbar couplings and   |
#              |  soft SUSY breaking masses are given at the scale  |
#              |  Q=  0.10000821E+05
#              |                                                    |
#              ------------------------------------------------------
#
#
BLOCK DCINFO  # Decay Program information
     1   SDECAY/HDECAY # decay calculator
     2   1.5  /3.4    # version number
#
BLOCK SPINFO  # Spectrum calculator information
     1   SuSpect     # RGE +Spectrum calculator            
     2   2.43         # version number                     
#
BLOCK MODSEL  # Model selection
     1     0   # #general MSSM low scale                           
#
BLOCK SMINPUTS  # Standard Model inputs
         1     1.27934000E+02   # alpha_em^-1(M_Z)^MSbar
         2     1.16639000E-05   # G_F [GeV^-2]
         3     1.17200000E-01   # alpha_S(M_Z)^MSbar
         4     9.11870000E+01   # M_Z pole mass
         5     4.25000000E+00   # mb(mb)^MSbar
         6     1.72500000E+02   # mt pole mass
         7     1.77710000E+00   # mtau pole mass
#
BLOCK MINPAR  # Input parameters - minimal models
         1     1.00000000E+02   # 2                   
         3     1.00000000E+01   # tanbeta(mZ)         
         4     1.00000000E+00   # sign(mu)            
#
BLOCK EXTPAR  # Input parameters - non-minimal models
         0     1.00008214E+04   # EWSB                
         1     4.00000000E+02   # M_1                 
         2     8.00000000E+02   # M_2                 
         3     1.00000000E+04   # M_3                 
        11    -1.00000000E+02   # A_t                 
        12    -1.00000000E+02   # A_b                 
        13    -2.51737263E+02   # A_tau               
        14    -6.77437438E+02   # A_u                 
        15    -8.59633345E+02   # A_d                 
        16    -2.53493493E+02   # A_e                 
        23     1.40000000E+02   # mu(EWSB)            
        25     1.00000000E+01   # tanbeta(in)         
        26     1.00000000E+04   # MA_pole             
        31     1.00000000E+04   # M_eL                
        32     1.00000000E+04   # M_muL               
        33     1.00000000E+04   # M_tauL              
        34     1.00000000E+04   # M_eR                
        35     1.00000000E+04   # M_muR               
        36     1.00000000E+04   # M_tauR              
        41     1.00000000E+04   # M_q1L               
        42     1.00000000E+04   # M_q2L               
        43     1.00000000E+04   # M_q3L               
        44     1.00000000E+04   # M_uR                
        45     1.00000000E+04   # M_cR                
        46     1.00000000E+04   # M_tR                
        47     1.00000000E+04   # M_dR                
        48     1.00000000E+04   # M_sR                
        49     1.00000000E+04   # M_bR                
#
BLOCK MASS  # Mass Spectrum
# PDG code           mass       particle
        24     8.04839035E+01   # W+
        25     1.26611751E+02   # h
        35     1.00000510E+04   # H
        36     1.00000000E+04   # A
        37     1.00007685E+04   # H+
         5     4.87884274E+00   # b-quark pole mass calculated from mb(mb)_Msbar
   1000001     1.03038433E+04   # ~d_L
   2000001     1.03037185E+04   # ~d_R
   1000002     1.03035625E+04   # ~u_L
   2000002     1.03036250E+04   # ~u_R
   1000003     1.03038433E+04   # ~s_L
   2000003     1.03037185E+04   # ~s_R
   1000004     1.03035625E+04   # ~c_L
   2000004     1.03036250E+04   # ~c_R
   1000005     1.03036121E+04   # ~b_1
   2000005     1.03039502E+04   # ~b_2
   1000006     1.01864673E+04   # ~t_1
   2000006     1.03062173E+04   # ~t_2
   1000011     1.00000965E+04   # ~e_L
   2000011     1.00000963E+04   # ~e_R
   1000012     9.99980719E+03   # ~nu_eL
   1000013     1.00000965E+04   # ~mu_L
   2000013     1.00000963E+04   # ~mu_R
   1000014     9.99980719E+03   # ~nu_muL
   1000015     9.99995985E+03   # ~tau_1
   2000015     1.00002333E+04   # ~tau_2
   1000016     9.99980719E+03   # ~nu_tauL
   1000021     1.05489491E+04   # ~g
   1000022     1.36754347E+02   # ~chi_10
   1000023    -1.49852167E+02   # ~chi_20
   1000025     4.02284743E+02   # ~chi_30
   1000035     8.73278102E+02   # ~chi_40
   1000024     1.43417373E+02   # ~chi_1+
   1000037     8.73268438E+02   # ~chi_2+
#
BLOCK NMIX  # Neutralino Mixing Matrix
  1  1     1.28601517E-01   # N_11
  1  2    -7.93512439E-02   # N_12
  1  3     7.17299675E-01   # N_13
  1  4    -6.80181010E-01   # N_14
  2  1     5.19287426E-02   # N_21
  2  2    -4.83882161E-02   # N_22
  2  3    -6.94028732E-01   # N_23
  2  4    -7.16439883E-01   # N_24
  3  1     9.90297275E-01   # N_31
  3  2     2.16259637E-02   # N_32
  3  3    -5.65387766E-02   # N_33
  3  4     1.25087936E-01   # N_34
  4  1     8.73857993E-03   # N_41
  4  2    -9.95436727E-01   # N_42
  4  3    -2.46710956E-02   # N_43
  4  4     9.17643500E-02   # N_44
#
BLOCK UMIX  # Chargino Mixing Matrix U
  1  1    -3.47468588E-02   # U_11
  1  2     9.99396146E-01   # U_12
  2  1     9.99396146E-01   # U_21
  2  2     3.47468588E-02   # U_22
#
BLOCK VMIX  # Chargino Mixing Matrix V
  1  1    -1.29617609E-01   # V_11
  1  2     9.91564055E-01   # V_12
  2  1     9.91564055E-01   # V_21
  2  2     1.29617609E-01   # V_22
#
BLOCK STOPMIX  # Stop Mixing Matrix
  1  1     3.83571425E-02   # cos(theta_t)
  1  2     9.99264094E-01   # sin(theta_t)
  2  1    -9.99264094E-01   # -sin(theta_t)
  2  2     3.83571425E-02   # cos(theta_t)
#
BLOCK SBOTMIX  # Sbottom Mixing Matrix
  1  1     5.61645057E-01   # cos(theta_b)
  1  2     8.27378287E-01   # sin(theta_b)
  2  1    -8.27378287E-01   # -sin(theta_b)
  2  2     5.61645057E-01   # cos(theta_b)
#
BLOCK STAUMIX  # Stau Mixing Matrix
  1  1     7.06945817E-01   # cos(theta_tau)
  1  2     7.07267709E-01   # sin(theta_tau)
  2  1    -7.07267709E-01   # -sin(theta_tau)
  2  2     7.06945817E-01   # cos(theta_tau)
#
BLOCK ALPHA  # Higgs mixing
          -1.06014831E-01   # Mixing angle in the neutral Higgs boson sector
#
BLOCK HMIX Q=  1.00008214E+04  # DRbar Higgs Parameters
         1     1.40000000E+02   # mu(Q)               
         2     9.39958001E+00   # tanbeta(Q)          
         3     2.41250498E+02   # vev(Q)              
         4     9.93117678E+07   # MA^2(Q)             
#
BLOCK GAUGE Q=  1.00008214E+04  # The gauge couplings
     1     3.68040455E-01   # gprime(Q) DRbar
     2     6.37739222E-01   # g(Q) DRbar
     3     9.55385076E-01   # g3(Q) DRbar
#
BLOCK AU Q=  1.00008214E+04  # The trilinear couplings
  1  1    -6.77437438E+02   # A_u(Q) DRbar
  2  2    -6.77437438E+02   # A_c(Q) DRbar
  3  3    -1.00000000E+02   # A_t(Q) DRbar
#
BLOCK AD Q=  1.00008214E+04  # The trilinear couplings
  1  1    -8.59633345E+02   # A_d(Q) DRbar
  2  2    -8.59633345E+02   # A_s(Q) DRbar
  3  3    -1.00000000E+02   # A_b(Q) DRbar
#
BLOCK AE Q=  1.00008214E+04  # The trilinear couplings
  1  1    -2.53493493E+02   # A_e(Q) DRbar
  2  2    -2.53493493E+02   # A_mu(Q) DRbar
  3  3    -2.51737263E+02   # A_tau(Q) DRbar
#
BLOCK Yu Q=  1.00008214E+04  # The Yukawa couplings
  1  1     0.00000000E+00   # y_u(Q) DRbar
  2  2     0.00000000E+00   # y_c(Q) DRbar
  3  3     7.98740926E-01   # y_t(Q) DRbar
#
BLOCK Yd Q=  1.00008214E+04  # The Yukawa couplings
  1  1     0.00000000E+00   # y_d(Q) DRbar
  2  2     0.00000000E+00   # y_s(Q) DRbar
  3  3     1.26695181E-01   # y_b(Q) DRbar
#
BLOCK Ye Q=  1.00008214E+04  # The Yukawa couplings
  1  1     0.00000000E+00   # y_e(Q) DRbar
  2  2     0.00000000E+00   # y_mu(Q) DRbar
  3  3     9.66392498E-02   # y_tau(Q) DRbar
#
BLOCK MSOFT Q=  1.00008214E+04  # The soft SUSY breaking masses at the scale Q
         1     4.00000000E+02   # M_1                 
         2     8.00000000E+02   # M_2                 
         3     1.00000000E+04   # M_3                 
        14    -6.77437438E+02   # A_u                 
        15    -8.59633345E+02   # A_d                 
        16    -2.53493493E+02   # A_e                 
        21     9.86505087E+07   # M^2_Hd              
        22     3.57499064E+06   # M^2_Hu              
        31     1.00000000E+04   # M_eL                
        32     1.00000000E+04   # M_muL               
        33     1.00000000E+04   # M_tauL              
        34     1.00000000E+04   # M_eR                
        35     1.00000000E+04   # M_muR               
        36     1.00000000E+04   # M_tauR              
        41     1.00000000E+04   # M_q1L               
        42     1.00000000E+04   # M_q2L               
        43     1.00000000E+04   # M_q3L               
        44     1.00000000E+04   # M_uR                
        45     1.00000000E+04   # M_cR                
        46     1.00000000E+04   # M_tR                
        47     1.00000000E+04   # M_dR                
        48     1.00000000E+04   # M_sR                
        49     1.00000000E+04   # M_bR                
#
#
#
#                             =================
#                             |The decay table|
#                             =================
#
# - The QCD corrections to the decays gluino -> squark  + quark
#                                     squark -> gaugino + quark_prime
#                                     squark -> squark_prime + Higgs
#                                     squark -> gluino  + quark
#   are included.
#
# - The multi-body decays for the inos, stops and sbottoms are included.
#
# - The loop induced decays for the gluino, neutralinos and stops
#   are included.
#
# - The SUSY decays of the top quark are included.
#
#
#         PDG            Width
DECAY         6     1.40808848E+00   # top decays
#          BR         NDA      ID1       ID2
     1.00000000E+00    2           5        24   # BR(t ->  b    W+)
#
#         PDG            Width
DECAY   1000021     5.02680395E+00   # gluino decays
#          BR         NDA      ID1       ID2
     3.98785506E-02    2     1000001        -1   # BR(~g -> ~d_L  db)
     3.98785506E-02    2    -1000001         1   # BR(~g -> ~d_L* d )
     3.99186928E-02    2     2000001        -1   # BR(~g -> ~d_R  db)
     3.99186928E-02    2    -2000001         1   # BR(~g -> ~d_R* d )
     3.99688984E-02    2     1000002        -2   # BR(~g -> ~u_L  ub)
     3.99688984E-02    2    -1000002         2   # BR(~g -> ~u_L* u )
     3.99487803E-02    2     2000002        -2   # BR(~g -> ~u_R  ub)
     3.99487803E-02    2    -2000002         2   # BR(~g -> ~u_R* u )
     3.98785506E-02    2     1000003        -3   # BR(~g -> ~s_L  sb)
     3.98785506E-02    2    -1000003         3   # BR(~g -> ~s_L* s )
     3.99186928E-02    2     2000003        -3   # BR(~g -> ~s_R  sb)
     3.99186928E-02    2    -2000003         3   # BR(~g -> ~s_R* s )
     3.99688984E-02    2     1000004        -4   # BR(~g -> ~c_L  cb)
     3.99688984E-02    2    -1000004         4   # BR(~g -> ~c_L* c )
     3.99487803E-02    2     2000004        -4   # BR(~g -> ~c_R  cb)
     3.99487803E-02    2    -2000004         4   # BR(~g -> ~c_R* c )
     3.92533575E-02    2     1000005        -5   # BR(~g -> ~b_1  bb)
     3.92533575E-02    2    -1000005         5   # BR(~g -> ~b_1* b )
     4.05338596E-02    2     2000005        -5   # BR(~g -> ~b_2  bb)
     4.05338596E-02    2    -2000005         5   # BR(~g -> ~b_2* b )
     6.99157948E-02    2     1000006        -6   # BR(~g -> ~t_1  tb)
     6.99157948E-02    2    -1000006         6   # BR(~g -> ~t_1* t )
     3.08671440E-02    2     2000006        -6   # BR(~g -> ~t_2  tb)
     3.08671440E-02    2    -2000006         6   # BR(~g -> ~t_2* t )
#
#         PDG            Width
DECAY   1000006     2.76248976E+02   # stop1 decays
#          BR         NDA      ID1       ID2
     2.17175181E-01    2     1000022         6   # BR(~t_1 -> ~chi_10 t )
     2.37254066E-01    2     1000023         6   # BR(~t_1 -> ~chi_20 t )
     8.79298924E-02    2     1000025         6   # BR(~t_1 -> ~chi_30 t )
     8.23082803E-04    2     1000035         6   # BR(~t_1 -> ~chi_40 t )
     4.55167808E-01    2     1000024         5   # BR(~t_1 -> ~chi_1+ b )
     1.64997049E-03    2     1000037         5   # BR(~t_1 -> ~chi_2+ b )
#
#         PDG            Width
DECAY   2000006     2.52169145E+02   # stop2 decays
#          BR         NDA      ID1       ID2
     2.30133320E-01    2     1000022         6   # BR(~t_2 -> ~chi_10 t )
     2.57659209E-01    2     1000023         6   # BR(~t_2 -> ~chi_20 t )
     1.85433612E-02    2     1000025         6   # BR(~t_2 -> ~chi_30 t )
     1.63809118E-01    2     1000035         6   # BR(~t_2 -> ~chi_40 t )
     1.21804440E-02    2     1000024         5   # BR(~t_2 -> ~chi_1+ b )
     3.17675833E-01    2     1000037         5   # BR(~t_2 -> ~chi_2+ b )
    -1.28539948E-06    2     1000006        23   # BR(~t_2 -> ~t_1    Z )
#
#         PDG            Width
DECAY   1000005     1.21464757E+02   # sbottom1 decays
#          BR         NDA      ID1       ID2
     2.64393531E-02    2     1000022         5   # BR(~b_1 -> ~chi_10 b )
     8.02160422E-03    2     1000023         5   # BR(~b_1 -> ~chi_20 b )
     2.75728542E-02    2     1000025         5   # BR(~b_1 -> ~chi_30 b )
     1.46378755E-01    2     1000035         5   # BR(~b_1 -> ~chi_40 b )
     4.89431411E-01    2    -1000024         6   # BR(~b_1 -> ~chi_1- t )
     3.02163500E-01    2    -1000037         6   # BR(~b_1 -> ~chi_2- t )
    -7.47710909E-06    2     1000006       -24   # BR(~b_1 -> ~t_1    W-)
#
#         PDG            Width
DECAY   2000005     1.42906268E+02   # sbottom2 decays
#          BR         NDA      ID1       ID2
     4.41137645E-03    2     1000022         5   # BR(~b_2 -> ~chi_10 b )
     1.59103757E-02    2     1000023         5   # BR(~b_2 -> ~chi_20 b )
     2.56803858E-02    2     1000025         5   # BR(~b_2 -> ~chi_30 b )
     1.53011119E-01    2     1000035         5   # BR(~b_2 -> ~chi_40 b )
     4.85434417E-01    2    -1000024         6   # BR(~b_2 -> ~chi_1- t )
     3.15566398E-01    2    -1000037         6   # BR(~b_2 -> ~chi_2- t )
    -1.40726237E-05    2     1000006       -24   # BR(~b_2 -> ~t_1    W-)
#
#         PDG            Width
DECAY   1000002     1.21125486E+02   # sup_L decays
#          BR         NDA      ID1       ID2
     9.94384434E-04    2     1000022         2   # BR(~u_L -> ~chi_10 u)
     4.91570449E-04    2     1000023         2   # BR(~u_L -> ~chi_20 u)
     1.49692477E-02    2     1000025         2   # BR(~u_L -> ~chi_30 u)
     3.25068840E-01    2     1000035         2   # BR(~u_L -> ~chi_40 u)
     1.12025801E-02    2     1000024         1   # BR(~u_L -> ~chi_1+ d)
     6.47273377E-01    2     1000037         1   # BR(~u_L -> ~chi_2+ d)
#
#         PDG            Width
DECAY   2000002     2.38587304E+01   # sup_R decays
#          BR         NDA      ID1       ID2
     1.65742854E-02    2     1000022         2   # BR(~u_R -> ~chi_10 u)
     2.70232925E-03    2     1000023         2   # BR(~u_R -> ~chi_20 u)
     9.80647829E-01    2     1000025         2   # BR(~u_R -> ~chi_30 u)
     7.55562922E-05    2     1000035         2   # BR(~u_R -> ~chi_40 u)
#
#         PDG            Width
DECAY   1000001     1.21110431E+02   # sdown_L decays
#          BR         NDA      ID1       ID2
     3.61286390E-03    2     1000022         1   # BR(~d_L -> ~chi_10 d)
     1.13633518E-03    2     1000023         1   # BR(~d_L -> ~chi_20 d)
     9.48861820E-03    2     1000025         1   # BR(~d_L -> ~chi_30 d)
     3.27320568E-01    2     1000035         1   # BR(~d_L -> ~chi_40 d)
     8.05165486E-04    2    -1000024         2   # BR(~d_L -> ~chi_1- u)
     6.57636449E-01    2    -1000037         2   # BR(~d_L -> ~chi_2- u)
#
#         PDG            Width
DECAY   2000001     5.96472871E+00   # sdown_R decays
#          BR         NDA      ID1       ID2
     1.65742846E-02    2     1000022         1   # BR(~d_R -> ~chi_10 d)
     2.70232913E-03    2     1000023         1   # BR(~d_R -> ~chi_20 d)
     9.80647830E-01    2     1000025         1   # BR(~d_R -> ~chi_30 d)
     7.55563080E-05    2     1000035         1   # BR(~d_R -> ~chi_40 d)
#
#         PDG            Width
DECAY   1000004     1.21125486E+02   # scharm_L decays
#          BR         NDA      ID1       ID2
     9.94384434E-04    2     1000022         4   # BR(~c_L -> ~chi_10 c)
     4.91570449E-04    2     1000023         4   # BR(~c_L -> ~chi_20 c)
     1.49692477E-02    2     1000025         4   # BR(~c_L -> ~chi_30 c)
     3.25068840E-01    2     1000035         4   # BR(~c_L -> ~chi_40 c)
     1.12025801E-02    2     1000024         3   # BR(~c_L -> ~chi_1+ s)
     6.47273377E-01    2     1000037         3   # BR(~c_L -> ~chi_2+ s)
#
#         PDG            Width
DECAY   2000004     2.38587304E+01   # scharm_R decays
#          BR         NDA      ID1       ID2
     1.65742854E-02    2     1000022         4   # BR(~c_R -> ~chi_10 c)
     2.70232925E-03    2     1000023         4   # BR(~c_R -> ~chi_20 c)
     9.80647829E-01    2     1000025         4   # BR(~c_R -> ~chi_30 c)
     7.55562922E-05    2     1000035         4   # BR(~c_R -> ~chi_40 c)
#
#         PDG            Width
DECAY   1000003     1.21110431E+02   # sstrange_L decays
#          BR         NDA      ID1       ID2
     3.61286390E-03    2     1000022         3   # BR(~s_L -> ~chi_10 s)
     1.13633518E-03    2     1000023         3   # BR(~s_L -> ~chi_20 s)
     9.48861820E-03    2     1000025         3   # BR(~s_L -> ~chi_30 s)
     3.27320568E-01    2     1000035         3   # BR(~s_L -> ~chi_40 s)
     8.05165486E-04    2    -1000024         4   # BR(~s_L -> ~chi_1- c)
     6.57636449E-01    2    -1000037         4   # BR(~s_L -> ~chi_2- c)
#
#         PDG            Width
DECAY   2000003     5.96472871E+00   # sstrange_R decays
#          BR         NDA      ID1       ID2
     1.65742846E-02    2     1000022         3   # BR(~s_R -> ~chi_10 s)
     2.70232913E-03    2     1000023         3   # BR(~s_R -> ~chi_20 s)
     9.80647830E-01    2     1000025         3   # BR(~s_R -> ~chi_30 s)
     7.55563080E-05    2     1000035         3   # BR(~s_R -> ~chi_40 s)
#
#         PDG            Width
DECAY   1000011     1.32967216E+02   # selectron_L decays
#          BR         NDA      ID1       ID2
     8.02005614E-06    2     1000022        11   # BR(~e_L -> ~chi_10 e-)
     1.03188745E-04    2     1000023        11   # BR(~e_L -> ~chi_20 e-)
     1.06693152E-01    2     1000025        11   # BR(~e_L -> ~chi_30 e-)
     2.93908734E-01    2     1000035        11   # BR(~e_L -> ~chi_40 e-)
     7.34392854E-04    2    -1000024        12   # BR(~e_L -> ~chi_1- nu_e)
     5.98552512E-01    2    -1000037        12   # BR(~e_L -> ~chi_2- nu_e)
#
#         PDG            Width
DECAY   2000011     5.37244709E+01   # selectron_R decays
#          BR         NDA      ID1       ID2
     1.65849063E-02    2     1000022        11   # BR(~e_R -> ~chi_10 e-)
     2.70398228E-03    2     1000023        11   # BR(~e_R -> ~chi_20 e-)
     9.80635669E-01    2     1000025        11   # BR(~e_R -> ~chi_30 e-)
     7.54424483E-05    2     1000035        11   # BR(~e_R -> ~chi_40 e-)
#
#         PDG            Width
DECAY   1000013     1.32967216E+02   # smuon_L decays
#          BR         NDA      ID1       ID2
     8.02005614E-06    2     1000022        13   # BR(~mu_L -> ~chi_10 mu-)
     1.03188745E-04    2     1000023        13   # BR(~mu_L -> ~chi_20 mu-)
     1.06693152E-01    2     1000025        13   # BR(~mu_L -> ~chi_30 mu-)
     2.93908734E-01    2     1000035        13   # BR(~mu_L -> ~chi_40 mu-)
     7.34392854E-04    2    -1000024        14   # BR(~mu_L -> ~chi_1- nu_mu)
     5.98552512E-01    2    -1000037        14   # BR(~mu_L -> ~chi_2- nu_mu)
#
#         PDG            Width
DECAY   2000013     5.37244709E+01   # smuon_R decays
#          BR         NDA      ID1       ID2
     1.65849063E-02    2     1000022        13   # BR(~mu_R -> ~chi_10 mu-)
     2.70398228E-03    2     1000023        13   # BR(~mu_R -> ~chi_20 mu-)
     9.80635669E-01    2     1000025        13   # BR(~mu_R -> ~chi_30 mu-)
     7.54424483E-05    2     1000035        13   # BR(~mu_R -> ~chi_40 mu-)
#
#         PDG            Width
DECAY   1000015     9.61233177E+01   # stau_1 decays
#          BR         NDA      ID1       ID2
     2.45151809E-02    2     1000022        15   # BR(~tau_1 -> ~chi_10  tau-)
     5.23068483E-03    2     1000023        15   # BR(~tau_1 -> ~chi_20  tau-)
     3.45195752E-01    2     1000025        15   # BR(~tau_1 -> ~chi_30  tau-)
     2.01026476E-01    2     1000035        15   # BR(~tau_1 -> ~chi_40  tau-)
     1.45885238E-02    2    -1000024        16   # BR(~tau_1 -> ~chi_1-  nu_tau)
     4.09443383E-01    2    -1000037        16   # BR(~tau_1 -> ~chi_2-  nu_tau)
#
#         PDG            Width
DECAY   2000015     9.61399284E+01   # stau_2 decays
#          BR         NDA      ID1       ID2
     4.64722343E-03    2     1000022        15   # BR(~tau_2 -> ~chi_10  tau-)
     1.50332328E-02    2     1000023        15   # BR(~tau_2 -> ~chi_20  tau-)
     3.50544419E-01    2     1000025        15   # BR(~tau_2 -> ~chi_30  tau-)
     2.05566952E-01    2     1000035        15   # BR(~tau_2 -> ~chi_40  tau-)
     5.72411918E-03    2    -1000024        16   # BR(~tau_2 -> ~chi_1-  nu_tau)
     4.18484054E-01    2    -1000037        16   # BR(~tau_2 -> ~chi_2-  nu_tau)
#
#         PDG            Width
DECAY   1000012     1.32975576E+02   # snu_eL decays
#          BR         NDA      ID1       ID2
     7.17202534E-03    2     1000022        12   # BR(~nu_eL -> ~chi_10 nu_e)
     1.86706691E-03    2     1000023        12   # BR(~nu_eL -> ~chi_20 nu_e)
     9.16915732E-02    2     1000025        12   # BR(~nu_eL -> ~chi_30 nu_e)
     2.99897710E-01    2     1000035        12   # BR(~nu_eL -> ~chi_40 nu_e)
     1.02184607E-02    2     1000024        11   # BR(~nu_eL -> ~chi_1+ e-)
     5.89153163E-01    2     1000037        11   # BR(~nu_eL -> ~chi_2+ e-)
#
#         PDG            Width
DECAY   1000014     1.32975576E+02   # snu_muL decays
#          BR         NDA      ID1       ID2
     7.17202534E-03    2     1000022        14   # BR(~nu_muL -> ~chi_10 nu_mu)
     1.86706691E-03    2     1000023        14   # BR(~nu_muL -> ~chi_20 nu_mu)
     9.16915732E-02    2     1000025        14   # BR(~nu_muL -> ~chi_30 nu_mu)
     2.99897710E-01    2     1000035        14   # BR(~nu_muL -> ~chi_40 nu_mu)
     1.02184607E-02    2     1000024        13   # BR(~nu_muL -> ~chi_1+ mu-)
     5.89153163E-01    2     1000037        13   # BR(~nu_muL -> ~chi_2+ mu-)
#
#         PDG            Width
DECAY   1000016     1.34832711E+02   # snu_tauL decays
#          BR         NDA      ID1       ID2
     7.07324056E-03    2     1000022        16   # BR(~nu_tauL -> ~chi_10 nu_tau)
     1.84135063E-03    2     1000023        16   # BR(~nu_tauL -> ~chi_20 nu_tau)
     9.04286479E-02    2     1000025        16   # BR(~nu_tauL -> ~chi_30 nu_tau)
     2.95767032E-01    2     1000035        16   # BR(~nu_tauL -> ~chi_40 nu_tau)
     2.38348006E-02    2     1000024        15   # BR(~nu_tauL -> ~chi_1+ tau-)
     5.81054928E-01    2     1000037        15   # BR(~nu_tauL -> ~chi_2+ tau-)
#
#         PDG            Width
DECAY   1000024     1.41112839E-08   # chargino1+ decays
#           BR         NDA      ID1       ID2       ID3
     3.44378671E-01    3     1000022         2        -1   # BR(~chi_1+ -> ~chi_10 u    db)
     3.44378671E-01    3     1000022         4        -3   # BR(~chi_1+ -> ~chi_10 c    sb)
     1.14792956E-01    3     1000022       -11        12   # BR(~chi_1+ -> ~chi_10 e+   nu_e)
     1.14792956E-01    3     1000022       -13        14   # BR(~chi_1+ -> ~chi_10 mu+  nu_mu)
     8.16567460E-02    3     1000022       -15        16   # BR(~chi_1+ -> ~chi_10 tau+ nu_tau)
#
#         PDG            Width
DECAY   1000037     6.92028319E+00   # chargino2+ decays
#          BR         NDA      ID1       ID2
     2.53244272E-01    2     1000024        23   # BR(~chi_2+ -> ~chi_1+  Z )
     2.26144003E-01    2     1000022        24   # BR(~chi_2+ -> ~chi_10  W+)
     2.51051472E-01    2     1000023        24   # BR(~chi_2+ -> ~chi_20  W+)
     1.44941923E-02    2     1000025        24   # BR(~chi_2+ -> ~chi_30  W+)
     2.55066061E-01    2     1000024        25   # BR(~chi_2+ -> ~chi_1+  h )
#
#         PDG            Width
DECAY   1000022     0.00000000E+00   # neutralino1 decays
#
#         PDG            Width
DECAY   1000023     3.23622101E-07   # neutralino2 decays
#          BR         NDA      ID1       ID2
     9.08792990E-03    2     1000022        22   # BR(~chi_20 -> ~chi_10 gam)
#           BR         NDA      ID1       ID2       ID3
     1.21904925E-01    3     1000022        -2         2   # BR(~chi_20 -> ~chi_10 ub      u)
     1.58466713E-01    3     1000022        -1         1   # BR(~chi_20 -> ~chi_10 db      d)
     1.21904925E-01    3     1000022        -4         4   # BR(~chi_20 -> ~chi_10 cb      c)
     1.58466713E-01    3     1000022        -3         3   # BR(~chi_20 -> ~chi_10 sb      s)
     3.13048245E-02    3     1000022        -5         5   # BR(~chi_20 -> ~chi_10 bb      b)
     3.65619834E-02    3     1000022       -11        11   # BR(~chi_20 -> ~chi_10 e+      e-)
     3.65619834E-02    3     1000022       -13        13   # BR(~chi_20 -> ~chi_10 mu+     mu-)
     3.28242474E-02    3     1000022       -15        15   # BR(~chi_20 -> ~chi_10 tau+    tau-)
     7.31241299E-02    3     1000022       -12        12   # BR(~chi_20 -> ~chi_10 nu_eb   nu_e)
     7.31241299E-02    3     1000022       -14        14   # BR(~chi_20 -> ~chi_10 nu_mub  nu_mu)
     7.31241299E-02    3     1000022       -16        16   # BR(~chi_20 -> ~chi_10 nu_taub nu_tau)
     1.26883138E-02    3     1000024        -2         1   # BR(~chi_20 -> ~chi_1+ ub      d)
     1.26883138E-02    3    -1000024        -1         2   # BR(~chi_20 -> ~chi_1- db      u)
     1.26883138E-02    3     1000024        -4         3   # BR(~chi_20 -> ~chi_1+ cb      s)
     1.26883138E-02    3    -1000024        -3         4   # BR(~chi_20 -> ~chi_1- sb      c)
     4.22943986E-03    3     1000024       -12        11   # BR(~chi_20 -> ~chi_1+ nu_eb   e-)
     4.22943986E-03    3    -1000024        12       -11   # BR(~chi_20 -> ~chi_1- nu_e    e+)
     4.22943986E-03    3     1000024       -14        13   # BR(~chi_20 -> ~chi_1+ nu_mub  mu-)
     4.22943986E-03    3    -1000024        14       -13   # BR(~chi_20 -> ~chi_1- nu_mu   mu+)
     2.93617490E-03    3     1000024       -16        15   # BR(~chi_20 -> ~chi_1+ nu_taub tau-)
     2.93617490E-03    3    -1000024        16       -15   # BR(~chi_20 -> ~chi_1- nu_tau  tau+)
#
#         PDG            Width
DECAY   1000025     8.89092742E-01   # neutralino3 decays
#          BR         NDA      ID1       ID2
     3.61951477E-02    2     1000022        23   # BR(~chi_30 -> ~chi_10   Z )
     2.12402217E-01    2     1000023        23   # BR(~chi_30 -> ~chi_20   Z )
     2.73421297E-01    2     1000024       -24   # BR(~chi_30 -> ~chi_1+   W-)
     2.73421297E-01    2    -1000024        24   # BR(~chi_30 -> ~chi_1-   W+)
     1.81795219E-01    2     1000022        25   # BR(~chi_30 -> ~chi_10   h )
     2.27648230E-02    2     1000023        25   # BR(~chi_30 -> ~chi_20   h )
#
#         PDG            Width
DECAY   1000035     6.91883620E+00   # neutralino4 decays
#          BR         NDA      ID1       ID2
     5.85381849E-02    2     1000022        23   # BR(~chi_40 -> ~chi_10   Z )
     1.93577065E-01    2     1000023        23   # BR(~chi_40 -> ~chi_20   Z )
     1.62405067E-03    2     1000025        23   # BR(~chi_40 -> ~chi_30   Z )
     2.46897011E-01    2     1000024       -24   # BR(~chi_40 -> ~chi_1+   W-)
     2.46897011E-01    2    -1000024        24   # BR(~chi_40 -> ~chi_1-   W+)
     1.74657972E-01    2     1000022        25   # BR(~chi_40 -> ~chi_10   h )
     6.43131004E-02    2     1000023        25   # BR(~chi_40 -> ~chi_20   h )
     1.34956049E-02    2     1000025        25   # BR(~chi_40 -> ~chi_30   h )

