#
#                              ======================
#                              | THE SUSYHIT OUTPUT |
#                              ======================
#
#
#              ------------------------------------------------------
#              |     This is the output of the SUSY-HIT package     |
#              |  created by A.Djouadi, M.Muehlleitner and M.Spira. |
#              |  In case of problems with SUSY-HIT email to        |
#              |           margarete.muehlleitner@kit.edu           |
#              |           michael.spira@psi.ch                     |
#              |           abdelhak.djouadi@cern.ch                 |
#              ------------------------------------------------------
#
#              ------------------------------------------------------
#              |  SUSY Les Houches Accord - MSSM Spectrum + Decays  |
#              |              based on the decay programs           |
#              |                                                    |
#              |                     SDECAY 1.5                     |
#              |                                                    |
#              |  Authors: M.Muhlleitner, A.Djouadi and Y.Mambrini  |
#              |  Ref.:    Comput.Phys.Commun.168(2005)46           |
#              |           [hep-ph/0311167]                         |
#              |                                                    |
#              |                     HDECAY 3.4                     |
#              |                                                    |
#              |  By: A.Djouadi,J.Kalinowski,M.Muhlleitner,M.Spira  |
#              |  Ref.:    Comput.Phys.Commun.108(1998)56           |
#              |           [hep-ph/9704448]                         |
#              |                                                    |
#              |                                                    |
#              |  If not stated otherwise all DRbar couplings and   |
#              |  soft SUSY breaking masses are given at the scale  |
#              |  Q=  0.10000821E+05
#              |                                                    |
#              ------------------------------------------------------
#
#
BLOCK DCINFO  # Decay Program information
     1   SDECAY/HDECAY # decay calculator
     2   1.5  /3.4    # version number
#
BLOCK SPINFO  # Spectrum calculator information
     1   SuSpect     # RGE +Spectrum calculator            
     2   2.43         # version number                     
#
BLOCK MODSEL  # Model selection
     1     0   # #general MSSM low scale                           
#
BLOCK SMINPUTS  # Standard Model inputs
         1     1.27934000E+02   # alpha_em^-1(M_Z)^MSbar
         2     1.16639000E-05   # G_F [GeV^-2]
         3     1.17200000E-01   # alpha_S(M_Z)^MSbar
         4     9.11870000E+01   # M_Z pole mass
         5     4.25000000E+00   # mb(mb)^MSbar
         6     1.72500000E+02   # mt pole mass
         7     1.77710000E+00   # mtau pole mass
#
BLOCK MINPAR  # Input parameters - minimal models
         1     1.00000000E+02   # 2                   
         3     1.00000000E+01   # tanbeta(mZ)         
         4     1.00000000E+00   # sign(mu)            
#
BLOCK EXTPAR  # Input parameters - non-minimal models
         0     1.00008212E+04   # EWSB                
         1     1.20000000E+03   # M_1                 
         2     2.40000000E+03   # M_2                 
         3     1.00000000E+04   # M_3                 
        11    -1.00000000E+02   # A_t                 
        12    -1.00000000E+02   # A_b                 
        13    -2.51737263E+02   # A_tau               
        14    -6.77437438E+02   # A_u                 
        15    -8.59633345E+02   # A_d                 
        16    -2.53493493E+02   # A_e                 
        23     1.80000000E+02   # mu(EWSB)            
        25     1.00000000E+01   # tanbeta(in)         
        26     1.00000000E+04   # MA_pole             
        31     1.00000000E+04   # M_eL                
        32     1.00000000E+04   # M_muL               
        33     1.00000000E+04   # M_tauL              
        34     1.00000000E+04   # M_eR                
        35     1.00000000E+04   # M_muR               
        36     1.00000000E+04   # M_tauR              
        41     1.00000000E+04   # M_q1L               
        42     1.00000000E+04   # M_q2L               
        43     1.00000000E+04   # M_q3L               
        44     1.00000000E+04   # M_uR                
        45     1.00000000E+04   # M_cR                
        46     1.00000000E+04   # M_tR                
        47     1.00000000E+04   # M_dR                
        48     1.00000000E+04   # M_sR                
        49     1.00000000E+04   # M_bR                
#
BLOCK MASS  # Mass Spectrum
# PDG code           mass       particle
        24     8.04927063E+01   # W+
        25     1.25587249E+02   # h
        35     1.00000497E+04   # H
        36     1.00000000E+04   # A
        37     1.00007738E+04   # H+
         5     4.87884274E+00   # b-quark pole mass calculated from mb(mb)_Msbar
   1000001     1.03038391E+04   # ~d_L
   2000001     1.03037143E+04   # ~d_R
   1000002     1.03035581E+04   # ~u_L
   2000002     1.03036199E+04   # ~u_R
   1000003     1.03038391E+04   # ~s_L
   2000003     1.03037143E+04   # ~s_R
   1000004     1.03035581E+04   # ~c_L
   2000004     1.03036199E+04   # ~c_R
   1000005     1.03035685E+04   # ~b_1
   2000005     1.03039854E+04   # ~b_2
   1000006     1.01876876E+04   # ~t_1
   2000006     1.03084436E+04   # ~t_2
   1000011     1.00000961E+04   # ~e_L
   2000011     1.00000973E+04   # ~e_R
   1000012     9.99980662E+03   # ~nu_eL
   1000013     1.00000961E+04   # ~mu_L
   2000013     1.00000973E+04   # ~mu_R
   1000014     9.99980662E+03   # ~nu_muL
   1000015     9.99992722E+03   # ~tau_1
   2000015     1.00002665E+04   # ~tau_2
   1000016     9.99980662E+03   # ~nu_tauL
   1000021     1.05489404E+04   # ~g
   1000022     1.85057757E+02   # ~chi_10
   1000023    -1.89209522E+02   # ~chi_20
   1000025     1.19286304E+03   # ~chi_30
   1000035     2.53013635E+03   # ~chi_40
   1000024     1.87101625E+02   # ~chi_1+
   1000037     2.53013597E+03   # ~chi_2+
#
BLOCK NMIX  # Neutralino Mixing Matrix
  1  1     3.42935325E-02   # N_11
  1  2    -2.54092880E-02   # N_12
  1  3     7.10603627E-01   # N_13
  1  4    -7.02296808E-01   # N_14
  2  1     2.04165370E-02   # N_21
  2  2    -1.78959263E-02   # N_22
  2  3    -7.03499936E-01   # N_23
  2  4    -7.10176556E-01   # N_24
  3  1     9.99202706E-01   # N_31
  3  2     2.27286340E-03   # N_32
  3  3    -1.00083731E-02   # N_33
  3  4     3.85826224E-02   # N_34
  4  1     1.03480671E-03   # N_41
  4  2    -9.99514351E-01   # N_42
  4  3    -5.49156390E-03   # N_43
  4  4     3.06567106E-02   # N_44
#
BLOCK UMIX  # Chargino Mixing Matrix U
  1  1    -7.76096462E-03   # U_11
  1  2     9.99969883E-01   # U_12
  2  1     9.99969883E-01   # U_21
  2  2     7.76096462E-03   # U_22
#
BLOCK VMIX  # Chargino Mixing Matrix V
  1  1    -4.33485812E-02   # V_11
  1  2     9.99060008E-01   # V_12
  2  1     9.99060008E-01   # V_21
  2  2     4.33485812E-02   # V_22
#
BLOCK STOPMIX  # Stop Mixing Matrix
  1  1     3.90640315E-02   # cos(theta_t)
  1  2     9.99236709E-01   # sin(theta_t)
  2  1    -9.99236709E-01   # -sin(theta_t)
  2  2     3.90640315E-02   # cos(theta_t)
#
BLOCK SBOTMIX  # Sbottom Mixing Matrix
  1  1     5.91909782E-01   # cos(theta_b)
  1  2     8.06004225E-01   # sin(theta_b)
  2  1    -8.06004225E-01   # -sin(theta_b)
  2  2     5.91909782E-01   # cos(theta_b)
#
BLOCK STAUMIX  # Stau Mixing Matrix
  1  1     7.08280102E-01   # cos(theta_tau)
  1  2     7.05931510E-01   # sin(theta_tau)
  2  1    -7.05931510E-01   # -sin(theta_tau)
  2  2     7.08280102E-01   # cos(theta_tau)
#
BLOCK ALPHA  # Higgs mixing
          -1.05957830E-01   # Mixing angle in the neutral Higgs boson sector
#
BLOCK HMIX Q=  1.00008212E+04  # DRbar Higgs Parameters
         1     1.80000000E+02   # mu(Q)               
         2     9.40463627E+00   # tanbeta(Q)          
         3     2.42406657E+02   # vev(Q)              
         4     9.95010215E+07   # MA^2(Q)             
#
BLOCK GAUGE Q=  1.00008212E+04  # The gauge couplings
     1     3.68008257E-01   # gprime(Q) DRbar
     2     6.34942611E-01   # g(Q) DRbar
     3     9.55377961E-01   # g3(Q) DRbar
#
BLOCK AU Q=  1.00008212E+04  # The trilinear couplings
  1  1    -6.77437438E+02   # A_u(Q) DRbar
  2  2    -6.77437438E+02   # A_c(Q) DRbar
  3  3    -1.00000000E+02   # A_t(Q) DRbar
#
BLOCK AD Q=  1.00008212E+04  # The trilinear couplings
  1  1    -8.59633345E+02   # A_d(Q) DRbar
  2  2    -8.59633345E+02   # A_s(Q) DRbar
  3  3    -1.00000000E+02   # A_b(Q) DRbar
#
BLOCK AE Q=  1.00008212E+04  # The trilinear couplings
  1  1    -2.53493493E+02   # A_e(Q) DRbar
  2  2    -2.53493493E+02   # A_mu(Q) DRbar
  3  3    -2.51737263E+02   # A_tau(Q) DRbar
#
BLOCK Yu Q=  1.00008212E+04  # The Yukawa couplings
  1  1     0.00000000E+00   # y_u(Q) DRbar
  2  2     0.00000000E+00   # y_c(Q) DRbar
  3  3     7.94952553E-01   # y_t(Q) DRbar
#
BLOCK Yd Q=  1.00008212E+04  # The Yukawa couplings
  1  1     0.00000000E+00   # y_d(Q) DRbar
  2  2     0.00000000E+00   # y_s(Q) DRbar
  3  3     1.26122474E-01   # y_b(Q) DRbar
#
BLOCK Ye Q=  1.00008212E+04  # The Yukawa couplings
  1  1     0.00000000E+00   # y_e(Q) DRbar
  2  2     0.00000000E+00   # y_mu(Q) DRbar
  3  3     9.62547754E-02   # y_tau(Q) DRbar
#
BLOCK MSOFT Q=  1.00008212E+04  # The soft SUSY breaking masses at the scale Q
         1     1.20000000E+03   # M_1                 
         2     2.40000000E+03   # M_2                 
         3     1.00000000E+04   # M_3                 
        14    -6.77437438E+02   # A_u                 
        15    -8.59633345E+02   # A_d                 
        16    -2.53493493E+02   # A_e                 
        21     9.86037348E+07   # M^2_Hd              
        22     3.39550737E+06   # M^2_Hu              
        31     1.00000000E+04   # M_eL                
        32     1.00000000E+04   # M_muL               
        33     1.00000000E+04   # M_tauL              
        34     1.00000000E+04   # M_eR                
        35     1.00000000E+04   # M_muR               
        36     1.00000000E+04   # M_tauR              
        41     1.00000000E+04   # M_q1L               
        42     1.00000000E+04   # M_q2L               
        43     1.00000000E+04   # M_q3L               
        44     1.00000000E+04   # M_uR                
        45     1.00000000E+04   # M_cR                
        46     1.00000000E+04   # M_tR                
        47     1.00000000E+04   # M_dR                
        48     1.00000000E+04   # M_sR                
        49     1.00000000E+04   # M_bR                
#
#
#
#                             =================
#                             |The decay table|
#                             =================
#
# - The QCD corrections to the decays gluino -> squark  + quark
#                                     squark -> gaugino + quark_prime
#                                     squark -> squark_prime + Higgs
#                                     squark -> gluino  + quark
#   are included.
#
# - The multi-body decays for the inos, stops and sbottoms are included.
#
# - The loop induced decays for the gluino, neutralinos and stops
#   are included.
#
# - The SUSY decays of the top quark are included.
#
#
#         PDG            Width
DECAY         6     1.39538350E+00   # top decays
#          BR         NDA      ID1       ID2
     1.00000000E+00    2           5        24   # BR(t ->  b    W+)
#
#         PDG            Width
DECAY   1000021     5.01287593E+00   # gluino decays
#          BR         NDA      ID1       ID2
     3.99876665E-02    2     1000001        -1   # BR(~g -> ~d_L  db)
     3.99876665E-02    2    -1000001         1   # BR(~g -> ~d_L* d )
     4.00279194E-02    2     2000001        -1   # BR(~g -> ~d_R  db)
     4.00279194E-02    2    -2000001         1   # BR(~g -> ~d_R* d )
     4.00783278E-02    2     1000002        -2   # BR(~g -> ~u_L  ub)
     4.00783278E-02    2    -1000002         2   # BR(~g -> ~u_L* u )
     4.00583802E-02    2     2000002        -2   # BR(~g -> ~u_R  ub)
     4.00583802E-02    2    -2000002         2   # BR(~g -> ~u_R* u )
     3.99876665E-02    2     1000003        -3   # BR(~g -> ~s_L  sb)
     3.99876665E-02    2    -1000003         3   # BR(~g -> ~s_L* s )
     4.00279194E-02    2     2000003        -3   # BR(~g -> ~s_R  sb)
     4.00279194E-02    2    -2000003         3   # BR(~g -> ~s_R* s )
     4.00783278E-02    2     1000004        -4   # BR(~g -> ~c_L  cb)
     4.00783278E-02    2    -1000004         4   # BR(~g -> ~c_L* c )
     4.00583802E-02    2     2000004        -4   # BR(~g -> ~c_R  cb)
     4.00583802E-02    2    -2000004         4   # BR(~g -> ~c_R* c )
     3.93979332E-02    2     1000005        -5   # BR(~g -> ~b_1  bb)
     3.93979332E-02    2    -1000005         5   # BR(~g -> ~b_1* b )
     4.06074587E-02    2     2000005        -5   # BR(~g -> ~b_2  bb)
     4.06074587E-02    2    -2000005         5   # BR(~g -> ~b_2* b )
     6.95408324E-02    2     1000006        -6   # BR(~g -> ~t_1  tb)
     6.95408324E-02    2    -1000006         6   # BR(~g -> ~t_1* t )
     3.01491878E-02    2     2000006        -6   # BR(~g -> ~t_2  tb)
     3.01491878E-02    2    -2000006         6   # BR(~g -> ~t_2* t )
#
#         PDG            Width
DECAY   1000006     2.73301604E+02   # stop1 decays
#          BR         NDA      ID1       ID2
     2.27181559E-01    2     1000022         6   # BR(~t_1 -> ~chi_10 t )
     2.31823379E-01    2     1000023         6   # BR(~t_1 -> ~chi_20 t )
     8.37741888E-02    2     1000025         6   # BR(~t_1 -> ~chi_30 t )
    -1.21396612E-04    2     1000035         6   # BR(~t_1 -> ~chi_40 t )
     4.57587088E-01    2     1000024         5   # BR(~t_1 -> ~chi_1+ b )
    -2.44817386E-04    2     1000037         5   # BR(~t_1 -> ~chi_2+ b )
#
#         PDG            Width
DECAY   2000006     2.37733125E+02   # stop2 decays
#          BR         NDA      ID1       ID2
     2.61009765E-01    2     1000022         6   # BR(~t_2 -> ~chi_10 t )
     2.67362428E-01    2     1000023         6   # BR(~t_2 -> ~chi_20 t )
     8.46488539E-03    2     1000025         6   # BR(~t_2 -> ~chi_30 t )
     1.50261323E-01    2     1000035         6   # BR(~t_2 -> ~chi_40 t )
     1.35285056E-02    2     1000024         5   # BR(~t_2 -> ~chi_1+ b )
     2.99374641E-01    2     1000037         5   # BR(~t_2 -> ~chi_2+ b )
    -1.54720156E-06    2     1000006        23   # BR(~t_2 -> ~t_1    Z )
#
#         PDG            Width
DECAY   1000005     1.12383100E+02   # sbottom1 decays
#          BR         NDA      ID1       ID2
     1.77705814E-02    2     1000022         5   # BR(~b_1 -> ~chi_10 b )
     1.19741495E-02    2     1000023         5   # BR(~b_1 -> ~chi_20 b )
     3.37979297E-02    2     1000025         5   # BR(~b_1 -> ~chi_30 b )
     1.39887466E-01    2     1000035         5   # BR(~b_1 -> ~chi_40 b )
     5.15725883E-01    2    -1000024         6   # BR(~b_1 -> ~chi_1- t )
     2.80852787E-01    2    -1000037         6   # BR(~b_1 -> ~chi_2- t )
    -8.79722622E-06    2     1000006       -24   # BR(~b_1 -> ~t_1    W-)
#
#         PDG            Width
DECAY   2000005     1.37335389E+02   # sbottom2 decays
#          BR         NDA      ID1       ID2
     9.21013965E-03    2     1000022         5   # BR(~b_2 -> ~chi_10 b )
     1.32943840E-02    2     1000023         5   # BR(~b_2 -> ~chi_20 b )
     2.50773552E-02    2     1000025         5   # BR(~b_2 -> ~chi_30 b )
     1.43784848E-01    2     1000035         5   # BR(~b_2 -> ~chi_40 b )
     5.19968749E-01    2    -1000024         6   # BR(~b_2 -> ~chi_1- t )
     2.88678208E-01    2    -1000037         6   # BR(~b_2 -> ~chi_2- t )
    -1.36838045E-05    2     1000006       -24   # BR(~b_2 -> ~t_1    W-)
#
#         PDG            Width
DECAY   1000002     1.07940654E+02   # sup_L decays
#          BR         NDA      ID1       ID2
     1.30823227E-04    2     1000022         2   # BR(~u_L -> ~chi_10 u)
     7.21684995E-05    2     1000023         2   # BR(~u_L -> ~chi_20 u)
     1.38000868E-02    2     1000025         2   # BR(~u_L -> ~chi_30 u)
     3.28312585E-01    2     1000035         2   # BR(~u_L -> ~chi_40 u)
     1.39344702E-03    2     1000024         1   # BR(~u_L -> ~chi_1+ d)
     6.56290890E-01    2     1000037         1   # BR(~u_L -> ~chi_2+ d)
#
#         PDG            Width
DECAY   2000002     2.33202031E+01   # sup_R decays
#          BR         NDA      ID1       ID2
     1.20536417E-03    2     1000022         2   # BR(~u_R -> ~chi_10 u)
     4.27217117E-04    2     1000023         2   # BR(~u_R -> ~chi_20 u)
     9.98366446E-01    2     1000025         2   # BR(~u_R -> ~chi_30 u)
     9.73152565E-07    2     1000035         2   # BR(~u_R -> ~chi_40 u)
#
#         PDG            Width
DECAY   1000001     1.07925484E+02   # sdown_L decays
#          BR         NDA      ID1       ID2
     3.80564379E-04    2     1000022         1   # BR(~d_L -> ~chi_10 d)
     1.76887155E-04    2     1000023         1   # BR(~d_L -> ~chi_20 d)
     1.31673789E-02    2     1000025         1   # BR(~d_L -> ~chi_30 d)
     3.28631442E-01    2     1000035         1   # BR(~d_L -> ~chi_40 d)
     4.46727992E-05    2    -1000024         2   # BR(~d_L -> ~chi_1- u)
     6.57599054E-01    2    -1000037         2   # BR(~d_L -> ~chi_2- u)
#
#         PDG            Width
DECAY   2000001     5.83009887E+00   # sdown_R decays
#          BR         NDA      ID1       ID2
     1.20536359E-03    2     1000022         1   # BR(~d_R -> ~chi_10 d)
     4.27216908E-04    2     1000023         1   # BR(~d_R -> ~chi_20 d)
     9.98366446E-01    2     1000025         1   # BR(~d_R -> ~chi_30 d)
     9.73154378E-07    2     1000035         1   # BR(~d_R -> ~chi_40 d)
#
#         PDG            Width
DECAY   1000004     1.07940654E+02   # scharm_L decays
#          BR         NDA      ID1       ID2
     1.30823227E-04    2     1000022         4   # BR(~c_L -> ~chi_10 c)
     7.21684995E-05    2     1000023         4   # BR(~c_L -> ~chi_20 c)
     1.38000868E-02    2     1000025         4   # BR(~c_L -> ~chi_30 c)
     3.28312585E-01    2     1000035         4   # BR(~c_L -> ~chi_40 c)
     1.39344702E-03    2     1000024         3   # BR(~c_L -> ~chi_1+ s)
     6.56290890E-01    2     1000037         3   # BR(~c_L -> ~chi_2+ s)
#
#         PDG            Width
DECAY   2000004     2.33202031E+01   # scharm_R decays
#          BR         NDA      ID1       ID2
     1.20536417E-03    2     1000022         4   # BR(~c_R -> ~chi_10 c)
     4.27217117E-04    2     1000023         4   # BR(~c_R -> ~chi_20 c)
     9.98366446E-01    2     1000025         4   # BR(~c_R -> ~chi_30 c)
     9.73152565E-07    2     1000035         4   # BR(~c_R -> ~chi_40 c)
#
#         PDG            Width
DECAY   1000003     1.07925484E+02   # sstrange_L decays
#          BR         NDA      ID1       ID2
     3.80564379E-04    2     1000022         3   # BR(~s_L -> ~chi_10 s)
     1.76887155E-04    2     1000023         3   # BR(~s_L -> ~chi_20 s)
     1.31673789E-02    2     1000025         3   # BR(~s_L -> ~chi_30 s)
     3.28631442E-01    2     1000035         3   # BR(~s_L -> ~chi_40 s)
     4.46727992E-05    2    -1000024         4   # BR(~s_L -> ~chi_1- c)
     6.57599054E-01    2    -1000037         4   # BR(~s_L -> ~chi_2- c)
#
#         PDG            Width
DECAY   2000003     5.83009887E+00   # sstrange_R decays
#          BR         NDA      ID1       ID2
     1.20536359E-03    2     1000022         3   # BR(~s_R -> ~chi_10 s)
     4.27216908E-04    2     1000023         3   # BR(~s_R -> ~chi_20 s)
     9.98366446E-01    2     1000025         3   # BR(~s_R -> ~chi_30 s)
     9.73154378E-07    2     1000035         3   # BR(~s_R -> ~chi_40 s)
#
#         PDG            Width
DECAY   1000011     1.18498018E+02   # selectron_L decays
#          BR         NDA      ID1       ID2
     1.03534667E-05    2     1000022        11   # BR(~e_L -> ~chi_10 e-)
     1.24301260E-05    2     1000023        11   # BR(~e_L -> ~chi_20 e-)
     1.11165465E-01    2     1000025        11   # BR(~e_L -> ~chi_30 e-)
     2.95840057E-01    2     1000035        11   # BR(~e_L -> ~chi_40 e-)
     4.07398545E-05    2    -1000024        12   # BR(~e_L -> ~chi_1- nu_e)
     5.92930954E-01    2    -1000037        12   # BR(~e_L -> ~chi_2- nu_e)
#
#         PDG            Width
DECAY   2000011     5.23662158E+01   # selectron_R decays
#          BR         NDA      ID1       ID2
     1.20935900E-03    2     1000022        11   # BR(~e_R -> ~chi_10 e-)
     4.28628905E-04    2     1000023        11   # BR(~e_R -> ~chi_20 e-)
     9.98361047E-01    2     1000025        11   # BR(~e_R -> ~chi_30 e-)
     9.65350159E-07    2     1000035        11   # BR(~e_R -> ~chi_40 e-)
#
#         PDG            Width
DECAY   1000013     1.18498018E+02   # smuon_L decays
#          BR         NDA      ID1       ID2
     1.03534667E-05    2     1000022        13   # BR(~mu_L -> ~chi_10 mu-)
     1.24301260E-05    2     1000023        13   # BR(~mu_L -> ~chi_20 mu-)
     1.11165465E-01    2     1000025        13   # BR(~mu_L -> ~chi_30 mu-)
     2.95840057E-01    2     1000035        13   # BR(~mu_L -> ~chi_40 mu-)
     4.07398545E-05    2    -1000024        14   # BR(~mu_L -> ~chi_1- nu_mu)
     5.92930954E-01    2    -1000037        14   # BR(~mu_L -> ~chi_2- nu_mu)
#
#         PDG            Width
DECAY   2000013     5.23662158E+01   # smuon_R decays
#          BR         NDA      ID1       ID2
     1.20935900E-03    2     1000022        13   # BR(~mu_R -> ~chi_10 mu-)
     4.28628905E-04    2     1000023        13   # BR(~mu_R -> ~chi_20 mu-)
     9.98361047E-01    2     1000025        13   # BR(~mu_R -> ~chi_30 mu-)
     9.65350159E-07    2     1000035        13   # BR(~mu_R -> ~chi_40 mu-)
#
#         PDG            Width
DECAY   1000015     8.83199452E+01   # stau_1 decays
#          BR         NDA      ID1       ID2
     1.40255975E-02    2     1000022        15   # BR(~tau_1 -> ~chi_10  tau-)
     8.42182475E-03    2     1000023        15   # BR(~tau_1 -> ~chi_20  tau-)
     3.69273103E-01    2     1000025        15   # BR(~tau_1 -> ~chi_30  tau-)
     1.98650218E-01    2     1000035        15   # BR(~tau_1 -> ~chi_40  tau-)
     1.14872540E-02    2    -1000024        16   # BR(~tau_1 -> ~chi_1-  nu_tau)
     3.98142003E-01    2    -1000037        16   # BR(~tau_1 -> ~chi_2-  nu_tau)
#
#         PDG            Width
DECAY   2000015     8.80700647E+01   # stau_2 decays
#          BR         NDA      ID1       ID2
     7.78961140E-03    2     1000022        15   # BR(~tau_2 -> ~chi_10  tau-)
     1.25272117E-02    2     1000023        15   # BR(~tau_2 -> ~chi_20  tau-)
     3.72878782E-01    2     1000025        15   # BR(~tau_2 -> ~chi_30  tau-)
     1.98839867E-01    2     1000035        15   # BR(~tau_2 -> ~chi_40  tau-)
     9.44812585E-03    2    -1000024        16   # BR(~tau_2 -> ~chi_1-  nu_tau)
     3.98516403E-01    2    -1000037        16   # BR(~tau_2 -> ~chi_2-  nu_tau)
#
#         PDG            Width
DECAY   1000012     1.18505678E+02   # snu_eL decays
#          BR         NDA      ID1       ID2
     6.93495803E-04    2     1000022        12   # BR(~nu_eL -> ~chi_10 nu_e)
     2.98866452E-04    2     1000023        12   # BR(~nu_eL -> ~chi_20 nu_e)
     1.09423534E-01    2     1000025        12   # BR(~nu_eL -> ~chi_30 nu_e)
     2.96520894E-01    2     1000035        12   # BR(~nu_eL -> ~chi_40 nu_e)
     1.27085844E-03    2     1000024        11   # BR(~nu_eL -> ~chi_1+ e-)
     5.91792352E-01    2     1000037        11   # BR(~nu_eL -> ~chi_2+ e-)
#
#         PDG            Width
DECAY   1000014     1.18505678E+02   # snu_muL decays
#          BR         NDA      ID1       ID2
     6.93495803E-04    2     1000022        14   # BR(~nu_muL -> ~chi_10 nu_mu)
     2.98866452E-04    2     1000023        14   # BR(~nu_muL -> ~chi_20 nu_mu)
     1.09423534E-01    2     1000025        14   # BR(~nu_muL -> ~chi_30 nu_mu)
     2.96520894E-01    2     1000035        14   # BR(~nu_muL -> ~chi_40 nu_mu)
     1.27085844E-03    2     1000024        13   # BR(~nu_muL -> ~chi_1+ mu-)
     5.91792352E-01    2     1000037        13   # BR(~nu_muL -> ~chi_2+ mu-)
#
#         PDG            Width
DECAY   1000016     1.20347551E+02   # snu_tauL decays
#          BR         NDA      ID1       ID2
     6.82882113E-04    2     1000022        16   # BR(~nu_tauL -> ~chi_10 nu_tau)
     2.94292414E-04    2     1000023        16   # BR(~nu_tauL -> ~chi_20 nu_tau)
     1.07748848E-01    2     1000025        16   # BR(~nu_tauL -> ~chi_30 nu_tau)
     2.91982754E-01    2     1000035        16   # BR(~nu_tauL -> ~chi_40 nu_tau)
     1.65551310E-02    2     1000024        15   # BR(~nu_tauL -> ~chi_1+ tau-)
     5.82736092E-01    2     1000037        15   # BR(~nu_tauL -> ~chi_2+ tau-)
#
#         PDG            Width
DECAY   1000024     3.65392123E-11   # chargino1+ decays
#           BR         NDA      ID1       ID2       ID3
     3.74790312E-01    3     1000022         2        -1   # BR(~chi_1+ -> ~chi_10 u    db)
     3.74790312E-01    3     1000022         4        -3   # BR(~chi_1+ -> ~chi_10 c    sb)
     1.24930112E-01    3     1000022       -11        12   # BR(~chi_1+ -> ~chi_10 e+   nu_e)
     1.24930112E-01    3     1000022       -13        14   # BR(~chi_1+ -> ~chi_10 mu+  nu_mu)
     5.59152024E-04    3     1000022       -15        16   # BR(~chi_1+ -> ~chi_10 tau+ nu_tau)
#
#         PDG            Width
DECAY   1000037     1.97130595E+01   # chargino2+ decays
#          BR         NDA      ID1       ID2
     2.51958714E-01    2     1000024        23   # BR(~chi_2+ -> ~chi_1+  Z )
     2.38927700E-01    2     1000022        24   # BR(~chi_2+ -> ~chi_10  W+)
     2.44219074E-01    2     1000023        24   # BR(~chi_2+ -> ~chi_20  W+)
     1.45450602E-03    2     1000025        24   # BR(~chi_2+ -> ~chi_30  W+)
     2.63440006E-01    2     1000024        25   # BR(~chi_2+ -> ~chi_1+  h )
#
#         PDG            Width
DECAY   1000022     0.00000000E+00   # neutralino1 decays
#
#         PDG            Width
DECAY   1000023     1.17936330E-09   # neutralino2 decays
#          BR         NDA      ID1       ID2
     9.45481970E-02    2     1000022        22   # BR(~chi_20 -> ~chi_10 gam)
#           BR         NDA      ID1       ID2       ID3
     1.18408381E-01    3     1000022        -2         2   # BR(~chi_20 -> ~chi_10 ub      u)
     1.54012160E-01    3     1000022        -1         1   # BR(~chi_20 -> ~chi_10 db      d)
     1.18408381E-01    3     1000022        -4         4   # BR(~chi_20 -> ~chi_10 cb      c)
     1.54012160E-01    3     1000022        -3         3   # BR(~chi_20 -> ~chi_10 sb      s)
     3.56062155E-02    3     1000022       -11        11   # BR(~chi_20 -> ~chi_10 e+      e-)
     3.56062155E-02    3     1000022       -13        13   # BR(~chi_20 -> ~chi_10 mu+     mu-)
     3.47586208E-03    3     1000022       -15        15   # BR(~chi_20 -> ~chi_10 tau+    tau-)
     7.12100342E-02    3     1000022       -12        12   # BR(~chi_20 -> ~chi_10 nu_eb   nu_e)
     7.12100342E-02    3     1000022       -14        14   # BR(~chi_20 -> ~chi_10 nu_mub  nu_mu)
     7.12100342E-02    3     1000022       -16        16   # BR(~chi_20 -> ~chi_10 nu_taub nu_tau)
     1.35408251E-02    3     1000024        -2         1   # BR(~chi_20 -> ~chi_1+ ub      d)
     1.35408251E-02    3    -1000024        -1         2   # BR(~chi_20 -> ~chi_1- db      u)
     1.35408251E-02    3     1000024        -4         3   # BR(~chi_20 -> ~chi_1+ cb      s)
     1.35408251E-02    3    -1000024        -3         4   # BR(~chi_20 -> ~chi_1- sb      c)
     4.51360860E-03    3     1000024       -12        11   # BR(~chi_20 -> ~chi_1+ nu_eb   e-)
     4.51360860E-03    3    -1000024        12       -11   # BR(~chi_20 -> ~chi_1- nu_e    e+)
     4.51360860E-03    3     1000024       -14        13   # BR(~chi_20 -> ~chi_1+ nu_mub  mu-)
     4.51360860E-03    3    -1000024        14       -13   # BR(~chi_20 -> ~chi_1- nu_mu   mu+)
     3.72950226E-05    3     1000024       -16        15   # BR(~chi_20 -> ~chi_1+ nu_taub tau-)
     3.72950226E-05    3    -1000024        16       -15   # BR(~chi_20 -> ~chi_1- nu_tau  tau+)
#
#         PDG            Width
DECAY   1000025     3.16980221E+00   # neutralino3 decays
#          BR         NDA      ID1       ID2
     6.43945686E-02    2     1000022        23   # BR(~chi_30 -> ~chi_10   Z )
     1.88440692E-01    2     1000023        23   # BR(~chi_30 -> ~chi_20   Z )
     2.45078583E-01    2     1000024       -24   # BR(~chi_30 -> ~chi_1+   W-)
     2.45078583E-01    2    -1000024        24   # BR(~chi_30 -> ~chi_1-   W+)
     1.90169456E-01    2     1000022        25   # BR(~chi_30 -> ~chi_10   h )
     6.68381189E-02    2     1000023        25   # BR(~chi_30 -> ~chi_20   h )
#
#         PDG            Width
DECAY   1000035     1.97126102E+01   # neutralino4 decays
#          BR         NDA      ID1       ID2
     8.09838267E-02    2     1000022        23   # BR(~chi_40 -> ~chi_10   Z )
     1.70940773E-01    2     1000023        23   # BR(~chi_40 -> ~chi_20   Z )
     1.59346733E-04    2     1000025        23   # BR(~chi_40 -> ~chi_30   Z )
     2.42395567E-01    2     1000024       -24   # BR(~chi_40 -> ~chi_1+   W-)
     2.42395567E-01    2    -1000024        24   # BR(~chi_40 -> ~chi_1-   W+)
     1.74966890E-01    2     1000022        25   # BR(~chi_40 -> ~chi_10   h )
     8.67413943E-02    2     1000023        25   # BR(~chi_40 -> ~chi_20   h )
     1.41663610E-03    2     1000025        25   # BR(~chi_40 -> ~chi_30   h )

