#
#                              ======================
#                              | THE SUSYHIT OUTPUT |
#                              ======================
#
#
#              ------------------------------------------------------
#              |     This is the output of the SUSY-HIT package     |
#              |  created by A.Djouadi, M.Muehlleitner and M.Spira. |
#              |  In case of problems with SUSY-HIT email to        |
#              |           margarete.muehlleitner@kit.edu           |
#              |           michael.spira@psi.ch                     |
#              |           abdelhak.djouadi@cern.ch                 |
#              ------------------------------------------------------
#
#              ------------------------------------------------------
#              |  SUSY Les Houches Accord - MSSM Spectrum + Decays  |
#              |              based on the decay programs           |
#              |                                                    |
#              |                     SDECAY 1.5                     |
#              |                                                    |
#              |  Authors: M.Muhlleitner, A.Djouadi and Y.Mambrini  |
#              |  Ref.:    Comput.Phys.Commun.168(2005)46           |
#              |           [hep-ph/0311167]                         |
#              |                                                    |
#              |                     HDECAY 3.4                     |
#              |                                                    |
#              |  By: A.Djouadi,J.Kalinowski,M.Muhlleitner,M.Spira  |
#              |  Ref.:    Comput.Phys.Commun.108(1998)56           |
#              |           [hep-ph/9704448]                         |
#              |                                                    |
#              |                                                    |
#              |  If not stated otherwise all DRbar couplings and   |
#              |  soft SUSY breaking masses are given at the scale  |
#              |  Q=  0.10000821E+05
#              |                                                    |
#              ------------------------------------------------------
#
#
BLOCK DCINFO  # Decay Program information
     1   SDECAY/HDECAY # decay calculator
     2   1.5  /3.4    # version number
#
BLOCK SPINFO  # Spectrum calculator information
     1   SuSpect     # RGE +Spectrum calculator            
     2   2.43         # version number                     
#
BLOCK MODSEL  # Model selection
     1     0   # #general MSSM low scale                           
#
BLOCK SMINPUTS  # Standard Model inputs
         1     1.27934000E+02   # alpha_em^-1(M_Z)^MSbar
         2     1.16639000E-05   # G_F [GeV^-2]
         3     1.17200000E-01   # alpha_S(M_Z)^MSbar
         4     9.11870000E+01   # M_Z pole mass
         5     4.25000000E+00   # mb(mb)^MSbar
         6     1.72500000E+02   # mt pole mass
         7     1.77710000E+00   # mtau pole mass
#
BLOCK MINPAR  # Input parameters - minimal models
         1     1.00000000E+02   # 2                   
         3     1.00000000E+01   # tanbeta(mZ)         
         4     1.00000000E+00   # sign(mu)            
#
BLOCK EXTPAR  # Input parameters - non-minimal models
         0     1.00008211E+04   # EWSB                
         1     8.00000000E+02   # M_1                 
         2     1.60000000E+03   # M_2                 
         3     1.00000000E+04   # M_3                 
        11    -1.00000000E+02   # A_t                 
        12    -1.00000000E+02   # A_b                 
        13    -2.51737263E+02   # A_tau               
        14    -6.77437438E+02   # A_u                 
        15    -8.59633345E+02   # A_d                 
        16    -2.53493493E+02   # A_e                 
        23     1.60000000E+02   # mu(EWSB)            
        25     1.00000000E+01   # tanbeta(in)         
        26     1.00000000E+04   # MA_pole             
        31     1.00000000E+04   # M_eL                
        32     1.00000000E+04   # M_muL               
        33     1.00000000E+04   # M_tauL              
        34     1.00000000E+04   # M_eR                
        35     1.00000000E+04   # M_muR               
        36     1.00000000E+04   # M_tauR              
        41     1.00000000E+04   # M_q1L               
        42     1.00000000E+04   # M_q2L               
        43     1.00000000E+04   # M_q3L               
        44     1.00000000E+04   # M_uR                
        45     1.00000000E+04   # M_cR                
        46     1.00000000E+04   # M_tR                
        47     1.00000000E+04   # M_dR                
        48     1.00000000E+04   # M_sR                
        49     1.00000000E+04   # M_bR                
#
BLOCK MASS  # Mass Spectrum
# PDG code           mass       particle
        24     8.04893339E+01   # W+
        25     1.25962945E+02   # h
        35     1.00000501E+04   # H
        36     1.00000000E+04   # A
        37     1.00007731E+04   # H+
         5     4.87884274E+00   # b-quark pole mass calculated from mb(mb)_Msbar
   1000001     1.03038416E+04   # ~d_L
   2000001     1.03037169E+04   # ~d_R
   1000002     1.03035607E+04   # ~u_L
   2000002     1.03036228E+04   # ~u_R
   1000003     1.03038416E+04   # ~s_L
   2000003     1.03037169E+04   # ~s_R
   1000004     1.03035607E+04   # ~c_L
   2000004     1.03036228E+04   # ~c_R
   1000005     1.03035909E+04   # ~b_1
   2000005     1.03039681E+04   # ~b_2
   1000006     1.01872254E+04   # ~t_1
   2000006     1.03070385E+04   # ~t_2
   1000011     1.00000963E+04   # ~e_L
   2000011     1.00000969E+04   # ~e_R
   1000012     9.99980683E+03   # ~nu_eL
   1000013     1.00000963E+04   # ~mu_L
   2000013     1.00000969E+04   # ~mu_R
   1000014     9.99980683E+03   # ~nu_muL
   1000015     9.99994357E+03   # ~tau_1
   2000015     1.00002499E+04   # ~tau_2
   1000016     9.99980683E+03   # ~nu_tauL
   1000021     1.05489455E+04   # ~g
   1000022     1.62748832E+02   # ~chi_10
   1000023    -1.69023082E+02   # ~chi_20
   1000025     7.96406906E+02   # ~chi_30
   1000035     1.70658858E+03   # ~chi_40
   1000024     1.65861816E+02   # ~chi_1+
   1000037     1.70658733E+03   # ~chi_2+
#
BLOCK NMIX  # Neutralino Mixing Matrix
  1  1     5.43177264E-02   # N_11
  1  2    -3.84532284E-02   # N_12
  1  3     7.12749027E-01   # N_13
  1  4    -6.98254795E-01   # N_14
  2  1     2.93140507E-02   # N_21
  2  2    -2.60525680E-02   # N_22
  2  3    -7.01122669E-01   # N_23
  2  4    -7.11961343E-01   # N_24
  3  1     9.98090744E-01   # N_31
  3  2     5.12637276E-03   # N_32
  3  3    -1.81759089E-02   # N_33
  3  4     5.88066610E-02   # N_34
  4  1     2.26666312E-03   # N_41
  4  2    -9.98907570E-01   # N_42
  4  3    -9.24473087E-03   # N_43
  4  4     4.57500160E-02   # N_44
#
BLOCK UMIX  # Chargino Mixing Matrix U
  1  1    -1.30563828E-02   # U_11
  1  2     9.99914762E-01   # U_12
  2  1     9.99914762E-01   # U_21
  2  2     1.30563828E-02   # U_22
#
BLOCK VMIX  # Chargino Mixing Matrix V
  1  1    -6.46793121E-02   # V_11
  1  2     9.97906101E-01   # V_12
  2  1     9.97906101E-01   # V_21
  2  2     6.46793121E-02   # V_22
#
BLOCK STOPMIX  # Stop Mixing Matrix
  1  1     3.88306232E-02   # cos(theta_t)
  1  2     9.99245807E-01   # sin(theta_t)
  2  1    -9.99245807E-01   # -sin(theta_t)
  2  2     3.88306232E-02   # cos(theta_t)
#
BLOCK SBOTMIX  # Sbottom Mixing Matrix
  1  1     5.78458032E-01   # cos(theta_b)
  1  2     8.15712146E-01   # sin(theta_b)
  2  1    -8.15712146E-01   # -sin(theta_b)
  2  2     5.78458032E-01   # cos(theta_b)
#
BLOCK STAUMIX  # Stau Mixing Matrix
  1  1     7.07861607E-01   # cos(theta_tau)
  1  2     7.06351149E-01   # sin(theta_tau)
  2  1    -7.06351149E-01   # -sin(theta_tau)
  2  2     7.07861607E-01   # cos(theta_tau)
#
BLOCK ALPHA  # Higgs mixing
          -1.05978191E-01   # Mixing angle in the neutral Higgs boson sector
#
BLOCK HMIX Q=  1.00008211E+04  # DRbar Higgs Parameters
         1     1.60000000E+02   # mu(Q)               
         2     9.40282927E+00   # tanbeta(Q)          
         3     2.41973993E+02   # vev(Q)              
         4     9.94067515E+07   # MA^2(Q)             
#
BLOCK GAUGE Q=  1.00008211E+04  # The gauge couplings
     1     3.68024622E-01   # gprime(Q) DRbar
     2     6.36001054E-01   # g(Q) DRbar
     3     9.55382189E-01   # g3(Q) DRbar
#
BLOCK AU Q=  1.00008211E+04  # The trilinear couplings
  1  1    -6.77437438E+02   # A_u(Q) DRbar
  2  2    -6.77437438E+02   # A_c(Q) DRbar
  3  3    -1.00000000E+02   # A_t(Q) DRbar
#
BLOCK AD Q=  1.00008211E+04  # The trilinear couplings
  1  1    -8.59633345E+02   # A_d(Q) DRbar
  2  2    -8.59633345E+02   # A_s(Q) DRbar
  3  3    -1.00000000E+02   # A_b(Q) DRbar
#
BLOCK AE Q=  1.00008211E+04  # The trilinear couplings
  1  1    -2.53493493E+02   # A_e(Q) DRbar
  2  2    -2.53493493E+02   # A_mu(Q) DRbar
  3  3    -2.51737263E+02   # A_tau(Q) DRbar
#
BLOCK Yu Q=  1.00008211E+04  # The Yukawa couplings
  1  1     0.00000000E+00   # y_u(Q) DRbar
  2  2     0.00000000E+00   # y_c(Q) DRbar
  3  3     7.96307117E-01   # y_t(Q) DRbar
#
BLOCK Yd Q=  1.00008211E+04  # The Yukawa couplings
  1  1     0.00000000E+00   # y_d(Q) DRbar
  2  2     0.00000000E+00   # y_s(Q) DRbar
  3  3     1.26339699E-01   # y_b(Q) DRbar
#
BLOCK Ye Q=  1.00008211E+04  # The Yukawa couplings
  1  1     0.00000000E+00   # y_e(Q) DRbar
  2  2     0.00000000E+00   # y_mu(Q) DRbar
  3  3     9.63970823E-02   # y_tau(Q) DRbar
#
BLOCK MSOFT Q=  1.00008211E+04  # The soft SUSY breaking masses at the scale Q
         1     8.00000000E+02   # M_1                 
         2     1.60000000E+03   # M_2                 
         3     1.00000000E+04   # M_3                 
        14    -6.77437438E+02   # A_u                 
        15    -8.59633345E+02   # A_d                 
        16    -2.53493493E+02   # A_e                 
        21     9.86343268E+07   # M^2_Hd              
        22     3.49066818E+06   # M^2_Hu              
        31     1.00000000E+04   # M_eL                
        32     1.00000000E+04   # M_muL               
        33     1.00000000E+04   # M_tauL              
        34     1.00000000E+04   # M_eR                
        35     1.00000000E+04   # M_muR               
        36     1.00000000E+04   # M_tauR              
        41     1.00000000E+04   # M_q1L               
        42     1.00000000E+04   # M_q2L               
        43     1.00000000E+04   # M_q3L               
        44     1.00000000E+04   # M_uR                
        45     1.00000000E+04   # M_cR                
        46     1.00000000E+04   # M_tR                
        47     1.00000000E+04   # M_dR                
        48     1.00000000E+04   # M_sR                
        49     1.00000000E+04   # M_bR                
#
#
#
#                             =================
#                             |The decay table|
#                             =================
#
# - The QCD corrections to the decays gluino -> squark  + quark
#                                     squark -> gaugino + quark_prime
#                                     squark -> squark_prime + Higgs
#                                     squark -> gluino  + quark
#   are included.
#
# - The multi-body decays for the inos, stops and sbottoms are included.
#
# - The loop induced decays for the gluino, neutralinos and stops
#   are included.
#
# - The SUSY decays of the top quark are included.
#
#
#         PDG            Width
DECAY         6     1.40018660E+00   # top decays
#          BR         NDA      ID1       ID2
     1.00000000E+00    2           5        24   # BR(t ->  b    W+)
#
#         PDG            Width
DECAY   1000021     5.02018567E+00   # gluino decays
#          BR         NDA      ID1       ID2
     3.99304253E-02    2     1000001        -1   # BR(~g -> ~d_L  db)
     3.99304253E-02    2    -1000001         1   # BR(~g -> ~d_L* d )
     3.99705879E-02    2     2000001        -1   # BR(~g -> ~d_R  db)
     3.99705879E-02    2    -2000001         1   # BR(~g -> ~d_R* d )
     4.00209236E-02    2     1000002        -2   # BR(~g -> ~u_L  ub)
     4.00209236E-02    2    -1000002         2   # BR(~g -> ~u_L* u )
     4.00009080E-02    2     2000002        -2   # BR(~g -> ~u_R  ub)
     4.00009080E-02    2    -2000002         2   # BR(~g -> ~u_R* u )
     3.99304253E-02    2     1000003        -3   # BR(~g -> ~s_L  sb)
     3.99304253E-02    2    -1000003         3   # BR(~g -> ~s_L* s )
     3.99705879E-02    2     2000003        -3   # BR(~g -> ~s_R  sb)
     3.99705879E-02    2    -2000003         3   # BR(~g -> ~s_R* s )
     4.00209236E-02    2     1000004        -4   # BR(~g -> ~c_L  cb)
     4.00209236E-02    2    -1000004         4   # BR(~g -> ~c_L* c )
     4.00009080E-02    2     2000004        -4   # BR(~g -> ~c_R  cb)
     4.00009080E-02    2    -2000004         4   # BR(~g -> ~c_R* c )
     3.93257566E-02    2     1000005        -5   # BR(~g -> ~b_1  bb)
     3.93257566E-02    2    -1000005         5   # BR(~g -> ~b_1* b )
     4.05651517E-02    2     2000005        -5   # BR(~g -> ~b_2  bb)
     4.05651517E-02    2    -2000005         5   # BR(~g -> ~b_2* b )
     6.96399450E-02    2     1000006        -6   # BR(~g -> ~t_1  tb)
     6.96399450E-02    2    -1000006         6   # BR(~g -> ~t_1* t )
     3.06234573E-02    2     2000006        -6   # BR(~g -> ~t_2  tb)
     3.06234573E-02    2    -2000006         6   # BR(~g -> ~t_2* t )
#
#         PDG            Width
DECAY   1000006     2.74517465E+02   # stop1 decays
#          BR         NDA      ID1       ID2
     2.25221192E-01    2     1000022         6   # BR(~t_1 -> ~chi_10 t )
     2.33189032E-01    2     1000023         6   # BR(~t_1 -> ~chi_20 t )
     8.48888491E-02    2     1000025         6   # BR(~t_1 -> ~chi_30 t )
    -2.08831204E-04    2     1000035         6   # BR(~t_1 -> ~chi_40 t )
     4.57329857E-01    2     1000024         5   # BR(~t_1 -> ~chi_1+ b )
    -4.20098841E-04    2     1000037         5   # BR(~t_1 -> ~chi_2+ b )
#
#         PDG            Width
DECAY   2000006     2.46026328E+02   # stop2 decays
#          BR         NDA      ID1       ID2
     2.49444838E-01    2     1000022         6   # BR(~t_2 -> ~chi_10 t )
     2.60148264E-01    2     1000023         6   # BR(~t_2 -> ~chi_20 t )
     9.99782875E-03    2     1000025         6   # BR(~t_2 -> ~chi_30 t )
     1.56814512E-01    2     1000035         6   # BR(~t_2 -> ~chi_40 t )
     1.24788709E-02    2     1000024         5   # BR(~t_2 -> ~chi_1+ b )
     3.11117064E-01    2     1000037         5   # BR(~t_2 -> ~chi_2+ b )
    -1.37662568E-06    2     1000006        23   # BR(~t_2 -> ~t_1    Z )
#
#         PDG            Width
DECAY   1000005     1.17061837E+02   # sbottom1 decays
#          BR         NDA      ID1       ID2
     1.92446066E-02    2     1000022         5   # BR(~b_1 -> ~chi_10 b )
     1.06039858E-02    2     1000023         5   # BR(~b_1 -> ~chi_20 b )
     3.20727828E-02    2     1000025         5   # BR(~b_1 -> ~chi_30 b )
     1.45038000E-01    2     1000035         5   # BR(~b_1 -> ~chi_40 b )
     5.00605450E-01    2    -1000024         6   # BR(~b_1 -> ~chi_1- t )
     2.92443327E-01    2    -1000037         6   # BR(~b_1 -> ~chi_2- t )
    -8.15291697E-06    2     1000006       -24   # BR(~b_1 -> ~t_1    W-)
#
#         PDG            Width
DECAY   2000005     1.41083198E+02   # sbottom2 decays
#          BR         NDA      ID1       ID2
     7.83870642E-03    2     1000022         5   # BR(~b_2 -> ~chi_10 b )
     1.37794173E-02    2     1000023         5   # BR(~b_2 -> ~chi_20 b )
     2.50605864E-02    2     1000025         5   # BR(~b_2 -> ~chi_30 b )
     1.49357638E-01    2     1000035         5   # BR(~b_2 -> ~chi_40 b )
     5.02842091E-01    2    -1000024         6   # BR(~b_2 -> ~chi_1- t )
     3.01135319E-01    2    -1000037         6   # BR(~b_2 -> ~chi_2- t )
    -1.37579209E-05    2     1000006       -24   # BR(~b_2 -> ~t_1    W-)
#
#         PDG            Width
DECAY   1000002     1.15797824E+02   # sup_L decays
#          BR         NDA      ID1       ID2
     2.71436650E-04    2     1000022         2   # BR(~u_L -> ~chi_10 u)
     1.44301066E-04    2     1000023         2   # BR(~u_L -> ~chi_20 u)
     1.34074478E-02    2     1000025         2   # BR(~u_L -> ~chi_30 u)
     3.28005450E-01    2     1000035         2   # BR(~u_L -> ~chi_40 u)
     2.90166266E-03    2     1000024         1   # BR(~u_L -> ~chi_1+ d)
     6.55269702E-01    2     1000037         1   # BR(~u_L -> ~chi_2+ d)
#
#         PDG            Width
DECAY   2000002     2.36602576E+01   # sup_R decays
#          BR         NDA      ID1       ID2
     2.98108143E-03    2     1000022         2   # BR(~u_R -> ~chi_10 u)
     8.68221275E-04    2     1000023         2   # BR(~u_R -> ~chi_20 u)
     9.96145773E-01    2     1000025         2   # BR(~u_R -> ~chi_30 u)
     4.92474392E-06    2     1000035         2   # BR(~u_R -> ~chi_40 u)
#
#         PDG            Width
DECAY   1000001     1.15782347E+02   # sdown_L decays
#          BR         NDA      ID1       ID2
     8.30453989E-04    2     1000022         1   # BR(~d_L -> ~chi_10 d)
     3.48700811E-04    2     1000023         1   # BR(~d_L -> ~chi_20 d)
     1.20543986E-02    2     1000025         1   # BR(~d_L -> ~chi_30 d)
     3.28632721E-01    2     1000035         1   # BR(~d_L -> ~chi_40 d)
     1.18257846E-04    2    -1000024         2   # BR(~d_L -> ~chi_1- u)
     6.58015467E-01    2    -1000037         2   # BR(~d_L -> ~chi_2- u)
#
#         PDG            Width
DECAY   2000001     5.91511141E+00   # sdown_R decays
#          BR         NDA      ID1       ID2
     2.98108080E-03    2     1000022         1   # BR(~d_R -> ~chi_10 d)
     8.68221092E-04    2     1000023         1   # BR(~d_R -> ~chi_20 d)
     9.96145773E-01    2     1000025         1   # BR(~d_R -> ~chi_30 d)
     4.92474794E-06    2     1000035         1   # BR(~d_R -> ~chi_40 d)
#
#         PDG            Width
DECAY   1000004     1.15797824E+02   # scharm_L decays
#          BR         NDA      ID1       ID2
     2.71436650E-04    2     1000022         4   # BR(~c_L -> ~chi_10 c)
     1.44301066E-04    2     1000023         4   # BR(~c_L -> ~chi_20 c)
     1.34074478E-02    2     1000025         4   # BR(~c_L -> ~chi_30 c)
     3.28005450E-01    2     1000035         4   # BR(~c_L -> ~chi_40 c)
     2.90166266E-03    2     1000024         3   # BR(~c_L -> ~chi_1+ s)
     6.55269702E-01    2     1000037         3   # BR(~c_L -> ~chi_2+ s)
#
#         PDG            Width
DECAY   2000004     2.36602576E+01   # scharm_R decays
#          BR         NDA      ID1       ID2
     2.98108143E-03    2     1000022         4   # BR(~c_R -> ~chi_10 c)
     8.68221275E-04    2     1000023         4   # BR(~c_R -> ~chi_20 c)
     9.96145773E-01    2     1000025         4   # BR(~c_R -> ~chi_30 c)
     4.92474392E-06    2     1000035         4   # BR(~c_R -> ~chi_40 c)
#
#         PDG            Width
DECAY   1000003     1.15782347E+02   # sstrange_L decays
#          BR         NDA      ID1       ID2
     8.30453989E-04    2     1000022         3   # BR(~s_L -> ~chi_10 s)
     3.48700811E-04    2     1000023         3   # BR(~s_L -> ~chi_20 s)
     1.20543986E-02    2     1000025         3   # BR(~s_L -> ~chi_30 s)
     3.28632721E-01    2     1000035         3   # BR(~s_L -> ~chi_40 s)
     1.18257846E-04    2    -1000024         4   # BR(~s_L -> ~chi_1- c)
     6.58015467E-01    2    -1000037         4   # BR(~s_L -> ~chi_2- c)
#
#         PDG            Width
DECAY   2000003     5.91511141E+00   # sstrange_R decays
#          BR         NDA      ID1       ID2
     2.98108080E-03    2     1000022         3   # BR(~s_R -> ~chi_10 s)
     8.68221092E-04    2     1000023         3   # BR(~s_R -> ~chi_20 s)
     9.96145773E-01    2     1000025         3   # BR(~s_R -> ~chi_30 s)
     4.92474794E-06    2     1000035         3   # BR(~s_R -> ~chi_40 s)
#
#         PDG            Width
DECAY   1000011     1.27092720E+02   # selectron_L decays
#          BR         NDA      ID1       ID2
     1.56026165E-05    2     1000022        11   # BR(~e_L -> ~chi_10 e-)
     2.61436790E-05    2     1000023        11   # BR(~e_L -> ~chi_20 e-)
     1.06127156E-01    2     1000025        11   # BR(~e_L -> ~chi_30 e-)
     2.96986235E-01    2     1000035        11   # BR(~e_L -> ~chi_40 e-)
     1.07878797E-04    2    -1000024        12   # BR(~e_L -> ~chi_1- nu_e)
     5.96736984E-01    2    -1000037        12   # BR(~e_L -> ~chi_2- nu_e)
#
#         PDG            Width
DECAY   2000011     5.32122593E+01   # selectron_R decays
#          BR         NDA      ID1       ID2
     2.98647907E-03    2     1000022        11   # BR(~e_R -> ~chi_10 e-)
     8.69780954E-04    2     1000023        11   # BR(~e_R -> ~chi_20 e-)
     9.96138835E-01    2     1000025        11   # BR(~e_R -> ~chi_30 e-)
     4.90464970E-06    2     1000035        11   # BR(~e_R -> ~chi_40 e-)
#
#         PDG            Width
DECAY   1000013     1.27092720E+02   # smuon_L decays
#          BR         NDA      ID1       ID2
     1.56026165E-05    2     1000022        13   # BR(~mu_L -> ~chi_10 mu-)
     2.61436790E-05    2     1000023        13   # BR(~mu_L -> ~chi_20 mu-)
     1.06127156E-01    2     1000025        13   # BR(~mu_L -> ~chi_30 mu-)
     2.96986235E-01    2     1000035        13   # BR(~mu_L -> ~chi_40 mu-)
     1.07878797E-04    2    -1000024        14   # BR(~mu_L -> ~chi_1- nu_mu)
     5.96736984E-01    2    -1000037        14   # BR(~mu_L -> ~chi_2- nu_mu)
#
#         PDG            Width
DECAY   2000013     5.32122593E+01   # smuon_R decays
#          BR         NDA      ID1       ID2
     2.98647907E-03    2     1000022        13   # BR(~mu_R -> ~chi_10 mu-)
     8.69780954E-04    2     1000023        13   # BR(~mu_R -> ~chi_20 mu-)
     9.96138835E-01    2     1000025        13   # BR(~mu_R -> ~chi_30 mu-)
     4.90464970E-06    2     1000035        13   # BR(~mu_R -> ~chi_40 mu-)
#
#         PDG            Width
DECAY   1000015     9.30147980E+01   # stau_1 decays
#          BR         NDA      ID1       ID2
     1.55703284E-02    2     1000022        15   # BR(~tau_1 -> ~chi_10  tau-)
     7.23575389E-03    2     1000023        15   # BR(~tau_1 -> ~chi_20  tau-)
     3.56044760E-01    2     1000025        15   # BR(~tau_1 -> ~chi_30  tau-)
     2.02521428E-01    2     1000035        15   # BR(~tau_1 -> ~chi_40  tau-)
     1.16938739E-02    2    -1000024        16   # BR(~tau_1 -> ~chi_1-  nu_tau)
     4.06933856E-01    2    -1000037        16   # BR(~tau_1 -> ~chi_2-  nu_tau)
#
#         PDG            Width
DECAY   2000015     9.28331269E+01   # stau_2 decays
#          BR         NDA      ID1       ID2
     6.35460711E-03    2     1000022        15   # BR(~tau_2 -> ~chi_10  tau-)
     1.28517036E-02    2     1000023        15   # BR(~tau_2 -> ~chi_20  tau-)
     3.59554475E-01    2     1000025        15   # BR(~tau_2 -> ~chi_30  tau-)
     2.03675866E-01    2     1000035        15   # BR(~tau_2 -> ~chi_40  tau-)
     8.33056221E-03    2    -1000024        16   # BR(~tau_2 -> ~chi_1-  nu_tau)
     4.09232786E-01    2    -1000037        16   # BR(~tau_2 -> ~chi_2-  nu_tau)
#
#         PDG            Width
DECAY   1000012     1.27100774E+02   # snu_eL decays
#          BR         NDA      ID1       ID2
     1.54521766E-03    2     1000022        12   # BR(~nu_eL -> ~chi_10 nu_e)
     5.85404731E-04    2     1000023        12   # BR(~nu_eL -> ~chi_20 nu_e)
     1.02415663E-01    2     1000025        12   # BR(~nu_eL -> ~chi_30 nu_e)
     2.98521573E-01    2     1000035        12   # BR(~nu_eL -> ~chi_40 nu_e)
     2.64716507E-03    2     1000024        11   # BR(~nu_eL -> ~chi_1+ e-)
     5.94284976E-01    2     1000037        11   # BR(~nu_eL -> ~chi_2+ e-)
#
#         PDG            Width
DECAY   1000014     1.27100774E+02   # snu_muL decays
#          BR         NDA      ID1       ID2
     1.54521766E-03    2     1000022        14   # BR(~nu_muL -> ~chi_10 nu_mu)
     5.85404731E-04    2     1000023        14   # BR(~nu_muL -> ~chi_20 nu_mu)
     1.02415663E-01    2     1000025        14   # BR(~nu_muL -> ~chi_30 nu_mu)
     2.98521573E-01    2     1000035        14   # BR(~nu_muL -> ~chi_40 nu_mu)
     2.64716507E-03    2     1000024        13   # BR(~nu_muL -> ~chi_1+ mu-)
     5.94284976E-01    2     1000037        13   # BR(~nu_muL -> ~chi_2+ mu-)
#
#         PDG            Width
DECAY   1000016     1.28948371E+02   # snu_tauL decays
#          BR         NDA      ID1       ID2
     1.52307748E-03    2     1000022        16   # BR(~nu_tauL -> ~chi_10 nu_tau)
     5.77016938E-04    2     1000023        16   # BR(~nu_tauL -> ~chi_20 nu_tau)
     1.00948232E-01    2     1000025        16   # BR(~nu_tauL -> ~chi_30 nu_tau)
     2.94244298E-01    2     1000035        16   # BR(~nu_tauL -> ~chi_40 nu_tau)
     1.69350208E-02    2     1000024        15   # BR(~nu_tauL -> ~chi_1+ tau-)
     5.85772355E-01    2     1000037        15   # BR(~nu_tauL -> ~chi_2+ tau-)
#
#         PDG            Width
DECAY   1000024     3.05030303E-10   # chargino1+ decays
#           BR         NDA      ID1       ID2       ID3
     3.66205688E-01    3     1000022         2        -1   # BR(~chi_1+ -> ~chi_10 u    db)
     3.66205688E-01    3     1000022         4        -3   # BR(~chi_1+ -> ~chi_10 c    sb)
     1.22068580E-01    3     1000022       -11        12   # BR(~chi_1+ -> ~chi_10 e+   nu_e)
     1.22068580E-01    3     1000022       -13        14   # BR(~chi_1+ -> ~chi_10 mu+  nu_mu)
     2.34514627E-02    3     1000022       -15        16   # BR(~chi_1+ -> ~chi_10 tau+ nu_tau)
#
#         PDG            Width
DECAY   1000037     1.34117981E+01   # chargino2+ decays
#          BR         NDA      ID1       ID2
     2.52046491E-01    2     1000024        23   # BR(~chi_2+ -> ~chi_1+  Z )
     2.36610991E-01    2     1000022        24   # BR(~chi_2+ -> ~chi_10  W+)
     2.45859866E-01    2     1000023        24   # BR(~chi_2+ -> ~chi_20  W+)
     3.32950966E-03    2     1000025        24   # BR(~chi_2+ -> ~chi_30  W+)
     2.62153142E-01    2     1000024        25   # BR(~chi_2+ -> ~chi_1+  h )
#
#         PDG            Width
DECAY   1000022     0.00000000E+00   # neutralino1 decays
#
#         PDG            Width
DECAY   1000023     8.77467479E-09   # neutralino2 decays
#          BR         NDA      ID1       ID2
     4.26712440E-02    2     1000022        22   # BR(~chi_20 -> ~chi_10 gam)
#           BR         NDA      ID1       ID2       ID3
     1.23068248E-01    3     1000022        -2         2   # BR(~chi_20 -> ~chi_10 ub      u)
     1.60038164E-01    3     1000022        -1         1   # BR(~chi_20 -> ~chi_10 db      d)
     1.23068248E-01    3     1000022        -4         4   # BR(~chi_20 -> ~chi_10 cb      c)
     1.60038164E-01    3     1000022        -3         3   # BR(~chi_20 -> ~chi_10 sb      s)
     3.69708076E-02    3     1000022       -11        11   # BR(~chi_20 -> ~chi_10 e+      e-)
     3.69708076E-02    3     1000022       -13        13   # BR(~chi_20 -> ~chi_10 mu+     mu-)
     2.01843366E-02    3     1000022       -15        15   # BR(~chi_20 -> ~chi_10 tau+    tau-)
     7.39408148E-02    3     1000022       -12        12   # BR(~chi_20 -> ~chi_10 nu_eb   nu_e)
     7.39408148E-02    3     1000022       -14        14   # BR(~chi_20 -> ~chi_10 nu_mub  nu_mu)
     7.39408148E-02    3     1000022       -16        16   # BR(~chi_20 -> ~chi_10 nu_taub nu_tau)
     1.37445688E-02    3     1000024        -2         1   # BR(~chi_20 -> ~chi_1+ ub      d)
     1.37445688E-02    3    -1000024        -1         2   # BR(~chi_20 -> ~chi_1- db      u)
     1.37445688E-02    3     1000024        -4         3   # BR(~chi_20 -> ~chi_1+ cb      s)
     1.37445688E-02    3    -1000024        -3         4   # BR(~chi_20 -> ~chi_1- sb      c)
     4.58152348E-03    3     1000024       -12        11   # BR(~chi_20 -> ~chi_1+ nu_eb   e-)
     4.58152348E-03    3    -1000024        12       -11   # BR(~chi_20 -> ~chi_1- nu_e    e+)
     4.58152348E-03    3     1000024       -14        13   # BR(~chi_20 -> ~chi_1+ nu_mub  mu-)
     4.58152348E-03    3    -1000024        14       -13   # BR(~chi_20 -> ~chi_1- nu_mu   mu+)
     9.31583513E-04    3     1000024       -16        15   # BR(~chi_20 -> ~chi_1+ nu_taub tau-)
     9.31583513E-04    3    -1000024        16       -15   # BR(~chi_20 -> ~chi_1- nu_tau  tau+)
#
#         PDG            Width
DECAY   1000025     2.09493041E+00   # neutralino3 decays
#          BR         NDA      ID1       ID2
     5.50310088E-02    2     1000022        23   # BR(~chi_30 -> ~chi_10   Z )
     1.98487160E-01    2     1000023        23   # BR(~chi_30 -> ~chi_20   Z )
     2.49191177E-01    2     1000024       -24   # BR(~chi_30 -> ~chi_1+   W-)
     2.49191177E-01    2    -1000024        24   # BR(~chi_30 -> ~chi_1-   W+)
     1.93284572E-01    2     1000022        25   # BR(~chi_30 -> ~chi_10   h )
     5.48149047E-02    2     1000023        25   # BR(~chi_30 -> ~chi_20   h )
#
#         PDG            Width
DECAY   1000035     1.34111173E+01   # neutralino4 decays
#          BR         NDA      ID1       ID2
     7.49959524E-02    2     1000022        23   # BR(~chi_40 -> ~chi_10   Z )
     1.76927824E-01    2     1000023        23   # BR(~chi_40 -> ~chi_20   Z )
     3.69196422E-04    2     1000025        23   # BR(~chi_40 -> ~chi_30   Z )
     2.43119906E-01    2     1000024       -24   # BR(~chi_40 -> ~chi_1+   W-)
     2.43119906E-01    2    -1000024        24   # BR(~chi_40 -> ~chi_1-   W+)
     1.77085178E-01    2     1000022        25   # BR(~chi_40 -> ~chi_10   h )
     8.11641719E-02    2     1000023        25   # BR(~chi_40 -> ~chi_20   h )
     3.21786564E-03    2     1000025        25   # BR(~chi_40 -> ~chi_30   h )

