#
#                              ======================
#                              | THE SUSYHIT OUTPUT |
#                              ======================
#
#
#              ------------------------------------------------------
#              |     This is the output of the SUSY-HIT package     |
#              |  created by A.Djouadi, M.Muehlleitner and M.Spira. |
#              |  In case of problems with SUSY-HIT email to        |
#              |           margarete.muehlleitner@kit.edu           |
#              |           michael.spira@psi.ch                     |
#              |           abdelhak.djouadi@cern.ch                 |
#              ------------------------------------------------------
#
#              ------------------------------------------------------
#              |  SUSY Les Houches Accord - MSSM Spectrum + Decays  |
#              |              based on the decay programs           |
#              |                                                    |
#              |                     SDECAY 1.5                     |
#              |                                                    |
#              |  Authors: M.Muhlleitner, A.Djouadi and Y.Mambrini  |
#              |  Ref.:    Comput.Phys.Commun.168(2005)46           |
#              |           [hep-ph/0311167]                         |
#              |                                                    |
#              |                     HDECAY 3.4                     |
#              |                                                    |
#              |  By: A.Djouadi,J.Kalinowski,M.Muhlleitner,M.Spira  |
#              |  Ref.:    Comput.Phys.Commun.108(1998)56           |
#              |           [hep-ph/9704448]                         |
#              |                                                    |
#              |                                                    |
#              |  If not stated otherwise all DRbar couplings and   |
#              |  soft SUSY breaking masses are given at the scale  |
#              |  Q=  0.10000822E+05
#              |                                                    |
#              ------------------------------------------------------
#
#
BLOCK DCINFO  # Decay Program information
     1   SDECAY/HDECAY # decay calculator
     2   1.5  /3.4    # version number
#
BLOCK SPINFO  # Spectrum calculator information
     1   SuSpect     # RGE +Spectrum calculator            
     2   2.43         # version number                     
#
BLOCK MODSEL  # Model selection
     1     0   # #general MSSM low scale                           
#
BLOCK SMINPUTS  # Standard Model inputs
         1     1.27934000E+02   # alpha_em^-1(M_Z)^MSbar
         2     1.16639000E-05   # G_F [GeV^-2]
         3     1.17200000E-01   # alpha_S(M_Z)^MSbar
         4     9.11870000E+01   # M_Z pole mass
         5     4.25000000E+00   # mb(mb)^MSbar
         6     1.72500000E+02   # mt pole mass
         7     1.77710000E+00   # mtau pole mass
#
BLOCK MINPAR  # Input parameters - minimal models
         1     1.00000000E+02   # 2                   
         3     1.00000000E+01   # tanbeta(mZ)         
         4     1.00000000E+00   # sign(mu)            
#
BLOCK EXTPAR  # Input parameters - non-minimal models
         0     1.00008217E+04   # EWSB                
         1     3.00000000E+02   # M_1                 
         2     6.00000000E+02   # M_2                 
         3     1.00000000E+04   # M_3                 
        11    -1.00000000E+02   # A_t                 
        12    -1.00000000E+02   # A_b                 
        13    -2.51737263E+02   # A_tau               
        14    -6.77437438E+02   # A_u                 
        15    -8.59633345E+02   # A_d                 
        16    -2.53493493E+02   # A_e                 
        23     2.40000000E+02   # mu(EWSB)            
        25     1.00000000E+01   # tanbeta(in)         
        26     1.00000000E+04   # MA_pole             
        31     1.00000000E+04   # M_eL                
        32     1.00000000E+04   # M_muL               
        33     1.00000000E+04   # M_tauL              
        34     1.00000000E+04   # M_eR                
        35     1.00000000E+04   # M_muR               
        36     1.00000000E+04   # M_tauR              
        41     1.00000000E+04   # M_q1L               
        42     1.00000000E+04   # M_q2L               
        43     1.00000000E+04   # M_q3L               
        44     1.00000000E+04   # M_uR                
        45     1.00000000E+04   # M_cR                
        46     1.00000000E+04   # M_tR                
        47     1.00000000E+04   # M_dR                
        48     1.00000000E+04   # M_sR                
        49     1.00000000E+04   # M_bR                
#
BLOCK MASS  # Mass Spectrum
# PDG code           mass       particle
        24     8.04827967E+01   # W+
        25     1.26787359E+02   # h
        35     1.00000507E+04   # H
        36     1.00000000E+04   # A
        37     1.00007681E+04   # H+
         5     4.87884274E+00   # b-quark pole mass calculated from mb(mb)_Msbar
   1000001     1.03038428E+04   # ~d_L
   2000001     1.03037182E+04   # ~d_R
   1000002     1.03035625E+04   # ~u_L
   2000002     1.03036249E+04   # ~u_R
   1000003     1.03038428E+04   # ~s_L
   2000003     1.03037182E+04   # ~s_R
   1000004     1.03035625E+04   # ~c_L
   2000004     1.03036249E+04   # ~c_R
   1000005     1.03035122E+04   # ~b_1
   2000005     1.03040493E+04   # ~b_2
   1000006     1.01862712E+04   # ~t_1
   2000006     1.03060443E+04   # ~t_2
   1000011     1.00000963E+04   # ~e_L
   2000011     1.00000961E+04   # ~e_R
   1000012     9.99980751E+03   # ~nu_eL
   1000013     1.00000963E+04   # ~mu_L
   2000013     1.00000961E+04   # ~mu_R
   1000014     9.99980751E+03   # ~nu_muL
   1000015     9.99987772E+03   # ~tau_1
   2000015     1.00003151E+04   # ~tau_2
   1000016     9.99980751E+03   # ~nu_tauL
   1000021     1.05489484E+04   # ~g
   1000022     2.25174149E+02   # ~chi_10
   1000023    -2.53299808E+02   # ~chi_20
   1000025     3.13909515E+02   # ~chi_30
   1000035     6.64253400E+02   # ~chi_40
   1000024     2.43171697E+02   # ~chi_1+
   1000037     6.64218298E+02   # ~chi_2+
#
BLOCK NMIX  # Neutralino Mixing Matrix
  1  1     4.17481518E-01   # N_11
  1  2    -1.21611147E-01   # N_12
  1  3     6.62315633E-01   # N_13
  1  4    -6.10129424E-01   # N_14
  2  1     5.11109229E-02   # N_21
  2  2    -5.37998076E-02   # N_22
  2  3    -6.98114464E-01   # N_23
  2  4    -7.12130220E-01   # N_24
  3  1     9.07077661E-01   # N_31
  3  2     7.80872600E-02   # N_32
  3  3    -2.64249793E-01   # N_33
  3  4     3.18252327E-01   # N_34
  4  1     1.75206307E-02   # N_41
  4  2    -9.88037798E-01   # N_42
  4  3    -6.43913442E-02   # N_43
  4  4     1.39025511E-01   # N_44
#
BLOCK UMIX  # Chargino Mixing Matrix U
  1  1    -9.05591200E-02   # U_11
  1  2     9.95891081E-01   # U_12
  2  1     9.95891081E-01   # U_21
  2  2     9.05591200E-02   # U_22
#
BLOCK VMIX  # Chargino Mixing Matrix V
  1  1    -1.96066004E-01   # V_11
  1  2     9.80590701E-01   # V_12
  2  1     9.80590701E-01   # V_21
  2  2     1.96066004E-01   # V_22
#
BLOCK STOPMIX  # Stop Mixing Matrix
  1  1     3.87090175E-02   # cos(theta_t)
  1  2     9.99250525E-01   # sin(theta_t)
  2  1    -9.99250525E-01   # -sin(theta_t)
  2  2     3.87090175E-02   # cos(theta_t)
#
BLOCK SBOTMIX  # Sbottom Mixing Matrix
  1  1     6.19683598E-01   # cos(theta_b)
  1  2     7.84851730E-01   # sin(theta_b)
  2  1    -7.84851730E-01   # -sin(theta_b)
  2  2     6.19683598E-01   # cos(theta_b)
#
BLOCK STAUMIX  # Stau Mixing Matrix
  1  1     7.06941009E-01   # cos(theta_tau)
  1  2     7.07272515E-01   # sin(theta_tau)
  2  1    -7.07272515E-01   # -sin(theta_tau)
  2  2     7.06941009E-01   # cos(theta_tau)
#
BLOCK ALPHA  # Higgs mixing
          -1.06024711E-01   # Mixing angle in the neutral Higgs boson sector
#
BLOCK HMIX Q=  1.00008217E+04  # DRbar Higgs Parameters
         1     2.40000000E+02   # mu(Q)               
         2     9.39871373E+00   # tanbeta(Q)          
         3     2.41074690E+02   # vev(Q)              
         4     9.93208649E+07   # MA^2(Q)             
#
BLOCK GAUGE Q=  1.00008217E+04  # The gauge couplings
     1     3.67934447E-01   # gprime(Q) DRbar
     2     6.37734035E-01   # g(Q) DRbar
     3     9.55384671E-01   # g3(Q) DRbar
#
BLOCK AU Q=  1.00008217E+04  # The trilinear couplings
  1  1    -6.77437438E+02   # A_u(Q) DRbar
  2  2    -6.77437438E+02   # A_c(Q) DRbar
  3  3    -1.00000000E+02   # A_t(Q) DRbar
#
BLOCK AD Q=  1.00008217E+04  # The trilinear couplings
  1  1    -8.59633345E+02   # A_d(Q) DRbar
  2  2    -8.59633345E+02   # A_s(Q) DRbar
  3  3    -1.00000000E+02   # A_b(Q) DRbar
#
BLOCK AE Q=  1.00008217E+04  # The trilinear couplings
  1  1    -2.53493493E+02   # A_e(Q) DRbar
  2  2    -2.53493493E+02   # A_mu(Q) DRbar
  3  3    -2.51737263E+02   # A_tau(Q) DRbar
#
BLOCK Yu Q=  1.00008217E+04  # The Yukawa couplings
  1  1     0.00000000E+00   # y_u(Q) DRbar
  2  2     0.00000000E+00   # y_c(Q) DRbar
  3  3     7.99399784E-01   # y_t(Q) DRbar
#
BLOCK Yd Q=  1.00008217E+04  # The Yukawa couplings
  1  1     0.00000000E+00   # y_d(Q) DRbar
  2  2     0.00000000E+00   # y_s(Q) DRbar
  3  3     1.26718574E-01   # y_b(Q) DRbar
#
BLOCK Ye Q=  1.00008217E+04  # The Yukawa couplings
  1  1     0.00000000E+00   # y_e(Q) DRbar
  2  2     0.00000000E+00   # y_mu(Q) DRbar
  3  3     9.67140009E-02   # y_tau(Q) DRbar
#
BLOCK MSOFT Q=  1.00008217E+04  # The soft SUSY breaking masses at the scale Q
         1     3.00000000E+02   # M_1                 
         2     6.00000000E+02   # M_2                 
         3     1.00000000E+04   # M_3                 
        14    -6.77437438E+02   # A_u                 
        15    -8.59633345E+02   # A_d                 
        16    -2.53493493E+02   # A_e                 
        21     9.86147263E+07   # M^2_Hd              
        22     3.55082723E+06   # M^2_Hu              
        31     1.00000000E+04   # M_eL                
        32     1.00000000E+04   # M_muL               
        33     1.00000000E+04   # M_tauL              
        34     1.00000000E+04   # M_eR                
        35     1.00000000E+04   # M_muR               
        36     1.00000000E+04   # M_tauR              
        41     1.00000000E+04   # M_q1L               
        42     1.00000000E+04   # M_q2L               
        43     1.00000000E+04   # M_q3L               
        44     1.00000000E+04   # M_uR                
        45     1.00000000E+04   # M_cR                
        46     1.00000000E+04   # M_tR                
        47     1.00000000E+04   # M_dR                
        48     1.00000000E+04   # M_sR                
        49     1.00000000E+04   # M_bR                
#
#
#
#                             =================
#                             |The decay table|
#                             =================
#
# - The QCD corrections to the decays gluino -> squark  + quark
#                                     squark -> gaugino + quark_prime
#                                     squark -> squark_prime + Higgs
#                                     squark -> gluino  + quark
#   are included.
#
# - The multi-body decays for the inos, stops and sbottoms are included.
#
# - The loop induced decays for the gluino, neutralinos and stops
#   are included.
#
# - The SUSY decays of the top quark are included.
#
#
#         PDG            Width
DECAY         6     1.40811411E+00   # top decays
#          BR         NDA      ID1       ID2
     1.00000000E+00    2           5        24   # BR(t ->  b    W+)
#
#         PDG            Width
DECAY   1000021     5.02817475E+00   # gluino decays
#          BR         NDA      ID1       ID2
     3.98675561E-02    2     1000001        -1   # BR(~g -> ~d_L  db)
     3.98675561E-02    2    -1000001         1   # BR(~g -> ~d_L* d )
     3.99076230E-02    2     2000001        -1   # BR(~g -> ~d_R  db)
     3.99076230E-02    2    -2000001         1   # BR(~g -> ~d_R* d )
     3.99577182E-02    2     1000002        -2   # BR(~g -> ~u_L  ub)
     3.99577182E-02    2    -1000002         2   # BR(~g -> ~u_L* u )
     3.99376378E-02    2     2000002        -2   # BR(~g -> ~u_R  ub)
     3.99376378E-02    2    -2000002         2   # BR(~g -> ~u_R* u )
     3.98675561E-02    2     1000003        -3   # BR(~g -> ~s_L  sb)
     3.98675561E-02    2    -1000003         3   # BR(~g -> ~s_L* s )
     3.99076230E-02    2     2000003        -3   # BR(~g -> ~s_R  sb)
     3.99076230E-02    2    -2000003         3   # BR(~g -> ~s_R* s )
     3.99577182E-02    2     1000004        -4   # BR(~g -> ~c_L  cb)
     3.99577182E-02    2    -1000004         4   # BR(~g -> ~c_L* c )
     3.99376378E-02    2     2000004        -4   # BR(~g -> ~c_R  cb)
     3.99376378E-02    2    -2000004         4   # BR(~g -> ~c_R* c )
     3.93112136E-02    2     1000005        -5   # BR(~g -> ~b_1  bb)
     3.93112136E-02    2    -1000005         5   # BR(~g -> ~b_1* b )
     4.04535675E-02    2     2000005        -5   # BR(~g -> ~b_2  bb)
     4.04535675E-02    2    -2000005         5   # BR(~g -> ~b_2* b )
     6.99592737E-02    2     1000006        -6   # BR(~g -> ~t_1  tb)
     6.99592737E-02    2    -1000006         6   # BR(~g -> ~t_1* t )
     3.09348751E-02    2     2000006        -6   # BR(~g -> ~t_2  tb)
     3.09348751E-02    2    -2000006         6   # BR(~g -> ~t_2* t )
#
#         PDG            Width
DECAY   1000006     2.76465245E+02   # stop1 decays
#          BR         NDA      ID1       ID2
     1.93954052E-01    2     1000022         6   # BR(~t_1 -> ~chi_10 t )
     2.34590355E-01    2     1000023         6   # BR(~t_1 -> ~chi_20 t )
     1.10721856E-01    2     1000025         6   # BR(~t_1 -> ~chi_30 t )
     3.91538844E-03    2     1000035         6   # BR(~t_1 -> ~chi_40 t )
     4.48997532E-01    2     1000024         5   # BR(~t_1 -> ~chi_1+ b )
     7.82081674E-03    2     1000037         5   # BR(~t_1 -> ~chi_2+ b )
#
#         PDG            Width
DECAY   2000006     2.52978057E+02   # stop2 decays
#          BR         NDA      ID1       ID2
     1.78572264E-01    2     1000022         6   # BR(~t_2 -> ~chi_10 t )
     2.53857380E-01    2     1000023         6   # BR(~t_2 -> ~chi_20 t )
     6.79486553E-02    2     1000025         6   # BR(~t_2 -> ~chi_30 t )
     1.68979589E-01    2     1000035         6   # BR(~t_2 -> ~chi_40 t )
     1.48389047E-02    2     1000024         5   # BR(~t_2 -> ~chi_1+ b )
     3.15804516E-01    2     1000037         5   # BR(~t_2 -> ~chi_2+ b )
    -1.30989448E-06    2     1000006        23   # BR(~t_2 -> ~t_1    Z )
#
#         PDG            Width
DECAY   1000005     1.18610494E+02   # sbottom1 decays
#          BR         NDA      ID1       ID2
     4.59566043E-02    2     1000022         5   # BR(~b_1 -> ~chi_10 b )
     8.29490625E-03    2     1000023         5   # BR(~b_1 -> ~chi_20 b )
     1.50882113E-02    2     1000025         5   # BR(~b_1 -> ~chi_30 b )
     1.40888811E-01    2     1000035         5   # BR(~b_1 -> ~chi_40 b )
     4.87041954E-01    2    -1000024         6   # BR(~b_1 -> ~chi_1- t )
     3.02739109E-01    2    -1000037         6   # BR(~b_1 -> ~chi_2- t )
    -9.59642048E-06    2     1000006       -24   # BR(~b_1 -> ~t_1    W-)
#
#         PDG            Width
DECAY   2000005     1.46564760E+02   # sbottom2 decays
#          BR         NDA      ID1       ID2
     3.58397250E-04    2     1000022         5   # BR(~b_2 -> ~chi_10 b )
     1.58602974E-02    2     1000023         5   # BR(~b_2 -> ~chi_20 b )
     2.69023971E-02    2     1000025         5   # BR(~b_2 -> ~chi_30 b )
     1.55097396E-01    2     1000035         5   # BR(~b_2 -> ~chi_40 b )
     4.70322026E-01    2    -1000024         6   # BR(~b_2 -> ~chi_1- t )
     3.31472328E-01    2    -1000037         6   # BR(~b_2 -> ~chi_2- t )
    -1.28426256E-05    2     1000006       -24   # BR(~b_2 -> ~t_1    W-)
#
#         PDG            Width
DECAY   1000002     1.21818214E+02   # sup_L decays
#          BR         NDA      ID1       ID2
     5.65845061E-04    2     1000022         2   # BR(~u_L -> ~chi_10 u)
     6.40517571E-04    2     1000023         2   # BR(~u_L -> ~chi_20 u)
     2.11155584E-02    2     1000025         2   # BR(~u_L -> ~chi_30 u)
     3.19160196E-01    2     1000035         2   # BR(~u_L -> ~chi_40 u)
     2.54727640E-02    2     1000024         1   # BR(~u_L -> ~chi_1+ d)
     6.33045119E-01    2     1000037         1   # BR(~u_L -> ~chi_2+ d)
#
#         PDG            Width
DECAY   2000002     2.38717601E+01   # sup_R decays
#          BR         NDA      ID1       ID2
     1.74397296E-01    2     1000022         2   # BR(~u_R -> ~chi_10 u)
     2.61339505E-03    2     1000023         2   # BR(~u_R -> ~chi_20 u)
     8.22684170E-01    2     1000025         2   # BR(~u_R -> ~chi_30 u)
     3.05138832E-04    2     1000035         2   # BR(~u_R -> ~chi_40 u)
#
#         PDG            Width
DECAY   1000001     1.21803386E+02   # sdown_L decays
#          BR         NDA      ID1       ID2
     1.35090523E-02    2     1000022         1   # BR(~d_L -> ~chi_10 d)
     1.34147690E-03    2     1000023         1   # BR(~d_L -> ~chi_20 d)
     3.07464500E-03    2     1000025         1   # BR(~d_L -> ~chi_30 d)
     3.23590685E-01    2     1000035         1   # BR(~d_L -> ~chi_40 d)
     5.43499004E-03    2    -1000024         2   # BR(~d_L -> ~chi_1- u)
     6.53049151E-01    2    -1000037         2   # BR(~d_L -> ~chi_2- u)
#
#         PDG            Width
DECAY   2000001     5.96798593E+00   # sdown_R decays
#          BR         NDA      ID1       ID2
     1.74397294E-01    2     1000022         1   # BR(~d_R -> ~chi_10 d)
     2.61339502E-03    2     1000023         1   # BR(~d_R -> ~chi_20 d)
     8.22684172E-01    2     1000025         1   # BR(~d_R -> ~chi_30 d)
     3.05138869E-04    2     1000035         1   # BR(~d_R -> ~chi_40 d)
#
#         PDG            Width
DECAY   1000004     1.21818214E+02   # scharm_L decays
#          BR         NDA      ID1       ID2
     5.65845061E-04    2     1000022         4   # BR(~c_L -> ~chi_10 c)
     6.40517571E-04    2     1000023         4   # BR(~c_L -> ~chi_20 c)
     2.11155584E-02    2     1000025         4   # BR(~c_L -> ~chi_30 c)
     3.19160196E-01    2     1000035         4   # BR(~c_L -> ~chi_40 c)
     2.54727640E-02    2     1000024         3   # BR(~c_L -> ~chi_1+ s)
     6.33045119E-01    2     1000037         3   # BR(~c_L -> ~chi_2+ s)
#
#         PDG            Width
DECAY   2000004     2.38717601E+01   # scharm_R decays
#          BR         NDA      ID1       ID2
     1.74397296E-01    2     1000022         4   # BR(~c_R -> ~chi_10 c)
     2.61339505E-03    2     1000023         4   # BR(~c_R -> ~chi_20 c)
     8.22684170E-01    2     1000025         4   # BR(~c_R -> ~chi_30 c)
     3.05138832E-04    2     1000035         4   # BR(~c_R -> ~chi_40 c)
#
#         PDG            Width
DECAY   1000003     1.21803386E+02   # sstrange_L decays
#          BR         NDA      ID1       ID2
     1.35090523E-02    2     1000022         3   # BR(~s_L -> ~chi_10 s)
     1.34147690E-03    2     1000023         3   # BR(~s_L -> ~chi_20 s)
     3.07464500E-03    2     1000025         3   # BR(~s_L -> ~chi_30 s)
     3.23590685E-01    2     1000035         3   # BR(~s_L -> ~chi_40 s)
     5.43499004E-03    2    -1000024         4   # BR(~s_L -> ~chi_1- c)
     6.53049151E-01    2    -1000037         4   # BR(~s_L -> ~chi_2- c)
#
#         PDG            Width
DECAY   2000003     5.96798593E+00   # sstrange_R decays
#          BR         NDA      ID1       ID2
     1.74397294E-01    2     1000022         3   # BR(~s_R -> ~chi_10 s)
     2.61339502E-03    2     1000023         3   # BR(~s_R -> ~chi_20 s)
     8.22684172E-01    2     1000025         3   # BR(~s_R -> ~chi_30 s)
     3.05138869E-04    2     1000035         3   # BR(~s_R -> ~chi_40 s)
#
#         PDG            Width
DECAY   1000011     1.33756964E+02   # selectron_L decays
#          BR         NDA      ID1       ID2
     4.29683692E-03    2     1000022        11   # BR(~e_L -> ~chi_10 e-)
     1.78544285E-04    2     1000023        11   # BR(~e_L -> ~chi_20 e-)
     1.09184768E-01    2     1000025        11   # BR(~e_L -> ~chi_30 e-)
     2.86708954E-01    2     1000035        11   # BR(~e_L -> ~chi_40 e-)
     4.95504657E-03    2    -1000024        12   # BR(~e_L -> ~chi_1- nu_e)
     5.94675851E-01    2    -1000037        12   # BR(~e_L -> ~chi_2- nu_e)
#
#         PDG            Width
DECAY   2000011     5.37676770E+01   # selectron_R decays
#          BR         NDA      ID1       ID2
     1.74428698E-01    2     1000022        11   # BR(~e_R -> ~chi_10 e-)
     2.61368908E-03    2     1000023        11   # BR(~e_R -> ~chi_20 e-)
     8.22652793E-01    2     1000025        11   # BR(~e_R -> ~chi_30 e-)
     3.04819332E-04    2     1000035        11   # BR(~e_R -> ~chi_40 e-)
#
#         PDG            Width
DECAY   1000013     1.33756964E+02   # smuon_L decays
#          BR         NDA      ID1       ID2
     4.29683692E-03    2     1000022        13   # BR(~mu_L -> ~chi_10 mu-)
     1.78544285E-04    2     1000023        13   # BR(~mu_L -> ~chi_20 mu-)
     1.09184768E-01    2     1000025        13   # BR(~mu_L -> ~chi_30 mu-)
     2.86708954E-01    2     1000035        13   # BR(~mu_L -> ~chi_40 mu-)
     4.95504657E-03    2    -1000024        14   # BR(~mu_L -> ~chi_1- nu_mu)
     5.94675851E-01    2    -1000037        14   # BR(~mu_L -> ~chi_2- nu_mu)
#
#         PDG            Width
DECAY   2000013     5.37676770E+01   # smuon_R decays
#          BR         NDA      ID1       ID2
     1.74428698E-01    2     1000022        13   # BR(~mu_R -> ~chi_10 mu-)
     2.61368908E-03    2     1000023        13   # BR(~mu_R -> ~chi_20 mu-)
     8.22652793E-01    2     1000025        13   # BR(~mu_R -> ~chi_30 mu-)
     3.04819332E-04    2     1000035        13   # BR(~mu_R -> ~chi_40 mu-)
#
#         PDG            Width
DECAY   1000015     9.65438589E+01   # stau_1 decays
#          BR         NDA      ID1       ID2
     8.15682291E-02    2     1000022        15   # BR(~tau_1 -> ~chi_10  tau-)
     5.01463039E-03    2     1000023        15   # BR(~tau_1 -> ~chi_20  tau-)
     2.95571762E-01    2     1000025        15   # BR(~tau_1 -> ~chi_30  tau-)
     1.92952145E-01    2     1000035        15   # BR(~tau_1 -> ~chi_40  tau-)
     2.44308874E-02    2    -1000024        16   # BR(~tau_1 -> ~chi_1-  nu_tau)
     4.00462346E-01    2    -1000037        16   # BR(~tau_1 -> ~chi_2-  nu_tau)
#
#         PDG            Width
DECAY   2000015     9.65564121E+01   # stau_2 decays
#          BR         NDA      ID1       ID2
     3.84152701E-02    2     1000022        15   # BR(~tau_2 -> ~chi_10  tau-)
     1.54500018E-02    2     1000023        15   # BR(~tau_2 -> ~chi_20  tau-)
     3.16500442E-01    2     1000025        15   # BR(~tau_2 -> ~chi_30  tau-)
     2.04571692E-01    2     1000035        15   # BR(~tau_2 -> ~chi_40  tau-)
     1.52745627E-03    2    -1000024        16   # BR(~tau_2 -> ~chi_1-  nu_tau)
     4.23535138E-01    2    -1000037        16   # BR(~tau_2 -> ~chi_2-  nu_tau)
#
#         PDG            Width
DECAY   1000012     1.33765350E+02   # snu_eL decays
#          BR         NDA      ID1       ID2
     3.96952237E-02    2     1000022        12   # BR(~nu_eL -> ~chi_10 nu_e)
     2.09523235E-03    2     1000023        12   # BR(~nu_eL -> ~chi_20 nu_e)
     5.98361949E-02    2     1000025        12   # BR(~nu_eL -> ~chi_30 nu_e)
     2.98658239E-01    2     1000035        12   # BR(~nu_eL -> ~chi_40 nu_e)
     2.32245950E-02    2     1000024        11   # BR(~nu_eL -> ~chi_1+ e-)
     5.76490515E-01    2     1000037        11   # BR(~nu_eL -> ~chi_2+ e-)
#
#         PDG            Width
DECAY   1000014     1.33765350E+02   # snu_muL decays
#          BR         NDA      ID1       ID2
     3.96952237E-02    2     1000022        14   # BR(~nu_muL -> ~chi_10 nu_mu)
     2.09523235E-03    2     1000023        14   # BR(~nu_muL -> ~chi_20 nu_mu)
     5.98361949E-02    2     1000025        14   # BR(~nu_muL -> ~chi_30 nu_mu)
     2.98658239E-01    2     1000035        14   # BR(~nu_muL -> ~chi_40 nu_mu)
     2.32245950E-02    2     1000024        13   # BR(~nu_muL -> ~chi_1+ mu-)
     5.76490515E-01    2     1000037        13   # BR(~nu_muL -> ~chi_2+ mu-)
#
#         PDG            Width
DECAY   1000016     1.35623842E+02   # snu_tauL decays
#          BR         NDA      ID1       ID2
     3.91512689E-02    2     1000022        16   # BR(~nu_tauL -> ~chi_10 nu_tau)
     2.06652079E-03    2     1000023        16   # BR(~nu_tauL -> ~chi_20 nu_tau)
     5.90162427E-02    2     1000025        16   # BR(~nu_tauL -> ~chi_30 nu_tau)
     2.94565641E-01    2     1000035        16   # BR(~nu_tauL -> ~chi_40 nu_tau)
     3.64977518E-02    2     1000024        15   # BR(~nu_tauL -> ~chi_1+ tau-)
     5.68702575E-01    2     1000037        15   # BR(~nu_tauL -> ~chi_2+ tau-)
#
#         PDG            Width
DECAY   1000024     1.76584190E-06   # chargino1+ decays
#           BR         NDA      ID1       ID2       ID3
     3.35079225E-01    3     1000022         2        -1   # BR(~chi_1+ -> ~chi_10 u    db)
     3.35079225E-01    3     1000022         4        -3   # BR(~chi_1+ -> ~chi_10 c    sb)
     1.11693277E-01    3     1000022       -11        12   # BR(~chi_1+ -> ~chi_10 e+   nu_e)
     1.11693277E-01    3     1000022       -13        14   # BR(~chi_1+ -> ~chi_10 mu+  nu_mu)
     1.06454996E-01    3     1000022       -15        16   # BR(~chi_1+ -> ~chi_10 tau+ nu_tau)
#
#         PDG            Width
DECAY   1000037     5.19902359E+00   # chargino2+ decays
#          BR         NDA      ID1       ID2
     2.56068931E-01    2     1000024        23   # BR(~chi_2+ -> ~chi_1+  Z )
     1.75337305E-01    2     1000022        24   # BR(~chi_2+ -> ~chi_10  W+)
     2.49413994E-01    2     1000023        24   # BR(~chi_2+ -> ~chi_20  W+)
     7.39127891E-02    2     1000025        24   # BR(~chi_2+ -> ~chi_30  W+)
     2.45266982E-01    2     1000024        25   # BR(~chi_2+ -> ~chi_1+  h )
#
#         PDG            Width
DECAY   1000022     0.00000000E+00   # neutralino1 decays
#
#         PDG            Width
DECAY   1000023     1.27245397E-05   # neutralino2 decays
#          BR         NDA      ID1       ID2
     1.78329501E-03    2     1000022        22   # BR(~chi_20 -> ~chi_10 gam)
#           BR         NDA      ID1       ID2       ID3
     1.18238809E-01    3     1000022        -2         2   # BR(~chi_20 -> ~chi_10 ub      u)
     1.53694793E-01    3     1000022        -1         1   # BR(~chi_20 -> ~chi_10 db      d)
     1.18238809E-01    3     1000022        -4         4   # BR(~chi_20 -> ~chi_10 cb      c)
     1.53694793E-01    3     1000022        -3         3   # BR(~chi_20 -> ~chi_10 sb      s)
     1.17725548E-01    3     1000022        -5         5   # BR(~chi_20 -> ~chi_10 bb      b)
     3.54563932E-02    3     1000022       -11        11   # BR(~chi_20 -> ~chi_10 e+      e-)
     3.54563932E-02    3     1000022       -13        13   # BR(~chi_20 -> ~chi_10 mu+     mu-)
     3.46102519E-02    3     1000022       -15        15   # BR(~chi_20 -> ~chi_10 tau+    tau-)
     7.09132400E-02    3     1000022       -12        12   # BR(~chi_20 -> ~chi_10 nu_eb   nu_e)
     7.09132400E-02    3     1000022       -14        14   # BR(~chi_20 -> ~chi_10 nu_mub  nu_mu)
     7.09132400E-02    3     1000022       -16        16   # BR(~chi_20 -> ~chi_10 nu_taub nu_tau)
     3.10803709E-03    3     1000024        -2         1   # BR(~chi_20 -> ~chi_1+ ub      d)
     3.10803709E-03    3    -1000024        -1         2   # BR(~chi_20 -> ~chi_1- db      u)
     3.10803709E-03    3     1000024        -4         3   # BR(~chi_20 -> ~chi_1+ cb      s)
     3.10803709E-03    3    -1000024        -3         4   # BR(~chi_20 -> ~chi_1- sb      c)
     1.03601315E-03    3     1000024       -12        11   # BR(~chi_20 -> ~chi_1+ nu_eb   e-)
     1.03601315E-03    3    -1000024        12       -11   # BR(~chi_20 -> ~chi_1- nu_e    e+)
     1.03601315E-03    3     1000024       -14        13   # BR(~chi_20 -> ~chi_1+ nu_mub  mu-)
     1.03601315E-03    3    -1000024        14       -13   # BR(~chi_20 -> ~chi_1- nu_mu   mu+)
     8.92497257E-04    3     1000024       -16        15   # BR(~chi_20 -> ~chi_1+ nu_taub tau-)
     8.92497257E-04    3    -1000024        16       -15   # BR(~chi_20 -> ~chi_1- nu_tau  tau+)
#
#         PDG            Width
DECAY   1000025     1.34606913E-03   # neutralino3 decays
#          BR         NDA      ID1       ID2
     6.39764361E-04    2     1000022        22   # BR(~chi_30 -> ~chi_10 gam)
     1.82475179E-05    2     1000023        22   # BR(~chi_30 -> ~chi_20 gam)
#           BR         NDA      ID1       ID2       ID3
     3.63252754E-03    3     1000022        -2         2   # BR(~chi_30 -> ~chi_10 ub      u)
     4.72288315E-03    3     1000022        -1         1   # BR(~chi_30 -> ~chi_10 db      d)
     3.63252754E-03    3     1000022        -4         4   # BR(~chi_30 -> ~chi_10 cb      c)
     4.72288315E-03    3     1000022        -3         3   # BR(~chi_30 -> ~chi_10 sb      s)
     4.64748648E-03    3     1000022        -5         5   # BR(~chi_30 -> ~chi_10 bb      b)
     1.09043974E-03    3     1000022       -11        11   # BR(~chi_30 -> ~chi_10 e+      e-)
     1.09043974E-03    3     1000022       -13        13   # BR(~chi_30 -> ~chi_10 mu+     mu-)
     1.08855567E-03    3     1000022       -15        15   # BR(~chi_30 -> ~chi_10 tau+    tau-)
     2.17843215E-03    3     1000022       -12        12   # BR(~chi_30 -> ~chi_10 nu_eb   nu_e)
     2.17843215E-03    3     1000022       -14        14   # BR(~chi_30 -> ~chi_10 nu_mub  nu_mu)
     2.17843215E-03    3     1000022       -16        16   # BR(~chi_30 -> ~chi_10 nu_taub nu_tau)
     1.23618863E-02    3     1000023        -2         2   # BR(~chi_30 -> ~chi_20 ub      u)
     1.60689128E-02    3     1000023        -1         1   # BR(~chi_30 -> ~chi_20 db      d)
     1.23618863E-02    3     1000023        -4         4   # BR(~chi_30 -> ~chi_20 cb      c)
     1.60689128E-02    3     1000023        -3         3   # BR(~chi_30 -> ~chi_20 sb      s)
     1.51150753E-02    3     1000023        -5         5   # BR(~chi_30 -> ~chi_20 bb      b)
     3.70703675E-03    3     1000023       -11        11   # BR(~chi_30 -> ~chi_20 e+      e-)
     3.70703675E-03    3     1000023       -13        13   # BR(~chi_30 -> ~chi_20 mu+     mu-)
     3.67927446E-03    3     1000023       -15        15   # BR(~chi_30 -> ~chi_20 tau+    tau-)
     7.41390410E-03    3     1000023       -12        12   # BR(~chi_30 -> ~chi_20 nu_eb   nu_e)
     7.41390410E-03    3     1000023       -14        14   # BR(~chi_30 -> ~chi_20 nu_mub  nu_mu)
     7.41390410E-03    3     1000023       -16        16   # BR(~chi_30 -> ~chi_20 nu_taub nu_tau)
     1.43855995E-01    3     1000024        -2         1   # BR(~chi_30 -> ~chi_1+ ub      d)
     1.43855995E-01    3    -1000024        -1         2   # BR(~chi_30 -> ~chi_1- db      u)
     1.43855995E-01    3     1000024        -4         3   # BR(~chi_30 -> ~chi_1+ cb      s)
     1.43855995E-01    3    -1000024        -3         4   # BR(~chi_30 -> ~chi_1- sb      c)
     4.79513144E-02    3     1000024       -12        11   # BR(~chi_30 -> ~chi_1+ nu_eb   e-)
     4.79513144E-02    3    -1000024        12       -11   # BR(~chi_30 -> ~chi_1- nu_e    e+)
     4.79513144E-02    3     1000024       -14        13   # BR(~chi_30 -> ~chi_1+ nu_mub  mu-)
     4.79513144E-02    3    -1000024        14       -13   # BR(~chi_30 -> ~chi_1- nu_mu   mu+)
     4.78189878E-02    3     1000024       -16        15   # BR(~chi_30 -> ~chi_1+ nu_taub tau-)
     4.78189878E-02    3    -1000024        16       -15   # BR(~chi_30 -> ~chi_1- nu_tau  tau+)
#
#         PDG            Width
DECAY   1000035     5.19620581E+00   # neutralino4 decays
#          BR         NDA      ID1       ID2
     2.35912878E-02    2     1000022        23   # BR(~chi_40 -> ~chi_10   Z )
     2.22518321E-01    2     1000023        23   # BR(~chi_40 -> ~chi_20   Z )
     6.87465305E-03    2     1000025        23   # BR(~chi_40 -> ~chi_30   Z )
     2.52684988E-01    2     1000024       -24   # BR(~chi_40 -> ~chi_1+   W-)
     2.52684988E-01    2    -1000024        24   # BR(~chi_40 -> ~chi_1-   W+)
     1.47834499E-01    2     1000022        25   # BR(~chi_40 -> ~chi_10   h )
     2.78036238E-02    2     1000023        25   # BR(~chi_40 -> ~chi_20   h )
     6.60076387E-02    2     1000025        25   # BR(~chi_40 -> ~chi_30   h )
#
#         PDG            Width
DECAY        25                NaN   # h decays
#          BR         NDA      ID1       ID2
                NaN    2           5        -5   # BR(h -> b       bb     )
                NaN    2         -15        15   # BR(h -> tau+    tau-   )
                NaN    2         -13        13   # BR(h -> mu+     mu-    )
                NaN    2           3        -3   # BR(h -> s       sb     )
                NaN    2           4        -4   # BR(h -> c       cb     )
                NaN    2           6        -6   # BR(h -> t       tb     )
                NaN    2          21        21   # BR(h -> g       g      )
                NaN    2          22        22   # BR(h -> gam     gam    )
                NaN    2          22        23   # BR(h -> Z       gam    )
                NaN    2          24       -24   # BR(h -> W+      W-     )
                NaN    2          23        23   # BR(h -> Z       Z      )
                NaN    2     1000024  -1000024   # BR(h -> ~chi_1+ ~chi_1-)
                NaN    2     1000037  -1000037   # BR(h -> ~chi_2+ ~chi_2-)
                NaN    2     1000024  -1000037   # BR(h -> ~chi_1+ ~chi_2-)
                NaN    2     1000037  -1000024   # BR(h -> ~chi_2+ ~chi_1-)
                NaN    2     1000022   1000022   # BR(h -> ~chi_10 ~chi_10)
                NaN    2     1000023   1000023   # BR(h -> ~chi_20 ~chi_20)
                NaN    2     1000025   1000025   # BR(h -> ~chi_30 ~chi_30)
                NaN    2     1000035   1000035   # BR(h -> ~chi_40 ~chi_40)
                NaN    2     1000022   1000023   # BR(h -> ~chi_10 ~chi_20)
                NaN    2     1000022   1000025   # BR(h -> ~chi_10 ~chi_30)
                NaN    2     1000022   1000035   # BR(h -> ~chi_10 ~chi_40)
                NaN    2     1000023   1000025   # BR(h -> ~chi_20 ~chi_30)
                NaN    2     1000023   1000035   # BR(h -> ~chi_20 ~chi_40)
                NaN    2     1000025   1000035   # BR(h -> ~chi_30 ~chi_40)
                NaN    2     1000002  -1000002   # BR(h -> ~u_L    ~u_L*  )
                NaN    2     2000002  -2000002   # BR(h -> ~u_R    ~u_R*  )
                NaN    2     1000004  -1000004   # BR(h -> ~c_L    ~c_L*  )
                NaN    2     2000004  -2000004   # BR(h -> ~c_R    ~c_R*  )
                NaN    2     1000006  -1000006   # BR(h -> ~t_1    ~t_1*  )
                NaN    2     2000006  -2000006   # BR(h -> ~t_2    ~t_2*  )
                NaN    2     1000006  -2000006   # BR(h -> ~t_1    ~t_2*  )
                NaN    2     2000006  -1000006   # BR(h -> ~t_2    ~t_1*  )
                NaN    2     1000001  -1000001   # BR(h -> ~d_L    ~d_L*  )
                NaN    2     2000001  -2000001   # BR(h -> ~d_R    ~d_R*  )
                NaN    2     1000003  -1000003   # BR(h -> ~s_L    ~s_L*  )
                NaN    2     2000003  -2000003   # BR(h -> ~s_R    ~s_R*  )
                NaN    2     1000005  -1000005   # BR(h -> ~b_1    ~b_1*  )
                NaN    2     2000005  -2000005   # BR(h -> ~b_2    ~b_2*  )
                NaN    2     1000005  -2000005   # BR(h -> ~b_1    ~b_2*  )
                NaN    2     2000005  -1000005   # BR(h -> ~b_2    ~b_1*  )
                NaN    2     1000011  -1000011   # BR(h -> ~e_L-   ~e_L+  )
                NaN    2     2000011  -2000011   # BR(h -> ~e_R-   ~e_R+  )
                NaN    2     1000013  -1000013   # BR(h -> ~mu_L-  ~mu_L+ )
                NaN    2     2000013  -2000013   # BR(h -> ~mu_R-  ~mu_R+ )
                NaN    2     1000015  -1000015   # BR(h -> ~tau_1- ~tau_1+)
                NaN    2     2000015  -2000015   # BR(h -> ~tau_2- ~tau_2+)
                NaN    2     1000015  -2000015   # BR(h -> ~tau_1- ~tau_2+)
                NaN    2     2000015  -1000015   # BR(h -> ~tau_2- ~tau_1+)
                NaN    2     1000012  -1000012   # BR(h -> ~nu_eL  ~nu_eL*   )
                NaN    2     1000014  -1000014   # BR(h -> ~nu_muL ~nu_muL*  )
                NaN    2     1000016  -1000016   # BR(h -> ~nu_tauL ~nu_tauL*)
#
#         PDG            Width
DECAY        35                NaN   # H decays
#          BR         NDA      ID1       ID2
                NaN    2           5        -5   # BR(H -> b       bb     )
                NaN    2         -15        15   # BR(H -> tau+    tau-   )
                NaN    2         -13        13   # BR(H -> mu+     mu-    )
                NaN    2           3        -3   # BR(H -> s       sb     )
                NaN    2           4        -4   # BR(H -> c       cb     )
                NaN    2           6        -6   # BR(H -> t       tb     )
                NaN    2          21        21   # BR(H -> g       g      )
                NaN    2          22        22   # BR(H -> gam     gam    )
                NaN    2          23        22   # BR(H -> Z       gam    )
                NaN    2          24       -24   # BR(H -> W+      W-     )
                NaN    2          23        23   # BR(H -> Z       Z      )
                NaN    2          25        25   # BR(H -> h       h      )
                NaN    2          36        36   # BR(H -> A       A      )
                NaN    2          23        36   # BR(H -> Z       A      )
                NaN    2          24       -37   # BR(H -> W+      H-     )
                NaN    2         -24        37   # BR(H -> W-      H+     )
                NaN    2     1000024  -1000024   # BR(H -> ~chi_1+ ~chi_1-)
                NaN    2     1000037  -1000037   # BR(H -> ~chi_2+ ~chi_2-)
                NaN    2     1000024  -1000037   # BR(H -> ~chi_1+ ~chi_2-)
                NaN    2     1000037  -1000024   # BR(H -> ~chi_2+ ~chi_1-)
                NaN    2     1000022   1000022   # BR(H -> ~chi_10 ~chi_10)
                NaN    2     1000023   1000023   # BR(H -> ~chi_20 ~chi_20)
                NaN    2     1000025   1000025   # BR(H -> ~chi_30 ~chi_30)
                NaN    2     1000035   1000035   # BR(H -> ~chi_40 ~chi_40)
                NaN    2     1000022   1000023   # BR(H -> ~chi_10 ~chi_20)
                NaN    2     1000022   1000025   # BR(H -> ~chi_10 ~chi_30)
                NaN    2     1000022   1000035   # BR(H -> ~chi_10 ~chi_40)
                NaN    2     1000023   1000025   # BR(H -> ~chi_20 ~chi_30)
                NaN    2     1000023   1000035   # BR(H -> ~chi_20 ~chi_40)
                NaN    2     1000025   1000035   # BR(H -> ~chi_30 ~chi_40)
                NaN    2     1000002  -1000002   # BR(H -> ~u_L    ~u_L*  )
                NaN    2     2000002  -2000002   # BR(H -> ~u_R    ~u_R*  )
                NaN    2     1000004  -1000004   # BR(H -> ~c_L    ~c_L*  )
                NaN    2     2000004  -2000004   # BR(H -> ~c_R    ~c_R*  )
                NaN    2     1000006  -1000006   # BR(H -> ~t_1    ~t_1*  )
                NaN    2     2000006  -2000006   # BR(H -> ~t_2    ~t_2*  )
                NaN    2     1000006  -2000006   # BR(H -> ~t_1    ~t_2*  )
                NaN    2     2000006  -1000006   # BR(H -> ~t_2    ~t_1*  )
                NaN    2     1000001  -1000001   # BR(H -> ~d_L    ~d_L*  )
                NaN    2     2000001  -2000001   # BR(H -> ~d_R    ~d_R*  )
                NaN    2     1000003  -1000003   # BR(H -> ~s_L    ~s_L*  )
                NaN    2     2000003  -2000003   # BR(H -> ~s_R    ~s_R*  )
                NaN    2     1000005  -1000005   # BR(H -> ~b_1    ~b_1*  )
                NaN    2     2000005  -2000005   # BR(H -> ~b_2    ~b_2*  )
                NaN    2     1000005  -2000005   # BR(H -> ~b_1    ~b_2*  )
                NaN    2     2000005  -1000005   # BR(H -> ~b_2    ~b_1*  )
                NaN    2     1000011  -1000011   # BR(H -> ~e_L-   ~e_L+  )
                NaN    2     2000011  -2000011   # BR(H -> ~e_R-   ~e_R+  )
                NaN    2     1000013  -1000013   # BR(H -> ~mu_L-  ~mu_L+ )
                NaN    2     2000013  -2000013   # BR(H -> ~mu_R-  ~mu_R+ )
                NaN    2     1000015  -1000015   # BR(H -> ~tau_1- ~tau_1+)
                NaN    2     2000015  -2000015   # BR(H -> ~tau_2- ~tau_2+)
                NaN    2     1000015  -2000015   # BR(H -> ~tau_1- ~tau_2+)
                NaN    2     2000015  -1000015   # BR(H -> ~tau_2- ~tau_1+)
                NaN    2     1000012  -1000012   # BR(H -> ~nu_eL  ~nu_eL*   )
                NaN    2     1000014  -1000014   # BR(H -> ~nu_muL ~nu_muL*  )
                NaN    2     1000016  -1000016   # BR(H -> ~nu_tauL ~nu_tauL*)
#
#         PDG            Width
DECAY        36     1.53172016E+02   # A decays
#          BR         NDA      ID1       ID2
     5.85471450E-02    2           5        -5   # BR(A -> b       bb     )
     1.19536366E-02    2         -15        15   # BR(A -> tau+    tau-   )
     4.22556037E-05    2         -13        13   # BR(A -> mu+     mu-    )
     4.46510421E-05    2           3        -3   # BR(A -> s       sb     )
     2.58501958E-07    2           4        -4   # BR(A -> c       cb     )
     2.58302957E-02    2           6        -6   # BR(A -> t       tb     )
     6.12415262E-06    2          21        21   # BR(A -> g       g      )
     9.09416281E-09    2          22        22   # BR(A -> gam     gam    )
     1.10711191E-08    2          23        22   # BR(A -> Z       gam    )
     1.44242899E-06    2          23        25   # BR(A -> Z       h      )
     2.29744403E-02    2     1000024  -1000024   # BR(A -> ~chi_1+ ~chi_1-)
     6.53215675E-03    2     1000037  -1000037   # BR(A -> ~chi_2+ ~chi_2-)
     2.60280791E-01    2     1000024  -1000037   # BR(A -> ~chi_1+ ~chi_2-)
     2.60280791E-01    2     1000037  -1000024   # BR(A -> ~chi_2+ ~chi_1-)
     3.43113640E-02    2     1000022   1000022   # BR(A -> ~chi_10 ~chi_10)
     1.39381708E-03    2     1000023   1000023   # BR(A -> ~chi_20 ~chi_20)
     7.98713000E-03    2     1000025   1000025   # BR(A -> ~chi_30 ~chi_30)
     3.39312479E-03    2     1000035   1000035   # BR(A -> ~chi_40 ~chi_40)
     6.58338853E-03    2     1000022   1000023   # BR(A -> ~chi_10 ~chi_20)
     1.01033106E-02    2     1000022   1000025   # BR(A -> ~chi_10 ~chi_30)
     1.32827570E-01    2     1000022   1000035   # BR(A -> ~chi_10 ~chi_40)
     2.08399008E-02    2     1000023   1000025   # BR(A -> ~chi_20 ~chi_30)
     1.06485206E-01    2     1000023   1000035   # BR(A -> ~chi_20 ~chi_40)
     2.95811794E-02    2     1000025   1000035   # BR(A -> ~chi_30 ~chi_40)
#
#         PDG            Width
DECAY        37     1.52999371E+02   # H+ decays
#          BR         NDA      ID1       ID2
     9.24058941E-05    2           4        -5   # BR(H+ -> c       bb     )
     1.19680443E-02    2         -15        16   # BR(H+ -> tau+    nu_tau )
     4.23065344E-05    2         -13        14   # BR(H+ -> mu+     nu_mu  )
     5.91395111E-07    2           2        -5   # BR(H+ -> u       bb     )
     2.14482187E-06    2           2        -3   # BR(H+ -> u       sb     )
     4.43622857E-05    2           4        -3   # BR(H+ -> c       sb     )
     8.32748683E-02    2           6        -5   # BR(H+ -> t       bb     )
     1.44446923E-06    2          24        25   # BR(H+ -> W+      h      )
     2.29947230E-15    2          24        36   # BR(H+ -> W+      A      )
     9.62571337E-03    2     1000024   1000022   # BR(H+ -> ~chi_1+ ~chi_10)
     3.77293200E-03    2     1000024   1000023   # BR(H+ -> ~chi_1+ ~chi_20)
     7.62006273E-02    2     1000024   1000025   # BR(H+ -> ~chi_1+ ~chi_30)
     2.66078671E-01    2     1000024   1000035   # BR(H+ -> ~chi_1+ ~chi_40)
     2.34371705E-01    2     1000037   1000022   # BR(H+ -> ~chi_2+ ~chi_10)
     2.64896572E-01    2     1000037   1000023   # BR(H+ -> ~chi_2+ ~chi_20)
     4.96264640E-02    2     1000037   1000025   # BR(H+ -> ~chi_2+ ~chi_30)
     1.14696233E-06    2     1000037   1000035   # BR(H+ -> ~chi_2+ ~chi_40)

