#
#                              ======================
#                              | THE SUSYHIT OUTPUT |
#                              ======================
#
#
#              ------------------------------------------------------
#              |     This is the output of the SUSY-HIT package     |
#              |  created by A.Djouadi, M.Muehlleitner and M.Spira. |
#              |  In case of problems with SUSY-HIT email to        |
#              |           margarete.muehlleitner@kit.edu           |
#              |           michael.spira@psi.ch                     |
#              |           abdelhak.djouadi@cern.ch                 |
#              ------------------------------------------------------
#
#              ------------------------------------------------------
#              |  SUSY Les Houches Accord - MSSM Spectrum + Decays  |
#              |              based on the decay programs           |
#              |                                                    |
#              |                     SDECAY 1.5                     |
#              |                                                    |
#              |  Authors: M.Muhlleitner, A.Djouadi and Y.Mambrini  |
#              |  Ref.:    Comput.Phys.Commun.168(2005)46           |
#              |           [hep-ph/0311167]                         |
#              |                                                    |
#              |                     HDECAY 3.4                     |
#              |                                                    |
#              |  By: A.Djouadi,J.Kalinowski,M.Muhlleitner,M.Spira  |
#              |  Ref.:    Comput.Phys.Commun.108(1998)56           |
#              |           [hep-ph/9704448]                         |
#              |                                                    |
#              |                                                    |
#              |  If not stated otherwise all DRbar couplings and   |
#              |  soft SUSY breaking masses are given at the scale  |
#              |  Q=  0.10000822E+05
#              |                                                    |
#              ------------------------------------------------------
#
#
BLOCK DCINFO  # Decay Program information
     1   SDECAY/HDECAY # decay calculator
     2   1.5  /3.4    # version number
#
BLOCK SPINFO  # Spectrum calculator information
     1   SuSpect     # RGE +Spectrum calculator            
     2   2.43         # version number                     
#
BLOCK MODSEL  # Model selection
     1     0   # #general MSSM low scale                           
#
BLOCK SMINPUTS  # Standard Model inputs
         1     1.27934000E+02   # alpha_em^-1(M_Z)^MSbar
         2     1.16639000E-05   # G_F [GeV^-2]
         3     1.17200000E-01   # alpha_S(M_Z)^MSbar
         4     9.11870000E+01   # M_Z pole mass
         5     4.25000000E+00   # mb(mb)^MSbar
         6     1.72500000E+02   # mt pole mass
         7     1.77710000E+00   # mtau pole mass
#
BLOCK MINPAR  # Input parameters - minimal models
         1     1.00000000E+02   # 2                   
         3     1.00000000E+01   # tanbeta(mZ)         
         4     1.00000000E+00   # sign(mu)            
#
BLOCK EXTPAR  # Input parameters - non-minimal models
         0     1.00008215E+04   # EWSB                
         1     4.00000000E+02   # M_1                 
         2     8.00000000E+02   # M_2                 
         3     1.00000000E+04   # M_3                 
        11    -1.00000000E+02   # A_t                 
        12    -1.00000000E+02   # A_b                 
        13    -2.51737263E+02   # A_tau               
        14    -6.77437438E+02   # A_u                 
        15    -8.59633345E+02   # A_d                 
        16    -2.53493493E+02   # A_e                 
        23     1.60000000E+02   # mu(EWSB)            
        25     1.00000000E+01   # tanbeta(in)         
        26     1.00000000E+04   # MA_pole             
        31     1.00000000E+04   # M_eL                
        32     1.00000000E+04   # M_muL               
        33     1.00000000E+04   # M_tauL              
        34     1.00000000E+04   # M_eR                
        35     1.00000000E+04   # M_muR               
        36     1.00000000E+04   # M_tauR              
        41     1.00000000E+04   # M_q1L               
        42     1.00000000E+04   # M_q2L               
        43     1.00000000E+04   # M_q3L               
        44     1.00000000E+04   # M_uR                
        45     1.00000000E+04   # M_cR                
        46     1.00000000E+04   # M_tR                
        47     1.00000000E+04   # M_dR                
        48     1.00000000E+04   # M_sR                
        49     1.00000000E+04   # M_bR                
#
BLOCK MASS  # Mass Spectrum
# PDG code           mass       particle
        24     8.04838814E+01   # W+
        25     1.26597527E+02   # h
        35     1.00000509E+04   # H
        36     1.00000000E+04   # A
        37     1.00007687E+04   # H+
         5     4.87884274E+00   # b-quark pole mass calculated from mb(mb)_Msbar
   1000001     1.03038430E+04   # ~d_L
   2000001     1.03037183E+04   # ~d_R
   1000002     1.03035624E+04   # ~u_L
   2000002     1.03036248E+04   # ~u_R
   1000003     1.03038430E+04   # ~s_L
   2000003     1.03037183E+04   # ~s_R
   1000004     1.03035624E+04   # ~c_L
   2000004     1.03036248E+04   # ~c_R
   1000005     1.03035924E+04   # ~b_1
   2000005     1.03039695E+04   # ~b_2
   1000006     1.01864785E+04   # ~t_1
   2000006     1.03061977E+04   # ~t_2
   1000011     1.00000964E+04   # ~e_L
   2000011     1.00000963E+04   # ~e_R
   1000012     9.99980725E+03   # ~nu_eL
   1000013     1.00000964E+04   # ~mu_L
   2000013     1.00000963E+04   # ~mu_R
   1000014     9.99980725E+03   # ~nu_muL
   1000015     9.99994342E+03   # ~tau_1
   2000015     1.00002496E+04   # ~tau_2
   1000016     9.99980725E+03   # ~nu_tauL
   1000021     1.05489487E+04   # ~g
   1000022     1.56934500E+02   # ~chi_10
   1000023    -1.70453647E+02   # ~chi_20
   1000025     4.02559288E+02   # ~chi_30
   1000035     8.73247515E+02   # ~chi_40
   1000024     1.63939557E+02   # ~chi_1+
   1000037     8.73237321E+02   # ~chi_2+
#
BLOCK NMIX  # Neutralino Mixing Matrix
  1  1     1.39471925E-01   # N_11
  1  2    -8.16114554E-02   # N_12
  1  3     7.14717626E-01   # N_13
  1  4    -6.80489433E-01   # N_14
  2  1     4.99124770E-02   # N_21
  2  2    -4.72963623E-02   # N_22
  2  3    -6.95819974E-01   # N_23
  2  4    -7.14917032E-01   # N_24
  3  1     9.88927655E-01   # N_31
  3  2     2.28094831E-02   # N_32
  3  3    -6.54380469E-02   # N_33
  3  4     1.31223791E-01   # N_34
  4  1     8.85554108E-03   # N_41
  4  2    -9.95280037E-01   # N_42
  4  3    -2.70396261E-02   # N_43
  4  4     9.27797719E-02   # N_44
#
BLOCK UMIX  # Chargino Mixing Matrix U
  1  1    -3.80898530E-02   # U_11
  1  2     9.99274318E-01   # U_12
  2  1     9.99274318E-01   # U_21
  2  2     3.80898530E-02   # U_22
#
BLOCK VMIX  # Chargino Mixing Matrix V
  1  1    -1.31044919E-01   # V_11
  1  2     9.91376432E-01   # V_12
  2  1     9.91376432E-01   # V_21
  2  2     1.31044919E-01   # V_22
#
BLOCK STOPMIX  # Stop Mixing Matrix
  1  1     3.84578742E-02   # cos(theta_t)
  1  2     9.99260222E-01   # sin(theta_t)
  2  1    -9.99260222E-01   # -sin(theta_t)
  2  2     3.84578742E-02   # cos(theta_t)
#
BLOCK SBOTMIX  # Sbottom Mixing Matrix
  1  1     5.78468268E-01   # cos(theta_b)
  1  2     8.15704887E-01   # sin(theta_b)
  2  1    -8.15704887E-01   # -sin(theta_b)
  2  2     5.78468268E-01   # cos(theta_b)
#
BLOCK STAUMIX  # Stau Mixing Matrix
  1  1     7.07029234E-01   # cos(theta_tau)
  1  2     7.07184320E-01   # sin(theta_tau)
  2  1    -7.07184320E-01   # -sin(theta_tau)
  2  2     7.07029234E-01   # cos(theta_tau)
#
BLOCK ALPHA  # Higgs mixing
          -1.06014194E-01   # Mixing angle in the neutral Higgs boson sector
#
BLOCK HMIX Q=  1.00008215E+04  # DRbar Higgs Parameters
         1     1.60000000E+02   # mu(Q)               
         2     9.39963816E+00   # tanbeta(Q)          
         3     2.41265989E+02   # vev(Q)              
         4     9.93194182E+07   # MA^2(Q)             
#
BLOCK GAUGE Q=  1.00008215E+04  # The gauge couplings
     1     3.68016008E-01   # gprime(Q) DRbar
     2     6.37570526E-01   # g(Q) DRbar
     3     9.55384807E-01   # g3(Q) DRbar
#
BLOCK AU Q=  1.00008215E+04  # The trilinear couplings
  1  1    -6.77437438E+02   # A_u(Q) DRbar
  2  2    -6.77437438E+02   # A_c(Q) DRbar
  3  3    -1.00000000E+02   # A_t(Q) DRbar
#
BLOCK AD Q=  1.00008215E+04  # The trilinear couplings
  1  1    -8.59633345E+02   # A_d(Q) DRbar
  2  2    -8.59633345E+02   # A_s(Q) DRbar
  3  3    -1.00000000E+02   # A_b(Q) DRbar
#
BLOCK AE Q=  1.00008215E+04  # The trilinear couplings
  1  1    -2.53493493E+02   # A_e(Q) DRbar
  2  2    -2.53493493E+02   # A_mu(Q) DRbar
  3  3    -2.51737263E+02   # A_tau(Q) DRbar
#
BLOCK Yu Q=  1.00008215E+04  # The Yukawa couplings
  1  1     0.00000000E+00   # y_u(Q) DRbar
  2  2     0.00000000E+00   # y_c(Q) DRbar
  3  3     7.98702358E-01   # y_t(Q) DRbar
#
BLOCK Yd Q=  1.00008215E+04  # The Yukawa couplings
  1  1     0.00000000E+00   # y_d(Q) DRbar
  2  2     0.00000000E+00   # y_s(Q) DRbar
  3  3     1.26677510E-01   # y_b(Q) DRbar
#
BLOCK Ye Q=  1.00008215E+04  # The Yukawa couplings
  1  1     0.00000000E+00   # y_e(Q) DRbar
  2  2     0.00000000E+00   # y_mu(Q) DRbar
  3  3     9.66383613E-02   # y_tau(Q) DRbar
#
BLOCK MSOFT Q=  1.00008215E+04  # The soft SUSY breaking masses at the scale Q
         1     4.00000000E+02   # M_1                 
         2     8.00000000E+02   # M_2                 
         3     1.00000000E+04   # M_3                 
        14    -6.77437438E+02   # A_u                 
        15    -8.59633345E+02   # A_d                 
        16    -2.53493493E+02   # A_e                 
        21     9.86449517E+07   # M^2_Hd              
        22     3.56847273E+06   # M^2_Hu              
        31     1.00000000E+04   # M_eL                
        32     1.00000000E+04   # M_muL               
        33     1.00000000E+04   # M_tauL              
        34     1.00000000E+04   # M_eR                
        35     1.00000000E+04   # M_muR               
        36     1.00000000E+04   # M_tauR              
        41     1.00000000E+04   # M_q1L               
        42     1.00000000E+04   # M_q2L               
        43     1.00000000E+04   # M_q3L               
        44     1.00000000E+04   # M_uR                
        45     1.00000000E+04   # M_cR                
        46     1.00000000E+04   # M_tR                
        47     1.00000000E+04   # M_dR                
        48     1.00000000E+04   # M_sR                
        49     1.00000000E+04   # M_bR                
#
#
#
#                             =================
#                             |The decay table|
#                             =================
#
# - The QCD corrections to the decays gluino -> squark  + quark
#                                     squark -> gaugino + quark_prime
#                                     squark -> squark_prime + Higgs
#                                     squark -> gluino  + quark
#   are included.
#
# - The multi-body decays for the inos, stops and sbottoms are included.
#
# - The loop induced decays for the gluino, neutralinos and stops
#   are included.
#
# - The SUSY decays of the top quark are included.
#
#
#         PDG            Width
DECAY         6     1.40734461E+00   # top decays
#          BR         NDA      ID1       ID2
     1.00000000E+00    2           5        24   # BR(t ->  b    W+)
#
#         PDG            Width
DECAY   1000021     5.02677895E+00   # gluino decays
#          BR         NDA      ID1       ID2
     3.98786958E-02    2     1000001        -1   # BR(~g -> ~d_L  db)
     3.98786958E-02    2    -1000001         1   # BR(~g -> ~d_L* d )
     3.99188060E-02    2     2000001        -1   # BR(~g -> ~d_R  db)
     3.99188060E-02    2    -2000001         1   # BR(~g -> ~d_R* d )
     3.99689796E-02    2     1000002        -2   # BR(~g -> ~u_L  ub)
     3.99689796E-02    2    -1000002         2   # BR(~g -> ~u_L* u )
     3.99488936E-02    2     2000002        -2   # BR(~g -> ~u_R  ub)
     3.99488936E-02    2    -2000002         2   # BR(~g -> ~u_R* u )
     3.98786958E-02    2     1000003        -3   # BR(~g -> ~s_L  sb)
     3.98786958E-02    2    -1000003         3   # BR(~g -> ~s_L* s )
     3.99188060E-02    2     2000003        -3   # BR(~g -> ~s_R  sb)
     3.99188060E-02    2    -2000003         3   # BR(~g -> ~s_R* s )
     3.99689796E-02    2     1000004        -4   # BR(~g -> ~c_L  cb)
     3.99689796E-02    2    -1000004         4   # BR(~g -> ~c_L* c )
     3.99488936E-02    2     2000004        -4   # BR(~g -> ~c_R  cb)
     3.99488936E-02    2    -2000004         4   # BR(~g -> ~c_R* c )
     3.92747712E-02    2     1000005        -5   # BR(~g -> ~b_1  bb)
     3.92747712E-02    2    -1000005         5   # BR(~g -> ~b_1* b )
     4.05126071E-02    2     2000005        -5   # BR(~g -> ~b_2  bb)
     4.05126071E-02    2    -2000005         5   # BR(~g -> ~b_2* b )
     6.99033019E-02    2     1000006        -6   # BR(~g -> ~t_1  tb)
     6.99033019E-02    2    -1000006         6   # BR(~g -> ~t_1* t )
     3.08785697E-02    2     2000006        -6   # BR(~g -> ~t_2  tb)
     3.08785697E-02    2    -2000006         6   # BR(~g -> ~t_2* t )
#
#         PDG            Width
DECAY   1000006     2.76189516E+02   # stop1 decays
#          BR         NDA      ID1       ID2
     2.17851625E-01    2     1000022         6   # BR(~t_1 -> ~chi_10 t )
     2.36173875E-01    2     1000023         6   # BR(~t_1 -> ~chi_20 t )
     8.82965521E-02    2     1000025         6   # BR(~t_1 -> ~chi_30 t )
     8.65610533E-04    2     1000035         6   # BR(~t_1 -> ~chi_40 t )
     4.55077727E-01    2     1000024         5   # BR(~t_1 -> ~chi_1+ b )
     1.73460987E-03    2     1000037         5   # BR(~t_1 -> ~chi_2+ b )
#
#         PDG            Width
DECAY   2000006     2.52076860E+02   # stop2 decays
#          BR         NDA      ID1       ID2
     2.30118162E-01    2     1000022         6   # BR(~t_2 -> ~chi_10 t )
     2.56655888E-01    2     1000023         6   # BR(~t_2 -> ~chi_20 t )
     1.95478306E-02    2     1000025         6   # BR(~t_2 -> ~chi_30 t )
     1.63871325E-01    2     1000035         6   # BR(~t_2 -> ~chi_40 t )
     1.22028966E-02    2     1000024         5   # BR(~t_2 -> ~chi_1+ b )
     3.17605191E-01    2     1000037         5   # BR(~t_2 -> ~chi_2+ b )
    -1.29184507E-06    2     1000006        23   # BR(~t_2 -> ~t_1    Z )
#
#         PDG            Width
DECAY   1000005     1.19842158E+02   # sbottom1 decays
#          BR         NDA      ID1       ID2
     2.72670786E-02    2     1000022         5   # BR(~b_1 -> ~chi_10 b )
     8.38144843E-03    2     1000023         5   # BR(~b_1 -> ~chi_20 b )
     2.76741170E-02    2     1000025         5   # BR(~b_1 -> ~chi_30 b )
     1.45847266E-01    2     1000035         5   # BR(~b_1 -> ~chi_40 b )
     4.89564548E-01    2    -1000024         6   # BR(~b_1 -> ~chi_1- t )
     3.01273622E-01    2    -1000037         6   # BR(~b_1 -> ~chi_2- t )
    -8.08051798E-06    2     1000006       -24   # BR(~b_1 -> ~t_1    W-)
#
#         PDG            Width
DECAY   2000005     1.44433280E+02   # sbottom2 decays
#          BR         NDA      ID1       ID2
     4.17887296E-03    2     1000022         5   # BR(~b_2 -> ~chi_10 b )
     1.55789721E-02    2     1000023         5   # BR(~b_2 -> ~chi_20 b )
     2.54288959E-02    2     1000025         5   # BR(~b_2 -> ~chi_30 b )
     1.53265913E-01    2     1000035         5   # BR(~b_2 -> ~chi_40 b )
     4.85290230E-01    2    -1000024         6   # BR(~b_2 -> ~chi_1- t )
     3.16270747E-01    2    -1000037         6   # BR(~b_2 -> ~chi_2- t )
    -1.36309206E-05    2     1000006       -24   # BR(~b_2 -> ~t_1    W-)
#
#         PDG            Width
DECAY   1000002     1.21062517E+02   # sup_L decays
#          BR         NDA      ID1       ID2
     1.00027500E-03    2     1000022         2   # BR(~u_L -> ~chi_10 u)
     4.73618444E-04    2     1000023         2   # BR(~u_L -> ~chi_20 u)
     1.51045309E-02    2     1000025         2   # BR(~u_L -> ~chi_30 u)
     3.24948753E-01    2     1000035         2   # BR(~u_L -> ~chi_40 u)
     1.14496346E-02    2     1000024         1   # BR(~u_L -> ~chi_1+ d)
     6.47023188E-01    2     1000037         1   # BR(~u_L -> ~chi_2+ d)
#
#         PDG            Width
DECAY   2000002     2.38555784E+01   # sup_R decays
#          BR         NDA      ID1       ID2
     1.94932356E-02    2     1000022         2   # BR(~u_R -> ~chi_10 u)
     2.49633805E-03    2     1000023         2   # BR(~u_R -> ~chi_20 u)
     9.77932834E-01    2     1000025         2   # BR(~u_R -> ~chi_30 u)
     7.75924051E-05    2     1000035         2   # BR(~u_R -> ~chi_40 u)
#
#         PDG            Width
DECAY   1000001     1.21047442E+02   # sdown_L decays
#          BR         NDA      ID1       ID2
     3.92129895E-03    2     1000022         1   # BR(~d_L -> ~chi_10 d)
     1.07942928E-03    2     1000023         1   # BR(~d_L -> ~chi_20 d)
     9.33079280E-03    2     1000025         1   # BR(~d_L -> ~chi_30 d)
     3.27230098E-01    2     1000035         1   # BR(~d_L -> ~chi_40 d)
     9.67462071E-04    2    -1000024         2   # BR(~d_L -> ~chi_1- u)
     6.57470919E-01    2    -1000037         2   # BR(~d_L -> ~chi_2- u)
#
#         PDG            Width
DECAY   2000001     5.96394070E+00   # sdown_R decays
#          BR         NDA      ID1       ID2
     1.94932347E-02    2     1000022         1   # BR(~d_R -> ~chi_10 d)
     2.49633794E-03    2     1000023         1   # BR(~d_R -> ~chi_20 d)
     9.77932835E-01    2     1000025         1   # BR(~d_R -> ~chi_30 d)
     7.75924213E-05    2     1000035         1   # BR(~d_R -> ~chi_40 d)
#
#         PDG            Width
DECAY   1000004     1.21062517E+02   # scharm_L decays
#          BR         NDA      ID1       ID2
     1.00027500E-03    2     1000022         4   # BR(~c_L -> ~chi_10 c)
     4.73618444E-04    2     1000023         4   # BR(~c_L -> ~chi_20 c)
     1.51045309E-02    2     1000025         4   # BR(~c_L -> ~chi_30 c)
     3.24948753E-01    2     1000035         4   # BR(~c_L -> ~chi_40 c)
     1.14496346E-02    2     1000024         3   # BR(~c_L -> ~chi_1+ s)
     6.47023188E-01    2     1000037         3   # BR(~c_L -> ~chi_2+ s)
#
#         PDG            Width
DECAY   2000004     2.38555784E+01   # scharm_R decays
#          BR         NDA      ID1       ID2
     1.94932356E-02    2     1000022         4   # BR(~c_R -> ~chi_10 c)
     2.49633805E-03    2     1000023         4   # BR(~c_R -> ~chi_20 c)
     9.77932834E-01    2     1000025         4   # BR(~c_R -> ~chi_30 c)
     7.75924051E-05    2     1000035         4   # BR(~c_R -> ~chi_40 c)
#
#         PDG            Width
DECAY   1000003     1.21047442E+02   # sstrange_L decays
#          BR         NDA      ID1       ID2
     3.92129895E-03    2     1000022         3   # BR(~s_L -> ~chi_10 s)
     1.07942928E-03    2     1000023         3   # BR(~s_L -> ~chi_20 s)
     9.33079280E-03    2     1000025         3   # BR(~s_L -> ~chi_30 s)
     3.27230098E-01    2     1000035         3   # BR(~s_L -> ~chi_40 s)
     9.67462071E-04    2    -1000024         4   # BR(~s_L -> ~chi_1- c)
     6.57470919E-01    2    -1000037         4   # BR(~s_L -> ~chi_2- c)
#
#         PDG            Width
DECAY   2000003     5.96394070E+00   # sstrange_R decays
#          BR         NDA      ID1       ID2
     1.94932347E-02    2     1000022         3   # BR(~s_R -> ~chi_10 s)
     2.49633794E-03    2     1000023         3   # BR(~s_R -> ~chi_20 s)
     9.77932835E-01    2     1000025         3   # BR(~s_R -> ~chi_30 s)
     7.75924213E-05    2     1000035         3   # BR(~s_R -> ~chi_40 s)
#
#         PDG            Width
DECAY   1000011     1.32902753E+02   # selectron_L decays
#          BR         NDA      ID1       ID2
     3.71987762E-07    2     1000022        11   # BR(~e_L -> ~chi_10 e-)
     1.03911547E-04    2     1000023        11   # BR(~e_L -> ~chi_20 e-)
     1.06870144E-01    2     1000025        11   # BR(~e_L -> ~chi_30 e-)
     2.93762420E-01    2     1000035        11   # BR(~e_L -> ~chi_40 e-)
     8.82352138E-04    2    -1000024        12   # BR(~e_L -> ~chi_1- nu_e)
     5.98380800E-01    2    -1000037        12   # BR(~e_L -> ~chi_2- nu_e)
#
#         PDG            Width
DECAY   2000011     5.37173764E+01   # selectron_R decays
#          BR         NDA      ID1       ID2
     1.95048492E-02    2     1000022        11   # BR(~e_R -> ~chi_10 e-)
     2.49774903E-03    2     1000023        11   # BR(~e_R -> ~chi_20 e-)
     9.77919926E-01    2     1000025        11   # BR(~e_R -> ~chi_30 e-)
     7.74754979E-05    2     1000035        11   # BR(~e_R -> ~chi_40 e-)
#
#         PDG            Width
DECAY   1000013     1.32902753E+02   # smuon_L decays
#          BR         NDA      ID1       ID2
     3.71987762E-07    2     1000022        13   # BR(~mu_L -> ~chi_10 mu-)
     1.03911547E-04    2     1000023        13   # BR(~mu_L -> ~chi_20 mu-)
     1.06870144E-01    2     1000025        13   # BR(~mu_L -> ~chi_30 mu-)
     2.93762420E-01    2     1000035        13   # BR(~mu_L -> ~chi_40 mu-)
     8.82352138E-04    2    -1000024        14   # BR(~mu_L -> ~chi_1- nu_mu)
     5.98380800E-01    2    -1000037        14   # BR(~mu_L -> ~chi_2- nu_mu)
#
#         PDG            Width
DECAY   2000013     5.37173764E+01   # smuon_R decays
#          BR         NDA      ID1       ID2
     1.95048492E-02    2     1000022        13   # BR(~mu_R -> ~chi_10 mu-)
     2.49774903E-03    2     1000023        13   # BR(~mu_R -> ~chi_20 mu-)
     9.77919926E-01    2     1000025        13   # BR(~mu_R -> ~chi_30 mu-)
     7.74754979E-05    2     1000035        13   # BR(~mu_R -> ~chi_40 mu-)
#
#         PDG            Width
DECAY   1000015     9.60970065E+01   # stau_1 decays
#          BR         NDA      ID1       ID2
     2.57695244E-02    2     1000022        15   # BR(~tau_1 -> ~chi_10  tau-)
     5.35181518E-03    2     1000023        15   # BR(~tau_1 -> ~chi_20  tau-)
     3.44126340E-01    2     1000025        15   # BR(~tau_1 -> ~chi_30  tau-)
     2.00722658E-01    2     1000035        15   # BR(~tau_1 -> ~chi_40  tau-)
     1.51121978E-02    2    -1000024        16   # BR(~tau_1 -> ~chi_1-  nu_tau)
     4.08917464E-01    2    -1000037        16   # BR(~tau_1 -> ~chi_2-  nu_tau)
#
#         PDG            Width
DECAY   2000015     9.60938569E+01   # stau_2 decays
#          BR         NDA      ID1       ID2
     4.87654428E-03    2     1000022        15   # BR(~tau_2 -> ~chi_10  tau-)
     1.48996030E-02    2     1000023        15   # BR(~tau_2 -> ~chi_20  tau-)
     3.50501009E-01    2     1000025        15   # BR(~tau_2 -> ~chi_30  tau-)
     2.05630676E-01    2     1000035        15   # BR(~tau_2 -> ~chi_40  tau-)
     5.40378608E-03    2    -1000024        16   # BR(~tau_2 -> ~chi_1-  nu_tau)
     4.18688382E-01    2    -1000037        16   # BR(~tau_2 -> ~chi_2-  nu_tau)
#
#         PDG            Width
DECAY   1000012     1.32911102E+02   # snu_eL decays
#          BR         NDA      ID1       ID2
     7.99152440E-03    2     1000022        12   # BR(~nu_eL -> ~chi_10 nu_e)
     1.76108286E-03    2     1000023        12   # BR(~nu_eL -> ~chi_20 nu_e)
     9.10676114E-02    2     1000025        12   # BR(~nu_eL -> ~chi_30 nu_e)
     2.99831937E-01    2     1000035        12   # BR(~nu_eL -> ~chi_40 nu_e)
     1.04429661E-02    2     1000024        11   # BR(~nu_eL -> ~chi_1+ e-)
     5.88904878E-01    2     1000037        11   # BR(~nu_eL -> ~chi_2+ e-)
#
#         PDG            Width
DECAY   1000014     1.32911102E+02   # snu_muL decays
#          BR         NDA      ID1       ID2
     7.99152440E-03    2     1000022        14   # BR(~nu_muL -> ~chi_10 nu_mu)
     1.76108286E-03    2     1000023        14   # BR(~nu_muL -> ~chi_20 nu_mu)
     9.10676114E-02    2     1000025        14   # BR(~nu_muL -> ~chi_30 nu_mu)
     2.99831937E-01    2     1000035        14   # BR(~nu_muL -> ~chi_40 nu_mu)
     1.04429661E-02    2     1000024        13   # BR(~nu_muL -> ~chi_1+ mu-)
     5.88904878E-01    2     1000037        13   # BR(~nu_muL -> ~chi_2+ mu-)
#
#         PDG            Width
DECAY   1000016     1.34767962E+02   # snu_tauL decays
#          BR         NDA      ID1       ID2
     7.88141556E-03    2     1000022        16   # BR(~nu_tauL -> ~chi_10 nu_tau)
     1.73681830E-03    2     1000023        16   # BR(~nu_tauL -> ~chi_20 nu_tau)
     8.98128633E-02    2     1000025        16   # BR(~nu_tauL -> ~chi_30 nu_tau)
     2.95700792E-01    2     1000035        16   # BR(~nu_tauL -> ~chi_40 nu_tau)
     2.40574122E-02    2     1000024        15   # BR(~nu_tauL -> ~chi_1+ tau-)
     5.80810698E-01    2     1000037        15   # BR(~nu_tauL -> ~chi_2+ tau-)
#
#         PDG            Width
DECAY   1000024     1.82233245E-08   # chargino1+ decays
#           BR         NDA      ID1       ID2       ID3
     3.43462186E-01    3     1000022         2        -1   # BR(~chi_1+ -> ~chi_10 u    db)
     3.43462186E-01    3     1000022         4        -3   # BR(~chi_1+ -> ~chi_10 c    sb)
     1.14487466E-01    3     1000022       -11        12   # BR(~chi_1+ -> ~chi_10 e+   nu_e)
     1.14487466E-01    3     1000022       -13        14   # BR(~chi_1+ -> ~chi_10 mu+  nu_mu)
     8.41006954E-02    3     1000022       -15        16   # BR(~chi_1+ -> ~chi_10 tau+ nu_tau)
#
#         PDG            Width
DECAY   1000037     6.95964737E+00   # chargino2+ decays
#          BR         NDA      ID1       ID2
     2.53288748E-01    2     1000024        23   # BR(~chi_2+ -> ~chi_1+  Z )
     2.26103969E-01    2     1000022        24   # BR(~chi_2+ -> ~chi_10  W+)
     2.49967330E-01    2     1000023        24   # BR(~chi_2+ -> ~chi_20  W+)
     1.55990686E-02    2     1000025        24   # BR(~chi_2+ -> ~chi_30  W+)
     2.55040885E-01    2     1000024        25   # BR(~chi_2+ -> ~chi_1+  h )
#
#         PDG            Width
DECAY   1000022     0.00000000E+00   # neutralino1 decays
#
#         PDG            Width
DECAY   1000023     3.81902534E-07   # neutralino2 decays
#          BR         NDA      ID1       ID2
     8.55418557E-03    2     1000022        22   # BR(~chi_20 -> ~chi_10 gam)
#           BR         NDA      ID1       ID2       ID3
     1.22188891E-01    3     1000022        -2         2   # BR(~chi_20 -> ~chi_10 ub      u)
     1.58840212E-01    3     1000022        -1         1   # BR(~chi_20 -> ~chi_10 db      d)
     1.22188891E-01    3     1000022        -4         4   # BR(~chi_20 -> ~chi_10 cb      c)
     1.58840212E-01    3     1000022        -3         3   # BR(~chi_20 -> ~chi_10 sb      s)
     3.63558447E-02    3     1000022        -5         5   # BR(~chi_20 -> ~chi_10 bb      b)
     3.66514972E-02    3     1000022       -11        11   # BR(~chi_20 -> ~chi_10 e+      e-)
     3.66514972E-02    3     1000022       -13        13   # BR(~chi_20 -> ~chi_10 mu+     mu-)
     3.31402636E-02    3     1000022       -15        15   # BR(~chi_20 -> ~chi_10 tau+    tau-)
     7.33031853E-02    3     1000022       -12        12   # BR(~chi_20 -> ~chi_10 nu_eb   nu_e)
     7.33031853E-02    3     1000022       -14        14   # BR(~chi_20 -> ~chi_10 nu_mub  nu_mu)
     7.33031853E-02    3     1000022       -16        16   # BR(~chi_20 -> ~chi_10 nu_taub nu_tau)
     1.14959087E-02    3     1000024        -2         1   # BR(~chi_20 -> ~chi_1+ ub      d)
     1.14959087E-02    3    -1000024        -1         2   # BR(~chi_20 -> ~chi_1- db      u)
     1.14959087E-02    3     1000024        -4         3   # BR(~chi_20 -> ~chi_1+ cb      s)
     1.14959087E-02    3    -1000024        -3         4   # BR(~chi_20 -> ~chi_1- sb      c)
     3.83197126E-03    3     1000024       -12        11   # BR(~chi_20 -> ~chi_1+ nu_eb   e-)
     3.83197126E-03    3    -1000024        12       -11   # BR(~chi_20 -> ~chi_1- nu_e    e+)
     3.83197126E-03    3     1000024       -14        13   # BR(~chi_20 -> ~chi_1+ nu_mub  mu-)
     3.83197126E-03    3    -1000024        14       -13   # BR(~chi_20 -> ~chi_1- nu_mu   mu+)
     2.68371534E-03    3     1000024       -16        15   # BR(~chi_20 -> ~chi_1+ nu_taub tau-)
     2.68371534E-03    3    -1000024        16       -15   # BR(~chi_20 -> ~chi_1- nu_tau  tau+)
#
#         PDG            Width
DECAY   1000025     8.55528806E-01   # neutralino3 decays
#          BR         NDA      ID1       ID2
     3.10127565E-02    2     1000022        23   # BR(~chi_30 -> ~chi_10   Z )
     2.14017222E-01    2     1000023        23   # BR(~chi_30 -> ~chi_20   Z )
     2.75075905E-01    2     1000024       -24   # BR(~chi_30 -> ~chi_1+   W-)
     2.75075905E-01    2    -1000024        24   # BR(~chi_30 -> ~chi_1-   W+)
     1.87711624E-01    2     1000022        25   # BR(~chi_30 -> ~chi_10   h )
     1.71065870E-02    2     1000023        25   # BR(~chi_30 -> ~chi_20   h )
#
#         PDG            Width
DECAY   1000035     6.95817550E+00   # neutralino4 decays
#          BR         NDA      ID1       ID2
     5.46032270E-02    2     1000022        23   # BR(~chi_40 -> ~chi_10   Z )
     1.97343860E-01    2     1000023        23   # BR(~chi_40 -> ~chi_20   Z )
     1.71677186E-03    2     1000025        23   # BR(~chi_40 -> ~chi_30   Z )
     2.46907334E-01    2     1000024       -24   # BR(~chi_40 -> ~chi_1+   W-)
     2.46907334E-01    2    -1000024        24   # BR(~chi_40 -> ~chi_1-   W+)
     1.78647589E-01    2     1000022        25   # BR(~chi_40 -> ~chi_10   h )
     5.93260690E-02    2     1000023        25   # BR(~chi_40 -> ~chi_20   h )
     1.45478153E-02    2     1000025        25   # BR(~chi_40 -> ~chi_30   h )
#
#         PDG            Width
DECAY        25                NaN   # h decays
#          BR         NDA      ID1       ID2
                NaN    2           5        -5   # BR(h -> b       bb     )
                NaN    2         -15        15   # BR(h -> tau+    tau-   )
                NaN    2         -13        13   # BR(h -> mu+     mu-    )
                NaN    2           3        -3   # BR(h -> s       sb     )
                NaN    2           4        -4   # BR(h -> c       cb     )
                NaN    2           6        -6   # BR(h -> t       tb     )
                NaN    2          21        21   # BR(h -> g       g      )
                NaN    2          22        22   # BR(h -> gam     gam    )
                NaN    2          22        23   # BR(h -> Z       gam    )
                NaN    2          24       -24   # BR(h -> W+      W-     )
                NaN    2          23        23   # BR(h -> Z       Z      )
                NaN    2     1000024  -1000024   # BR(h -> ~chi_1+ ~chi_1-)
                NaN    2     1000037  -1000037   # BR(h -> ~chi_2+ ~chi_2-)
                NaN    2     1000024  -1000037   # BR(h -> ~chi_1+ ~chi_2-)
                NaN    2     1000037  -1000024   # BR(h -> ~chi_2+ ~chi_1-)
                NaN    2     1000022   1000022   # BR(h -> ~chi_10 ~chi_10)
                NaN    2     1000023   1000023   # BR(h -> ~chi_20 ~chi_20)
                NaN    2     1000025   1000025   # BR(h -> ~chi_30 ~chi_30)
                NaN    2     1000035   1000035   # BR(h -> ~chi_40 ~chi_40)
                NaN    2     1000022   1000023   # BR(h -> ~chi_10 ~chi_20)
                NaN    2     1000022   1000025   # BR(h -> ~chi_10 ~chi_30)
                NaN    2     1000022   1000035   # BR(h -> ~chi_10 ~chi_40)
                NaN    2     1000023   1000025   # BR(h -> ~chi_20 ~chi_30)
                NaN    2     1000023   1000035   # BR(h -> ~chi_20 ~chi_40)
                NaN    2     1000025   1000035   # BR(h -> ~chi_30 ~chi_40)
                NaN    2     1000002  -1000002   # BR(h -> ~u_L    ~u_L*  )
                NaN    2     2000002  -2000002   # BR(h -> ~u_R    ~u_R*  )
                NaN    2     1000004  -1000004   # BR(h -> ~c_L    ~c_L*  )
                NaN    2     2000004  -2000004   # BR(h -> ~c_R    ~c_R*  )
                NaN    2     1000006  -1000006   # BR(h -> ~t_1    ~t_1*  )
                NaN    2     2000006  -2000006   # BR(h -> ~t_2    ~t_2*  )
                NaN    2     1000006  -2000006   # BR(h -> ~t_1    ~t_2*  )
                NaN    2     2000006  -1000006   # BR(h -> ~t_2    ~t_1*  )
                NaN    2     1000001  -1000001   # BR(h -> ~d_L    ~d_L*  )
                NaN    2     2000001  -2000001   # BR(h -> ~d_R    ~d_R*  )
                NaN    2     1000003  -1000003   # BR(h -> ~s_L    ~s_L*  )
                NaN    2     2000003  -2000003   # BR(h -> ~s_R    ~s_R*  )
                NaN    2     1000005  -1000005   # BR(h -> ~b_1    ~b_1*  )
                NaN    2     2000005  -2000005   # BR(h -> ~b_2    ~b_2*  )
                NaN    2     1000005  -2000005   # BR(h -> ~b_1    ~b_2*  )
                NaN    2     2000005  -1000005   # BR(h -> ~b_2    ~b_1*  )
                NaN    2     1000011  -1000011   # BR(h -> ~e_L-   ~e_L+  )
                NaN    2     2000011  -2000011   # BR(h -> ~e_R-   ~e_R+  )
                NaN    2     1000013  -1000013   # BR(h -> ~mu_L-  ~mu_L+ )
                NaN    2     2000013  -2000013   # BR(h -> ~mu_R-  ~mu_R+ )
                NaN    2     1000015  -1000015   # BR(h -> ~tau_1- ~tau_1+)
                NaN    2     2000015  -2000015   # BR(h -> ~tau_2- ~tau_2+)
                NaN    2     1000015  -2000015   # BR(h -> ~tau_1- ~tau_2+)
                NaN    2     2000015  -1000015   # BR(h -> ~tau_2- ~tau_1+)
                NaN    2     1000012  -1000012   # BR(h -> ~nu_eL  ~nu_eL*   )
                NaN    2     1000014  -1000014   # BR(h -> ~nu_muL ~nu_muL*  )
                NaN    2     1000016  -1000016   # BR(h -> ~nu_tauL ~nu_tauL*)
#
#         PDG            Width
DECAY        35                NaN   # H decays
#          BR         NDA      ID1       ID2
                NaN    2           5        -5   # BR(H -> b       bb     )
                NaN    2         -15        15   # BR(H -> tau+    tau-   )
                NaN    2         -13        13   # BR(H -> mu+     mu-    )
                NaN    2           3        -3   # BR(H -> s       sb     )
                NaN    2           4        -4   # BR(H -> c       cb     )
                NaN    2           6        -6   # BR(H -> t       tb     )
                NaN    2          21        21   # BR(H -> g       g      )
                NaN    2          22        22   # BR(H -> gam     gam    )
                NaN    2          23        22   # BR(H -> Z       gam    )
                NaN    2          24       -24   # BR(H -> W+      W-     )
                NaN    2          23        23   # BR(H -> Z       Z      )
                NaN    2          25        25   # BR(H -> h       h      )
                NaN    2          36        36   # BR(H -> A       A      )
                NaN    2          23        36   # BR(H -> Z       A      )
                NaN    2          24       -37   # BR(H -> W+      H-     )
                NaN    2         -24        37   # BR(H -> W-      H+     )
                NaN    2     1000024  -1000024   # BR(H -> ~chi_1+ ~chi_1-)
                NaN    2     1000037  -1000037   # BR(H -> ~chi_2+ ~chi_2-)
                NaN    2     1000024  -1000037   # BR(H -> ~chi_1+ ~chi_2-)
                NaN    2     1000037  -1000024   # BR(H -> ~chi_2+ ~chi_1-)
                NaN    2     1000022   1000022   # BR(H -> ~chi_10 ~chi_10)
                NaN    2     1000023   1000023   # BR(H -> ~chi_20 ~chi_20)
                NaN    2     1000025   1000025   # BR(H -> ~chi_30 ~chi_30)
                NaN    2     1000035   1000035   # BR(H -> ~chi_40 ~chi_40)
                NaN    2     1000022   1000023   # BR(H -> ~chi_10 ~chi_20)
                NaN    2     1000022   1000025   # BR(H -> ~chi_10 ~chi_30)
                NaN    2     1000022   1000035   # BR(H -> ~chi_10 ~chi_40)
                NaN    2     1000023   1000025   # BR(H -> ~chi_20 ~chi_30)
                NaN    2     1000023   1000035   # BR(H -> ~chi_20 ~chi_40)
                NaN    2     1000025   1000035   # BR(H -> ~chi_30 ~chi_40)
                NaN    2     1000002  -1000002   # BR(H -> ~u_L    ~u_L*  )
                NaN    2     2000002  -2000002   # BR(H -> ~u_R    ~u_R*  )
                NaN    2     1000004  -1000004   # BR(H -> ~c_L    ~c_L*  )
                NaN    2     2000004  -2000004   # BR(H -> ~c_R    ~c_R*  )
                NaN    2     1000006  -1000006   # BR(H -> ~t_1    ~t_1*  )
                NaN    2     2000006  -2000006   # BR(H -> ~t_2    ~t_2*  )
                NaN    2     1000006  -2000006   # BR(H -> ~t_1    ~t_2*  )
                NaN    2     2000006  -1000006   # BR(H -> ~t_2    ~t_1*  )
                NaN    2     1000001  -1000001   # BR(H -> ~d_L    ~d_L*  )
                NaN    2     2000001  -2000001   # BR(H -> ~d_R    ~d_R*  )
                NaN    2     1000003  -1000003   # BR(H -> ~s_L    ~s_L*  )
                NaN    2     2000003  -2000003   # BR(H -> ~s_R    ~s_R*  )
                NaN    2     1000005  -1000005   # BR(H -> ~b_1    ~b_1*  )
                NaN    2     2000005  -2000005   # BR(H -> ~b_2    ~b_2*  )
                NaN    2     1000005  -2000005   # BR(H -> ~b_1    ~b_2*  )
                NaN    2     2000005  -1000005   # BR(H -> ~b_2    ~b_1*  )
                NaN    2     1000011  -1000011   # BR(H -> ~e_L-   ~e_L+  )
                NaN    2     2000011  -2000011   # BR(H -> ~e_R-   ~e_R+  )
                NaN    2     1000013  -1000013   # BR(H -> ~mu_L-  ~mu_L+ )
                NaN    2     2000013  -2000013   # BR(H -> ~mu_R-  ~mu_R+ )
                NaN    2     1000015  -1000015   # BR(H -> ~tau_1- ~tau_1+)
                NaN    2     2000015  -2000015   # BR(H -> ~tau_2- ~tau_2+)
                NaN    2     1000015  -2000015   # BR(H -> ~tau_1- ~tau_2+)
                NaN    2     2000015  -1000015   # BR(H -> ~tau_2- ~tau_1+)
                NaN    2     1000012  -1000012   # BR(H -> ~nu_eL  ~nu_eL*   )
                NaN    2     1000014  -1000014   # BR(H -> ~nu_muL ~nu_muL*  )
                NaN    2     1000016  -1000016   # BR(H -> ~nu_tauL ~nu_tauL*)
#
#         PDG            Width
DECAY        36     1.52430090E+02   # A decays
#          BR         NDA      ID1       ID2
     5.88816829E-02    2           5        -5   # BR(A -> b       bb     )
     1.20141817E-02    2         -15        15   # BR(A -> tau+    tau-   )
     4.24696283E-05    2         -13        13   # BR(A -> mu+     mu-    )
     4.48771957E-05    2           3        -3   # BR(A -> s       sb     )
     2.59709078E-07    2           4        -4   # BR(A -> c       cb     )
     2.59509148E-02    2           6        -6   # BR(A -> t       tb     )
     6.15317017E-06    2          21        21   # BR(A -> g       g      )
     1.13446405E-08    2          22        22   # BR(A -> gam     gam    )
     1.11261367E-08    2          23        22   # BR(A -> Z       gam    )
     1.43050622E-06    2          23        25   # BR(A -> Z       h      )
     1.00422439E-02    2     1000024  -1000024   # BR(A -> ~chi_1+ ~chi_1-)
     1.45124595E-03    2     1000037  -1000037   # BR(A -> ~chi_2+ ~chi_2-)
     2.69009536E-01    2     1000024  -1000037   # BR(A -> ~chi_1+ ~chi_2-)
     2.69009536E-01    2     1000037  -1000024   # BR(A -> ~chi_2+ ~chi_1-)
     8.30083739E-03    2     1000022   1000022   # BR(A -> ~chi_10 ~chi_10)
     1.15571757E-03    2     1000023   1000023   # BR(A -> ~chi_20 ~chi_20)
     8.80004448E-04    2     1000025   1000025   # BR(A -> ~chi_30 ~chi_30)
     7.39896777E-04    2     1000035   1000035   # BR(A -> ~chi_40 ~chi_40)
     4.07395084E-04    2     1000022   1000023   # BR(A -> ~chi_10 ~chi_20)
     4.06165152E-02    2     1000022   1000025   # BR(A -> ~chi_10 ~chi_30)
     1.66191248E-01    2     1000022   1000035   # BR(A -> ~chi_10 ~chi_40)
     2.77712931E-02    2     1000023   1000025   # BR(A -> ~chi_20 ~chi_30)
     1.04864395E-01    2     1000023   1000035   # BR(A -> ~chi_20 ~chi_40)
     2.61814371E-03    2     1000025   1000035   # BR(A -> ~chi_30 ~chi_40)
#
#         PDG            Width
DECAY        37     1.52262419E+02   # H+ decays
#          BR         NDA      ID1       ID2
     9.29837578E-05    2           4        -5   # BR(H+ -> c       bb     )
     1.20283363E-02    2         -15        16   # BR(H+ -> tau+    nu_tau )
     4.25196641E-05    2         -13        14   # BR(H+ -> mu+     nu_mu  )
     5.95093426E-07    2           2        -5   # BR(H+ -> u       bb     )
     2.15562693E-06    2           2        -3   # BR(H+ -> u       sb     )
     4.45856732E-05    2           4        -3   # BR(H+ -> c       sb     )
     8.37545066E-02    2           6        -5   # BR(H+ -> t       bb     )
     1.43249092E-06    2          24        25   # BR(H+ -> W+      h      )
     2.32073023E-15    2          24        36   # BR(H+ -> W+      A      )
     3.12286042E-04    2     1000024   1000022   # BR(H+ -> ~chi_1+ ~chi_10)
     9.72927662E-04    2     1000024   1000023   # BR(H+ -> ~chi_1+ ~chi_20)
     8.27428004E-02    2     1000024   1000025   # BR(H+ -> ~chi_1+ ~chi_30)
     2.70300869E-01    2     1000024   1000035   # BR(H+ -> ~chi_1+ ~chi_40)
     2.80376766E-01    2     1000037   1000022   # BR(H+ -> ~chi_2+ ~chi_10)
     2.65628584E-01    2     1000037   1000023   # BR(H+ -> ~chi_2+ ~chi_20)
     3.69858848E-03    2     1000037   1000025   # BR(H+ -> ~chi_2+ ~chi_30)
     6.24411225E-08    2     1000037   1000035   # BR(H+ -> ~chi_2+ ~chi_40)

