#
#                              ======================
#                              | THE SUSYHIT OUTPUT |
#                              ======================
#
#
#              ------------------------------------------------------
#              |     This is the output of the SUSY-HIT package     |
#              |  created by A.Djouadi, M.Muehlleitner and M.Spira. |
#              |  In case of problems with SUSY-HIT email to        |
#              |           margarete.muehlleitner@kit.edu           |
#              |           michael.spira@psi.ch                     |
#              |           abdelhak.djouadi@cern.ch                 |
#              ------------------------------------------------------
#
#              ------------------------------------------------------
#              |  SUSY Les Houches Accord - MSSM Spectrum + Decays  |
#              |              based on the decay programs           |
#              |                                                    |
#              |                     SDECAY 1.5                     |
#              |                                                    |
#              |  Authors: M.Muhlleitner, A.Djouadi and Y.Mambrini  |
#              |  Ref.:    Comput.Phys.Commun.168(2005)46           |
#              |           [hep-ph/0311167]                         |
#              |                                                    |
#              |                     HDECAY 3.4                     |
#              |                                                    |
#              |  By: A.Djouadi,J.Kalinowski,M.Muhlleitner,M.Spira  |
#              |  Ref.:    Comput.Phys.Commun.108(1998)56           |
#              |           [hep-ph/9704448]                         |
#              |                                                    |
#              |                                                    |
#              |  If not stated otherwise all DRbar couplings and   |
#              |  soft SUSY breaking masses are given at the scale  |
#              |  Q=  0.10000821E+05
#              |                                                    |
#              ------------------------------------------------------
#
#
BLOCK DCINFO  # Decay Program information
     1   SDECAY/HDECAY # decay calculator
     2   1.5  /3.4    # version number
#
BLOCK SPINFO  # Spectrum calculator information
     1   SuSpect     # RGE +Spectrum calculator            
     2   2.43         # version number                     
#
BLOCK MODSEL  # Model selection
     1     0   # #general MSSM low scale                           
#
BLOCK SMINPUTS  # Standard Model inputs
         1     1.27934000E+02   # alpha_em^-1(M_Z)^MSbar
         2     1.16639000E-05   # G_F [GeV^-2]
         3     1.17200000E-01   # alpha_S(M_Z)^MSbar
         4     9.11870000E+01   # M_Z pole mass
         5     4.25000000E+00   # mb(mb)^MSbar
         6     1.72500000E+02   # mt pole mass
         7     1.77710000E+00   # mtau pole mass
#
BLOCK MINPAR  # Input parameters - minimal models
         1     1.00000000E+02   # 2                   
         3     1.00000000E+01   # tanbeta(mZ)         
         4     1.00000000E+00   # sign(mu)            
#
BLOCK EXTPAR  # Input parameters - non-minimal models
         0     1.00008213E+04   # EWSB                
         1     1.00000000E+03   # M_1                 
         2     2.00000000E+03   # M_2                 
         3     1.00000000E+04   # M_3                 
        11    -1.00000000E+02   # A_t                 
        12    -1.00000000E+02   # A_b                 
        13    -2.51737263E+02   # A_tau               
        14    -6.77437438E+02   # A_u                 
        15    -8.59633345E+02   # A_d                 
        16    -2.53493493E+02   # A_e                 
        23     2.40000000E+02   # mu(EWSB)            
        25     1.00000000E+01   # tanbeta(in)         
        26     1.00000000E+04   # MA_pole             
        31     1.00000000E+04   # M_eL                
        32     1.00000000E+04   # M_muL               
        33     1.00000000E+04   # M_tauL              
        34     1.00000000E+04   # M_eR                
        35     1.00000000E+04   # M_muR               
        36     1.00000000E+04   # M_tauR              
        41     1.00000000E+04   # M_q1L               
        42     1.00000000E+04   # M_q2L               
        43     1.00000000E+04   # M_q3L               
        44     1.00000000E+04   # M_uR                
        45     1.00000000E+04   # M_cR                
        46     1.00000000E+04   # M_tR                
        47     1.00000000E+04   # M_dR                
        48     1.00000000E+04   # M_sR                
        49     1.00000000E+04   # M_bR                
#
BLOCK MASS  # Mass Spectrum
# PDG code           mass       particle
        24     8.04912270E+01   # W+
        25     1.25729165E+02   # h
        35     1.00000493E+04   # H
        36     1.00000000E+04   # A
        37     1.00007731E+04   # H+
         5     4.87884274E+00   # b-quark pole mass calculated from mb(mb)_Msbar
   1000001     1.03038399E+04   # ~d_L
   2000001     1.03037153E+04   # ~d_R
   1000002     1.03035593E+04   # ~u_L
   2000002     1.03036210E+04   # ~u_R
   1000003     1.03038399E+04   # ~s_L
   2000003     1.03037153E+04   # ~s_R
   1000004     1.03035593E+04   # ~c_L
   2000004     1.03036210E+04   # ~c_R
   1000005     1.03035091E+04   # ~b_1
   2000005     1.03040465E+04   # ~b_2
   1000006     1.01874901E+04   # ~t_1
   2000006     1.03076094E+04   # ~t_2
   1000011     1.00000960E+04   # ~e_L
   2000011     1.00000971E+04   # ~e_R
   1000012     9.99980689E+03   # ~nu_eL
   1000013     1.00000960E+04   # ~mu_L
   2000013     1.00000971E+04   # ~mu_R
   1000014     9.99980689E+03   # ~nu_muL
   1000015     9.99987786E+03   # ~tau_1
   2000015     1.00003156E+04   # ~tau_2
   1000016     9.99980689E+03   # ~nu_tauL
   1000021     1.05489422E+04   # ~g
   1000022     2.46228652E+02   # ~chi_10
   1000023    -2.51362565E+02   # ~chi_20
   1000025     9.94523642E+02   # ~chi_30
   1000035     2.11911838E+03   # ~chi_40
   1000024     2.48808419E+02   # ~chi_1+
   1000037     2.11911768E+03   # ~chi_2+
#
BLOCK NMIX  # Neutralino Mixing Matrix
  1  1     4.61794900E-02   # N_11
  1  2    -3.17960583E-02   # N_12
  1  3     7.10017481E-01   # N_13
  1  4    -7.01948461E-01   # N_14
  2  1     2.26181657E-02   # N_21
  2  2    -2.05040470E-02   # N_22
  2  3    -7.03933958E-01   # N_23
  2  4    -7.09609037E-01   # N_24
  3  1     9.98675947E-01   # N_31
  3  2     3.42742072E-03   # N_32
  3  3    -1.68766536E-02   # N_33
  3  4     4.84745681E-02   # N_34
  4  1     1.49186982E-03   # N_41
  4  2    -9.99278163E-01   # N_42
  4  3    -8.20602904E-03   # N_43
  4  4     3.70619467E-02   # N_44
#
BLOCK UMIX  # Chargino Mixing Matrix U
  1  1    -1.15954568E-02   # U_11
  1  2     9.99932770E-01   # U_12
  2  1     9.99932770E-01   # U_21
  2  2     1.15954568E-02   # U_22
#
BLOCK VMIX  # Chargino Mixing Matrix V
  1  1    -5.24016806E-02   # V_11
  1  2     9.98626088E-01   # V_12
  2  1     9.98626088E-01   # V_21
  2  2     5.24016806E-02   # V_22
#
BLOCK STOPMIX  # Stop Mixing Matrix
  1  1     3.93124651E-02   # cos(theta_t)
  1  2     9.99226966E-01   # sin(theta_t)
  2  1    -9.99226966E-01   # -sin(theta_t)
  2  2     3.93124651E-02   # cos(theta_t)
#
BLOCK SBOTMIX  # Sbottom Mixing Matrix
  1  1     6.19732012E-01   # cos(theta_b)
  1  2     7.84813502E-01   # sin(theta_b)
  2  1    -7.84813502E-01   # -sin(theta_b)
  2  2     6.19732012E-01   # cos(theta_b)
#
BLOCK STAUMIX  # Stau Mixing Matrix
  1  1     7.07955979E-01   # cos(theta_tau)
  1  2     7.06256562E-01   # sin(theta_tau)
  2  1    -7.06256562E-01   # -sin(theta_tau)
  2  2     7.07955979E-01   # cos(theta_tau)
#
BLOCK ALPHA  # Higgs mixing
          -1.05966210E-01   # Mixing angle in the neutral Higgs boson sector
#
BLOCK HMIX Q=  1.00008213E+04  # DRbar Higgs Parameters
         1     2.40000000E+02   # mu(Q)               
         2     9.40389490E+00   # tanbeta(Q)          
         3     2.42232896E+02   # vev(Q)              
         4     9.95009245E+07   # MA^2(Q)             
#
BLOCK GAUGE Q=  1.00008213E+04  # The gauge couplings
     1     3.67951864E-01   # gprime(Q) DRbar
     2     6.35005278E-01   # g(Q) DRbar
     3     9.55379561E-01   # g3(Q) DRbar
#
BLOCK AU Q=  1.00008213E+04  # The trilinear couplings
  1  1    -6.77437438E+02   # A_u(Q) DRbar
  2  2    -6.77437438E+02   # A_c(Q) DRbar
  3  3    -1.00000000E+02   # A_t(Q) DRbar
#
BLOCK AD Q=  1.00008213E+04  # The trilinear couplings
  1  1    -8.59633345E+02   # A_d(Q) DRbar
  2  2    -8.59633345E+02   # A_s(Q) DRbar
  3  3    -1.00000000E+02   # A_b(Q) DRbar
#
BLOCK AE Q=  1.00008213E+04  # The trilinear couplings
  1  1    -2.53493493E+02   # A_e(Q) DRbar
  2  2    -2.53493493E+02   # A_mu(Q) DRbar
  3  3    -2.51737263E+02   # A_tau(Q) DRbar
#
BLOCK Yu Q=  1.00008213E+04  # The Yukawa couplings
  1  1     0.00000000E+00   # y_u(Q) DRbar
  2  2     0.00000000E+00   # y_c(Q) DRbar
  3  3     7.95521105E-01   # y_t(Q) DRbar
#
BLOCK Yd Q=  1.00008213E+04  # The Yukawa couplings
  1  1     0.00000000E+00   # y_d(Q) DRbar
  2  2     0.00000000E+00   # y_s(Q) DRbar
  3  3     1.26177180E-01   # y_b(Q) DRbar
#
BLOCK Ye Q=  1.00008213E+04  # The Yukawa couplings
  1  1     0.00000000E+00   # y_e(Q) DRbar
  2  2     0.00000000E+00   # y_mu(Q) DRbar
  3  3     9.63292976E-02   # y_tau(Q) DRbar
#
BLOCK MSOFT Q=  1.00008213E+04  # The soft SUSY breaking masses at the scale Q
         1     1.00000000E+03   # M_1                 
         2     2.00000000E+03   # M_2                 
         3     1.00000000E+04   # M_3                 
        14    -6.77437438E+02   # A_u                 
        15    -8.59633345E+02   # A_d                 
        16    -2.53493493E+02   # A_e                 
        21     9.85944000E+07   # M^2_Hd              
        22     3.41452740E+06   # M^2_Hu              
        31     1.00000000E+04   # M_eL                
        32     1.00000000E+04   # M_muL               
        33     1.00000000E+04   # M_tauL              
        34     1.00000000E+04   # M_eR                
        35     1.00000000E+04   # M_muR               
        36     1.00000000E+04   # M_tauR              
        41     1.00000000E+04   # M_q1L               
        42     1.00000000E+04   # M_q2L               
        43     1.00000000E+04   # M_q3L               
        44     1.00000000E+04   # M_uR                
        45     1.00000000E+04   # M_cR                
        46     1.00000000E+04   # M_tR                
        47     1.00000000E+04   # M_dR                
        48     1.00000000E+04   # M_sR                
        49     1.00000000E+04   # M_bR                
#
#
#
#                             =================
#                             |The decay table|
#                             =================
#
# - The QCD corrections to the decays gluino -> squark  + quark
#                                     squark -> gaugino + quark_prime
#                                     squark -> squark_prime + Higgs
#                                     squark -> gluino  + quark
#   are included.
#
# - The multi-body decays for the inos, stops and sbottoms are included.
#
# - The loop induced decays for the gluino, neutralinos and stops
#   are included.
#
# - The SUSY decays of the top quark are included.
#
#
#         PDG            Width
DECAY         6     1.39572325E+00   # top decays
#          BR         NDA      ID1       ID2
     1.00000000E+00    2           5        24   # BR(t ->  b    W+)
#
#         PDG            Width
DECAY   1000021     5.01670372E+00   # gluino decays
#          BR         NDA      ID1       ID2
     3.99575017E-02    2     1000001        -1   # BR(~g -> ~d_L  db)
     3.99575017E-02    2    -1000001         1   # BR(~g -> ~d_L* d )
     3.99976596E-02    2     2000001        -1   # BR(~g -> ~d_R  db)
     3.99976596E-02    2    -2000001         1   # BR(~g -> ~d_R* d )
     4.00479652E-02    2     1000002        -2   # BR(~g -> ~u_L  ub)
     4.00479652E-02    2    -1000002         2   # BR(~g -> ~u_L* u )
     4.00280650E-02    2     2000002        -2   # BR(~g -> ~u_R  ub)
     4.00280650E-02    2    -2000002         2   # BR(~g -> ~u_R* u )
     3.99575017E-02    2     1000003        -3   # BR(~g -> ~s_L  sb)
     3.99575017E-02    2    -1000003         3   # BR(~g -> ~s_L* s )
     3.99976596E-02    2     2000003        -3   # BR(~g -> ~s_R  sb)
     3.99976596E-02    2    -2000003         3   # BR(~g -> ~s_R* s )
     4.00479652E-02    2     1000004        -4   # BR(~g -> ~c_L  cb)
     4.00479652E-02    2    -1000004         4   # BR(~g -> ~c_L* c )
     4.00280650E-02    2     2000004        -4   # BR(~g -> ~c_R  cb)
     4.00280650E-02    2    -2000004         4   # BR(~g -> ~c_R* c )
     3.93999766E-02    2     1000005        -5   # BR(~g -> ~b_1  bb)
     3.93999766E-02    2    -1000005         5   # BR(~g -> ~b_1* b )
     4.05448015E-02    2     2000005        -5   # BR(~g -> ~b_2  bb)
     4.05448015E-02    2    -2000005         5   # BR(~g -> ~b_2* b )
     6.95437591E-02    2     1000006        -6   # BR(~g -> ~t_1  tb)
     6.95437591E-02    2    -1000006         6   # BR(~g -> ~t_1* t )
     3.04490797E-02    2     2000006        -6   # BR(~g -> ~t_2  tb)
     3.04490797E-02    2    -2000006         6   # BR(~g -> ~t_2* t )
#
#         PDG            Width
DECAY   1000006     2.73701710E+02   # stop1 decays
#          BR         NDA      ID1       ID2
     2.27284723E-01    2     1000022         6   # BR(~t_1 -> ~chi_10 t )
     2.31451794E-01    2     1000023         6   # BR(~t_1 -> ~chi_20 t )
     8.43746872E-02    2     1000025         6   # BR(~t_1 -> ~chi_30 t )
    -1.81077462E-04    2     1000035         6   # BR(~t_1 -> ~chi_40 t )
     4.57434440E-01    2     1000024         5   # BR(~t_1 -> ~chi_1+ b )
    -3.64567686E-04    2     1000037         5   # BR(~t_1 -> ~chi_2+ b )
#
#         PDG            Width
DECAY   2000006     2.41927726E+02   # stop2 decays
#          BR         NDA      ID1       ID2
     2.56040710E-01    2     1000022         6   # BR(~t_2 -> ~chi_10 t )
     2.62398016E-01    2     1000023         6   # BR(~t_2 -> ~chi_20 t )
     9.16514484E-03    2     1000025         6   # BR(~t_2 -> ~chi_30 t )
     1.53685800E-01    2     1000035         6   # BR(~t_2 -> ~chi_40 t )
     1.29993290E-02    2     1000024         5   # BR(~t_2 -> ~chi_1+ b )
     3.05712477E-01    2     1000037         5   # BR(~t_2 -> ~chi_2+ b )
    -1.47780007E-06    2     1000006        23   # BR(~t_2 -> ~t_1    Z )
#
#         PDG            Width
DECAY   1000005     1.13637167E+02   # sbottom1 decays
#          BR         NDA      ID1       ID2
     1.85733761E-02    2     1000022         5   # BR(~b_1 -> ~chi_10 b )
     1.16429788E-02    2     1000023         5   # BR(~b_1 -> ~chi_20 b )
     3.33214077E-02    2     1000025         5   # BR(~b_1 -> ~chi_30 b )
     1.42431646E-01    2     1000035         5   # BR(~b_1 -> ~chi_40 b )
     5.07615586E-01    2    -1000024         6   # BR(~b_1 -> ~chi_1- t )
     2.86424773E-01    2    -1000037         6   # BR(~b_1 -> ~chi_2- t )
    -9.76759374E-06    2     1000006       -24   # BR(~b_1 -> ~t_1    W-)
#
#         PDG            Width
DECAY   2000005     1.40339448E+02   # sbottom2 decays
#          BR         NDA      ID1       ID2
     8.39531667E-03    2     1000022         5   # BR(~b_2 -> ~chi_10 b )
     1.32508070E-02    2     1000023         5   # BR(~b_2 -> ~chi_20 b )
     2.48513475E-02    2     1000025         5   # BR(~b_2 -> ~chi_30 b )
     1.47009991E-01    2     1000035         5   # BR(~b_2 -> ~chi_40 b )
     5.10886034E-01    2    -1000024         6   # BR(~b_2 -> ~chi_1- t )
     2.95619589E-01    2    -1000037         6   # BR(~b_2 -> ~chi_2- t )
    -1.30854531E-05    2     1000006       -24   # BR(~b_2 -> ~t_1    W-)
#
#         PDG            Width
DECAY   1000002     1.12033990E+02   # sup_L decays
#          BR         NDA      ID1       ID2
     1.86917578E-04    2     1000022         2   # BR(~u_L -> ~chi_10 u)
     9.29845310E-05    2     1000023         2   # BR(~u_L -> ~chi_20 u)
     1.35430559E-02    2     1000025         2   # BR(~u_L -> ~chi_30 u)
     3.28231244E-01    2     1000035         2   # BR(~u_L -> ~chi_40 u)
     1.96146976E-03    2     1000024         1   # BR(~u_L -> ~chi_1+ d)
     6.55984328E-01    2     1000037         1   # BR(~u_L -> ~chi_2+ d)
#
#         PDG            Width
DECAY   2000002     2.34995958E+01   # sup_R decays
#          BR         NDA      ID1       ID2
     2.16752582E-03    2     1000022         2   # BR(~u_R -> ~chi_10 u)
     5.19952859E-04    2     1000023         2   # BR(~u_R -> ~chi_20 u)
     9.97310438E-01    2     1000025         2   # BR(~u_R -> ~chi_30 u)
     2.08313001E-06    2     1000035         2   # BR(~u_R -> ~chi_40 u)
#
#         PDG            Width
DECAY   1000001     1.12018632E+02   # sdown_L decays
#          BR         NDA      ID1       ID2
     5.92189082E-04    2     1000022         1   # BR(~d_L -> ~chi_10 d)
     2.20988156E-04    2     1000023         1   # BR(~d_L -> ~chi_20 d)
     1.26158464E-02    2     1000025         1   # BR(~d_L -> ~chi_30 d)
     3.28664274E-01    2     1000035         1   # BR(~d_L -> ~chi_40 d)
     9.60586505E-05    2    -1000024         2   # BR(~d_L -> ~chi_1- u)
     6.57810644E-01    2    -1000037         2   # BR(~d_L -> ~chi_2- u)
#
#         PDG            Width
DECAY   2000001     5.87494645E+00   # sdown_R decays
#          BR         NDA      ID1       ID2
     2.16752512E-03    2     1000022         1   # BR(~d_R -> ~chi_10 d)
     5.19952691E-04    2     1000023         1   # BR(~d_R -> ~chi_20 d)
     9.97310439E-01    2     1000025         1   # BR(~d_R -> ~chi_30 d)
     2.08313268E-06    2     1000035         1   # BR(~d_R -> ~chi_40 d)
#
#         PDG            Width
DECAY   1000004     1.12033990E+02   # scharm_L decays
#          BR         NDA      ID1       ID2
     1.86917578E-04    2     1000022         4   # BR(~c_L -> ~chi_10 c)
     9.29845310E-05    2     1000023         4   # BR(~c_L -> ~chi_20 c)
     1.35430559E-02    2     1000025         4   # BR(~c_L -> ~chi_30 c)
     3.28231244E-01    2     1000035         4   # BR(~c_L -> ~chi_40 c)
     1.96146976E-03    2     1000024         3   # BR(~c_L -> ~chi_1+ s)
     6.55984328E-01    2     1000037         3   # BR(~c_L -> ~chi_2+ s)
#
#         PDG            Width
DECAY   2000004     2.34995958E+01   # scharm_R decays
#          BR         NDA      ID1       ID2
     2.16752582E-03    2     1000022         4   # BR(~c_R -> ~chi_10 c)
     5.19952859E-04    2     1000023         4   # BR(~c_R -> ~chi_20 c)
     9.97310438E-01    2     1000025         4   # BR(~c_R -> ~chi_30 c)
     2.08313001E-06    2     1000035         4   # BR(~c_R -> ~chi_40 c)
#
#         PDG            Width
DECAY   1000003     1.12018632E+02   # sstrange_L decays
#          BR         NDA      ID1       ID2
     5.92189082E-04    2     1000022         3   # BR(~s_L -> ~chi_10 s)
     2.20988156E-04    2     1000023         3   # BR(~s_L -> ~chi_20 s)
     1.26158464E-02    2     1000025         3   # BR(~s_L -> ~chi_30 s)
     3.28664274E-01    2     1000035         3   # BR(~s_L -> ~chi_40 s)
     9.60586505E-05    2    -1000024         4   # BR(~s_L -> ~chi_1- c)
     6.57810644E-01    2    -1000037         4   # BR(~s_L -> ~chi_2- c)
#
#         PDG            Width
DECAY   2000003     5.87494645E+00   # sstrange_R decays
#          BR         NDA      ID1       ID2
     2.16752512E-03    2     1000022         3   # BR(~s_R -> ~chi_10 s)
     5.19952691E-04    2     1000023         3   # BR(~s_R -> ~chi_20 s)
     9.97310439E-01    2     1000025         3   # BR(~s_R -> ~chi_30 s)
     2.08313268E-06    2     1000035         3   # BR(~s_R -> ~chi_40 s)
#
#         PDG            Width
DECAY   1000011     1.22979279E+02   # selectron_L decays
#          BR         NDA      ID1       ID2
     8.26664721E-06    2     1000022        11   # BR(~e_L -> ~chi_10 e-)
     1.78282658E-05    2     1000023        11   # BR(~e_L -> ~chi_20 e-)
     1.08342607E-01    2     1000025        11   # BR(~e_L -> ~chi_30 e-)
     2.96579111E-01    2     1000035        11   # BR(~e_L -> ~chi_40 e-)
     8.75981439E-05    2    -1000024        12   # BR(~e_L -> ~chi_1- nu_e)
     5.94964589E-01    2    -1000037        12   # BR(~e_L -> ~chi_2- nu_e)
#
#         PDG            Width
DECAY   2000011     5.28122066E+01   # selectron_R decays
#          BR         NDA      ID1       ID2
     2.17261894E-03    2     1000022        11   # BR(~e_R -> ~chi_10 e-)
     5.21168137E-04    2     1000023        11   # BR(~e_R -> ~chi_20 e-)
     9.97304142E-01    2     1000025        11   # BR(~e_R -> ~chi_30 e-)
     2.07093454E-06    2     1000035        11   # BR(~e_R -> ~chi_40 e-)
#
#         PDG            Width
DECAY   1000013     1.22979279E+02   # smuon_L decays
#          BR         NDA      ID1       ID2
     8.26664721E-06    2     1000022        13   # BR(~mu_L -> ~chi_10 mu-)
     1.78282658E-05    2     1000023        13   # BR(~mu_L -> ~chi_20 mu-)
     1.08342607E-01    2     1000025        13   # BR(~mu_L -> ~chi_30 mu-)
     2.96579111E-01    2     1000035        13   # BR(~mu_L -> ~chi_40 mu-)
     8.75981439E-05    2    -1000024        14   # BR(~mu_L -> ~chi_1- nu_mu)
     5.94964589E-01    2    -1000037        14   # BR(~mu_L -> ~chi_2- nu_mu)
#
#         PDG            Width
DECAY   2000013     5.28122066E+01   # smuon_R decays
#          BR         NDA      ID1       ID2
     2.17261894E-03    2     1000022        13   # BR(~mu_R -> ~chi_10 mu-)
     5.21168137E-04    2     1000023        13   # BR(~mu_R -> ~chi_20 mu-)
     9.97304142E-01    2     1000025        13   # BR(~mu_R -> ~chi_30 mu-)
     2.07093454E-06    2     1000035        13   # BR(~mu_R -> ~chi_40 mu-)
#
#         PDG            Width
DECAY   1000015     9.07620958E+01   # stau_1 decays
#          BR         NDA      ID1       ID2
     1.48139927E-02    2     1000022        15   # BR(~tau_1 -> ~chi_10  tau-)
     7.98909391E-03    2     1000023        15   # BR(~tau_1 -> ~chi_20  tau-)
     3.62137960E-01    2     1000025        15   # BR(~tau_1 -> ~chi_30  tau-)
     2.00696587E-01    2     1000035        15   # BR(~tau_1 -> ~chi_40  tau-)
     1.17434597E-02    2    -1000024        16   # BR(~tau_1 -> ~chi_1-  nu_tau)
     4.02618907E-01    2    -1000037        16   # BR(~tau_1 -> ~chi_2-  nu_tau)
#
#         PDG            Width
DECAY   2000015     9.05607253E+01   # stau_2 decays
#          BR         NDA      ID1       ID2
     6.95933293E-03    2     1000022        15   # BR(~tau_2 -> ~chi_10  tau-)
     1.24983154E-02    2     1000023        15   # BR(~tau_2 -> ~chi_20  tau-)
     3.65791740E-01    2     1000025        15   # BR(~tau_2 -> ~chi_30  tau-)
     2.01608262E-01    2     1000035        15   # BR(~tau_2 -> ~chi_40  tau-)
     8.70637302E-03    2    -1000024        16   # BR(~tau_2 -> ~chi_1-  nu_tau)
     4.04435976E-01    2    -1000037        16   # BR(~tau_2 -> ~chi_2-  nu_tau)
#
#         PDG            Width
DECAY   1000012     1.22987122E+02   # snu_eL decays
#          BR         NDA      ID1       ID2
     1.11681791E-03    2     1000022        12   # BR(~nu_eL -> ~chi_10 nu_e)
     3.67939770E-04    2     1000023        12   # BR(~nu_eL -> ~chi_20 nu_e)
     1.05796037E-01    2     1000025        12   # BR(~nu_eL -> ~chi_30 nu_e)
     2.97577953E-01    2     1000035        12   # BR(~nu_eL -> ~chi_40 nu_e)
     1.78883107E-03    2     1000024        11   # BR(~nu_eL -> ~chi_1+ e-)
     5.93352420E-01    2     1000037        11   # BR(~nu_eL -> ~chi_2+ e-)
#
#         PDG            Width
DECAY   1000014     1.22987122E+02   # snu_muL decays
#          BR         NDA      ID1       ID2
     1.11681791E-03    2     1000022        14   # BR(~nu_muL -> ~chi_10 nu_mu)
     3.67939770E-04    2     1000023        14   # BR(~nu_muL -> ~chi_20 nu_mu)
     1.05796037E-01    2     1000025        14   # BR(~nu_muL -> ~chi_30 nu_mu)
     2.97577953E-01    2     1000035        14   # BR(~nu_muL -> ~chi_40 nu_mu)
     1.78883107E-03    2     1000024        13   # BR(~nu_muL -> ~chi_1+ mu-)
     5.93352420E-01    2     1000037        13   # BR(~nu_muL -> ~chi_2+ mu-)
#
#         PDG            Width
DECAY   1000016     1.24830848E+02   # snu_tauL decays
#          BR         NDA      ID1       ID2
     1.10032274E-03    2     1000022        16   # BR(~nu_tauL -> ~chi_10 nu_tau)
     3.62505374E-04    2     1000023        16   # BR(~nu_tauL -> ~chi_20 nu_tau)
     1.04233451E-01    2     1000025        16   # BR(~nu_tauL -> ~chi_30 nu_tau)
     2.93182787E-01    2     1000035        16   # BR(~nu_tauL -> ~chi_40 nu_tau)
     1.65302732E-02    2     1000024        15   # BR(~nu_tauL -> ~chi_1+ tau-)
     5.84590661E-01    2     1000037        15   # BR(~nu_tauL -> ~chi_2+ tau-)
#
#         PDG            Width
DECAY   1000024     1.18217540E-10   # chargino1+ decays
#           BR         NDA      ID1       ID2       ID3
     3.71554735E-01    3     1000022         2        -1   # BR(~chi_1+ -> ~chi_10 u    db)
     3.71554735E-01    3     1000022         4        -3   # BR(~chi_1+ -> ~chi_10 c    sb)
     1.23851591E-01    3     1000022       -11        12   # BR(~chi_1+ -> ~chi_10 e+   nu_e)
     1.23851591E-01    3     1000022       -13        14   # BR(~chi_1+ -> ~chi_10 mu+  nu_mu)
     9.18734896E-03    3     1000022       -15        16   # BR(~chi_1+ -> ~chi_10 tau+ nu_tau)
#
#         PDG            Width
DECAY   1000037     1.67564855E+01   # chargino2+ decays
#          BR         NDA      ID1       ID2
     2.51949505E-01    2     1000024        23   # BR(~chi_2+ -> ~chi_1+  Z )
     2.38720130E-01    2     1000022        24   # BR(~chi_2+ -> ~chi_10  W+)
     2.43912344E-01    2     1000023        24   # BR(~chi_2+ -> ~chi_20  W+)
     2.23202137E-03    2     1000025        24   # BR(~chi_2+ -> ~chi_30  W+)
     2.63185998E-01    2     1000024        25   # BR(~chi_2+ -> ~chi_1+  h )
#
#         PDG            Width
DECAY   1000022     0.00000000E+00   # neutralino1 decays
#
#         PDG            Width
DECAY   1000023     3.29609470E-09   # neutralino2 decays
#          BR         NDA      ID1       ID2
     5.94811253E-02    2     1000022        22   # BR(~chi_20 -> ~chi_10 gam)
#           BR         NDA      ID1       ID2       ID3
     1.22702283E-01    3     1000022        -2         2   # BR(~chi_20 -> ~chi_10 ub      u)
     1.59591779E-01    3     1000022        -1         1   # BR(~chi_20 -> ~chi_10 db      d)
     1.22702283E-01    3     1000022        -4         4   # BR(~chi_20 -> ~chi_10 cb      c)
     1.59591779E-01    3     1000022        -3         3   # BR(~chi_20 -> ~chi_10 sb      s)
     3.68917131E-02    3     1000022       -11        11   # BR(~chi_20 -> ~chi_10 e+      e-)
     3.68917131E-02    3     1000022       -13        13   # BR(~chi_20 -> ~chi_10 mu+     mu-)
     1.25980138E-02    3     1000022       -15        15   # BR(~chi_20 -> ~chi_10 tau+    tau-)
     7.37812684E-02    3     1000022       -12        12   # BR(~chi_20 -> ~chi_10 nu_eb   nu_e)
     7.37812684E-02    3     1000022       -14        14   # BR(~chi_20 -> ~chi_10 nu_mub  nu_mu)
     7.37812684E-02    3     1000022       -16        16   # BR(~chi_20 -> ~chi_10 nu_taub nu_tau)
     1.26788078E-02    3     1000024        -2         1   # BR(~chi_20 -> ~chi_1+ ub      d)
     1.26788078E-02    3    -1000024        -1         2   # BR(~chi_20 -> ~chi_1- db      u)
     1.26788078E-02    3     1000024        -4         3   # BR(~chi_20 -> ~chi_1+ cb      s)
     1.26788078E-02    3    -1000024        -3         4   # BR(~chi_20 -> ~chi_1- sb      c)
     4.22626960E-03    3     1000024       -12        11   # BR(~chi_20 -> ~chi_1+ nu_eb   e-)
     4.22626960E-03    3    -1000024        12       -11   # BR(~chi_20 -> ~chi_1- nu_e    e+)
     4.22626960E-03    3     1000024       -14        13   # BR(~chi_20 -> ~chi_1+ nu_mub  mu-)
     4.22626960E-03    3    -1000024        14       -13   # BR(~chi_20 -> ~chi_1- nu_mu   mu+)
     2.92597271E-04    3     1000024       -16        15   # BR(~chi_20 -> ~chi_1+ nu_taub tau-)
     2.92597271E-04    3    -1000024        16       -15   # BR(~chi_20 -> ~chi_1- nu_tau  tau+)
#
#         PDG            Width
DECAY   1000025     2.68183739E+00   # neutralino3 decays
#          BR         NDA      ID1       ID2
     4.81498156E-02    2     1000022        23   # BR(~chi_30 -> ~chi_10   Z )
     2.04560833E-01    2     1000023        23   # BR(~chi_30 -> ~chi_20   Z )
     2.46527339E-01    2     1000024       -24   # BR(~chi_30 -> ~chi_1+   W-)
     2.46527339E-01    2    -1000024        24   # BR(~chi_30 -> ~chi_1-   W+)
     2.05870753E-01    2     1000022        25   # BR(~chi_30 -> ~chi_10   h )
     4.83639194E-02    2     1000023        25   # BR(~chi_30 -> ~chi_20   h )
#
#         PDG            Width
DECAY   1000035     1.67559483E+01   # neutralino4 decays
#          BR         NDA      ID1       ID2
     7.16934711E-02    2     1000022        23   # BR(~chi_40 -> ~chi_10   Z )
     1.80172929E-01    2     1000023        23   # BR(~chi_40 -> ~chi_20   Z )
     2.40511115E-04    2     1000025        23   # BR(~chi_40 -> ~chi_30   Z )
     2.42567412E-01    2     1000024       -24   # BR(~chi_40 -> ~chi_1+   W-)
     2.42567412E-01    2    -1000024        24   # BR(~chi_40 -> ~chi_1-   W+)
     1.84112241E-01    2     1000022        25   # BR(~chi_40 -> ~chi_10   h )
     7.64704741E-02    2     1000023        25   # BR(~chi_40 -> ~chi_20   h )
     2.17555079E-03    2     1000025        25   # BR(~chi_40 -> ~chi_30   h )
#
#         PDG            Width
DECAY        25                NaN   # h decays
#          BR         NDA      ID1       ID2
                NaN    2           5        -5   # BR(h -> b       bb     )
                NaN    2         -15        15   # BR(h -> tau+    tau-   )
                NaN    2         -13        13   # BR(h -> mu+     mu-    )
                NaN    2           3        -3   # BR(h -> s       sb     )
                NaN    2           4        -4   # BR(h -> c       cb     )
                NaN    2           6        -6   # BR(h -> t       tb     )
                NaN    2          21        21   # BR(h -> g       g      )
                NaN    2          22        22   # BR(h -> gam     gam    )
                NaN    2          22        23   # BR(h -> Z       gam    )
                NaN    2          24       -24   # BR(h -> W+      W-     )
                NaN    2          23        23   # BR(h -> Z       Z      )
                NaN    2     1000024  -1000024   # BR(h -> ~chi_1+ ~chi_1-)
                NaN    2     1000037  -1000037   # BR(h -> ~chi_2+ ~chi_2-)
                NaN    2     1000024  -1000037   # BR(h -> ~chi_1+ ~chi_2-)
                NaN    2     1000037  -1000024   # BR(h -> ~chi_2+ ~chi_1-)
                NaN    2     1000022   1000022   # BR(h -> ~chi_10 ~chi_10)
                NaN    2     1000023   1000023   # BR(h -> ~chi_20 ~chi_20)
                NaN    2     1000025   1000025   # BR(h -> ~chi_30 ~chi_30)
                NaN    2     1000035   1000035   # BR(h -> ~chi_40 ~chi_40)
                NaN    2     1000022   1000023   # BR(h -> ~chi_10 ~chi_20)
                NaN    2     1000022   1000025   # BR(h -> ~chi_10 ~chi_30)
                NaN    2     1000022   1000035   # BR(h -> ~chi_10 ~chi_40)
                NaN    2     1000023   1000025   # BR(h -> ~chi_20 ~chi_30)
                NaN    2     1000023   1000035   # BR(h -> ~chi_20 ~chi_40)
                NaN    2     1000025   1000035   # BR(h -> ~chi_30 ~chi_40)
                NaN    2     1000002  -1000002   # BR(h -> ~u_L    ~u_L*  )
                NaN    2     2000002  -2000002   # BR(h -> ~u_R    ~u_R*  )
                NaN    2     1000004  -1000004   # BR(h -> ~c_L    ~c_L*  )
                NaN    2     2000004  -2000004   # BR(h -> ~c_R    ~c_R*  )
                NaN    2     1000006  -1000006   # BR(h -> ~t_1    ~t_1*  )
                NaN    2     2000006  -2000006   # BR(h -> ~t_2    ~t_2*  )
                NaN    2     1000006  -2000006   # BR(h -> ~t_1    ~t_2*  )
                NaN    2     2000006  -1000006   # BR(h -> ~t_2    ~t_1*  )
                NaN    2     1000001  -1000001   # BR(h -> ~d_L    ~d_L*  )
                NaN    2     2000001  -2000001   # BR(h -> ~d_R    ~d_R*  )
                NaN    2     1000003  -1000003   # BR(h -> ~s_L    ~s_L*  )
                NaN    2     2000003  -2000003   # BR(h -> ~s_R    ~s_R*  )
                NaN    2     1000005  -1000005   # BR(h -> ~b_1    ~b_1*  )
                NaN    2     2000005  -2000005   # BR(h -> ~b_2    ~b_2*  )
                NaN    2     1000005  -2000005   # BR(h -> ~b_1    ~b_2*  )
                NaN    2     2000005  -1000005   # BR(h -> ~b_2    ~b_1*  )
                NaN    2     1000011  -1000011   # BR(h -> ~e_L-   ~e_L+  )
                NaN    2     2000011  -2000011   # BR(h -> ~e_R-   ~e_R+  )
                NaN    2     1000013  -1000013   # BR(h -> ~mu_L-  ~mu_L+ )
                NaN    2     2000013  -2000013   # BR(h -> ~mu_R-  ~mu_R+ )
                NaN    2     1000015  -1000015   # BR(h -> ~tau_1- ~tau_1+)
                NaN    2     2000015  -2000015   # BR(h -> ~tau_2- ~tau_2+)
                NaN    2     1000015  -2000015   # BR(h -> ~tau_1- ~tau_2+)
                NaN    2     2000015  -1000015   # BR(h -> ~tau_2- ~tau_1+)
                NaN    2     1000012  -1000012   # BR(h -> ~nu_eL  ~nu_eL*   )
                NaN    2     1000014  -1000014   # BR(h -> ~nu_muL ~nu_muL*  )
                NaN    2     1000016  -1000016   # BR(h -> ~nu_tauL ~nu_tauL*)
#
#         PDG            Width
DECAY        35                NaN   # H decays
#          BR         NDA      ID1       ID2
                NaN    2           5        -5   # BR(H -> b       bb     )
                NaN    2         -15        15   # BR(H -> tau+    tau-   )
                NaN    2         -13        13   # BR(H -> mu+     mu-    )
                NaN    2           3        -3   # BR(H -> s       sb     )
                NaN    2           4        -4   # BR(H -> c       cb     )
                NaN    2           6        -6   # BR(H -> t       tb     )
                NaN    2          21        21   # BR(H -> g       g      )
                NaN    2          22        22   # BR(H -> gam     gam    )
                NaN    2          23        22   # BR(H -> Z       gam    )
                NaN    2          24       -24   # BR(H -> W+      W-     )
                NaN    2          23        23   # BR(H -> Z       Z      )
                NaN    2          25        25   # BR(H -> h       h      )
                NaN    2          36        36   # BR(H -> A       A      )
                NaN    2          23        36   # BR(H -> Z       A      )
                NaN    2          24       -37   # BR(H -> W+      H-     )
                NaN    2         -24        37   # BR(H -> W-      H+     )
                NaN    2     1000024  -1000024   # BR(H -> ~chi_1+ ~chi_1-)
                NaN    2     1000037  -1000037   # BR(H -> ~chi_2+ ~chi_2-)
                NaN    2     1000024  -1000037   # BR(H -> ~chi_1+ ~chi_2-)
                NaN    2     1000037  -1000024   # BR(H -> ~chi_2+ ~chi_1-)
                NaN    2     1000022   1000022   # BR(H -> ~chi_10 ~chi_10)
                NaN    2     1000023   1000023   # BR(H -> ~chi_20 ~chi_20)
                NaN    2     1000025   1000025   # BR(H -> ~chi_30 ~chi_30)
                NaN    2     1000035   1000035   # BR(H -> ~chi_40 ~chi_40)
                NaN    2     1000022   1000023   # BR(H -> ~chi_10 ~chi_20)
                NaN    2     1000022   1000025   # BR(H -> ~chi_10 ~chi_30)
                NaN    2     1000022   1000035   # BR(H -> ~chi_10 ~chi_40)
                NaN    2     1000023   1000025   # BR(H -> ~chi_20 ~chi_30)
                NaN    2     1000023   1000035   # BR(H -> ~chi_20 ~chi_40)
                NaN    2     1000025   1000035   # BR(H -> ~chi_30 ~chi_40)
                NaN    2     1000002  -1000002   # BR(H -> ~u_L    ~u_L*  )
                NaN    2     2000002  -2000002   # BR(H -> ~u_R    ~u_R*  )
                NaN    2     1000004  -1000004   # BR(H -> ~c_L    ~c_L*  )
                NaN    2     2000004  -2000004   # BR(H -> ~c_R    ~c_R*  )
                NaN    2     1000006  -1000006   # BR(H -> ~t_1    ~t_1*  )
                NaN    2     2000006  -2000006   # BR(H -> ~t_2    ~t_2*  )
                NaN    2     1000006  -2000006   # BR(H -> ~t_1    ~t_2*  )
                NaN    2     2000006  -1000006   # BR(H -> ~t_2    ~t_1*  )
                NaN    2     1000001  -1000001   # BR(H -> ~d_L    ~d_L*  )
                NaN    2     2000001  -2000001   # BR(H -> ~d_R    ~d_R*  )
                NaN    2     1000003  -1000003   # BR(H -> ~s_L    ~s_L*  )
                NaN    2     2000003  -2000003   # BR(H -> ~s_R    ~s_R*  )
                NaN    2     1000005  -1000005   # BR(H -> ~b_1    ~b_1*  )
                NaN    2     2000005  -2000005   # BR(H -> ~b_2    ~b_2*  )
                NaN    2     1000005  -2000005   # BR(H -> ~b_1    ~b_2*  )
                NaN    2     2000005  -1000005   # BR(H -> ~b_2    ~b_1*  )
                NaN    2     1000011  -1000011   # BR(H -> ~e_L-   ~e_L+  )
                NaN    2     2000011  -2000011   # BR(H -> ~e_R-   ~e_R+  )
                NaN    2     1000013  -1000013   # BR(H -> ~mu_L-  ~mu_L+ )
                NaN    2     2000013  -2000013   # BR(H -> ~mu_R-  ~mu_R+ )
                NaN    2     1000015  -1000015   # BR(H -> ~tau_1- ~tau_1+)
                NaN    2     2000015  -2000015   # BR(H -> ~tau_2- ~tau_2+)
                NaN    2     1000015  -2000015   # BR(H -> ~tau_1- ~tau_2+)
                NaN    2     2000015  -1000015   # BR(H -> ~tau_2- ~tau_1+)
                NaN    2     1000012  -1000012   # BR(H -> ~nu_eL  ~nu_eL*   )
                NaN    2     1000014  -1000014   # BR(H -> ~nu_muL ~nu_muL*  )
                NaN    2     1000016  -1000016   # BR(H -> ~nu_tauL ~nu_tauL*)
#
#         PDG            Width
DECAY        36     1.43090181E+02   # A decays
#          BR         NDA      ID1       ID2
     6.27412698E-02    2           5        -5   # BR(A -> b       bb     )
     1.28099765E-02    2         -15        15   # BR(A -> tau+    tau-   )
     4.52827294E-05    2         -13        13   # BR(A -> mu+     mu-    )
     4.78497499E-05    2           3        -3   # BR(A -> s       sb     )
     2.76410632E-07    2           4        -4   # BR(A -> c       cb     )
     2.76197844E-02    2           6        -6   # BR(A -> t       tb     )
     6.55093041E-06    2          21        21   # BR(A -> g       g      )
     1.06207575E-08    2          22        22   # BR(A -> gam     gam    )
     1.18642862E-08    2          23        22   # BR(A -> Z       gam    )
     1.48095658E-06    2          23        25   # BR(A -> Z       h      )
     1.68819291E-03    2     1000024  -1000024   # BR(A -> ~chi_1+ ~chi_1-)
     1.56589363E-04    2     1000037  -1000037   # BR(A -> ~chi_2+ ~chi_2-)
     2.70487324E-01    2     1000024  -1000037   # BR(A -> ~chi_1+ ~chi_2-)
     2.70487324E-01    2     1000037  -1000024   # BR(A -> ~chi_2+ ~chi_1-)
     1.14881986E-03    2     1000022   1000022   # BR(A -> ~chi_10 ~chi_10)
     2.45559265E-04    2     1000023   1000023   # BR(A -> ~chi_20 ~chi_20)
     7.80068592E-05    2     1000025   1000025   # BR(A -> ~chi_30 ~chi_30)
     7.85544304E-05    2     1000035   1000035   # BR(A -> ~chi_40 ~chi_40)
     2.86745577E-05    2     1000022   1000023   # BR(A -> ~chi_10 ~chi_20)
     4.93760205E-02    2     1000022   1000025   # BR(A -> ~chi_10 ~chi_30)
     1.66352405E-01    2     1000022   1000035   # BR(A -> ~chi_10 ~chi_40)
     3.16840536E-02    2     1000023   1000025   # BR(A -> ~chi_20 ~chi_30)
     1.04694244E-01    2     1000023   1000035   # BR(A -> ~chi_20 ~chi_40)
     2.21737863E-04    2     1000025   1000035   # BR(A -> ~chi_30 ~chi_40)
#
#         PDG            Width
DECAY        37     1.42918621E+02   # H+ decays
#          BR         NDA      ID1       ID2
     9.90326716E-05    2           4        -5   # BR(H+ -> c       bb     )
     1.28263451E-02    2         -15        16   # BR(H+ -> tau+    nu_tau )
     4.53405918E-05    2         -13        14   # BR(H+ -> mu+     nu_mu  )
     6.33806305E-07    2           2        -5   # BR(H+ -> u       bb     )
     2.29863987E-06    2           2        -3   # BR(H+ -> u       sb     )
     4.75431838E-05    2           4        -3   # BR(H+ -> c       sb     )
     8.91866424E-02    2           6        -5   # BR(H+ -> t       bb     )
     1.48316013E-06    2          24        25   # BR(H+ -> W+      h      )
     2.54430325E-15    2          24        36   # BR(H+ -> W+      A      )
     1.24476344E-05    2     1000024   1000022   # BR(H+ -> ~chi_1+ ~chi_10)
     1.23995076E-04    2     1000024   1000023   # BR(H+ -> ~chi_1+ ~chi_20)
     8.33898843E-02    2     1000024   1000025   # BR(H+ -> ~chi_1+ ~chi_30)
     2.70914171E-01    2     1000024   1000035   # BR(H+ -> ~chi_1+ ~chi_40)
     2.73860416E-01    2     1000037   1000022   # BR(H+ -> ~chi_2+ ~chi_10)
     2.69217436E-01    2     1000037   1000023   # BR(H+ -> ~chi_2+ ~chi_20)
     2.72330947E-04    2     1000037   1000025   # BR(H+ -> ~chi_2+ ~chi_30)
     1.72921968E-10    2     1000037   1000035   # BR(H+ -> ~chi_2+ ~chi_40)

