#
#                              ======================
#                              | THE SUSYHIT OUTPUT |
#                              ======================
#
#
#              ------------------------------------------------------
#              |     This is the output of the SUSY-HIT package     |
#              |  created by A.Djouadi, M.Muehlleitner and M.Spira. |
#              |  In case of problems with SUSY-HIT email to        |
#              |           margarete.muehlleitner@kit.edu           |
#              |           michael.spira@psi.ch                     |
#              |           abdelhak.djouadi@cern.ch                 |
#              ------------------------------------------------------
#
#              ------------------------------------------------------
#              |  SUSY Les Houches Accord - MSSM Spectrum + Decays  |
#              |              based on the decay programs           |
#              |                                                    |
#              |                     SDECAY 1.5                     |
#              |                                                    |
#              |  Authors: M.Muhlleitner, A.Djouadi and Y.Mambrini  |
#              |  Ref.:    Comput.Phys.Commun.168(2005)46           |
#              |           [hep-ph/0311167]                         |
#              |                                                    |
#              |                     HDECAY 3.4                     |
#              |                                                    |
#              |  By: A.Djouadi,J.Kalinowski,M.Muhlleitner,M.Spira  |
#              |  Ref.:    Comput.Phys.Commun.108(1998)56           |
#              |           [hep-ph/9704448]                         |
#              |                                                    |
#              |                                                    |
#              |  If not stated otherwise all DRbar couplings and   |
#              |  soft SUSY breaking masses are given at the scale  |
#              |  Q=  0.10000821E+05
#              |                                                    |
#              ------------------------------------------------------
#
#
BLOCK DCINFO  # Decay Program information
     1   SDECAY/HDECAY # decay calculator
     2   1.5  /3.4    # version number
#
BLOCK SPINFO  # Spectrum calculator information
     1   SuSpect     # RGE +Spectrum calculator            
     2   2.43         # version number                     
#
BLOCK MODSEL  # Model selection
     1     0   # #general MSSM low scale                           
#
BLOCK SMINPUTS  # Standard Model inputs
         1     1.27934000E+02   # alpha_em^-1(M_Z)^MSbar
         2     1.16639000E-05   # G_F [GeV^-2]
         3     1.17200000E-01   # alpha_S(M_Z)^MSbar
         4     9.11870000E+01   # M_Z pole mass
         5     4.25000000E+00   # mb(mb)^MSbar
         6     1.72500000E+02   # mt pole mass
         7     1.77710000E+00   # mtau pole mass
#
BLOCK MINPAR  # Input parameters - minimal models
         1     1.00000000E+02   # 2                   
         3     1.00000000E+01   # tanbeta(mZ)         
         4     1.00000000E+00   # sign(mu)            
#
BLOCK EXTPAR  # Input parameters - non-minimal models
         0     1.00008210E+04   # EWSB                
         1     1.20000000E+03   # M_1                 
         2     2.40000000E+03   # M_2                 
         3     1.00000000E+04   # M_3                 
        11    -1.00000000E+02   # A_t                 
        12    -1.00000000E+02   # A_b                 
        13    -2.51737263E+02   # A_tau               
        14    -6.77437438E+02   # A_u                 
        15    -8.59633345E+02   # A_d                 
        16    -2.53493493E+02   # A_e                 
        23     1.20000000E+02   # mu(EWSB)            
        25     1.00000000E+01   # tanbeta(in)         
        26     1.00000000E+04   # MA_pole             
        31     1.00000000E+04   # M_eL                
        32     1.00000000E+04   # M_muL               
        33     1.00000000E+04   # M_tauL              
        34     1.00000000E+04   # M_eR                
        35     1.00000000E+04   # M_muR               
        36     1.00000000E+04   # M_tauR              
        41     1.00000000E+04   # M_q1L               
        42     1.00000000E+04   # M_q2L               
        43     1.00000000E+04   # M_q3L               
        44     1.00000000E+04   # M_uR                
        45     1.00000000E+04   # M_cR                
        46     1.00000000E+04   # M_tR                
        47     1.00000000E+04   # M_dR                
        48     1.00000000E+04   # M_sR                
        49     1.00000000E+04   # M_bR                
#
BLOCK MASS  # Mass Spectrum
# PDG code           mass       particle
        24     8.04937982E+01   # W+
        25     1.25614994E+02   # h
        35     1.00000502E+04   # H
        36     1.00000000E+04   # A
        37     1.00007749E+04   # H+
         5     4.87884274E+00   # b-quark pole mass calculated from mb(mb)_Msbar
   1000001     1.03038398E+04   # ~d_L
   2000001     1.03037149E+04   # ~d_R
   1000002     1.03035584E+04   # ~u_L
   2000002     1.03036205E+04   # ~u_R
   1000003     1.03038398E+04   # ~s_L
   2000003     1.03037149E+04   # ~s_R
   1000004     1.03035584E+04   # ~c_L
   2000004     1.03036205E+04   # ~c_R
   1000005     1.03036277E+04   # ~b_1
   2000005     1.03039275E+04   # ~b_2
   1000006     1.01876873E+04   # ~t_1
   2000006     1.03085246E+04   # ~t_2
   1000011     1.00000963E+04   # ~e_L
   2000011     1.00000973E+04   # ~e_R
   1000012     9.99980640E+03   # ~nu_eL
   1000013     1.00000963E+04   # ~mu_L
   2000013     1.00000973E+04   # ~mu_R
   1000014     9.99980640E+03   # ~nu_muL
   1000015     9.99997658E+03   # ~tau_1
   2000015     1.00002173E+04   # ~tau_2
   1000016     9.99980640E+03   # ~nu_tauL
   1000021     1.05489415E+04   # ~g
   1000022     1.22920593E+02   # ~chi_10
   1000023    -1.27013790E+02   # ~chi_20
   1000025     1.19289067E+03   # ~chi_30
   1000035     2.53047100E+03   # ~chi_40
   1000024     1.24911552E+02   # ~chi_1+
   1000037     2.53047063E+03   # ~chi_2+
#
BLOCK NMIX  # Neutralino Mixing Matrix
  1  1     3.22350128E-02   # N_11
  1  2    -2.47172466E-02   # N_12
  1  3     7.12474120E-01   # N_13
  1  4    -7.00521656E-01   # N_14
  2  1     2.14484900E-02   # N_21
  2  2    -1.83838427E-02   # N_22
  2  3    -7.01637754E-01   # N_23
  2  4    -7.11973636E-01   # N_24
  3  1     9.99249624E-01   # N_31
  3  2     2.21917915E-03   # N_32
  3  3    -7.91862507E-03   # N_33
  3  4     3.78491611E-02   # N_34
  4  1     1.02693738E-03   # N_41
  4  2    -9.99522970E-01   # N_42
  4  3    -4.73143027E-03   # N_43
  4  4     3.05023225E-02   # N_44
#
BLOCK UMIX  # Chargino Mixing Matrix U
  1  1    -6.68617302E-03   # U_11
  1  2     9.99977647E-01   # U_12
  2  1     9.99977647E-01   # U_21
  2  2     6.68617302E-03   # U_22
#
BLOCK VMIX  # Chargino Mixing Matrix V
  1  1    -4.31305535E-02   # V_11
  1  2     9.99069445E-01   # V_12
  2  1     9.99069445E-01   # V_21
  2  2     4.31305535E-02   # V_22
#
BLOCK STOPMIX  # Stop Mixing Matrix
  1  1     3.87678684E-02   # cos(theta_t)
  1  2     9.99248244E-01   # sin(theta_t)
  2  1    -9.99248244E-01   # -sin(theta_t)
  2  2     3.87678684E-02   # cos(theta_t)
#
BLOCK SBOTMIX  # Sbottom Mixing Matrix
  1  1     5.40046392E-01   # cos(theta_b)
  1  2     8.41635250E-01   # sin(theta_b)
  2  1    -8.41635250E-01   # -sin(theta_b)
  2  2     5.40046392E-01   # cos(theta_b)
#
BLOCK STAUMIX  # Stau Mixing Matrix
  1  1     7.08497864E-01   # cos(theta_tau)
  1  2     7.05712956E-01   # sin(theta_tau)
  2  1    -7.05712956E-01   # -sin(theta_tau)
  2  2     7.08497864E-01   # cos(theta_tau)
#
BLOCK ALPHA  # Higgs mixing
          -1.05958183E-01   # Mixing angle in the neutral Higgs boson sector
#
BLOCK HMIX Q=  1.00008210E+04  # DRbar Higgs Parameters
         1     1.20000000E+02   # mu(Q)               
         2     9.40460358E+00   # tanbeta(Q)          
         3     2.42389137E+02   # vev(Q)              
         4     9.94566455E+07   # MA^2(Q)             
#
BLOCK GAUGE Q=  1.00008210E+04  # The gauge couplings
     1     3.68079587E-01   # gprime(Q) DRbar
     2     6.35457797E-01   # g(Q) DRbar
     3     9.55378832E-01   # g3(Q) DRbar
#
BLOCK AU Q=  1.00008210E+04  # The trilinear couplings
  1  1    -6.77437438E+02   # A_u(Q) DRbar
  2  2    -6.77437438E+02   # A_c(Q) DRbar
  3  3    -1.00000000E+02   # A_t(Q) DRbar
#
BLOCK AD Q=  1.00008210E+04  # The trilinear couplings
  1  1    -8.59633345E+02   # A_d(Q) DRbar
  2  2    -8.59633345E+02   # A_s(Q) DRbar
  3  3    -1.00000000E+02   # A_b(Q) DRbar
#
BLOCK AE Q=  1.00008210E+04  # The trilinear couplings
  1  1    -2.53493493E+02   # A_e(Q) DRbar
  2  2    -2.53493493E+02   # A_mu(Q) DRbar
  3  3    -2.51737263E+02   # A_tau(Q) DRbar
#
BLOCK Yu Q=  1.00008210E+04  # The Yukawa couplings
  1  1     0.00000000E+00   # y_u(Q) DRbar
  2  2     0.00000000E+00   # y_c(Q) DRbar
  3  3     7.94956926E-01   # y_t(Q) DRbar
#
BLOCK Yd Q=  1.00008210E+04  # The Yukawa couplings
  1  1     0.00000000E+00   # y_d(Q) DRbar
  2  2     0.00000000E+00   # y_s(Q) DRbar
  3  3     1.26154513E-01   # y_b(Q) DRbar
#
BLOCK Ye Q=  1.00008210E+04  # The Yukawa couplings
  1  1     0.00000000E+00   # y_e(Q) DRbar
  2  2     0.00000000E+00   # y_mu(Q) DRbar
  3  3     9.62412845E-02   # y_tau(Q) DRbar
#
BLOCK MSOFT Q=  1.00008210E+04  # The soft SUSY breaking masses at the scale Q
         1     1.20000000E+03   # M_1                 
         2     2.40000000E+03   # M_2                 
         3     1.00000000E+04   # M_3                 
        14    -6.77437438E+02   # A_u                 
        15    -8.59633345E+02   # A_d                 
        16    -2.53493493E+02   # A_e                 
        21     9.86193832E+07   # M^2_Hd              
        22     3.41380660E+06   # M^2_Hu              
        31     1.00000000E+04   # M_eL                
        32     1.00000000E+04   # M_muL               
        33     1.00000000E+04   # M_tauL              
        34     1.00000000E+04   # M_eR                
        35     1.00000000E+04   # M_muR               
        36     1.00000000E+04   # M_tauR              
        41     1.00000000E+04   # M_q1L               
        42     1.00000000E+04   # M_q2L               
        43     1.00000000E+04   # M_q3L               
        44     1.00000000E+04   # M_uR                
        45     1.00000000E+04   # M_cR                
        46     1.00000000E+04   # M_tR                
        47     1.00000000E+04   # M_dR                
        48     1.00000000E+04   # M_sR                
        49     1.00000000E+04   # M_bR                
#
#
#
#                             =================
#                             |The decay table|
#                             =================
#
# - The QCD corrections to the decays gluino -> squark  + quark
#                                     squark -> gaugino + quark_prime
#                                     squark -> squark_prime + Higgs
#                                     squark -> gluino  + quark
#   are included.
#
# - The multi-body decays for the inos, stops and sbottoms are included.
#
# - The loop induced decays for the gluino, neutralinos and stops
#   are included.
#
# - The SUSY decays of the top quark are included.
#
#
#         PDG            Width
DECAY         6     1.39760130E+00   # top decays
#          BR         NDA      ID1       ID2
     1.00000000E+00    2           5        24   # BR(t ->  b    W+)
#
#         PDG            Width
DECAY   1000021     5.01271884E+00   # gluino decays
#          BR         NDA      ID1       ID2
     3.99891221E-02    2     1000001        -1   # BR(~g -> ~d_L  db)
     3.99891221E-02    2    -1000001         1   # BR(~g -> ~d_L* d )
     4.00294087E-02    2     2000001        -1   # BR(~g -> ~d_R  db)
     4.00294087E-02    2    -2000001         1   # BR(~g -> ~d_R* d )
     4.00799157E-02    2     1000002        -2   # BR(~g -> ~u_L  ub)
     4.00799157E-02    2    -1000002         2   # BR(~g -> ~u_L* u )
     4.00598705E-02    2     2000002        -2   # BR(~g -> ~u_R  ub)
     4.00598705E-02    2    -2000002         2   # BR(~g -> ~u_R* u )
     3.99891221E-02    2     1000003        -3   # BR(~g -> ~s_L  sb)
     3.99891221E-02    2    -1000003         3   # BR(~g -> ~s_L* s )
     4.00294087E-02    2     2000003        -3   # BR(~g -> ~s_R  sb)
     4.00294087E-02    2    -2000003         3   # BR(~g -> ~s_R* s )
     4.00799157E-02    2     1000004        -4   # BR(~g -> ~c_L  cb)
     4.00799157E-02    2    -1000004         4   # BR(~g -> ~c_L* c )
     4.00598705E-02    2     2000004        -4   # BR(~g -> ~c_R  cb)
     4.00598705E-02    2    -2000004         4   # BR(~g -> ~c_R* c )
     3.93310631E-02    2     1000005        -5   # BR(~g -> ~b_1  bb)
     3.93310631E-02    2    -1000005         5   # BR(~g -> ~b_1* b )
     4.06774731E-02    2     2000005        -5   # BR(~g -> ~b_2  bb)
     4.06774731E-02    2    -2000005         5   # BR(~g -> ~b_2* b )
     6.95660450E-02    2     1000006        -6   # BR(~g -> ~t_1  tb)
     6.95660450E-02    2    -1000006         6   # BR(~g -> ~t_1* t )
     3.01087848E-02    2     2000006        -6   # BR(~g -> ~t_2  tb)
     3.01087848E-02    2    -2000006         6   # BR(~g -> ~t_2* t )
#
#         PDG            Width
DECAY   1000006     2.73409637E+02   # stop1 decays
#          BR         NDA      ID1       ID2
     2.25974607E-01    2     1000022         6   # BR(~t_1 -> ~chi_10 t )
     2.33019056E-01    2     1000023         6   # BR(~t_1 -> ~chi_20 t )
     8.37790907E-02    2     1000025         6   # BR(~t_1 -> ~chi_30 t )
    -1.21347620E-04    2     1000035         6   # BR(~t_1 -> ~chi_40 t )
     4.57593271E-01    2     1000024         5   # BR(~t_1 -> ~chi_1+ b )
    -2.44676952E-04    2     1000037         5   # BR(~t_1 -> ~chi_2+ b )
#
#         PDG            Width
DECAY   2000006     2.37953883E+02   # stop2 decays
#          BR         NDA      ID1       ID2
     2.59605562E-01    2     1000022         6   # BR(~t_2 -> ~chi_10 t )
     2.68550655E-01    2     1000023         6   # BR(~t_2 -> ~chi_20 t )
     8.40057256E-03    2     1000025         6   # BR(~t_2 -> ~chi_30 t )
     1.50353698E-01    2     1000035         6   # BR(~t_2 -> ~chi_40 t )
     1.35214814E-02    2     1000024         5   # BR(~t_2 -> ~chi_1+ b )
     2.99569556E-01    2     1000037         5   # BR(~t_2 -> ~chi_2+ b )
    -1.52496601E-06    2     1000006        23   # BR(~t_2 -> ~t_1    Z )
#
#         PDG            Width
DECAY   1000005     1.17214778E+02   # sbottom1 decays
#          BR         NDA      ID1       ID2
     1.71600907E-02    2     1000022         5   # BR(~b_1 -> ~chi_10 b )
     1.12434761E-02    2     1000023         5   # BR(~b_1 -> ~chi_20 b )
     3.17131092E-02    2     1000025         5   # BR(~b_1 -> ~chi_30 b )
     1.40795916E-01    2     1000035         5   # BR(~b_1 -> ~chi_40 b )
     5.16432511E-01    2    -1000024         6   # BR(~b_1 -> ~chi_1- t )
     2.82661806E-01    2    -1000037         6   # BR(~b_1 -> ~chi_2- t )
    -6.90930405E-06    2     1000006       -24   # BR(~b_1 -> ~t_1    W-)
#
#         PDG            Width
DECAY   2000005     1.32731882E+02   # sbottom2 decays
#          BR         NDA      ID1       ID2
     9.54435140E-03    2     1000022         5   # BR(~b_2 -> ~chi_10 b )
     1.38716226E-02    2     1000023         5   # BR(~b_2 -> ~chi_20 b )
     2.65882640E-02    2     1000025         5   # BR(~b_2 -> ~chi_30 b )
     1.43305105E-01    2     1000035         5   # BR(~b_2 -> ~chi_40 b )
     5.18997256E-01    2    -1000024         6   # BR(~b_2 -> ~chi_1- t )
     2.87708499E-01    2    -1000037         6   # BR(~b_2 -> ~chi_2- t )
    -1.50974457E-05    2     1000006       -24   # BR(~b_2 -> ~t_1    W-)
#
#         PDG            Width
DECAY   1000002     1.08110312E+02   # sup_L decays
#          BR         NDA      ID1       ID2
     1.26845521E-04    2     1000022         2   # BR(~u_L -> ~chi_10 u)
     7.52345133E-05    2     1000023         2   # BR(~u_L -> ~chi_20 u)
     1.37776514E-02    2     1000025         2   # BR(~u_L -> ~chi_30 u)
     3.28325254E-01    2     1000035         2   # BR(~u_L -> ~chi_40 u)
     1.37987933E-03    2     1000024         1   # BR(~u_L -> ~chi_1+ d)
     6.56315135E-01    2     1000037         1   # BR(~u_L -> ~chi_2+ d)
#
#         PDG            Width
DECAY   2000002     2.33291703E+01   # sup_R decays
#          BR         NDA      ID1       ID2
     1.06526265E-03    2     1000022         2   # BR(~u_R -> ~chi_10 u)
     4.71616998E-04    2     1000023         2   # BR(~u_R -> ~chi_20 u)
     9.98462162E-01    2     1000025         2   # BR(~u_R -> ~chi_30 u)
     9.58378822E-07    2     1000035         2   # BR(~u_R -> ~chi_40 u)
#
#         PDG            Width
DECAY   1000001     1.08095108E+02   # sdown_L decays
#          BR         NDA      ID1       ID2
     3.55129684E-04    2     1000022         1   # BR(~d_L -> ~chi_10 d)
     1.88209867E-04    2     1000023         1   # BR(~d_L -> ~chi_20 d)
     1.31602619E-02    2     1000025         1   # BR(~d_L -> ~chi_30 d)
     3.28642006E-01    2     1000035         1   # BR(~d_L -> ~chi_40 d)
     3.31663277E-05    2    -1000024         2   # BR(~d_L -> ~chi_1- u)
     6.57621226E-01    2    -1000037         2   # BR(~d_L -> ~chi_2- u)
#
#         PDG            Width
DECAY   2000001     5.83234070E+00   # sdown_R decays
#          BR         NDA      ID1       ID2
     1.06526212E-03    2     1000022         1   # BR(~d_R -> ~chi_10 d)
     4.71616764E-04    2     1000023         1   # BR(~d_R -> ~chi_20 d)
     9.98462163E-01    2     1000025         1   # BR(~d_R -> ~chi_30 d)
     9.58380608E-07    2     1000035         1   # BR(~d_R -> ~chi_40 d)
#
#         PDG            Width
DECAY   1000004     1.08110312E+02   # scharm_L decays
#          BR         NDA      ID1       ID2
     1.26845521E-04    2     1000022         4   # BR(~c_L -> ~chi_10 c)
     7.52345133E-05    2     1000023         4   # BR(~c_L -> ~chi_20 c)
     1.37776514E-02    2     1000025         4   # BR(~c_L -> ~chi_30 c)
     3.28325254E-01    2     1000035         4   # BR(~c_L -> ~chi_40 c)
     1.37987933E-03    2     1000024         3   # BR(~c_L -> ~chi_1+ s)
     6.56315135E-01    2     1000037         3   # BR(~c_L -> ~chi_2+ s)
#
#         PDG            Width
DECAY   2000004     2.33291703E+01   # scharm_R decays
#          BR         NDA      ID1       ID2
     1.06526265E-03    2     1000022         4   # BR(~c_R -> ~chi_10 c)
     4.71616998E-04    2     1000023         4   # BR(~c_R -> ~chi_20 c)
     9.98462162E-01    2     1000025         4   # BR(~c_R -> ~chi_30 c)
     9.58378822E-07    2     1000035         4   # BR(~c_R -> ~chi_40 c)
#
#         PDG            Width
DECAY   1000003     1.08095108E+02   # sstrange_L decays
#          BR         NDA      ID1       ID2
     3.55129684E-04    2     1000022         3   # BR(~s_L -> ~chi_10 s)
     1.88209867E-04    2     1000023         3   # BR(~s_L -> ~chi_20 s)
     1.31602619E-02    2     1000025         3   # BR(~s_L -> ~chi_30 s)
     3.28642006E-01    2     1000035         3   # BR(~s_L -> ~chi_40 s)
     3.31663277E-05    2    -1000024         4   # BR(~s_L -> ~chi_1- c)
     6.57621226E-01    2    -1000037         4   # BR(~s_L -> ~chi_2- c)
#
#         PDG            Width
DECAY   2000003     5.83234070E+00   # sstrange_R decays
#          BR         NDA      ID1       ID2
     1.06526212E-03    2     1000022         3   # BR(~s_R -> ~chi_10 s)
     4.71616764E-04    2     1000023         3   # BR(~s_R -> ~chi_20 s)
     9.98462163E-01    2     1000025         3   # BR(~s_R -> ~chi_30 s)
     9.58380608E-07    2     1000035         3   # BR(~s_R -> ~chi_40 s)
#
#         PDG            Width
DECAY   1000011     1.18670133E+02   # selectron_L decays
#          BR         NDA      ID1       ID2
     1.23675128E-05    2     1000022        11   # BR(~e_L -> ~chi_10 e-)
     1.20200488E-05    2     1000023        11   # BR(~e_L -> ~chi_20 e-)
     1.11037528E-01    2     1000025        11   # BR(~e_L -> ~chi_30 e-)
     2.95887888E-01    2     1000035        11   # BR(~e_L -> ~chi_40 e-)
     3.02542237E-05    2    -1000024        12   # BR(~e_L -> ~chi_1- nu_e)
     5.93019942E-01    2    -1000037        12   # BR(~e_L -> ~chi_2- nu_e)
#
#         PDG            Width
DECAY   2000011     5.23863396E+01   # selectron_R decays
#          BR         NDA      ID1       ID2
     1.06894221E-03    2     1000022        11   # BR(~e_R -> ~chi_10 e-)
     4.73241791E-04    2     1000023        11   # BR(~e_R -> ~chi_20 e-)
     9.98456865E-01    2     1000025        11   # BR(~e_R -> ~chi_30 e-)
     9.50692539E-07    2     1000035        11   # BR(~e_R -> ~chi_40 e-)
#
#         PDG            Width
DECAY   1000013     1.18670133E+02   # smuon_L decays
#          BR         NDA      ID1       ID2
     1.23675128E-05    2     1000022        13   # BR(~mu_L -> ~chi_10 mu-)
     1.20200488E-05    2     1000023        13   # BR(~mu_L -> ~chi_20 mu-)
     1.11037528E-01    2     1000025        13   # BR(~mu_L -> ~chi_30 mu-)
     2.95887888E-01    2     1000035        13   # BR(~mu_L -> ~chi_40 mu-)
     3.02542237E-05    2    -1000024        14   # BR(~mu_L -> ~chi_1- nu_mu)
     5.93019942E-01    2    -1000037        14   # BR(~mu_L -> ~chi_2- nu_mu)
#
#         PDG            Width
DECAY   2000013     5.23863396E+01   # smuon_R decays
#          BR         NDA      ID1       ID2
     1.06894221E-03    2     1000022        13   # BR(~mu_R -> ~chi_10 mu-)
     4.73241791E-04    2     1000023        13   # BR(~mu_R -> ~chi_20 mu-)
     9.98456865E-01    2     1000025        13   # BR(~mu_R -> ~chi_30 mu-)
     9.50692539E-07    2     1000035        13   # BR(~mu_R -> ~chi_40 mu-)
#
#         PDG            Width
DECAY   1000015     8.84343883E+01   # stau_1 decays
#          BR         NDA      ID1       ID2
     1.39040395E-02    2     1000022        15   # BR(~tau_1 -> ~chi_10  tau-)
     8.30012575E-03    2     1000023        15   # BR(~tau_1 -> ~chi_20  tau-)
     3.68937599E-01    2     1000025        15   # BR(~tau_1 -> ~chi_30  tau-)
     1.98902261E-01    2     1000035        15   # BR(~tau_1 -> ~chi_40  tau-)
     1.13136092E-02    2    -1000024        16   # BR(~tau_1 -> ~chi_1-  nu_tau)
     3.98642365E-01    2    -1000037        16   # BR(~tau_1 -> ~chi_2-  nu_tau)
#
#         PDG            Width
DECAY   2000015     8.81484664E+01   # stau_2 decays
#          BR         NDA      ID1       ID2
     7.91945310E-03    2     1000022        15   # BR(~tau_2 -> ~chi_10  tau-)
     1.25462787E-02    2     1000023        15   # BR(~tau_2 -> ~chi_20  tau-)
     3.72732442E-01    2     1000025        15   # BR(~tau_2 -> ~chi_30  tau-)
     1.98793968E-01    2     1000035        15   # BR(~tau_2 -> ~chi_40  tau-)
     9.58757169E-03    2    -1000024        16   # BR(~tau_2 -> ~chi_1-  nu_tau)
     3.98420287E-01    2    -1000037        16   # BR(~tau_2 -> ~chi_2-  nu_tau)
#
#         PDG            Width
DECAY   1000012     1.18677824E+02   # snu_eL decays
#          BR         NDA      ID1       ID2
     6.36973984E-04    2     1000022        12   # BR(~nu_eL -> ~chi_10 nu_e)
     3.21122106E-04    2     1000023        12   # BR(~nu_eL -> ~chi_20 nu_e)
     1.09337157E-01    2     1000025        12   # BR(~nu_eL -> ~chi_30 nu_e)
     2.96562913E-01    2     1000035        12   # BR(~nu_eL -> ~chi_40 nu_e)
     1.25880978E-03    2     1000024        11   # BR(~nu_eL -> ~chi_1+ e-)
     5.91883025E-01    2     1000037        11   # BR(~nu_eL -> ~chi_2+ e-)
#
#         PDG            Width
DECAY   1000014     1.18677824E+02   # snu_muL decays
#          BR         NDA      ID1       ID2
     6.36973984E-04    2     1000022        14   # BR(~nu_muL -> ~chi_10 nu_mu)
     3.21122106E-04    2     1000023        14   # BR(~nu_muL -> ~chi_20 nu_mu)
     1.09337157E-01    2     1000025        14   # BR(~nu_muL -> ~chi_30 nu_mu)
     2.96562913E-01    2     1000035        14   # BR(~nu_muL -> ~chi_40 nu_mu)
     1.25880978E-03    2     1000024        13   # BR(~nu_muL -> ~chi_1+ mu-)
     5.91883025E-01    2     1000037        13   # BR(~nu_muL -> ~chi_2+ mu-)
#
#         PDG            Width
DECAY   1000016     1.20519900E+02   # snu_tauL decays
#          BR         NDA      ID1       ID2
     6.27238211E-04    2     1000022        16   # BR(~nu_tauL -> ~chi_10 nu_tau)
     3.16213943E-04    2     1000023        16   # BR(~nu_tauL -> ~chi_20 nu_tau)
     1.07666002E-01    2     1000025        16   # BR(~nu_tauL -> ~chi_30 nu_tau)
     2.92030123E-01    2     1000035        16   # BR(~nu_tauL -> ~chi_40 nu_tau)
     1.65233121E-02    2     1000024        15   # BR(~nu_tauL -> ~chi_1+ tau-)
     5.82837111E-01    2     1000037        15   # BR(~nu_tauL -> ~chi_2+ tau-)
#
#         PDG            Width
DECAY   1000024     3.19034741E-11   # chargino1+ decays
#           BR         NDA      ID1       ID2       ID3
     3.74891007E-01    3     1000022         2        -1   # BR(~chi_1+ -> ~chi_10 u    db)
     3.74891007E-01    3     1000022         4        -3   # BR(~chi_1+ -> ~chi_10 c    sb)
     1.24963676E-01    3     1000022       -11        12   # BR(~chi_1+ -> ~chi_10 e+   nu_e)
     1.24963676E-01    3     1000022       -13        14   # BR(~chi_1+ -> ~chi_10 mu+  nu_mu)
     2.90633650E-04    3     1000022       -15        16   # BR(~chi_1+ -> ~chi_10 tau+ nu_tau)
#
#         PDG            Width
DECAY   1000037     1.95732566E+01   # chargino2+ decays
#          BR         NDA      ID1       ID2
     2.51998859E-01    2     1000024        23   # BR(~chi_2+ -> ~chi_1+  Z )
     2.37866940E-01    2     1000022        24   # BR(~chi_2+ -> ~chi_10  W+)
     2.45537313E-01    2     1000023        24   # BR(~chi_2+ -> ~chi_20  W+)
     1.41673756E-03    2     1000025        24   # BR(~chi_2+ -> ~chi_30  W+)
     2.63180151E-01    2     1000024        25   # BR(~chi_2+ -> ~chi_1+  h )
#
#         PDG            Width
DECAY   1000022     0.00000000E+00   # neutralino1 decays
#
#         PDG            Width
DECAY   1000023     1.09145809E-09   # neutralino2 decays
#          BR         NDA      ID1       ID2
     9.59502128E-02    2     1000022        22   # BR(~chi_20 -> ~chi_10 gam)
#           BR         NDA      ID1       ID2       ID3
     1.17674470E-01    3     1000022        -2         2   # BR(~chi_20 -> ~chi_10 ub      u)
     1.53044890E-01    3     1000022        -1         1   # BR(~chi_20 -> ~chi_10 db      d)
     1.17674470E-01    3     1000022        -4         4   # BR(~chi_20 -> ~chi_10 cb      c)
     1.53044890E-01    3     1000022        -3         3   # BR(~chi_20 -> ~chi_10 sb      s)
     3.53721350E-02    3     1000022       -11        11   # BR(~chi_20 -> ~chi_10 e+      e-)
     3.53721350E-02    3     1000022       -13        13   # BR(~chi_20 -> ~chi_10 mu+     mu-)
     2.94609362E-03    3     1000022       -15        15   # BR(~chi_20 -> ~chi_10 tau+    tau-)
     7.07425936E-02    3     1000022       -12        12   # BR(~chi_20 -> ~chi_10 nu_eb   nu_e)
     7.07425936E-02    3     1000022       -14        14   # BR(~chi_20 -> ~chi_10 nu_mub  nu_mu)
     7.07425936E-02    3     1000022       -16        16   # BR(~chi_20 -> ~chi_10 nu_taub nu_tau)
     1.43657841E-02    3     1000024        -2         1   # BR(~chi_20 -> ~chi_1+ ub      d)
     1.43657841E-02    3    -1000024        -1         2   # BR(~chi_20 -> ~chi_1- db      u)
     1.43657841E-02    3     1000024        -4         3   # BR(~chi_20 -> ~chi_1+ cb      s)
     1.43657841E-02    3    -1000024        -3         4   # BR(~chi_20 -> ~chi_1- sb      c)
     4.78859496E-03    3     1000024       -12        11   # BR(~chi_20 -> ~chi_1+ nu_eb   e-)
     4.78859496E-03    3    -1000024        12       -11   # BR(~chi_20 -> ~chi_1- nu_e    e+)
     4.78859496E-03    3     1000024       -14        13   # BR(~chi_20 -> ~chi_1+ nu_mub  mu-)
     4.78859496E-03    3    -1000024        14       -13   # BR(~chi_20 -> ~chi_1- nu_mu   mu+)
     3.77024362E-05    3     1000024       -16        15   # BR(~chi_20 -> ~chi_1+ nu_taub tau-)
     3.77024362E-05    3    -1000024        16       -15   # BR(~chi_20 -> ~chi_1- nu_tau  tau+)
#
#         PDG            Width
DECAY   1000025     3.11720144E+00   # neutralino3 decays
#          BR         NDA      ID1       ID2
     7.43774787E-02    2     1000022        23   # BR(~chi_30 -> ~chi_10   Z )
     1.78637545E-01    2     1000023        23   # BR(~chi_30 -> ~chi_20   Z )
     2.45170295E-01    2     1000024       -24   # BR(~chi_30 -> ~chi_1+   W-)
     2.45170295E-01    2    -1000024        24   # BR(~chi_30 -> ~chi_1-   W+)
     1.78188843E-01    2     1000022        25   # BR(~chi_30 -> ~chi_10   h )
     7.84555433E-02    2     1000023        25   # BR(~chi_30 -> ~chi_20   h )
#
#         PDG            Width
DECAY   1000035     1.95728061E+01   # neutralino4 decays
#          BR         NDA      ID1       ID2
     8.59089862E-02    2     1000022        23   # BR(~chi_40 -> ~chi_10   Z )
     1.66061261E-01    2     1000023        23   # BR(~chi_40 -> ~chi_20   Z )
     1.57714817E-04    2     1000025        23   # BR(~chi_40 -> ~chi_30   Z )
     2.42508327E-01    2     1000024       -24   # BR(~chi_40 -> ~chi_1+   W-)
     2.42508327E-01    2    -1000024        24   # BR(~chi_40 -> ~chi_1-   W+)
     1.68375928E-01    2     1000022        25   # BR(~chi_40 -> ~chi_10   h )
     9.31042054E-02    2     1000023        25   # BR(~chi_40 -> ~chi_20   h )
     1.37525085E-03    2     1000025        25   # BR(~chi_40 -> ~chi_30   h )
#
#         PDG            Width
DECAY        25                NaN   # h decays
#          BR         NDA      ID1       ID2
                NaN    2           5        -5   # BR(h -> b       bb     )
                NaN    2         -15        15   # BR(h -> tau+    tau-   )
                NaN    2         -13        13   # BR(h -> mu+     mu-    )
                NaN    2           3        -3   # BR(h -> s       sb     )
                NaN    2           4        -4   # BR(h -> c       cb     )
                NaN    2           6        -6   # BR(h -> t       tb     )
                NaN    2          21        21   # BR(h -> g       g      )
                NaN    2          22        22   # BR(h -> gam     gam    )
                NaN    2          22        23   # BR(h -> Z       gam    )
                NaN    2          24       -24   # BR(h -> W+      W-     )
                NaN    2          23        23   # BR(h -> Z       Z      )
                NaN    2     1000024  -1000024   # BR(h -> ~chi_1+ ~chi_1-)
                NaN    2     1000037  -1000037   # BR(h -> ~chi_2+ ~chi_2-)
                NaN    2     1000024  -1000037   # BR(h -> ~chi_1+ ~chi_2-)
                NaN    2     1000037  -1000024   # BR(h -> ~chi_2+ ~chi_1-)
                NaN    2     1000022   1000022   # BR(h -> ~chi_10 ~chi_10)
                NaN    2     1000023   1000023   # BR(h -> ~chi_20 ~chi_20)
                NaN    2     1000025   1000025   # BR(h -> ~chi_30 ~chi_30)
                NaN    2     1000035   1000035   # BR(h -> ~chi_40 ~chi_40)
                NaN    2     1000022   1000023   # BR(h -> ~chi_10 ~chi_20)
                NaN    2     1000022   1000025   # BR(h -> ~chi_10 ~chi_30)
                NaN    2     1000022   1000035   # BR(h -> ~chi_10 ~chi_40)
                NaN    2     1000023   1000025   # BR(h -> ~chi_20 ~chi_30)
                NaN    2     1000023   1000035   # BR(h -> ~chi_20 ~chi_40)
                NaN    2     1000025   1000035   # BR(h -> ~chi_30 ~chi_40)
                NaN    2     1000002  -1000002   # BR(h -> ~u_L    ~u_L*  )
                NaN    2     2000002  -2000002   # BR(h -> ~u_R    ~u_R*  )
                NaN    2     1000004  -1000004   # BR(h -> ~c_L    ~c_L*  )
                NaN    2     2000004  -2000004   # BR(h -> ~c_R    ~c_R*  )
                NaN    2     1000006  -1000006   # BR(h -> ~t_1    ~t_1*  )
                NaN    2     2000006  -2000006   # BR(h -> ~t_2    ~t_2*  )
                NaN    2     1000006  -2000006   # BR(h -> ~t_1    ~t_2*  )
                NaN    2     2000006  -1000006   # BR(h -> ~t_2    ~t_1*  )
                NaN    2     1000001  -1000001   # BR(h -> ~d_L    ~d_L*  )
                NaN    2     2000001  -2000001   # BR(h -> ~d_R    ~d_R*  )
                NaN    2     1000003  -1000003   # BR(h -> ~s_L    ~s_L*  )
                NaN    2     2000003  -2000003   # BR(h -> ~s_R    ~s_R*  )
                NaN    2     1000005  -1000005   # BR(h -> ~b_1    ~b_1*  )
                NaN    2     2000005  -2000005   # BR(h -> ~b_2    ~b_2*  )
                NaN    2     1000005  -2000005   # BR(h -> ~b_1    ~b_2*  )
                NaN    2     2000005  -1000005   # BR(h -> ~b_2    ~b_1*  )
                NaN    2     1000011  -1000011   # BR(h -> ~e_L-   ~e_L+  )
                NaN    2     2000011  -2000011   # BR(h -> ~e_R-   ~e_R+  )
                NaN    2     1000013  -1000013   # BR(h -> ~mu_L-  ~mu_L+ )
                NaN    2     2000013  -2000013   # BR(h -> ~mu_R-  ~mu_R+ )
                NaN    2     1000015  -1000015   # BR(h -> ~tau_1- ~tau_1+)
                NaN    2     2000015  -2000015   # BR(h -> ~tau_2- ~tau_2+)
                NaN    2     1000015  -2000015   # BR(h -> ~tau_1- ~tau_2+)
                NaN    2     2000015  -1000015   # BR(h -> ~tau_2- ~tau_1+)
                NaN    2     1000012  -1000012   # BR(h -> ~nu_eL  ~nu_eL*   )
                NaN    2     1000014  -1000014   # BR(h -> ~nu_muL ~nu_muL*  )
                NaN    2     1000016  -1000016   # BR(h -> ~nu_tauL ~nu_tauL*)
#
#         PDG            Width
DECAY        35                NaN   # H decays
#          BR         NDA      ID1       ID2
                NaN    2           5        -5   # BR(H -> b       bb     )
                NaN    2         -15        15   # BR(H -> tau+    tau-   )
                NaN    2         -13        13   # BR(H -> mu+     mu-    )
                NaN    2           3        -3   # BR(H -> s       sb     )
                NaN    2           4        -4   # BR(H -> c       cb     )
                NaN    2           6        -6   # BR(H -> t       tb     )
                NaN    2          21        21   # BR(H -> g       g      )
                NaN    2          22        22   # BR(H -> gam     gam    )
                NaN    2          23        22   # BR(H -> Z       gam    )
                NaN    2          24       -24   # BR(H -> W+      W-     )
                NaN    2          23        23   # BR(H -> Z       Z      )
                NaN    2          25        25   # BR(H -> h       h      )
                NaN    2          36        36   # BR(H -> A       A      )
                NaN    2          23        36   # BR(H -> Z       A      )
                NaN    2          24       -37   # BR(H -> W+      H-     )
                NaN    2         -24        37   # BR(H -> W-      H+     )
                NaN    2     1000024  -1000024   # BR(H -> ~chi_1+ ~chi_1-)
                NaN    2     1000037  -1000037   # BR(H -> ~chi_2+ ~chi_2-)
                NaN    2     1000024  -1000037   # BR(H -> ~chi_1+ ~chi_2-)
                NaN    2     1000037  -1000024   # BR(H -> ~chi_2+ ~chi_1-)
                NaN    2     1000022   1000022   # BR(H -> ~chi_10 ~chi_10)
                NaN    2     1000023   1000023   # BR(H -> ~chi_20 ~chi_20)
                NaN    2     1000025   1000025   # BR(H -> ~chi_30 ~chi_30)
                NaN    2     1000035   1000035   # BR(H -> ~chi_40 ~chi_40)
                NaN    2     1000022   1000023   # BR(H -> ~chi_10 ~chi_20)
                NaN    2     1000022   1000025   # BR(H -> ~chi_10 ~chi_30)
                NaN    2     1000022   1000035   # BR(H -> ~chi_10 ~chi_40)
                NaN    2     1000023   1000025   # BR(H -> ~chi_20 ~chi_30)
                NaN    2     1000023   1000035   # BR(H -> ~chi_20 ~chi_40)
                NaN    2     1000025   1000035   # BR(H -> ~chi_30 ~chi_40)
                NaN    2     1000002  -1000002   # BR(H -> ~u_L    ~u_L*  )
                NaN    2     2000002  -2000002   # BR(H -> ~u_R    ~u_R*  )
                NaN    2     1000004  -1000004   # BR(H -> ~c_L    ~c_L*  )
                NaN    2     2000004  -2000004   # BR(H -> ~c_R    ~c_R*  )
                NaN    2     1000006  -1000006   # BR(H -> ~t_1    ~t_1*  )
                NaN    2     2000006  -2000006   # BR(H -> ~t_2    ~t_2*  )
                NaN    2     1000006  -2000006   # BR(H -> ~t_1    ~t_2*  )
                NaN    2     2000006  -1000006   # BR(H -> ~t_2    ~t_1*  )
                NaN    2     1000001  -1000001   # BR(H -> ~d_L    ~d_L*  )
                NaN    2     2000001  -2000001   # BR(H -> ~d_R    ~d_R*  )
                NaN    2     1000003  -1000003   # BR(H -> ~s_L    ~s_L*  )
                NaN    2     2000003  -2000003   # BR(H -> ~s_R    ~s_R*  )
                NaN    2     1000005  -1000005   # BR(H -> ~b_1    ~b_1*  )
                NaN    2     2000005  -2000005   # BR(H -> ~b_2    ~b_2*  )
                NaN    2     1000005  -2000005   # BR(H -> ~b_1    ~b_2*  )
                NaN    2     2000005  -1000005   # BR(H -> ~b_2    ~b_1*  )
                NaN    2     1000011  -1000011   # BR(H -> ~e_L-   ~e_L+  )
                NaN    2     2000011  -2000011   # BR(H -> ~e_R-   ~e_R+  )
                NaN    2     1000013  -1000013   # BR(H -> ~mu_L-  ~mu_L+ )
                NaN    2     2000013  -2000013   # BR(H -> ~mu_R-  ~mu_R+ )
                NaN    2     1000015  -1000015   # BR(H -> ~tau_1- ~tau_1+)
                NaN    2     2000015  -2000015   # BR(H -> ~tau_2- ~tau_2+)
                NaN    2     1000015  -2000015   # BR(H -> ~tau_1- ~tau_2+)
                NaN    2     2000015  -1000015   # BR(H -> ~tau_2- ~tau_1+)
                NaN    2     1000012  -1000012   # BR(H -> ~nu_eL  ~nu_eL*   )
                NaN    2     1000014  -1000014   # BR(H -> ~nu_muL ~nu_muL*  )
                NaN    2     1000016  -1000016   # BR(H -> ~nu_tauL ~nu_tauL*)
#
#         PDG            Width
DECAY        36     1.38399989E+02   # A decays
#          BR         NDA      ID1       ID2
     6.49401569E-02    2           5        -5   # BR(A -> b       bb     )
     1.32460858E-02    2         -15        15   # BR(A -> tau+    tau-   )
     4.68243574E-05    2         -13        13   # BR(A -> mu+     mu-    )
     4.94787675E-05    2           3        -3   # BR(A -> s       sb     )
     2.85734752E-07    2           4        -4   # BR(A -> c       cb     )
     2.85514787E-02    2           6        -6   # BR(A -> t       tb     )
     6.77226630E-06    2          21        21   # BR(A -> g       g      )
     1.36711315E-08    2          22        22   # BR(A -> gam     gam    )
     1.22721780E-08    2          23        22   # BR(A -> Z       gam    )
     1.51870681E-06    2          23        25   # BR(A -> Z       h      )
     1.16750312E-03    2     1000024  -1000024   # BR(A -> ~chi_1+ ~chi_1-)
     6.65180525E-05    2     1000037  -1000037   # BR(A -> ~chi_2+ ~chi_2-)
     2.68910872E-01    2     1000024  -1000037   # BR(A -> ~chi_1+ ~chi_2-)
     2.68910872E-01    2     1000037  -1000024   # BR(A -> ~chi_2+ ~chi_1-)
     6.59714787E-04    2     1000022   1000022   # BR(A -> ~chi_10 ~chi_10)
     2.11361216E-04    2     1000023   1000023   # BR(A -> ~chi_20 ~chi_20)
     2.36150596E-05    2     1000025   1000025   # BR(A -> ~chi_30 ~chi_30)
     3.33349575E-05    2     1000035   1000035   # BR(A -> ~chi_40 ~chi_40)
     2.31122548E-06    2     1000022   1000023   # BR(A -> ~chi_10 ~chi_20)
     5.13117149E-02    2     1000022   1000025   # BR(A -> ~chi_10 ~chi_30)
     1.65757184E-01    2     1000022   1000035   # BR(A -> ~chi_10 ~chi_40)
     3.24118254E-02    2     1000023   1000025   # BR(A -> ~chi_20 ~chi_30)
     1.03618804E-01    2     1000023   1000035   # BR(A -> ~chi_20 ~chi_40)
     7.17419028E-05    2     1000025   1000035   # BR(A -> ~chi_30 ~chi_40)
#
#         PDG            Width
DECAY        37     1.38236216E+02   # H+ decays
#          BR         NDA      ID1       ID2
     1.02588504E-04    2           4        -5   # BR(H+ -> c       bb     )
     1.32628065E-02    2         -15        16   # BR(H+ -> tau+    nu_tau )
     4.68834645E-05    2         -13        14   # BR(H+ -> mu+     nu_mu  )
     6.56563538E-07    2           2        -5   # BR(H+ -> u       bb     )
     2.37685910E-06    2           2        -3   # BR(H+ -> u       sb     )
     4.91609236E-05    2           4        -3   # BR(H+ -> c       sb     )
     9.23292017E-02    2           6        -5   # BR(H+ -> t       bb     )
     1.52094354E-06    2          24        25   # BR(H+ -> W+      h      )
     2.66078572E-15    2          24        36   # BR(H+ -> W+      A      )
     4.45817321E-06    2     1000024   1000022   # BR(H+ -> ~chi_1+ ~chi_10)
     6.08222479E-05    2     1000024   1000023   # BR(H+ -> ~chi_1+ ~chi_20)
     8.52751545E-02    2     1000024   1000025   # BR(H+ -> ~chi_1+ ~chi_30)
     2.69269389E-01    2     1000024   1000035   # BR(H+ -> ~chi_1+ ~chi_40)
     2.73815070E-01    2     1000037   1000022   # BR(H+ -> ~chi_2+ ~chi_10)
     2.65702520E-01    2     1000037   1000023   # BR(H+ -> ~chi_2+ ~chi_20)
     7.73901751E-05    2     1000037   1000025   # BR(H+ -> ~chi_2+ ~chi_30)
     3.28539640E-11    2     1000037   1000035   # BR(H+ -> ~chi_2+ ~chi_40)

