#
#                              ======================
#                              | THE SUSYHIT OUTPUT |
#                              ======================
#
#
#              ------------------------------------------------------
#              |     This is the output of the SUSY-HIT package     |
#              |  created by A.Djouadi, M.Muehlleitner and M.Spira. |
#              |  In case of problems with SUSY-HIT email to        |
#              |           margarete.muehlleitner@kit.edu           |
#              |           michael.spira@psi.ch                     |
#              |           abdelhak.djouadi@cern.ch                 |
#              ------------------------------------------------------
#
#              ------------------------------------------------------
#              |  SUSY Les Houches Accord - MSSM Spectrum + Decays  |
#              |              based on the decay programs           |
#              |                                                    |
#              |                     SDECAY 1.5                     |
#              |                                                    |
#              |  Authors: M.Muhlleitner, A.Djouadi and Y.Mambrini  |
#              |  Ref.:    Comput.Phys.Commun.168(2005)46           |
#              |           [hep-ph/0311167]                         |
#              |                                                    |
#              |                     HDECAY 3.4                     |
#              |                                                    |
#              |  By: A.Djouadi,J.Kalinowski,M.Muhlleitner,M.Spira  |
#              |  Ref.:    Comput.Phys.Commun.108(1998)56           |
#              |           [hep-ph/9704448]                         |
#              |                                                    |
#              |                                                    |
#              |  If not stated otherwise all DRbar couplings and   |
#              |  soft SUSY breaking masses are given at the scale  |
#              |  Q=  0.10000821E+05
#              |                                                    |
#              ------------------------------------------------------
#
#
BLOCK DCINFO  # Decay Program information
     1   SDECAY/HDECAY # decay calculator
     2   1.5  /3.4    # version number
#
BLOCK SPINFO  # Spectrum calculator information
     1   SuSpect     # RGE +Spectrum calculator            
     2   2.43         # version number                     
#
BLOCK MODSEL  # Model selection
     1     0   # #general MSSM low scale                           
#
BLOCK SMINPUTS  # Standard Model inputs
         1     1.27934000E+02   # alpha_em^-1(M_Z)^MSbar
         2     1.16639000E-05   # G_F [GeV^-2]
         3     1.17200000E-01   # alpha_S(M_Z)^MSbar
         4     9.11870000E+01   # M_Z pole mass
         5     4.25000000E+00   # mb(mb)^MSbar
         6     1.72500000E+02   # mt pole mass
         7     1.77710000E+00   # mtau pole mass
#
BLOCK MINPAR  # Input parameters - minimal models
         1     1.00000000E+02   # 2                   
         3     1.00000000E+01   # tanbeta(mZ)         
         4     1.00000000E+00   # sign(mu)            
#
BLOCK EXTPAR  # Input parameters - non-minimal models
         0     1.00008214E+04   # EWSB                
         1     5.00000000E+02   # M_1                 
         2     1.00000000E+03   # M_2                 
         3     1.00000000E+04   # M_3                 
        11    -1.00000000E+02   # A_t                 
        12    -1.00000000E+02   # A_b                 
        13    -2.51737263E+02   # A_tau               
        14    -6.77437438E+02   # A_u                 
        15    -8.59633345E+02   # A_d                 
        16    -2.53493493E+02   # A_e                 
        23     2.00000000E+02   # mu(EWSB)            
        25     1.00000000E+01   # tanbeta(in)         
        26     1.00000000E+04   # MA_pole             
        31     1.00000000E+04   # M_eL                
        32     1.00000000E+04   # M_muL               
        33     1.00000000E+04   # M_tauL              
        34     1.00000000E+04   # M_eR                
        35     1.00000000E+04   # M_muR               
        36     1.00000000E+04   # M_tauR              
        41     1.00000000E+04   # M_q1L               
        42     1.00000000E+04   # M_q2L               
        43     1.00000000E+04   # M_q3L               
        44     1.00000000E+04   # M_uR                
        45     1.00000000E+04   # M_cR                
        46     1.00000000E+04   # M_tR                
        47     1.00000000E+04   # M_dR                
        48     1.00000000E+04   # M_sR                
        49     1.00000000E+04   # M_bR                
#
BLOCK MASS  # Mass Spectrum
# PDG code           mass       particle
        24     8.04856167E+01   # W+
        25     1.26371632E+02   # h
        35     1.00000503E+04   # H
        36     1.00000000E+04   # A
        37     1.00007705E+04   # H+
         5     4.87884274E+00   # b-quark pole mass calculated from mb(mb)_Msbar
   1000001     1.03038424E+04   # ~d_L
   2000001     1.03037177E+04   # ~d_R
   1000002     1.03035619E+04   # ~u_L
   2000002     1.03036241E+04   # ~u_R
   1000003     1.03038424E+04   # ~s_L
   2000003     1.03037177E+04   # ~s_R
   1000004     1.03035619E+04   # ~c_L
   2000004     1.03036241E+04   # ~c_R
   1000005     1.03035520E+04   # ~b_1
   2000005     1.03040086E+04   # ~b_2
   1000006     1.01867326E+04   # ~t_1
   2000006     1.03063301E+04   # ~t_2
   1000011     1.00000963E+04   # ~e_L
   2000011     1.00000965E+04   # ~e_R
   1000012     9.99980722E+03   # ~nu_eL
   1000013     1.00000963E+04   # ~mu_L
   2000013     1.00000965E+04   # ~mu_R
   1000014     9.99980722E+03   # ~nu_muL
   1000015     9.99991060E+03   # ~tau_1
   2000015     1.00002825E+04   # ~tau_2
   1000016     9.99980722E+03   # ~nu_tauL
   1000021     1.05489474E+04   # ~g
   1000022     2.00162388E+02   # ~chi_10
   1000023    -2.11133521E+02   # ~chi_20
   1000025     5.00670504E+02   # ~chi_30
   1000035     1.08243544E+03   # ~chi_40
   1000024     2.05898896E+02   # ~chi_1+
   1000037     1.08242986E+03   # ~chi_2+
#
BLOCK NMIX  # Neutralino Mixing Matrix
  1  1     1.14465128E-01   # N_11
  1  2    -6.67831924E-02   # N_12
  1  3     7.11903652E-01   # N_13
  1  4    -6.89660011E-01   # N_14
  2  1     3.98694825E-02   # N_21
  2  2    -3.78693206E-02   # N_22
  2  3    -6.99865975E-01   # N_23
  2  4    -7.12154447E-01   # N_24
  3  1     9.92609872E-01   # N_31
  3  2     1.50614518E-02   # N_32
  3  3    -5.38554197E-02   # N_33
  3  4     1.07695811E-01   # N_34
  4  1     5.81378904E-03   # N_41
  4  2    -9.96934839E-01   # N_42
  4  3    -2.19180728E-02   # N_43
  4  4     7.48780709E-02   # N_44
#
BLOCK UMIX  # Chargino Mixing Matrix U
  1  1    -3.09165109E-02   # U_11
  1  2     9.99521970E-01   # U_12
  2  1     9.99521970E-01   # U_21
  2  2     3.09165109E-02   # U_22
#
BLOCK VMIX  # Chargino Mixing Matrix V
  1  1    -1.05801510E-01   # V_11
  1  2     9.94387269E-01   # V_12
  2  1     9.94387269E-01   # V_21
  2  2     1.05801510E-01   # V_22
#
BLOCK STOPMIX  # Stop Mixing Matrix
  1  1     3.87757020E-02   # cos(theta_t)
  1  2     9.99247940E-01   # sin(theta_t)
  2  1    -9.99247940E-01   # -sin(theta_t)
  2  2     3.87757020E-02   # cos(theta_t)
#
BLOCK SBOTMIX  # Sbottom Mixing Matrix
  1  1     6.02921049E-01   # cos(theta_b)
  1  2     7.97800858E-01   # sin(theta_b)
  2  1    -7.97800858E-01   # -sin(theta_b)
  2  2     6.02921049E-01   # cos(theta_b)
#
BLOCK STAUMIX  # Stau Mixing Matrix
  1  1     7.07351022E-01   # cos(theta_tau)
  1  2     7.06862456E-01   # sin(theta_tau)
  2  1    -7.06862456E-01   # -sin(theta_tau)
  2  2     7.07351022E-01   # cos(theta_tau)
#
BLOCK ALPHA  # Higgs mixing
          -1.06001649E-01   # Mixing angle in the neutral Higgs boson sector
#
BLOCK HMIX Q=  1.00008214E+04  # DRbar Higgs Parameters
         1     2.00000000E+02   # mu(Q)               
         2     9.40075230E+00   # tanbeta(Q)          
         3     2.41513368E+02   # vev(Q)              
         4     9.93592028E+07   # MA^2(Q)             
#
BLOCK GAUGE Q=  1.00008214E+04  # The gauge couplings
     1     3.67977004E-01   # gprime(Q) DRbar
     2     6.36789046E-01   # g(Q) DRbar
     3     9.55383799E-01   # g3(Q) DRbar
#
BLOCK AU Q=  1.00008214E+04  # The trilinear couplings
  1  1    -6.77437438E+02   # A_u(Q) DRbar
  2  2    -6.77437438E+02   # A_c(Q) DRbar
  3  3    -1.00000000E+02   # A_t(Q) DRbar
#
BLOCK AD Q=  1.00008214E+04  # The trilinear couplings
  1  1    -8.59633345E+02   # A_d(Q) DRbar
  2  2    -8.59633345E+02   # A_s(Q) DRbar
  3  3    -1.00000000E+02   # A_b(Q) DRbar
#
BLOCK AE Q=  1.00008214E+04  # The trilinear couplings
  1  1    -2.53493493E+02   # A_e(Q) DRbar
  2  2    -2.53493493E+02   # A_mu(Q) DRbar
  3  3    -2.51737263E+02   # A_tau(Q) DRbar
#
BLOCK Yu Q=  1.00008214E+04  # The Yukawa couplings
  1  1     0.00000000E+00   # y_u(Q) DRbar
  2  2     0.00000000E+00   # y_c(Q) DRbar
  3  3     7.97874657E-01   # y_t(Q) DRbar
#
BLOCK Yd Q=  1.00008214E+04  # The Yukawa couplings
  1  1     0.00000000E+00   # y_d(Q) DRbar
  2  2     0.00000000E+00   # y_s(Q) DRbar
  3  3     1.26538675E-01   # y_b(Q) DRbar
#
BLOCK Ye Q=  1.00008214E+04  # The Yukawa couplings
  1  1     0.00000000E+00   # y_e(Q) DRbar
  2  2     0.00000000E+00   # y_mu(Q) DRbar
  3  3     9.65625903E-02   # y_tau(Q) DRbar
#
BLOCK MSOFT Q=  1.00008214E+04  # The soft SUSY breaking masses at the scale Q
         1     5.00000000E+02   # M_1                 
         2     1.00000000E+03   # M_2                 
         3     1.00000000E+04   # M_3                 
        14    -6.77437438E+02   # A_u                 
        15    -8.59633345E+02   # A_d                 
        16    -2.53493493E+02   # A_e                 
        21     9.86300197E+07   # M^2_Hd              
        22     3.53477456E+06   # M^2_Hu              
        31     1.00000000E+04   # M_eL                
        32     1.00000000E+04   # M_muL               
        33     1.00000000E+04   # M_tauL              
        34     1.00000000E+04   # M_eR                
        35     1.00000000E+04   # M_muR               
        36     1.00000000E+04   # M_tauR              
        41     1.00000000E+04   # M_q1L               
        42     1.00000000E+04   # M_q2L               
        43     1.00000000E+04   # M_q3L               
        44     1.00000000E+04   # M_uR                
        45     1.00000000E+04   # M_cR                
        46     1.00000000E+04   # M_tR                
        47     1.00000000E+04   # M_dR                
        48     1.00000000E+04   # M_sR                
        49     1.00000000E+04   # M_bR                
#
#
#
#                             =================
#                             |The decay table|
#                             =================
#
# - The QCD corrections to the decays gluino -> squark  + quark
#                                     squark -> gaugino + quark_prime
#                                     squark -> squark_prime + Higgs
#                                     squark -> gluino  + quark
#   are included.
#
# - The multi-body decays for the inos, stops and sbottoms are included.
#
# - The loop induced decays for the gluino, neutralinos and stops
#   are included.
#
# - The SUSY decays of the top quark are included.
#
#
#         PDG            Width
DECAY         6     1.40382085E+00   # top decays
#          BR         NDA      ID1       ID2
     1.00000000E+00    2           5        24   # BR(t ->  b    W+)
#
#         PDG            Width
DECAY   1000021     5.02501312E+00   # gluino decays
#          BR         NDA      ID1       ID2
     3.98924381E-02    2     1000001        -1   # BR(~g -> ~d_L  db)
     3.98924381E-02    2    -1000001         1   # BR(~g -> ~d_L* d )
     3.99325623E-02    2     2000001        -1   # BR(~g -> ~d_R  db)
     3.99325623E-02    2    -2000001         1   # BR(~g -> ~d_R* d )
     3.99827211E-02    2     1000002        -2   # BR(~g -> ~u_L  ub)
     3.99827211E-02    2    -1000002         2   # BR(~g -> ~u_L* u )
     3.99626925E-02    2     2000002        -2   # BR(~g -> ~u_R  ub)
     3.99626925E-02    2    -2000002         2   # BR(~g -> ~u_R* u )
     3.98924381E-02    2     1000003        -3   # BR(~g -> ~s_L  sb)
     3.98924381E-02    2    -1000003         3   # BR(~g -> ~s_L* s )
     3.99325623E-02    2     2000003        -3   # BR(~g -> ~s_R  sb)
     3.99325623E-02    2    -2000003         3   # BR(~g -> ~s_R* s )
     3.99827211E-02    2     1000004        -4   # BR(~g -> ~c_L  cb)
     3.99827211E-02    2    -1000004         4   # BR(~g -> ~c_L* c )
     3.99626925E-02    2     2000004        -4   # BR(~g -> ~c_R  cb)
     3.99626925E-02    2    -2000004         4   # BR(~g -> ~c_R* c )
     3.93164319E-02    2     1000005        -5   # BR(~g -> ~b_1  bb)
     3.93164319E-02    2    -1000005         5   # BR(~g -> ~b_1* b )
     4.04983230E-02    2     2000005        -5   # BR(~g -> ~b_2  bb)
     4.04983230E-02    2    -2000005         5   # BR(~g -> ~b_2* b )
     6.97901170E-02    2     1000006        -6   # BR(~g -> ~t_1  tb)
     6.97901170E-02    2    -1000006         6   # BR(~g -> ~t_1* t )
     3.08543000E-02    2     2000006        -6   # BR(~g -> ~t_2  tb)
     3.08543000E-02    2    -2000006         6   # BR(~g -> ~t_2* t )
#
#         PDG            Width
DECAY   1000006     2.75561011E+02   # stop1 decays
#          BR         NDA      ID1       ID2
     2.22305618E-01    2     1000022         6   # BR(~t_1 -> ~chi_10 t )
     2.33846629E-01    2     1000023         6   # BR(~t_1 -> ~chi_20 t )
     8.68524161E-02    2     1000025         6   # BR(~t_1 -> ~chi_30 t )
     2.09934158E-04    2     1000035         6   # BR(~t_1 -> ~chi_40 t )
     4.56365670E-01    2     1000024         5   # BR(~t_1 -> ~chi_1+ b )
     4.19732400E-04    2     1000037         5   # BR(~t_1 -> ~chi_2+ b )
#
#         PDG            Width
DECAY   2000006     2.50582976E+02   # stop2 decays
#          BR         NDA      ID1       ID2
     2.37995413E-01    2     1000022         6   # BR(~t_2 -> ~chi_10 t )
     2.55974354E-01    2     1000023         6   # BR(~t_2 -> ~chi_20 t )
     1.57779221E-02    2     1000025         6   # BR(~t_2 -> ~chi_30 t )
     1.61650982E-01    2     1000035         6   # BR(~t_2 -> ~chi_40 t )
     1.19131769E-02    2     1000024         5   # BR(~t_2 -> ~chi_1+ b )
     3.16689472E-01    2     1000037         5   # BR(~t_2 -> ~chi_2+ b )
    -1.31975614E-06    2     1000006        23   # BR(~t_2 -> ~t_1    Z )
#
#         PDG            Width
DECAY   1000005     1.17743503E+02   # sbottom1 decays
#          BR         NDA      ID1       ID2
     2.45415637E-02    2     1000022         5   # BR(~b_1 -> ~chi_10 b )
     9.54455619E-03    2     1000023         5   # BR(~b_1 -> ~chi_20 b )
     2.95948776E-02    2     1000025         5   # BR(~b_1 -> ~chi_30 b )
     1.45795223E-01    2     1000035         5   # BR(~b_1 -> ~chi_40 b )
     4.92704688E-01    2    -1000024         6   # BR(~b_1 -> ~chi_1- t )
     2.97828078E-01    2    -1000037         6   # BR(~b_1 -> ~chi_2- t )
    -8.98669487E-06    2     1000006       -24   # BR(~b_1 -> ~t_1    W-)
#
#         PDG            Width
DECAY   2000005     1.45015227E+02   # sbottom2 decays
#          BR         NDA      ID1       ID2
     5.19149220E-03    2     1000022         5   # BR(~b_2 -> ~chi_10 b )
     1.45272842E-02    2     1000023         5   # BR(~b_2 -> ~chi_20 b )
     2.51303756E-02    2     1000025         5   # BR(~b_2 -> ~chi_30 b )
     1.52680074E-01    2     1000035         5   # BR(~b_2 -> ~chi_40 b )
     4.90763344E-01    2    -1000024         6   # BR(~b_2 -> ~chi_1- t )
     3.11720548E-01    2    -1000037         6   # BR(~b_2 -> ~chi_2- t )
    -1.31184153E-05    2     1000006       -24   # BR(~b_2 -> ~t_1    W-)
#
#         PDG            Width
DECAY   1000002     1.19882018E+02   # sup_L decays
#          BR         NDA      ID1       ID2
     6.71929949E-04    2     1000022         2   # BR(~u_L -> ~chi_10 u)
     3.05999173E-04    2     1000023         2   # BR(~u_L -> ~chi_20 u)
     1.42353539E-02    2     1000025         2   # BR(~u_L -> ~chi_30 u)
     3.26380060E-01    2     1000035         2   # BR(~u_L -> ~chi_40 u)
     7.51678979E-03    2     1000024         1   # BR(~u_L -> ~chi_1+ d)
     6.50889867E-01    2     1000037         1   # BR(~u_L -> ~chi_2+ d)
#
#         PDG            Width
DECAY   2000002     2.38148501E+01   # sup_R decays
#          BR         NDA      ID1       ID2
     1.31466645E-02    2     1000022         2   # BR(~u_R -> ~chi_10 u)
     1.59485906E-03    2     1000023         2   # BR(~u_R -> ~chi_20 u)
     9.85225232E-01    2     1000025         2   # BR(~u_R -> ~chi_30 u)
     3.32445943E-05    2     1000035         2   # BR(~u_R -> ~chi_40 u)
#
#         PDG            Width
DECAY   1000001     1.19866700E+02   # sdown_L decays
#          BR         NDA      ID1       ID2
     2.64992447E-03    2     1000022         1   # BR(~d_L -> ~chi_10 d)
     6.96672553E-04    2     1000023         1   # BR(~d_L -> ~chi_20 d)
     1.03825692E-02    2     1000025         1   # BR(~d_L -> ~chi_30 d)
     3.27899702E-01    2     1000035         1   # BR(~d_L -> ~chi_40 d)
     6.41941038E-04    2    -1000024         2   # BR(~d_L -> ~chi_1- u)
     6.57729191E-01    2    -1000037         2   # BR(~d_L -> ~chi_2- u)
#
#         PDG            Width
DECAY   2000001     5.95375878E+00   # sdown_R decays
#          BR         NDA      ID1       ID2
     1.31466636E-02    2     1000022         1   # BR(~d_R -> ~chi_10 d)
     1.59485895E-03    2     1000023         1   # BR(~d_R -> ~chi_20 d)
     9.85225233E-01    2     1000025         1   # BR(~d_R -> ~chi_30 d)
     3.32446050E-05    2     1000035         1   # BR(~d_R -> ~chi_40 d)
#
#         PDG            Width
DECAY   1000004     1.19882018E+02   # scharm_L decays
#          BR         NDA      ID1       ID2
     6.71929949E-04    2     1000022         4   # BR(~c_L -> ~chi_10 c)
     3.05999173E-04    2     1000023         4   # BR(~c_L -> ~chi_20 c)
     1.42353539E-02    2     1000025         4   # BR(~c_L -> ~chi_30 c)
     3.26380060E-01    2     1000035         4   # BR(~c_L -> ~chi_40 c)
     7.51678979E-03    2     1000024         3   # BR(~c_L -> ~chi_1+ s)
     6.50889867E-01    2     1000037         3   # BR(~c_L -> ~chi_2+ s)
#
#         PDG            Width
DECAY   2000004     2.38148501E+01   # scharm_R decays
#          BR         NDA      ID1       ID2
     1.31466645E-02    2     1000022         4   # BR(~c_R -> ~chi_10 c)
     1.59485906E-03    2     1000023         4   # BR(~c_R -> ~chi_20 c)
     9.85225232E-01    2     1000025         4   # BR(~c_R -> ~chi_30 c)
     3.32445943E-05    2     1000035         4   # BR(~c_R -> ~chi_40 c)
#
#         PDG            Width
DECAY   1000003     1.19866700E+02   # sstrange_L decays
#          BR         NDA      ID1       ID2
     2.64992447E-03    2     1000022         3   # BR(~s_L -> ~chi_10 s)
     6.96672553E-04    2     1000023         3   # BR(~s_L -> ~chi_20 s)
     1.03825692E-02    2     1000025         3   # BR(~s_L -> ~chi_30 s)
     3.27899702E-01    2     1000035         3   # BR(~s_L -> ~chi_40 s)
     6.41941038E-04    2    -1000024         4   # BR(~s_L -> ~chi_1- c)
     6.57729191E-01    2    -1000037         4   # BR(~s_L -> ~chi_2- c)
#
#         PDG            Width
DECAY   2000003     5.95375878E+00   # sstrange_R decays
#          BR         NDA      ID1       ID2
     1.31466636E-02    2     1000022         3   # BR(~s_R -> ~chi_10 s)
     1.59485895E-03    2     1000023         3   # BR(~s_R -> ~chi_20 s)
     9.85225233E-01    2     1000025         3   # BR(~s_R -> ~chi_30 s)
     3.32446050E-05    2     1000035         3   # BR(~s_R -> ~chi_40 s)
#
#         PDG            Width
DECAY   1000011     1.31602887E+02   # selectron_L decays
#          BR         NDA      ID1       ID2
     1.24658374E-07    2     1000022        11   # BR(~e_L -> ~chi_10 e-)
     6.73499785E-05    2     1000023        11   # BR(~e_L -> ~chi_20 e-)
     1.05674609E-01    2     1000025        11   # BR(~e_L -> ~chi_30 e-)
     2.95525368E-01    2     1000035        11   # BR(~e_L -> ~chi_40 e-)
     5.85426970E-04    2    -1000024        12   # BR(~e_L -> ~chi_1- nu_e)
     5.98147121E-01    2    -1000037        12   # BR(~e_L -> ~chi_2- nu_e)
#
#         PDG            Width
DECAY   2000011     5.36108059E+01   # selectron_R decays
#          BR         NDA      ID1       ID2
     1.31568429E-02    2     1000022        11   # BR(~e_R -> ~chi_10 e-)
     1.59605289E-03    2     1000023        11   # BR(~e_R -> ~chi_20 e-)
     9.85213927E-01    2     1000025        11   # BR(~e_R -> ~chi_30 e-)
     3.31768412E-05    2     1000035        11   # BR(~e_R -> ~chi_40 e-)
#
#         PDG            Width
DECAY   1000013     1.31602887E+02   # smuon_L decays
#          BR         NDA      ID1       ID2
     1.24658374E-07    2     1000022        13   # BR(~mu_L -> ~chi_10 mu-)
     6.73499785E-05    2     1000023        13   # BR(~mu_L -> ~chi_20 mu-)
     1.05674609E-01    2     1000025        13   # BR(~mu_L -> ~chi_30 mu-)
     2.95525368E-01    2     1000035        13   # BR(~mu_L -> ~chi_40 mu-)
     5.85426970E-04    2    -1000024        14   # BR(~mu_L -> ~chi_1- nu_mu)
     5.98147121E-01    2    -1000037        14   # BR(~mu_L -> ~chi_2- nu_mu)
#
#         PDG            Width
DECAY   2000013     5.36108059E+01   # smuon_R decays
#          BR         NDA      ID1       ID2
     1.31568429E-02    2     1000022        13   # BR(~mu_R -> ~chi_10 mu-)
     1.59605289E-03    2     1000023        13   # BR(~mu_R -> ~chi_20 mu-)
     9.85213927E-01    2     1000025        13   # BR(~mu_R -> ~chi_30 mu-)
     3.31768412E-05    2     1000035        13   # BR(~mu_R -> ~chi_40 mu-)
#
#         PDG            Width
DECAY   1000015     9.54258081E+01   # stau_1 decays
#          BR         NDA      ID1       ID2
     2.21083324E-02    2     1000022        15   # BR(~tau_1 -> ~chi_10  tau-)
     6.14700532E-03    2     1000023        15   # BR(~tau_1 -> ~chi_20  tau-)
     3.46818969E-01    2     1000025        15   # BR(~tau_1 -> ~chi_30  tau-)
     2.01995451E-01    2     1000035        15   # BR(~tau_1 -> ~chi_40  tau-)
     1.40573592E-02    2    -1000024        16   # BR(~tau_1 -> ~chi_1-  nu_tau)
     4.08872883E-01    2    -1000037        16   # BR(~tau_1 -> ~chi_2-  nu_tau)
#
#         PDG            Width
DECAY   2000015     9.53481591E+01   # stau_2 decays
#          BR         NDA      ID1       ID2
     4.97545206E-03    2     1000022        15   # BR(~tau_2 -> ~chi_10  tau-)
     1.38804244E-02    2     1000023        15   # BR(~tau_2 -> ~chi_20  tau-)
     3.52816865E-01    2     1000025        15   # BR(~tau_2 -> ~chi_30  tau-)
     2.05771686E-01    2     1000035        15   # BR(~tau_2 -> ~chi_40  tau-)
     6.15938551E-03    2    -1000024        16   # BR(~tau_2 -> ~chi_1-  nu_tau)
     4.16396187E-01    2    -1000037        16   # BR(~tau_2 -> ~chi_2-  nu_tau)
#
#         PDG            Width
DECAY   1000012     1.31611152E+02   # snu_eL decays
#          BR         NDA      ID1       ID2
     5.41100126E-03    2     1000022        12   # BR(~nu_eL -> ~chi_10 nu_e)
     1.13594623E-03    2     1000023        12   # BR(~nu_eL -> ~chi_20 nu_e)
     9.51273131E-02    2     1000025        12   # BR(~nu_eL -> ~chi_30 nu_e)
     2.99508042E-01    2     1000035        12   # BR(~nu_eL -> ~chi_40 nu_e)
     6.85544509E-03    2     1000024        11   # BR(~nu_eL -> ~chi_1+ e-)
     5.91962252E-01    2     1000037        11   # BR(~nu_eL -> ~chi_2+ e-)
#
#         PDG            Width
DECAY   1000014     1.31611152E+02   # snu_muL decays
#          BR         NDA      ID1       ID2
     5.41100126E-03    2     1000022        14   # BR(~nu_muL -> ~chi_10 nu_mu)
     1.13594623E-03    2     1000023        14   # BR(~nu_muL -> ~chi_20 nu_mu)
     9.51273131E-02    2     1000025        14   # BR(~nu_muL -> ~chi_30 nu_mu)
     2.99508042E-01    2     1000035        14   # BR(~nu_muL -> ~chi_40 nu_mu)
     6.85544509E-03    2     1000024        13   # BR(~nu_muL -> ~chi_1+ mu-)
     5.91962252E-01    2     1000037        13   # BR(~nu_muL -> ~chi_2+ mu-)
#
#         PDG            Width
DECAY   1000016     1.33464526E+02   # snu_tauL decays
#          BR         NDA      ID1       ID2
     5.33586064E-03    2     1000022        16   # BR(~nu_tauL -> ~chi_10 nu_tau)
     1.12017175E-03    2     1000023        16   # BR(~nu_tauL -> ~chi_20 nu_tau)
     9.38063145E-02    2     1000025        16   # BR(~nu_tauL -> ~chi_30 nu_tau)
     2.95348882E-01    2     1000035        16   # BR(~nu_tauL -> ~chi_40 nu_tau)
     2.06337327E-02    2     1000024        15   # BR(~nu_tauL -> ~chi_1+ tau-)
     5.83755038E-01    2     1000037        15   # BR(~nu_tauL -> ~chi_2+ tau-)
#
#         PDG            Width
DECAY   1000024     6.75412199E-09   # chargino1+ decays
#           BR         NDA      ID1       ID2       ID3
     3.47538435E-01    3     1000022         2        -1   # BR(~chi_1+ -> ~chi_10 u    db)
     3.47538435E-01    3     1000022         4        -3   # BR(~chi_1+ -> ~chi_10 c    sb)
     1.15846194E-01    3     1000022       -11        12   # BR(~chi_1+ -> ~chi_10 e+   nu_e)
     1.15846194E-01    3     1000022       -13        14   # BR(~chi_1+ -> ~chi_10 mu+  nu_mu)
     7.32307406E-02    3     1000022       -15        16   # BR(~chi_1+ -> ~chi_10 tau+ nu_tau)
#
#         PDG            Width
DECAY   1000037     8.69907369E+00   # chargino2+ decays
#          BR         NDA      ID1       ID2
     2.52654912E-01    2     1000024        23   # BR(~chi_2+ -> ~chi_1+  Z )
     2.31392358E-01    2     1000022        24   # BR(~chi_2+ -> ~chi_10  W+)
     2.47041112E-01    2     1000023        24   # BR(~chi_2+ -> ~chi_20  W+)
     1.03908780E-02    2     1000025        24   # BR(~chi_2+ -> ~chi_30  W+)
     2.58520741E-01    2     1000024        25   # BR(~chi_2+ -> ~chi_1+  h )
#
#         PDG            Width
DECAY   1000022     0.00000000E+00   # neutralino1 decays
#
#         PDG            Width
DECAY   1000023     1.35974300E-07   # neutralino2 decays
#          BR         NDA      ID1       ID2
     1.33845853E-02    2     1000022        22   # BR(~chi_20 -> ~chi_10 gam)
#           BR         NDA      ID1       ID2       ID3
     1.26286243E-01    3     1000022        -2         2   # BR(~chi_20 -> ~chi_10 ub      u)
     1.64192074E-01    3     1000022        -1         1   # BR(~chi_20 -> ~chi_10 db      d)
     1.26286243E-01    3     1000022        -4         4   # BR(~chi_20 -> ~chi_10 cb      c)
     1.64192074E-01    3     1000022        -3         3   # BR(~chi_20 -> ~chi_10 sb      s)
     7.21304953E-03    3     1000022        -5         5   # BR(~chi_20 -> ~chi_10 bb      b)
     3.79060785E-02    3     1000022       -11        11   # BR(~chi_20 -> ~chi_10 e+      e-)
     3.79060785E-02    3     1000022       -13        13   # BR(~chi_20 -> ~chi_10 mu+     mu-)
     3.23708002E-02    3     1000022       -15        15   # BR(~chi_20 -> ~chi_10 tau+    tau-)
     7.58121576E-02    3     1000022       -12        12   # BR(~chi_20 -> ~chi_10 nu_eb   nu_e)
     7.58121576E-02    3     1000022       -14        14   # BR(~chi_20 -> ~chi_10 nu_mub  nu_mu)
     7.58121576E-02    3     1000022       -16        16   # BR(~chi_20 -> ~chi_10 nu_taub nu_tau)
     1.09882935E-02    3     1000024        -2         1   # BR(~chi_20 -> ~chi_1+ ub      d)
     1.09882935E-02    3    -1000024        -1         2   # BR(~chi_20 -> ~chi_1- db      u)
     1.09882935E-02    3     1000024        -4         3   # BR(~chi_20 -> ~chi_1+ cb      s)
     1.09882935E-02    3    -1000024        -3         4   # BR(~chi_20 -> ~chi_1- sb      c)
     3.66276555E-03    3     1000024       -12        11   # BR(~chi_20 -> ~chi_1+ nu_eb   e-)
     3.66276555E-03    3    -1000024        12       -11   # BR(~chi_20 -> ~chi_1- nu_e    e+)
     3.66276555E-03    3     1000024       -14        13   # BR(~chi_20 -> ~chi_1+ nu_mub  mu-)
     3.66276555E-03    3    -1000024        14       -13   # BR(~chi_20 -> ~chi_1- nu_mu   mu+)
     2.11103309E-03    3     1000024       -16        15   # BR(~chi_20 -> ~chi_1+ nu_taub tau-)
     2.11103309E-03    3    -1000024        16       -15   # BR(~chi_20 -> ~chi_1- nu_tau  tau+)
#
#         PDG            Width
DECAY   1000025     1.17718417E+00   # neutralino3 decays
#          BR         NDA      ID1       ID2
     2.90503230E-02    2     1000022        23   # BR(~chi_30 -> ~chi_10   Z )
     2.19665738E-01    2     1000023        23   # BR(~chi_30 -> ~chi_20   Z )
     2.62919028E-01    2     1000024       -24   # BR(~chi_30 -> ~chi_1+   W-)
     2.62919028E-01    2    -1000024        24   # BR(~chi_30 -> ~chi_1-   W+)
     2.05055986E-01    2     1000022        25   # BR(~chi_30 -> ~chi_10   h )
     2.03898988E-02    2     1000023        25   # BR(~chi_30 -> ~chi_20   h )
#
#         PDG            Width
DECAY   1000035     8.69792923E+00   # neutralino4 decays
#          BR         NDA      ID1       ID2
     5.56451255E-02    2     1000022        23   # BR(~chi_40 -> ~chi_10   Z )
     1.96192671E-01    2     1000023        23   # BR(~chi_40 -> ~chi_20   Z )
     1.11938769E-03    2     1000025        23   # BR(~chi_40 -> ~chi_30   Z )
     2.45046455E-01    2     1000024       -24   # BR(~chi_40 -> ~chi_1+   W-)
     2.45046455E-01    2    -1000024        24   # BR(~chi_40 -> ~chi_1-   W+)
     1.87277996E-01    2     1000022        25   # BR(~chi_40 -> ~chi_10   h )
     5.97804320E-02    2     1000023        25   # BR(~chi_40 -> ~chi_20   h )
     9.89147831E-03    2     1000025        25   # BR(~chi_40 -> ~chi_30   h )
#
#         PDG            Width
DECAY        25                NaN   # h decays
#          BR         NDA      ID1       ID2
                NaN    2           5        -5   # BR(h -> b       bb     )
                NaN    2         -15        15   # BR(h -> tau+    tau-   )
                NaN    2         -13        13   # BR(h -> mu+     mu-    )
                NaN    2           3        -3   # BR(h -> s       sb     )
                NaN    2           4        -4   # BR(h -> c       cb     )
                NaN    2           6        -6   # BR(h -> t       tb     )
                NaN    2          21        21   # BR(h -> g       g      )
                NaN    2          22        22   # BR(h -> gam     gam    )
                NaN    2          22        23   # BR(h -> Z       gam    )
                NaN    2          24       -24   # BR(h -> W+      W-     )
                NaN    2          23        23   # BR(h -> Z       Z      )
                NaN    2     1000024  -1000024   # BR(h -> ~chi_1+ ~chi_1-)
                NaN    2     1000037  -1000037   # BR(h -> ~chi_2+ ~chi_2-)
                NaN    2     1000024  -1000037   # BR(h -> ~chi_1+ ~chi_2-)
                NaN    2     1000037  -1000024   # BR(h -> ~chi_2+ ~chi_1-)
                NaN    2     1000022   1000022   # BR(h -> ~chi_10 ~chi_10)
                NaN    2     1000023   1000023   # BR(h -> ~chi_20 ~chi_20)
                NaN    2     1000025   1000025   # BR(h -> ~chi_30 ~chi_30)
                NaN    2     1000035   1000035   # BR(h -> ~chi_40 ~chi_40)
                NaN    2     1000022   1000023   # BR(h -> ~chi_10 ~chi_20)
                NaN    2     1000022   1000025   # BR(h -> ~chi_10 ~chi_30)
                NaN    2     1000022   1000035   # BR(h -> ~chi_10 ~chi_40)
                NaN    2     1000023   1000025   # BR(h -> ~chi_20 ~chi_30)
                NaN    2     1000023   1000035   # BR(h -> ~chi_20 ~chi_40)
                NaN    2     1000025   1000035   # BR(h -> ~chi_30 ~chi_40)
                NaN    2     1000002  -1000002   # BR(h -> ~u_L    ~u_L*  )
                NaN    2     2000002  -2000002   # BR(h -> ~u_R    ~u_R*  )
                NaN    2     1000004  -1000004   # BR(h -> ~c_L    ~c_L*  )
                NaN    2     2000004  -2000004   # BR(h -> ~c_R    ~c_R*  )
                NaN    2     1000006  -1000006   # BR(h -> ~t_1    ~t_1*  )
                NaN    2     2000006  -2000006   # BR(h -> ~t_2    ~t_2*  )
                NaN    2     1000006  -2000006   # BR(h -> ~t_1    ~t_2*  )
                NaN    2     2000006  -1000006   # BR(h -> ~t_2    ~t_1*  )
                NaN    2     1000001  -1000001   # BR(h -> ~d_L    ~d_L*  )
                NaN    2     2000001  -2000001   # BR(h -> ~d_R    ~d_R*  )
                NaN    2     1000003  -1000003   # BR(h -> ~s_L    ~s_L*  )
                NaN    2     2000003  -2000003   # BR(h -> ~s_R    ~s_R*  )
                NaN    2     1000005  -1000005   # BR(h -> ~b_1    ~b_1*  )
                NaN    2     2000005  -2000005   # BR(h -> ~b_2    ~b_2*  )
                NaN    2     1000005  -2000005   # BR(h -> ~b_1    ~b_2*  )
                NaN    2     2000005  -1000005   # BR(h -> ~b_2    ~b_1*  )
                NaN    2     1000011  -1000011   # BR(h -> ~e_L-   ~e_L+  )
                NaN    2     2000011  -2000011   # BR(h -> ~e_R-   ~e_R+  )
                NaN    2     1000013  -1000013   # BR(h -> ~mu_L-  ~mu_L+ )
                NaN    2     2000013  -2000013   # BR(h -> ~mu_R-  ~mu_R+ )
                NaN    2     1000015  -1000015   # BR(h -> ~tau_1- ~tau_1+)
                NaN    2     2000015  -2000015   # BR(h -> ~tau_2- ~tau_2+)
                NaN    2     1000015  -2000015   # BR(h -> ~tau_1- ~tau_2+)
                NaN    2     2000015  -1000015   # BR(h -> ~tau_2- ~tau_1+)
                NaN    2     1000012  -1000012   # BR(h -> ~nu_eL  ~nu_eL*   )
                NaN    2     1000014  -1000014   # BR(h -> ~nu_muL ~nu_muL*  )
                NaN    2     1000016  -1000016   # BR(h -> ~nu_tauL ~nu_tauL*)
#
#         PDG            Width
DECAY        35                NaN   # H decays
#          BR         NDA      ID1       ID2
                NaN    2           5        -5   # BR(H -> b       bb     )
                NaN    2         -15        15   # BR(H -> tau+    tau-   )
                NaN    2         -13        13   # BR(H -> mu+     mu-    )
                NaN    2           3        -3   # BR(H -> s       sb     )
                NaN    2           4        -4   # BR(H -> c       cb     )
                NaN    2           6        -6   # BR(H -> t       tb     )
                NaN    2          21        21   # BR(H -> g       g      )
                NaN    2          22        22   # BR(H -> gam     gam    )
                NaN    2          23        22   # BR(H -> Z       gam    )
                NaN    2          24       -24   # BR(H -> W+      W-     )
                NaN    2          23        23   # BR(H -> Z       Z      )
                NaN    2          25        25   # BR(H -> h       h      )
                NaN    2          36        36   # BR(H -> A       A      )
                NaN    2          23        36   # BR(H -> Z       A      )
                NaN    2          24       -37   # BR(H -> W+      H-     )
                NaN    2         -24        37   # BR(H -> W-      H+     )
                NaN    2     1000024  -1000024   # BR(H -> ~chi_1+ ~chi_1-)
                NaN    2     1000037  -1000037   # BR(H -> ~chi_2+ ~chi_2-)
                NaN    2     1000024  -1000037   # BR(H -> ~chi_1+ ~chi_2-)
                NaN    2     1000037  -1000024   # BR(H -> ~chi_2+ ~chi_1-)
                NaN    2     1000022   1000022   # BR(H -> ~chi_10 ~chi_10)
                NaN    2     1000023   1000023   # BR(H -> ~chi_20 ~chi_20)
                NaN    2     1000025   1000025   # BR(H -> ~chi_30 ~chi_30)
                NaN    2     1000035   1000035   # BR(H -> ~chi_40 ~chi_40)
                NaN    2     1000022   1000023   # BR(H -> ~chi_10 ~chi_20)
                NaN    2     1000022   1000025   # BR(H -> ~chi_10 ~chi_30)
                NaN    2     1000022   1000035   # BR(H -> ~chi_10 ~chi_40)
                NaN    2     1000023   1000025   # BR(H -> ~chi_20 ~chi_30)
                NaN    2     1000023   1000035   # BR(H -> ~chi_20 ~chi_40)
                NaN    2     1000025   1000035   # BR(H -> ~chi_30 ~chi_40)
                NaN    2     1000002  -1000002   # BR(H -> ~u_L    ~u_L*  )
                NaN    2     2000002  -2000002   # BR(H -> ~u_R    ~u_R*  )
                NaN    2     1000004  -1000004   # BR(H -> ~c_L    ~c_L*  )
                NaN    2     2000004  -2000004   # BR(H -> ~c_R    ~c_R*  )
                NaN    2     1000006  -1000006   # BR(H -> ~t_1    ~t_1*  )
                NaN    2     2000006  -2000006   # BR(H -> ~t_2    ~t_2*  )
                NaN    2     1000006  -2000006   # BR(H -> ~t_1    ~t_2*  )
                NaN    2     2000006  -1000006   # BR(H -> ~t_2    ~t_1*  )
                NaN    2     1000001  -1000001   # BR(H -> ~d_L    ~d_L*  )
                NaN    2     2000001  -2000001   # BR(H -> ~d_R    ~d_R*  )
                NaN    2     1000003  -1000003   # BR(H -> ~s_L    ~s_L*  )
                NaN    2     2000003  -2000003   # BR(H -> ~s_R    ~s_R*  )
                NaN    2     1000005  -1000005   # BR(H -> ~b_1    ~b_1*  )
                NaN    2     2000005  -2000005   # BR(H -> ~b_2    ~b_2*  )
                NaN    2     1000005  -2000005   # BR(H -> ~b_1    ~b_2*  )
                NaN    2     2000005  -1000005   # BR(H -> ~b_2    ~b_1*  )
                NaN    2     1000011  -1000011   # BR(H -> ~e_L-   ~e_L+  )
                NaN    2     2000011  -2000011   # BR(H -> ~e_R-   ~e_R+  )
                NaN    2     1000013  -1000013   # BR(H -> ~mu_L-  ~mu_L+ )
                NaN    2     2000013  -2000013   # BR(H -> ~mu_R-  ~mu_R+ )
                NaN    2     1000015  -1000015   # BR(H -> ~tau_1- ~tau_1+)
                NaN    2     2000015  -2000015   # BR(H -> ~tau_2- ~tau_2+)
                NaN    2     1000015  -2000015   # BR(H -> ~tau_1- ~tau_2+)
                NaN    2     2000015  -1000015   # BR(H -> ~tau_2- ~tau_1+)
                NaN    2     1000012  -1000012   # BR(H -> ~nu_eL  ~nu_eL*   )
                NaN    2     1000014  -1000014   # BR(H -> ~nu_muL ~nu_muL*  )
                NaN    2     1000016  -1000016   # BR(H -> ~nu_tauL ~nu_tauL*)
#
#         PDG            Width
DECAY        36     1.51377958E+02   # A decays
#          BR         NDA      ID1       ID2
     5.92857905E-02    2           5        -5   # BR(A -> b       bb     )
     1.21005528E-02    2         -15        15   # BR(A -> tau+    tau-   )
     4.27749462E-05    2         -13        13   # BR(A -> mu+     mu-    )
     4.51998171E-05    2           3        -3   # BR(A -> s       sb     )
     2.61452168E-07    2           4        -4   # BR(A -> c       cb     )
     2.61250896E-02    2           6        -6   # BR(A -> t       tb     )
     6.19497776E-06    2          21        21   # BR(A -> g       g      )
     1.04610501E-08    2          22        22   # BR(A -> gam     gam    )
     1.12059357E-08    2          23        22   # BR(A -> Z       gam    )
     1.43180394E-06    2          23        25   # BR(A -> Z       h      )
     6.59613515E-03    2     1000024  -1000024   # BR(A -> ~chi_1+ ~chi_1-)
     9.56202821E-04    2     1000037  -1000037   # BR(A -> ~chi_2+ ~chi_2-)
     2.70630813E-01    2     1000024  -1000037   # BR(A -> ~chi_1+ ~chi_2-)
     2.70630813E-01    2     1000037  -1000024   # BR(A -> ~chi_2+ ~chi_1-)
     5.58442134E-03    2     1000022   1000022   # BR(A -> ~chi_10 ~chi_10)
     7.55036449E-04    2     1000023   1000023   # BR(A -> ~chi_20 ~chi_20)
     6.21699911E-04    2     1000025   1000025   # BR(A -> ~chi_30 ~chi_30)
     4.84276818E-04    2     1000035   1000035   # BR(A -> ~chi_40 ~chi_40)
     3.07435173E-04    2     1000022   1000023   # BR(A -> ~chi_10 ~chi_20)
     4.31496553E-02    2     1000022   1000025   # BR(A -> ~chi_10 ~chi_30)
     1.66242227E-01    2     1000022   1000035   # BR(A -> ~chi_10 ~chi_40)
     2.89861437E-02    2     1000023   1000025   # BR(A -> ~chi_20 ~chi_30)
     1.05672813E-01    2     1000023   1000035   # BR(A -> ~chi_20 ~chi_40)
     1.77500915E-03    2     1000025   1000035   # BR(A -> ~chi_30 ~chi_40)
#
#         PDG            Width
DECAY        37     1.51207971E+02   # H+ decays
#          BR         NDA      ID1       ID2
     9.35976956E-05    2           4        -5   # BR(H+ -> c       bb     )
     1.21150895E-02    2         -15        16   # BR(H+ -> tau+    nu_tau )
     4.28263331E-05    2         -13        14   # BR(H+ -> mu+     nu_mu  )
     5.99022610E-07    2           2        -5   # BR(H+ -> u       bb     )
     2.17117413E-06    2           2        -3   # BR(H+ -> u       sb     )
     4.49071228E-05    2           4        -3   # BR(H+ -> c       sb     )
     8.43109009E-02    2           6        -5   # BR(H+ -> t       bb     )
     1.43382414E-06    2          24        25   # BR(H+ -> W+      h      )
     2.36426806E-15    2          24        36   # BR(H+ -> W+      A      )
     2.07646750E-04    2     1000024   1000022   # BR(H+ -> ~chi_1+ ~chi_10)
     6.44812401E-04    2     1000024   1000023   # BR(H+ -> ~chi_1+ ~chi_20)
     8.18147604E-02    2     1000024   1000025   # BR(H+ -> ~chi_1+ ~chi_30)
     2.71594076E-01    2     1000024   1000035   # BR(H+ -> ~chi_1+ ~chi_40)
     2.78022517E-01    2     1000037   1000022   # BR(H+ -> ~chi_2+ ~chi_10)
     2.68625309E-01    2     1000037   1000023   # BR(H+ -> ~chi_2+ ~chi_20)
     2.47933555E-03    2     1000037   1000025   # BR(H+ -> ~chi_2+ ~chi_30)
     1.74913673E-08    2     1000037   1000035   # BR(H+ -> ~chi_2+ ~chi_40)

