#
#                              ======================
#                              | THE SUSYHIT OUTPUT |
#                              ======================
#
#
#              ------------------------------------------------------
#              |     This is the output of the SUSY-HIT package     |
#              |  created by A.Djouadi, M.Muehlleitner and M.Spira. |
#              |  In case of problems with SUSY-HIT email to        |
#              |           margarete.muehlleitner@kit.edu           |
#              |           michael.spira@psi.ch                     |
#              |           abdelhak.djouadi@cern.ch                 |
#              ------------------------------------------------------
#
#              ------------------------------------------------------
#              |  SUSY Les Houches Accord - MSSM Spectrum + Decays  |
#              |              based on the decay programs           |
#              |                                                    |
#              |                     SDECAY 1.5                     |
#              |                                                    |
#              |  Authors: M.Muhlleitner, A.Djouadi and Y.Mambrini  |
#              |  Ref.:    Comput.Phys.Commun.168(2005)46           |
#              |           [hep-ph/0311167]                         |
#              |                                                    |
#              |                     HDECAY 3.4                     |
#              |                                                    |
#              |  By: A.Djouadi,J.Kalinowski,M.Muhlleitner,M.Spira  |
#              |  Ref.:    Comput.Phys.Commun.108(1998)56           |
#              |           [hep-ph/9704448]                         |
#              |                                                    |
#              |                                                    |
#              |  If not stated otherwise all DRbar couplings and   |
#              |  soft SUSY breaking masses are given at the scale  |
#              |  Q=  0.10000821E+05
#              |                                                    |
#              ------------------------------------------------------
#
#
BLOCK DCINFO  # Decay Program information
     1   SDECAY/HDECAY # decay calculator
     2   1.5  /3.4    # version number
#
BLOCK SPINFO  # Spectrum calculator information
     1   SuSpect     # RGE +Spectrum calculator            
     2   2.43         # version number                     
#
BLOCK MODSEL  # Model selection
     1     0   # #general MSSM low scale                           
#
BLOCK SMINPUTS  # Standard Model inputs
         1     1.27934000E+02   # alpha_em^-1(M_Z)^MSbar
         2     1.16639000E-05   # G_F [GeV^-2]
         3     1.17200000E-01   # alpha_S(M_Z)^MSbar
         4     9.11870000E+01   # M_Z pole mass
         5     4.25000000E+00   # mb(mb)^MSbar
         6     1.72500000E+02   # mt pole mass
         7     1.77710000E+00   # mtau pole mass
#
BLOCK MINPAR  # Input parameters - minimal models
         1     1.00000000E+02   # 2                   
         3     1.00000000E+01   # tanbeta(mZ)         
         4     1.00000000E+00   # sign(mu)            
#
BLOCK EXTPAR  # Input parameters - non-minimal models
         0     1.00008213E+04   # EWSB                
         1     1.20000000E+03   # M_1                 
         2     2.40000000E+03   # M_2                 
         3     1.00000000E+04   # M_3                 
        11    -1.00000000E+02   # A_t                 
        12    -1.00000000E+02   # A_b                 
        13    -2.51737263E+02   # A_tau               
        14    -6.77437438E+02   # A_u                 
        15    -8.59633345E+02   # A_d                 
        16    -2.53493493E+02   # A_e                 
        23     2.20000000E+02   # mu(EWSB)            
        25     1.00000000E+01   # tanbeta(in)         
        26     1.00000000E+04   # MA_pole             
        31     1.00000000E+04   # M_eL                
        32     1.00000000E+04   # M_muL               
        33     1.00000000E+04   # M_tauL              
        34     1.00000000E+04   # M_eR                
        35     1.00000000E+04   # M_muR               
        36     1.00000000E+04   # M_tauR              
        41     1.00000000E+04   # M_q1L               
        42     1.00000000E+04   # M_q2L               
        43     1.00000000E+04   # M_q3L               
        44     1.00000000E+04   # M_uR                
        45     1.00000000E+04   # M_cR                
        46     1.00000000E+04   # M_tR                
        47     1.00000000E+04   # M_dR                
        48     1.00000000E+04   # M_sR                
        49     1.00000000E+04   # M_bR                
#
BLOCK MASS  # Mass Spectrum
# PDG code           mass       particle
        24     8.04926981E+01   # W+
        25     1.25573197E+02   # h
        35     1.00000494E+04   # H
        36     1.00000000E+04   # A
        37     1.00007729E+04   # H+
         5     4.87884274E+00   # b-quark pole mass calculated from mb(mb)_Msbar
   1000001     1.03038387E+04   # ~d_L
   2000001     1.03037141E+04   # ~d_R
   1000002     1.03035579E+04   # ~u_L
   2000002     1.03036197E+04   # ~u_R
   1000003     1.03038387E+04   # ~s_L
   2000003     1.03037141E+04   # ~s_R
   1000004     1.03035579E+04   # ~c_L
   2000004     1.03036197E+04   # ~c_R
   1000005     1.03035281E+04   # ~b_1
   2000005     1.03040251E+04   # ~b_2
   1000006     1.01876928E+04   # ~t_1
   2000006     1.03084120E+04   # ~t_2
   1000011     1.00000960E+04   # ~e_L
   2000011     1.00000972E+04   # ~e_R
   1000012     9.99980673E+03   # ~nu_eL
   1000013     1.00000960E+04   # ~mu_L
   2000013     1.00000972E+04   # ~mu_R
   1000014     9.99980673E+03   # ~nu_muL
   1000015     9.99989433E+03   # ~tau_1
   2000015     1.00002992E+04   # ~tau_2
   1000016     9.99980673E+03   # ~nu_tauL
   1000021     1.05489398E+04   # ~g
   1000022     2.26358139E+02   # ~chi_10
   1000023    -2.30557503E+02   # ~chi_20
   1000025     1.19284602E+03   # ~chi_30
   1000035     2.52995037E+03   # ~chi_40
   1000024     2.28441395E+02   # ~chi_1+
   1000037     2.52994997E+03   # ~chi_2+
#
BLOCK NMIX  # Neutralino Mixing Matrix
  1  1     3.57861995E-02   # N_11
  1  2    -2.58766231E-02   # N_12
  1  3     7.09907056E-01   # N_13
  1  4    -7.02909468E-01   # N_14
  2  1     1.97999058E-02   # N_21
  2  2    -1.76030322E-02   # N_22
  2  3    -7.04176444E-01   # N_23
  2  4    -7.09530572E-01   # N_24
  3  1     9.99162764E-01   # N_31
  3  2     2.31688944E-03   # N_32
  3  3    -1.14655983E-02   # N_33
  3  4     3.92038761E-02   # N_34
  4  1     1.04089795E-03   # N_41
  4  2    -9.99507462E-01   # N_42
  4  3    -6.00387835E-03   # N_43
  4  4     3.07848066E-02   # N_44
#
BLOCK UMIX  # Chargino Mixing Matrix U
  1  1    -8.48534030E-03   # U_11
  1  2     9.99963999E-01   # U_12
  2  1     9.99963999E-01   # U_21
  2  2     8.48534030E-03   # U_22
#
BLOCK VMIX  # Chargino Mixing Matrix V
  1  1    -4.35295234E-02   # V_11
  1  2     9.99052141E-01   # V_12
  2  1     9.99052141E-01   # V_21
  2  2     4.35295234E-02   # V_22
#
BLOCK STOPMIX  # Stop Mixing Matrix
  1  1     3.92562966E-02   # cos(theta_t)
  1  2     9.99229175E-01   # sin(theta_t)
  2  1    -9.99229175E-01   # -sin(theta_t)
  2  2     3.92562966E-02   # cos(theta_t)
#
BLOCK SBOTMIX  # Sbottom Mixing Matrix
  1  1     6.12036821E-01   # cos(theta_b)
  1  2     7.90829267E-01   # sin(theta_b)
  2  1    -7.90829267E-01   # -sin(theta_b)
  2  2     6.12036821E-01   # cos(theta_b)
#
BLOCK STAUMIX  # Stau Mixing Matrix
  1  1     7.08160883E-01   # cos(theta_tau)
  1  2     7.06051106E-01   # sin(theta_tau)
  2  1    -7.06051106E-01   # -sin(theta_tau)
  2  2     7.08160883E-01   # cos(theta_tau)
#
BLOCK ALPHA  # Higgs mixing
          -1.05957577E-01   # Mixing angle in the neutral Higgs boson sector
#
BLOCK HMIX Q=  1.00008213E+04  # DRbar Higgs Parameters
         1     2.20000000E+02   # mu(Q)               
         2     9.40465983E+00   # tanbeta(Q)          
         3     2.42417139E+02   # vev(Q)              
         4     9.95301890E+07   # MA^2(Q)             
#
BLOCK GAUGE Q=  1.00008213E+04  # The gauge couplings
     1     3.67970866E-01   # gprime(Q) DRbar
     2     6.34699296E-01   # g(Q) DRbar
     3     9.55377549E-01   # g3(Q) DRbar
#
BLOCK AU Q=  1.00008213E+04  # The trilinear couplings
  1  1    -6.77437438E+02   # A_u(Q) DRbar
  2  2    -6.77437438E+02   # A_c(Q) DRbar
  3  3    -1.00000000E+02   # A_t(Q) DRbar
#
BLOCK AD Q=  1.00008213E+04  # The trilinear couplings
  1  1    -8.59633345E+02   # A_d(Q) DRbar
  2  2    -8.59633345E+02   # A_s(Q) DRbar
  3  3    -1.00000000E+02   # A_b(Q) DRbar
#
BLOCK AE Q=  1.00008213E+04  # The trilinear couplings
  1  1    -2.53493493E+02   # A_e(Q) DRbar
  2  2    -2.53493493E+02   # A_mu(Q) DRbar
  3  3    -2.51737263E+02   # A_tau(Q) DRbar
#
BLOCK Yu Q=  1.00008213E+04  # The Yukawa couplings
  1  1     0.00000000E+00   # y_u(Q) DRbar
  2  2     0.00000000E+00   # y_c(Q) DRbar
  3  3     7.94942826E-01   # y_t(Q) DRbar
#
BLOCK Yd Q=  1.00008213E+04  # The Yukawa couplings
  1  1     0.00000000E+00   # y_d(Q) DRbar
  2  2     0.00000000E+00   # y_s(Q) DRbar
  3  3     1.26099149E-01   # y_b(Q) DRbar
#
BLOCK Ye Q=  1.00008213E+04  # The Yukawa couplings
  1  1     0.00000000E+00   # y_e(Q) DRbar
  2  2     0.00000000E+00   # y_mu(Q) DRbar
  3  3     9.62621915E-02   # y_tau(Q) DRbar
#
BLOCK MSOFT Q=  1.00008213E+04  # The soft SUSY breaking masses at the scale Q
         1     1.20000000E+03   # M_1                 
         2     2.40000000E+03   # M_2                 
         3     1.00000000E+04   # M_3                 
        14    -6.77437438E+02   # A_u                 
        15    -8.59633345E+02   # A_d                 
        16    -2.53493493E+02   # A_e                 
        21     9.85891128E+07   # M^2_Hd              
        22     3.37908489E+06   # M^2_Hu              
        31     1.00000000E+04   # M_eL                
        32     1.00000000E+04   # M_muL               
        33     1.00000000E+04   # M_tauL              
        34     1.00000000E+04   # M_eR                
        35     1.00000000E+04   # M_muR               
        36     1.00000000E+04   # M_tauR              
        41     1.00000000E+04   # M_q1L               
        42     1.00000000E+04   # M_q2L               
        43     1.00000000E+04   # M_q3L               
        44     1.00000000E+04   # M_uR                
        45     1.00000000E+04   # M_cR                
        46     1.00000000E+04   # M_tR                
        47     1.00000000E+04   # M_dR                
        48     1.00000000E+04   # M_sR                
        49     1.00000000E+04   # M_bR                
#
#
#
#                             =================
#                             |The decay table|
#                             =================
#
# - The QCD corrections to the decays gluino -> squark  + quark
#                                     squark -> gaugino + quark_prime
#                                     squark -> squark_prime + Higgs
#                                     squark -> gluino  + quark
#   are included.
#
# - The multi-body decays for the inos, stops and sbottoms are included.
#
# - The loop induced decays for the gluino, neutralinos and stops
#   are included.
#
# - The SUSY decays of the top quark are included.
#
#
#         PDG            Width
DECAY         6     1.39431462E+00   # top decays
#          BR         NDA      ID1       ID2
     1.00000000E+00    2           5        24   # BR(t ->  b    W+)
#
#         PDG            Width
DECAY   1000021     5.01288373E+00   # gluino decays
#          BR         NDA      ID1       ID2
     3.99875067E-02    2     1000001        -1   # BR(~g -> ~d_L  db)
     3.99875067E-02    2    -1000001         1   # BR(~g -> ~d_L* d )
     4.00276949E-02    2     2000001        -1   # BR(~g -> ~d_R  db)
     4.00276949E-02    2    -2000001         1   # BR(~g -> ~d_R* d )
     4.00781031E-02    2     1000002        -2   # BR(~g -> ~u_L  ub)
     4.00781031E-02    2    -1000002         2   # BR(~g -> ~u_L* u )
     4.00581556E-02    2     2000002        -2   # BR(~g -> ~u_R  ub)
     4.00581556E-02    2    -2000002         2   # BR(~g -> ~u_R* u )
     3.99875067E-02    2     1000003        -3   # BR(~g -> ~s_L  sb)
     3.99875067E-02    2    -1000003         3   # BR(~g -> ~s_L* s )
     4.00276949E-02    2     2000003        -3   # BR(~g -> ~s_R  sb)
     4.00276949E-02    2    -2000003         3   # BR(~g -> ~s_R* s )
     4.00781031E-02    2     1000004        -4   # BR(~g -> ~c_L  cb)
     4.00781031E-02    2    -1000004         4   # BR(~g -> ~c_L* c )
     4.00581556E-02    2     2000004        -4   # BR(~g -> ~c_R  cb)
     4.00581556E-02    2    -2000004         4   # BR(~g -> ~c_R* c )
     3.94205124E-02    2     1000005        -5   # BR(~g -> ~b_1  bb)
     3.94205124E-02    2    -1000005         5   # BR(~g -> ~b_1* b )
     4.05843785E-02    2     2000005        -5   # BR(~g -> ~b_2  bb)
     4.05843785E-02    2    -2000005         5   # BR(~g -> ~b_2* b )
     6.95240097E-02    2     1000006        -6   # BR(~g -> ~t_1  tb)
     6.95240097E-02    2    -1000006         6   # BR(~g -> ~t_1* t )
     3.01681788E-02    2     2000006        -6   # BR(~g -> ~t_2  tb)
     3.01681788E-02    2    -2000006         6   # BR(~g -> ~t_2* t )
#
#         PDG            Width
DECAY   1000006     2.73206309E+02   # stop1 decays
#          BR         NDA      ID1       ID2
     2.27619580E-01    2     1000022         6   # BR(~t_1 -> ~chi_10 t )
     2.31386234E-01    2     1000023         6   # BR(~t_1 -> ~chi_20 t )
     8.37834584E-02    2     1000025         6   # BR(~t_1 -> ~chi_30 t )
    -1.21704389E-04    2     1000035         6   # BR(~t_1 -> ~chi_40 t )
     4.57577896E-01    2     1000024         5   # BR(~t_1 -> ~chi_1+ b )
    -2.45463614E-04    2     1000037         5   # BR(~t_1 -> ~chi_2+ b )
#
#         PDG            Width
DECAY   2000006     2.37606876E+02   # stop2 decays
#          BR         NDA      ID1       ID2
     2.61471680E-01    2     1000022         6   # BR(~t_2 -> ~chi_10 t )
     2.66936226E-01    2     1000023         6   # BR(~t_2 -> ~chi_20 t )
     8.51686546E-03    2     1000025         6   # BR(~t_2 -> ~chi_30 t )
     1.50234887E-01    2     1000035         6   # BR(~t_2 -> ~chi_40 t )
     1.35286667E-02    2     1000024         5   # BR(~t_2 -> ~chi_1+ b )
     2.99313238E-01    2     1000037         5   # BR(~t_2 -> ~chi_2+ b )
    -1.56329303E-06    2     1000006        23   # BR(~t_2 -> ~t_1    Z )
#
#         PDG            Width
DECAY   1000005     1.11689487E+02   # sbottom1 decays
#          BR         NDA      ID1       ID2
     1.79086503E-02    2     1000022         5   # BR(~b_1 -> ~chi_10 b )
     1.21298904E-02    2     1000023         5   # BR(~b_1 -> ~chi_20 b )
     3.40349251E-02    2     1000025         5   # BR(~b_1 -> ~chi_30 b )
     1.39693058E-01    2     1000035         5   # BR(~b_1 -> ~chi_40 b )
     5.15770448E-01    2    -1000024         6   # BR(~b_1 -> ~chi_1- t )
     2.80472589E-01    2    -1000037         6   # BR(~b_1 -> ~chi_2- t )
    -9.56056100E-06    2     1000006       -24   # BR(~b_1 -> ~t_1    W-)
#
#         PDG            Width
DECAY   2000005     1.37897076E+02   # sbottom2 decays
#          BR         NDA      ID1       ID2
     9.10682680E-03    2     1000022         5   # BR(~b_2 -> ~chi_10 b )
     1.31958812E-02    2     1000023         5   # BR(~b_2 -> ~chi_20 b )
     2.49351398E-02    2     1000025         5   # BR(~b_2 -> ~chi_30 b )
     1.43865511E-01    2     1000035         5   # BR(~b_2 -> ~chi_40 b )
     5.20062792E-01    2    -1000024         6   # BR(~b_2 -> ~chi_1- t )
     2.88847159E-01    2    -1000037         6   # BR(~b_2 -> ~chi_2- t )
    -1.33106349E-05    2     1000006       -24   # BR(~b_2 -> ~t_1    W-)
#
#         PDG            Width
DECAY   1000002     1.07860902E+02   # sup_L decays
#          BR         NDA      ID1       ID2
     1.33264342E-04    2     1000022         2   # BR(~u_L -> ~chi_10 u)
     7.03514633E-05    2     1000023         2   # BR(~u_L -> ~chi_20 u)
     1.38125365E-02    2     1000025         2   # BR(~u_L -> ~chi_30 u)
     3.28304355E-01    2     1000035         2   # BR(~u_L -> ~chi_40 u)
     1.40471871E-03    2     1000024         1   # BR(~u_L -> ~chi_1+ d)
     6.56274774E-01    2     1000037         1   # BR(~u_L -> ~chi_2+ d)
#
#         PDG            Width
DECAY   2000002     2.33155186E+01   # sup_R decays
#          BR         NDA      ID1       ID2
     1.31225510E-03    2     1000022         2   # BR(~u_R -> ~chi_10 u)
     4.01699258E-04    2     1000023         2   # BR(~u_R -> ~chi_20 u)
     9.98285061E-01    2     1000025         2   # BR(~u_R -> ~chi_30 u)
     9.84658981E-07    2     1000035         2   # BR(~u_R -> ~chi_40 u)
#
#         PDG            Width
DECAY   1000001     1.07845746E+02   # sdown_L decays
#          BR         NDA      ID1       ID2
     3.98670937E-04    2     1000022         1   # BR(~d_L -> ~chi_10 d)
     1.70245871E-04    2     1000023         1   # BR(~d_L -> ~chi_20 d)
     1.31673911E-02    2     1000025         1   # BR(~d_L -> ~chi_30 d)
     3.28624813E-01    2     1000035         1   # BR(~d_L -> ~chi_40 d)
     5.33864612E-05    2    -1000024         2   # BR(~d_L -> ~chi_1- u)
     6.57585492E-01    2    -1000037         2   # BR(~d_L -> ~chi_2- u)
#
#         PDG            Width
DECAY   2000001     5.82892774E+00   # sdown_R decays
#          BR         NDA      ID1       ID2
     1.31225447E-03    2     1000022         1   # BR(~d_R -> ~chi_10 d)
     4.01699064E-04    2     1000023         1   # BR(~d_R -> ~chi_20 d)
     9.98285062E-01    2     1000025         1   # BR(~d_R -> ~chi_30 d)
     9.84660816E-07    2     1000035         1   # BR(~d_R -> ~chi_40 d)
#
#         PDG            Width
DECAY   1000004     1.07860902E+02   # scharm_L decays
#          BR         NDA      ID1       ID2
     1.33264342E-04    2     1000022         4   # BR(~c_L -> ~chi_10 c)
     7.03514633E-05    2     1000023         4   # BR(~c_L -> ~chi_20 c)
     1.38125365E-02    2     1000025         4   # BR(~c_L -> ~chi_30 c)
     3.28304355E-01    2     1000035         4   # BR(~c_L -> ~chi_40 c)
     1.40471871E-03    2     1000024         3   # BR(~c_L -> ~chi_1+ s)
     6.56274774E-01    2     1000037         3   # BR(~c_L -> ~chi_2+ s)
#
#         PDG            Width
DECAY   2000004     2.33155186E+01   # scharm_R decays
#          BR         NDA      ID1       ID2
     1.31225510E-03    2     1000022         4   # BR(~c_R -> ~chi_10 c)
     4.01699258E-04    2     1000023         4   # BR(~c_R -> ~chi_20 c)
     9.98285061E-01    2     1000025         4   # BR(~c_R -> ~chi_30 c)
     9.84658981E-07    2     1000035         4   # BR(~c_R -> ~chi_40 c)
#
#         PDG            Width
DECAY   1000003     1.07845746E+02   # sstrange_L decays
#          BR         NDA      ID1       ID2
     3.98670937E-04    2     1000022         3   # BR(~s_L -> ~chi_10 s)
     1.70245871E-04    2     1000023         3   # BR(~s_L -> ~chi_20 s)
     1.31673911E-02    2     1000025         3   # BR(~s_L -> ~chi_30 s)
     3.28624813E-01    2     1000035         3   # BR(~s_L -> ~chi_40 s)
     5.33864612E-05    2    -1000024         4   # BR(~s_L -> ~chi_1- c)
     6.57585492E-01    2    -1000037         4   # BR(~s_L -> ~chi_2- c)
#
#         PDG            Width
DECAY   2000003     5.82892774E+00   # sstrange_R decays
#          BR         NDA      ID1       ID2
     1.31225447E-03    2     1000022         3   # BR(~s_R -> ~chi_10 s)
     4.01699064E-04    2     1000023         3   # BR(~s_R -> ~chi_20 s)
     9.98285062E-01    2     1000025         3   # BR(~s_R -> ~chi_30 s)
     9.84660816E-07    2     1000035         3   # BR(~s_R -> ~chi_40 s)
#
#         PDG            Width
DECAY   1000011     1.18416904E+02   # selectron_L decays
#          BR         NDA      ID1       ID2
     8.89418956E-06    2     1000022        11   # BR(~e_L -> ~chi_10 e-)
     1.26771881E-05    2     1000023        11   # BR(~e_L -> ~chi_20 e-)
     1.11226836E-01    2     1000025        11   # BR(~e_L -> ~chi_30 e-)
     2.95815528E-01    2     1000035        11   # BR(~e_L -> ~chi_40 e-)
     4.86790156E-05    2    -1000024        12   # BR(~e_L -> ~chi_1- nu_e)
     5.92887386E-01    2    -1000037        12   # BR(~e_L -> ~chi_2- nu_e)
#
#         PDG            Width
DECAY   2000011     5.23557054E+01   # selectron_R decays
#          BR         NDA      ID1       ID2
     1.31647683E-03    2     1000022        11   # BR(~e_R -> ~chi_10 e-)
     4.02987557E-04    2     1000023        11   # BR(~e_R -> ~chi_20 e-)
     9.98279559E-01    2     1000025        11   # BR(~e_R -> ~chi_30 e-)
     9.76765593E-07    2     1000035        11   # BR(~e_R -> ~chi_40 e-)
#
#         PDG            Width
DECAY   1000013     1.18416904E+02   # smuon_L decays
#          BR         NDA      ID1       ID2
     8.89418956E-06    2     1000022        13   # BR(~mu_L -> ~chi_10 mu-)
     1.26771881E-05    2     1000023        13   # BR(~mu_L -> ~chi_20 mu-)
     1.11226836E-01    2     1000025        13   # BR(~mu_L -> ~chi_30 mu-)
     2.95815528E-01    2     1000035        13   # BR(~mu_L -> ~chi_40 mu-)
     4.86790156E-05    2    -1000024        14   # BR(~mu_L -> ~chi_1- nu_mu)
     5.92887386E-01    2    -1000037        14   # BR(~mu_L -> ~chi_2- nu_mu)
#
#         PDG            Width
DECAY   2000013     5.23557054E+01   # smuon_R decays
#          BR         NDA      ID1       ID2
     1.31647683E-03    2     1000022        13   # BR(~mu_R -> ~chi_10 mu-)
     4.02987557E-04    2     1000023        13   # BR(~mu_R -> ~chi_20 mu-)
     9.98279559E-01    2     1000025        13   # BR(~mu_R -> ~chi_30 mu-)
     9.76765593E-07    2     1000035        13   # BR(~mu_R -> ~chi_40 mu-)
#
#         PDG            Width
DECAY   1000015     8.82640497E+01   # stau_1 decays
#          BR         NDA      ID1       ID2
     1.41298742E-02    2     1000022        15   # BR(~tau_1 -> ~chi_10  tau-)
     8.48130225E-03    2     1000023        15   # BR(~tau_1 -> ~chi_20  tau-)
     3.69408349E-01    2     1000025        15   # BR(~tau_1 -> ~chi_30  tau-)
     1.98511819E-01    2     1000035        15   # BR(~tau_1 -> ~chi_40  tau-)
     1.16001793E-02    2    -1000024        16   # BR(~tau_1 -> ~chi_1-  nu_tau)
     3.97868477E-01    2    -1000037        16   # BR(~tau_1 -> ~chi_2-  nu_tau)
#
#         PDG            Width
DECAY   2000015     8.80332801E+01   # stau_2 decays
#          BR         NDA      ID1       ID2
     7.71344848E-03    2     1000022        15   # BR(~tau_2 -> ~chi_10  tau-)
     1.24990279E-02    2     1000023        15   # BR(~tau_2 -> ~chi_20  tau-)
     3.72947210E-01    2     1000025        15   # BR(~tau_2 -> ~chi_30  tau-)
     1.98882498E-01    2     1000035        15   # BR(~tau_2 -> ~chi_40  tau-)
     9.35256340E-03    2    -1000024        16   # BR(~tau_2 -> ~chi_1-  nu_tau)
     3.98605252E-01    2    -1000037        16   # BR(~tau_2 -> ~chi_2-  nu_tau)
#
#         PDG            Width
DECAY   1000012     1.18424549E+02   # snu_eL decays
#          BR         NDA      ID1       ID2
     7.34781091E-04    2     1000022        12   # BR(~nu_eL -> ~chi_10 nu_e)
     2.85875698E-04    2     1000023        12   # BR(~nu_eL -> ~chi_20 nu_e)
     1.09451089E-01    2     1000025        12   # BR(~nu_eL -> ~chi_30 nu_e)
     2.96500735E-01    2     1000035        12   # BR(~nu_eL -> ~chi_40 nu_e)
     1.28094492E-03    2     1000024        11   # BR(~nu_eL -> ~chi_1+ e-)
     5.91746574E-01    2     1000037        11   # BR(~nu_eL -> ~chi_2+ e-)
#
#         PDG            Width
DECAY   1000014     1.18424549E+02   # snu_muL decays
#          BR         NDA      ID1       ID2
     7.34781091E-04    2     1000022        14   # BR(~nu_muL -> ~chi_10 nu_mu)
     2.85875698E-04    2     1000023        14   # BR(~nu_muL -> ~chi_20 nu_mu)
     1.09451089E-01    2     1000025        14   # BR(~nu_muL -> ~chi_30 nu_mu)
     2.96500735E-01    2     1000035        14   # BR(~nu_muL -> ~chi_40 nu_mu)
     1.28094492E-03    2     1000024        13   # BR(~nu_muL -> ~chi_1+ mu-)
     5.91746574E-01    2     1000037        13   # BR(~nu_muL -> ~chi_2+ mu-)
#
#         PDG            Width
DECAY   1000016     1.20266071E+02   # snu_tauL decays
#          BR         NDA      ID1       ID2
     7.23530077E-04    2     1000022        16   # BR(~nu_tauL -> ~chi_10 nu_tau)
     2.81498351E-04    2     1000023        16   # BR(~nu_tauL -> ~chi_20 nu_tau)
     1.07775167E-01    2     1000025        16   # BR(~nu_tauL -> ~chi_30 nu_tau)
     2.91960697E-01    2     1000035        16   # BR(~nu_tauL -> ~chi_40 nu_tau)
     1.65723247E-02    2     1000024        15   # BR(~nu_tauL -> ~chi_1+ tau-)
     5.82686782E-01    2     1000037        15   # BR(~nu_tauL -> ~chi_2+ tau-)
#
#         PDG            Width
DECAY   1000024     4.02547811E-11   # chargino1+ decays
#           BR         NDA      ID1       ID2       ID3
     3.74688691E-01    3     1000022         2        -1   # BR(~chi_1+ -> ~chi_10 u    db)
     3.74688691E-01    3     1000022         4        -3   # BR(~chi_1+ -> ~chi_10 c    sb)
     1.24896238E-01    3     1000022       -11        12   # BR(~chi_1+ -> ~chi_10 e+   nu_e)
     1.24896238E-01    3     1000022       -13        14   # BR(~chi_1+ -> ~chi_10 mu+  nu_mu)
     8.30142065E-04    3     1000022       -15        16   # BR(~chi_1+ -> ~chi_10 tau+ nu_tau)
#
#         PDG            Width
DECAY   1000037     1.98141071E+01   # chargino2+ decays
#          BR         NDA      ID1       ID2
     2.51942350E-01    2     1000024        23   # BR(~chi_2+ -> ~chi_1+  Z )
     2.39275902E-01    2     1000022        24   # BR(~chi_2+ -> ~chi_10  W+)
     2.43734073E-01    2     1000023        24   # BR(~chi_2+ -> ~chi_20  W+)
     1.48773465E-03    2     1000025        24   # BR(~chi_2+ -> ~chi_30  W+)
     2.63559941E-01    2     1000024        25   # BR(~chi_2+ -> ~chi_1+  h )
#
#         PDG            Width
DECAY   1000022     0.00000000E+00   # neutralino1 decays
#
#         PDG            Width
DECAY   1000023     1.24354250E-09   # neutralino2 decays
#          BR         NDA      ID1       ID2
     8.94879675E-02    2     1000022        22   # BR(~chi_20 -> ~chi_10 gam)
#           BR         NDA      ID1       ID2       ID3
     1.19382548E-01    3     1000022        -2         2   # BR(~chi_20 -> ~chi_10 ub      u)
     1.55285094E-01    3     1000022        -1         1   # BR(~chi_20 -> ~chi_10 db      d)
     1.19382548E-01    3     1000022        -4         4   # BR(~chi_20 -> ~chi_10 cb      c)
     1.55285094E-01    3     1000022        -3         3   # BR(~chi_20 -> ~chi_10 sb      s)
     3.59053710E-02    3     1000022       -11        11   # BR(~chi_20 -> ~chi_10 e+      e-)
     3.59053710E-02    3     1000022       -13        13   # BR(~chi_20 -> ~chi_10 mu+     mu-)
     3.93279676E-03    3     1000022       -15        15   # BR(~chi_20 -> ~chi_10 tau+    tau-)
     7.18079572E-02    3     1000022       -12        12   # BR(~chi_20 -> ~chi_10 nu_eb   nu_e)
     7.18079572E-02    3     1000022       -14        14   # BR(~chi_20 -> ~chi_10 nu_mub  nu_mu)
     7.18079572E-02    3     1000022       -16        16   # BR(~chi_20 -> ~chi_10 nu_taub nu_tau)
     1.31122514E-02    3     1000024        -2         1   # BR(~chi_20 -> ~chi_1+ ub      d)
     1.31122514E-02    3    -1000024        -1         2   # BR(~chi_20 -> ~chi_1- db      u)
     1.31122514E-02    3     1000024        -4         3   # BR(~chi_20 -> ~chi_1+ cb      s)
     1.31122514E-02    3    -1000024        -3         4   # BR(~chi_20 -> ~chi_1- sb      c)
     4.37075071E-03    3     1000024       -12        11   # BR(~chi_20 -> ~chi_1+ nu_eb   e-)
     4.37075071E-03    3    -1000024        12       -11   # BR(~chi_20 -> ~chi_1- nu_e    e+)
     4.37075071E-03    3     1000024       -14        13   # BR(~chi_20 -> ~chi_1+ nu_mub  mu-)
     4.37075071E-03    3    -1000024        14       -13   # BR(~chi_20 -> ~chi_1- nu_mu   mu+)
     3.86646510E-05    3     1000024       -16        15   # BR(~chi_20 -> ~chi_1+ nu_taub tau-)
     3.86646510E-05    3    -1000024        16       -15   # BR(~chi_20 -> ~chi_1- nu_tau  tau+)
#
#         PDG            Width
DECAY   1000025     3.20171660E+00   # neutralino3 decays
#          BR         NDA      ID1       ID2
     5.80465262E-02    2     1000022        23   # BR(~chi_30 -> ~chi_10   Z )
     1.94661724E-01    2     1000023        23   # BR(~chi_30 -> ~chi_20   Z )
     2.45046884E-01    2     1000024       -24   # BR(~chi_30 -> ~chi_1+   W-)
     2.45046884E-01    2    -1000024        24   # BR(~chi_30 -> ~chi_1-   W+)
     1.97400363E-01    2     1000022        25   # BR(~chi_30 -> ~chi_10   h )
     5.97976185E-02    2     1000023        25   # BR(~chi_30 -> ~chi_20   h )
#
#         PDG            Width
DECAY   1000035     1.98136597E+01   # neutralino4 decays
#          BR         NDA      ID1       ID2
     7.76114723E-02    2     1000022        23   # BR(~chi_40 -> ~chi_10   Z )
     1.74291212E-01    2     1000023        23   # BR(~chi_40 -> ~chi_20   Z )
     1.61259439E-04    2     1000025        23   # BR(~chi_40 -> ~chi_30   Z )
     2.42342370E-01    2     1000024       -24   # BR(~chi_40 -> ~chi_1+   W-)
     2.42342370E-01    2    -1000024        24   # BR(~chi_40 -> ~chi_1-   W+)
     1.79014978E-01    2     1000022        25   # BR(~chi_40 -> ~chi_10   h )
     8.27845764E-02    2     1000023        25   # BR(~chi_40 -> ~chi_20   h )
     1.45176125E-03    2     1000025        25   # BR(~chi_40 -> ~chi_30   h )
#
#         PDG            Width
DECAY        25                NaN   # h decays
#          BR         NDA      ID1       ID2
                NaN    2           5        -5   # BR(h -> b       bb     )
                NaN    2         -15        15   # BR(h -> tau+    tau-   )
                NaN    2         -13        13   # BR(h -> mu+     mu-    )
                NaN    2           3        -3   # BR(h -> s       sb     )
                NaN    2           4        -4   # BR(h -> c       cb     )
                NaN    2           6        -6   # BR(h -> t       tb     )
                NaN    2          21        21   # BR(h -> g       g      )
                NaN    2          22        22   # BR(h -> gam     gam    )
                NaN    2          22        23   # BR(h -> Z       gam    )
                NaN    2          24       -24   # BR(h -> W+      W-     )
                NaN    2          23        23   # BR(h -> Z       Z      )
                NaN    2     1000024  -1000024   # BR(h -> ~chi_1+ ~chi_1-)
                NaN    2     1000037  -1000037   # BR(h -> ~chi_2+ ~chi_2-)
                NaN    2     1000024  -1000037   # BR(h -> ~chi_1+ ~chi_2-)
                NaN    2     1000037  -1000024   # BR(h -> ~chi_2+ ~chi_1-)
                NaN    2     1000022   1000022   # BR(h -> ~chi_10 ~chi_10)
                NaN    2     1000023   1000023   # BR(h -> ~chi_20 ~chi_20)
                NaN    2     1000025   1000025   # BR(h -> ~chi_30 ~chi_30)
                NaN    2     1000035   1000035   # BR(h -> ~chi_40 ~chi_40)
                NaN    2     1000022   1000023   # BR(h -> ~chi_10 ~chi_20)
                NaN    2     1000022   1000025   # BR(h -> ~chi_10 ~chi_30)
                NaN    2     1000022   1000035   # BR(h -> ~chi_10 ~chi_40)
                NaN    2     1000023   1000025   # BR(h -> ~chi_20 ~chi_30)
                NaN    2     1000023   1000035   # BR(h -> ~chi_20 ~chi_40)
                NaN    2     1000025   1000035   # BR(h -> ~chi_30 ~chi_40)
                NaN    2     1000002  -1000002   # BR(h -> ~u_L    ~u_L*  )
                NaN    2     2000002  -2000002   # BR(h -> ~u_R    ~u_R*  )
                NaN    2     1000004  -1000004   # BR(h -> ~c_L    ~c_L*  )
                NaN    2     2000004  -2000004   # BR(h -> ~c_R    ~c_R*  )
                NaN    2     1000006  -1000006   # BR(h -> ~t_1    ~t_1*  )
                NaN    2     2000006  -2000006   # BR(h -> ~t_2    ~t_2*  )
                NaN    2     1000006  -2000006   # BR(h -> ~t_1    ~t_2*  )
                NaN    2     2000006  -1000006   # BR(h -> ~t_2    ~t_1*  )
                NaN    2     1000001  -1000001   # BR(h -> ~d_L    ~d_L*  )
                NaN    2     2000001  -2000001   # BR(h -> ~d_R    ~d_R*  )
                NaN    2     1000003  -1000003   # BR(h -> ~s_L    ~s_L*  )
                NaN    2     2000003  -2000003   # BR(h -> ~s_R    ~s_R*  )
                NaN    2     1000005  -1000005   # BR(h -> ~b_1    ~b_1*  )
                NaN    2     2000005  -2000005   # BR(h -> ~b_2    ~b_2*  )
                NaN    2     1000005  -2000005   # BR(h -> ~b_1    ~b_2*  )
                NaN    2     2000005  -1000005   # BR(h -> ~b_2    ~b_1*  )
                NaN    2     1000011  -1000011   # BR(h -> ~e_L-   ~e_L+  )
                NaN    2     2000011  -2000011   # BR(h -> ~e_R-   ~e_R+  )
                NaN    2     1000013  -1000013   # BR(h -> ~mu_L-  ~mu_L+ )
                NaN    2     2000013  -2000013   # BR(h -> ~mu_R-  ~mu_R+ )
                NaN    2     1000015  -1000015   # BR(h -> ~tau_1- ~tau_1+)
                NaN    2     2000015  -2000015   # BR(h -> ~tau_2- ~tau_2+)
                NaN    2     1000015  -2000015   # BR(h -> ~tau_1- ~tau_2+)
                NaN    2     2000015  -1000015   # BR(h -> ~tau_2- ~tau_1+)
                NaN    2     1000012  -1000012   # BR(h -> ~nu_eL  ~nu_eL*   )
                NaN    2     1000014  -1000014   # BR(h -> ~nu_muL ~nu_muL*  )
                NaN    2     1000016  -1000016   # BR(h -> ~nu_tauL ~nu_tauL*)
#
#         PDG            Width
DECAY        35                NaN   # H decays
#          BR         NDA      ID1       ID2
                NaN    2           5        -5   # BR(H -> b       bb     )
                NaN    2         -15        15   # BR(H -> tau+    tau-   )
                NaN    2         -13        13   # BR(H -> mu+     mu-    )
                NaN    2           3        -3   # BR(H -> s       sb     )
                NaN    2           4        -4   # BR(H -> c       cb     )
                NaN    2           6        -6   # BR(H -> t       tb     )
                NaN    2          21        21   # BR(H -> g       g      )
                NaN    2          22        22   # BR(H -> gam     gam    )
                NaN    2          23        22   # BR(H -> Z       gam    )
                NaN    2          24       -24   # BR(H -> W+      W-     )
                NaN    2          23        23   # BR(H -> Z       Z      )
                NaN    2          25        25   # BR(H -> h       h      )
                NaN    2          36        36   # BR(H -> A       A      )
                NaN    2          23        36   # BR(H -> Z       A      )
                NaN    2          24       -37   # BR(H -> W+      H-     )
                NaN    2         -24        37   # BR(H -> W-      H+     )
                NaN    2     1000024  -1000024   # BR(H -> ~chi_1+ ~chi_1-)
                NaN    2     1000037  -1000037   # BR(H -> ~chi_2+ ~chi_2-)
                NaN    2     1000024  -1000037   # BR(H -> ~chi_1+ ~chi_2-)
                NaN    2     1000037  -1000024   # BR(H -> ~chi_2+ ~chi_1-)
                NaN    2     1000022   1000022   # BR(H -> ~chi_10 ~chi_10)
                NaN    2     1000023   1000023   # BR(H -> ~chi_20 ~chi_20)
                NaN    2     1000025   1000025   # BR(H -> ~chi_30 ~chi_30)
                NaN    2     1000035   1000035   # BR(H -> ~chi_40 ~chi_40)
                NaN    2     1000022   1000023   # BR(H -> ~chi_10 ~chi_20)
                NaN    2     1000022   1000025   # BR(H -> ~chi_10 ~chi_30)
                NaN    2     1000022   1000035   # BR(H -> ~chi_10 ~chi_40)
                NaN    2     1000023   1000025   # BR(H -> ~chi_20 ~chi_30)
                NaN    2     1000023   1000035   # BR(H -> ~chi_20 ~chi_40)
                NaN    2     1000025   1000035   # BR(H -> ~chi_30 ~chi_40)
                NaN    2     1000002  -1000002   # BR(H -> ~u_L    ~u_L*  )
                NaN    2     2000002  -2000002   # BR(H -> ~u_R    ~u_R*  )
                NaN    2     1000004  -1000004   # BR(H -> ~c_L    ~c_L*  )
                NaN    2     2000004  -2000004   # BR(H -> ~c_R    ~c_R*  )
                NaN    2     1000006  -1000006   # BR(H -> ~t_1    ~t_1*  )
                NaN    2     2000006  -2000006   # BR(H -> ~t_2    ~t_2*  )
                NaN    2     1000006  -2000006   # BR(H -> ~t_1    ~t_2*  )
                NaN    2     2000006  -1000006   # BR(H -> ~t_2    ~t_1*  )
                NaN    2     1000001  -1000001   # BR(H -> ~d_L    ~d_L*  )
                NaN    2     2000001  -2000001   # BR(H -> ~d_R    ~d_R*  )
                NaN    2     1000003  -1000003   # BR(H -> ~s_L    ~s_L*  )
                NaN    2     2000003  -2000003   # BR(H -> ~s_R    ~s_R*  )
                NaN    2     1000005  -1000005   # BR(H -> ~b_1    ~b_1*  )
                NaN    2     2000005  -2000005   # BR(H -> ~b_2    ~b_2*  )
                NaN    2     1000005  -2000005   # BR(H -> ~b_1    ~b_2*  )
                NaN    2     2000005  -1000005   # BR(H -> ~b_2    ~b_1*  )
                NaN    2     1000011  -1000011   # BR(H -> ~e_L-   ~e_L+  )
                NaN    2     2000011  -2000011   # BR(H -> ~e_R-   ~e_R+  )
                NaN    2     1000013  -1000013   # BR(H -> ~mu_L-  ~mu_L+ )
                NaN    2     2000013  -2000013   # BR(H -> ~mu_R-  ~mu_R+ )
                NaN    2     1000015  -1000015   # BR(H -> ~tau_1- ~tau_1+)
                NaN    2     2000015  -2000015   # BR(H -> ~tau_2- ~tau_2+)
                NaN    2     1000015  -2000015   # BR(H -> ~tau_1- ~tau_2+)
                NaN    2     2000015  -1000015   # BR(H -> ~tau_2- ~tau_1+)
                NaN    2     1000012  -1000012   # BR(H -> ~nu_eL  ~nu_eL*   )
                NaN    2     1000014  -1000014   # BR(H -> ~nu_muL ~nu_muL*  )
                NaN    2     1000016  -1000016   # BR(H -> ~nu_tauL ~nu_tauL*)
#
#         PDG            Width
DECAY        36     1.38432501E+02   # A decays
#          BR         NDA      ID1       ID2
     6.48732977E-02    2           5        -5   # BR(A -> b       bb     )
     1.32431333E-02    2         -15        15   # BR(A -> tau+    tau-   )
     4.68139204E-05    2         -13        13   # BR(A -> mu+     mu-    )
     4.94677386E-05    2           3        -3   # BR(A -> s       sb     )
     2.85664228E-07    2           4        -4   # BR(A -> c       cb     )
     2.85444317E-02    2           6        -6   # BR(A -> t       tb     )
     6.77062291E-06    2          21        21   # BR(A -> g       g      )
     1.13330047E-08    2          22        22   # BR(A -> gam     gam    )
     1.22661063E-08    2          23        22   # BR(A -> Z       gam    )
     1.52109421E-06    2          23        25   # BR(A -> Z       h      )
     1.19791871E-03    2     1000024  -1000024   # BR(A -> ~chi_1+ ~chi_1-)
     8.99987236E-05    2     1000037  -1000037   # BR(A -> ~chi_2+ ~chi_2-)
     2.68919755E-01    2     1000024  -1000037   # BR(A -> ~chi_1+ ~chi_2-)
     2.68919755E-01    2     1000037  -1000024   # BR(A -> ~chi_2+ ~chi_1-)
     7.54140701E-04    2     1000022   1000022   # BR(A -> ~chi_10 ~chi_10)
     1.89999734E-04    2     1000023   1000023   # BR(A -> ~chi_20 ~chi_20)
     4.04393827E-05    2     1000025   1000025   # BR(A -> ~chi_30 ~chi_30)
     4.51035446E-05    2     1000035   1000035   # BR(A -> ~chi_40 ~chi_40)
     1.15061793E-05    2     1000022   1000023   # BR(A -> ~chi_10 ~chi_20)
     5.10150184E-02    2     1000022   1000025   # BR(A -> ~chi_10 ~chi_30)
     1.65491226E-01    2     1000022   1000035   # BR(A -> ~chi_10 ~chi_40)
     3.25892103E-02    2     1000023   1000025   # BR(A -> ~chi_20 ~chi_30)
     1.03854332E-01    2     1000023   1000035   # BR(A -> ~chi_20 ~chi_40)
     1.15851980E-04    2     1000025   1000035   # BR(A -> ~chi_30 ~chi_40)
#
#         PDG            Width
DECAY        37     1.38262616E+02   # H+ decays
#          BR         NDA      ID1       ID2
     1.02415235E-04    2           4        -5   # BR(H+ -> c       bb     )
     1.32604301E-02    2         -15        16   # BR(H+ -> tau+    nu_tau )
     4.68750638E-05    2         -13        14   # BR(H+ -> mu+     nu_mu  )
     6.55454619E-07    2           2        -5   # BR(H+ -> u       bb     )
     2.37643326E-06    2           2        -3   # BR(H+ -> u       sb     )
     4.91521094E-05    2           4        -3   # BR(H+ -> c       sb     )
     9.22151865E-02    2           6        -5   # BR(H+ -> t       bb     )
     1.52340046E-06    2          24        25   # BR(H+ -> W+      h      )
     2.62557621E-15    2          24        36   # BR(H+ -> W+      A      )
     5.43305308E-06    2     1000024   1000022   # BR(H+ -> ~chi_1+ ~chi_10)
     7.76789627E-05    2     1000024   1000023   # BR(H+ -> ~chi_1+ ~chi_20)
     8.52416260E-02    2     1000024   1000025   # BR(H+ -> ~chi_1+ ~chi_30)
     2.69312511E-01    2     1000024   1000035   # BR(H+ -> ~chi_1+ ~chi_40)
     2.71933498E-01    2     1000037   1000022   # BR(H+ -> ~chi_2+ ~chi_10)
     2.67615752E-01    2     1000037   1000023   # BR(H+ -> ~chi_2+ ~chi_20)
     1.34886456E-04    2     1000037   1000025   # BR(H+ -> ~chi_2+ ~chi_30)
     4.62683479E-11    2     1000037   1000035   # BR(H+ -> ~chi_2+ ~chi_40)

